#
# There is insufficient memory for the Java Runtime Environment to continue.
# Native memory allocation (malloc) failed to allocate 1486816 bytes for Chunk::new
# Possible reasons:
#   The system is out of physical RAM or swap space
#   The process is running with CompressedOops enabled, and the Java Heap may be blocking the growth of the native heap
# Possible solutions:
#   Reduce memory load on the system
#   Increase physical memory or swap space
#   Check if swap backing store is full
#   Decrease Java heap size (-Xmx/-Xms)
#   Decrease number of Java threads
#   Decrease Java thread stack sizes (-Xss)
#   Set larger code cache with -XX:ReservedCodeCacheSize=
#   JVM is running with Unscaled Compressed Oops mode in which the Java heap is
#     placed in the first 4GB address space. The Java Heap base address is the
#     maximum limit for the native heap growth. Please use -XX:HeapBaseMinAddress
#     to set the Java Heap base and to place the Java Heap above 4GB virtual address.
# This output file may be truncated or incomplete.
#
#  Out of Memory Error (./src/hotspot/share/memory/arena.cpp:197), pid=14516, tid=11944
#
# JRE version: OpenJDK Runtime Environment (11.0.8+10) (build 11.0.8+10-b944.6842174)
# Java VM: OpenJDK 64-Bit Server VM (11.0.8+10-b944.6842174, mixed mode, tiered, compressed oops, g1 gc, windows-amd64)
# No core dump will be written. Minidumps are not enabled by default on client versions of Windows
#

---------------  S U M M A R Y ------------

Command Line: --add-opens=java.base/java.util=ALL-UNNAMED --add-opens=java.base/java.lang=ALL-UNNAMED --add-opens=java.base/java.lang.invoke=ALL-UNNAMED --add-opens=java.prefs/java.util.prefs=ALL-UNNAMED -Xmx2048m -Dfile.encoding=UTF-8 -Duser.country=IN -Duser.language=en -Duser.variant org.gradle.launcher.daemon.bootstrap.GradleDaemon 6.7.1

Host: Intel(R) Core(TM) i5-10300H CPU @ 2.50GHz, 8 cores, 7G,  Windows 10 , 64 bit Build 19041 (10.0.19041.928)
Time: Thu May 20 10:48:23 2021 India Standard Time elapsed time: 7 seconds (0d 0h 0m 7s)

---------------  T H R E A D  ---------------

Current thread (0x00000255c150f000):  JavaThread "C2 CompilerThread1" daemon [_thread_in_native, id=11944, stack(0x0000006b15c00000,0x0000006b15d00000)]


Current CompileTask:
C2:   7185 5920       4       java.beans.Introspector::addMethod (196 bytes)

Stack: [0x0000006b15c00000,0x0000006b15d00000]
Native frames: (J=compiled Java code, j=interpreted, Vv=VM code, C=native code)
V  [jvm.dll+0x5de50a]
V  [jvm.dll+0x7122f5]
V  [jvm.dll+0x71384d]
V  [jvm.dll+0x713f03]
V  [jvm.dll+0x23e728]
V  [jvm.dll+0xb899c]
V  [jvm.dll+0xb8e9c]
V  [jvm.dll+0x2b20e4]
V  [jvm.dll+0x502098]
V  [jvm.dll+0x1ff393]
V  [jvm.dll+0x1f917c]
V  [jvm.dll+0x1f685f]
V  [jvm.dll+0x17f32c]
V  [jvm.dll+0x205047]
V  [jvm.dll+0x203891]
V  [jvm.dll+0x6dad3f]
V  [jvm.dll+0x6d3895]
V  [jvm.dll+0x5dd4a6]
C  [ucrtbase.dll+0x21bb2]
C  [KERNEL32.DLL+0x17034]
C  [ntdll.dll+0x52651]


---------------  P R O C E S S  ---------------

Threads class SMR info:
_java_thread_list=0x00000255c3b63460, length=140, elements={
0x00000255a4c4a800, 0x00000255bf739800, 0x00000255bf73d000, 0x00000255c00d2800,
0x00000255bf756800, 0x00000255bf759000, 0x00000255bf75e000, 0x00000255bf763800,
0x00000255c0246800, 0x00000255c025c800, 0x00000255c1f69000, 0x00000255c1f38000,
0x00000255c3197800, 0x00000255c322f800, 0x00000255c048d000, 0x00000255c150f000,
0x00000255c30e7800, 0x00000255c322c800, 0x00000255c2553800, 0x00000255c3147000,
0x00000255c3194800, 0x00000255c1a14000, 0x00000255c1a13800, 0x00000255c1a0e800,
0x00000255c1a0f000, 0x00000255c1a15000, 0x00000255c1a10000, 0x00000255c1a11000,
0x00000255c55c1000, 0x00000255c1a11800, 0x00000255c1a12800, 0x00000255c57eb800,
0x00000255c57e8000, 0x00000255c57ea800, 0x00000255c57ed000, 0x00000255c57ec000,
0x00000255c57e9000, 0x00000255c57ea000, 0x00000255c57ee000, 0x00000255c3e0f800,
0x00000255c3e10800, 0x00000255c3e11800, 0x00000255c3e0e000, 0x00000255c3e12000,
0x00000255c3e0f000, 0x00000255c3e0d000, 0x00000255c3e0c800, 0x00000255c3e13800,
0x00000255c3e18800, 0x00000255c3e17000, 0x00000255c3e16000, 0x00000255c3e13000,
0x00000255c3e14800, 0x00000255c3e19800, 0x00000255c3e18000, 0x00000255c3e1a000,
0x00000255c3e1b000, 0x00000255c3e15800, 0x00000255c3ef2000, 0x00000255c3ef2800,
0x00000255c3ef3800, 0x00000255c3ef1000, 0x00000255c3ef7000, 0x00000255c3ef5000,
0x00000255c3ef6000, 0x00000255c3ef7800, 0x00000255c3ef8800, 0x00000255c3ef9000,
0x00000255c3efa000, 0x00000255c3ef4800, 0x00000255c3efb800, 0x00000255c3efc800,
0x00000255c3efb000, 0x00000255c3eff800, 0x00000255c3efe000, 0x00000255c3efd800,
0x00000255c3eff000, 0x00000255c6bb1800, 0x00000255c6bb5800, 0x00000255c6bb4800,
0x00000255c6bb8000, 0x00000255c6bb2000, 0x00000255c6bb6000, 0x00000255c6bb7000,
0x00000255c6bb8800, 0x00000255c6bb3000, 0x00000255c6bb9800, 0x00000255c6bb3800,
0x00000255c6bbe800, 0x00000255c6bc0000, 0x00000255c6bba800, 0x00000255c6bbf000,
0x00000255c6bbc800, 0x00000255c6bbc000, 0x00000255c6bbb000, 0x00000255c6bbd800,
0x00000255c5454000, 0x00000255c5455800, 0x00000255c5454800, 0x00000255c5453000,
0x00000255c545c000, 0x00000255c5456800, 0x00000255c5457000, 0x00000255c545a800,
0x00000255c5459000, 0x00000255c545b000, 0x00000255c545d000, 0x00000255c5458000,
0x00000255c545d800, 0x00000255c545e800, 0x00000255c545f800, 0x00000255c5459800,
0x00000255c5460000, 0x00000255c5461000, 0x00000255c5462000, 0x00000255c6f9c800,
0x00000255c6f9a800, 0x00000255c6f99000, 0x00000255c6f9d000, 0x00000255c6f9b800,
0x00000255c6f9a000, 0x00000255c6f98800, 0x00000255c6fa3000, 0x00000255c6f9e000,
0x00000255c6f9f800, 0x00000255c6fa2000, 0x00000255c6fa1800, 0x00000255c6fa0800,
0x00000255c6fa3800, 0x00000255c6f9f000, 0x00000255c6fa5800, 0x00000255c6fa4800,
0x00000255c6fa6000, 0x00000255c6fa7000, 0x00000255c6e38000, 0x00000255c6e37800,
0x00000255c6e35000, 0x00000255c6e33000, 0x00000255c6e34000, 0x00000255c6e36800
}

Java Threads: ( => current thread )
  0x00000255a4c4a800 JavaThread "main" [_thread_blocked, id=13068, stack(0x0000006b14200000,0x0000006b14300000)]
  0x00000255bf739800 JavaThread "Reference Handler" daemon [_thread_blocked, id=4004, stack(0x0000006b14900000,0x0000006b14a00000)]
  0x00000255bf73d000 JavaThread "Finalizer" daemon [_thread_blocked, id=6868, stack(0x0000006b14a00000,0x0000006b14b00000)]
  0x00000255c00d2800 JavaThread "Signal Dispatcher" daemon [_thread_blocked, id=13900, stack(0x0000006b14b00000,0x0000006b14c00000)]
  0x00000255bf756800 JavaThread "Attach Listener" daemon [_thread_blocked, id=12880, stack(0x0000006b14c00000,0x0000006b14d00000)]
  0x00000255bf759000 JavaThread "C2 CompilerThread0" daemon [_thread_in_native, id=8772, stack(0x0000006b14d00000,0x0000006b14e00000)]
  0x00000255bf75e000 JavaThread "C1 CompilerThread0" daemon [_thread_blocked, id=13484, stack(0x0000006b14e00000,0x0000006b14f00000)]
  0x00000255bf763800 JavaThread "Sweeper thread" daemon [_thread_blocked, id=13384, stack(0x0000006b14f00000,0x0000006b15000000)]
  0x00000255c0246800 JavaThread "Common-Cleaner" daemon [_thread_blocked, id=17372, stack(0x0000006b15000000,0x0000006b15100000)]
  0x00000255c025c800 JavaThread "Service Thread" daemon [_thread_blocked, id=14604, stack(0x0000006b15100000,0x0000006b15200000)]
  0x00000255c1f69000 JavaThread "Daemon health stats" [_thread_blocked, id=4484, stack(0x0000006b15700000,0x0000006b15800000)]
  0x00000255c1f38000 JavaThread "Incoming local TCP Connector on port 59266" [_thread_in_native, id=144, stack(0x0000006b15800000,0x0000006b15900000)]
  0x00000255c3197800 JavaThread "Daemon periodic checks" [_thread_blocked, id=14924, stack(0x0000006b15900000,0x0000006b15a00000)]
  0x00000255c322f800 JavaThread "Daemon" [_thread_blocked, id=1292, stack(0x0000006b15a00000,0x0000006b15b00000)]
  0x00000255c048d000 JavaThread "Handler for socket connection from /127.0.0.1:59266 to /127.0.0.1:59267" [_thread_in_native, id=8580, stack(0x0000006b15b00000,0x0000006b15c00000)]
=>0x00000255c150f000 JavaThread "C2 CompilerThread1" daemon [_thread_in_native, id=11944, stack(0x0000006b15c00000,0x0000006b15d00000)]
  0x00000255c30e7800 JavaThread "Cancel handler" [_thread_blocked, id=1400, stack(0x0000006b15d00000,0x0000006b15e00000)]
  0x00000255c322c800 JavaThread "Daemon worker" [_thread_in_vm, id=8444, stack(0x0000006b15e00000,0x0000006b15f00000)]
  0x00000255c2553800 JavaThread "Asynchronous log dispatcher for DefaultDaemonConnection: socket connection from /127.0.0.1:59266 to /127.0.0.1:59267" [_thread_blocked, id=10440, stack(0x0000006b15f00000,0x0000006b16000000)]
  0x00000255c3147000 JavaThread "Stdin handler" [_thread_blocked, id=1884, stack(0x0000006b16000000,0x0000006b16100000)]
  0x00000255c3194800 JavaThread "Thread-8" [_thread_blocked, id=12868, stack(0x0000006b16100000,0x0000006b16200000)]
  0x00000255c1a14000 JavaThread "Cache worker for file hash cache (C:\Users\shikh\.gradle\caches\6.7.1\fileHashes)" [_thread_blocked, id=11276, stack(0x0000006b16700000,0x0000006b16800000)]
  0x00000255c1a13800 JavaThread "File lock request listener" [_thread_in_native, id=16684, stack(0x0000006b16800000,0x0000006b16900000)]
  0x00000255c1a0e800 JavaThread "Cache worker for journal cache (C:\Users\shikh\.gradle\caches\journal-1)" [_thread_blocked, id=11168, stack(0x0000006b16a00000,0x0000006b16b00000)]
  0x00000255c1a0f000 JavaThread "Cache worker for file hash cache (C:\Users\shikh\AndroidStudioProjects\AppDev\.gradle\6.7.1\fileHashes)" [_thread_blocked, id=88, stack(0x0000006b16b00000,0x0000006b16c00000)]
  0x00000255c1a15000 JavaThread "Cache worker for checksums cache (C:\Users\shikh\AndroidStudioProjects\AppDev\.gradle\checksums)" [_thread_blocked, id=6456, stack(0x0000006b16c00000,0x0000006b16d00000)]
  0x00000255c1a10000 JavaThread "Cache worker for cache directory md-supplier (C:\Users\shikh\.gradle\caches\6.7.1\md-supplier)" [_thread_blocked, id=512, stack(0x0000006b16d00000,0x0000006b16e00000)]
  0x00000255c1a11000 JavaThread "Cache worker for cache directory md-rule (C:\Users\shikh\.gradle\caches\6.7.1\md-rule)" [_thread_blocked, id=17368, stack(0x0000006b16e00000,0x0000006b16f00000)]
  0x00000255c55c1000 JavaThread "C2 CompilerThread2" daemon [_thread_in_native, id=5944, stack(0x0000006b16f00000,0x0000006b17000000)]
  0x00000255c1a11800 JavaThread "Cache worker for execution history cache (C:\Users\shikh\.gradle\caches\6.7.1\executionHistory)" [_thread_blocked, id=10332, stack(0x0000006b17000000,0x0000006b17100000)]
  0x00000255c1a12800 JavaThread "jar transforms" [_thread_blocked, id=10008, stack(0x0000006b17100000,0x0000006b17200000)]
  0x00000255c57eb800 JavaThread "Cache worker for file content cache (C:\Users\shikh\.gradle\caches\6.7.1\fileContent)" [_thread_blocked, id=3812, stack(0x0000006b17200000,0x0000006b17300000)]
  0x00000255c57e8000 JavaThread "Cache worker for Build Output Cleanup Cache (C:\Users\shikh\AndroidStudioProjects\AppDev\.gradle\buildOutputCleanup)" [_thread_blocked, id=16232, stack(0x0000006b17300000,0x0000006b17400000)]
  0x00000255c57ea800 JavaThread "Build operations" [_thread_blocked, id=3172, stack(0x0000006b17400000,0x0000006b17500000)]
  0x00000255c57ed000 JavaThread "Build operations Thread 2" [_thread_blocked, id=14196, stack(0x0000006b17500000,0x0000006b17600000)]
  0x00000255c57ec000 JavaThread "Build operations Thread 3" [_thread_blocked, id=14408, stack(0x0000006b17600000,0x0000006b17700000)]
  0x00000255c57e9000 JavaThread "Build operations Thread 4" [_thread_blocked, id=16668, stack(0x0000006b17700000,0x0000006b17800000)]
  0x00000255c57ea000 JavaThread "Build operations Thread 5" [_thread_blocked, id=12348, stack(0x0000006b17800000,0x0000006b17900000)]
  0x00000255c57ee000 JavaThread "Build operations Thread 6" [_thread_blocked, id=14172, stack(0x0000006b17900000,0x0000006b17a00000)]
  0x00000255c3e0f800 JavaThread "Build operations Thread 7" [_thread_blocked, id=4980, stack(0x0000006b17a00000,0x0000006b17b00000)]
  0x00000255c3e10800 JavaThread "Build operations Thread 8" [_thread_blocked, id=17064, stack(0x0000006b17b00000,0x0000006b17c00000)]
  0x00000255c3e11800 JavaThread "jar transforms Thread 2" [_thread_blocked, id=4240, stack(0x0000006b17c00000,0x0000006b17d00000)]
  0x00000255c3e0e000 JavaThread "jar transforms Thread 3" [_thread_blocked, id=17144, stack(0x0000006b17d00000,0x0000006b17e00000)]
  0x00000255c3e12000 JavaThread "jar transforms Thread 4" [_thread_blocked, id=7552, stack(0x0000006b17e00000,0x0000006b17f00000)]
  0x00000255c3e0f000 JavaThread "jar transforms Thread 5" [_thread_blocked, id=15960, stack(0x0000006b17f00000,0x0000006b18000000)]
  0x00000255c3e0d000 JavaThread "jar transforms Thread 6" [_thread_blocked, id=11688, stack(0x0000006b18000000,0x0000006b18100000)]
  0x00000255c3e0c800 JavaThread "jar transforms Thread 7" [_thread_blocked, id=13584, stack(0x0000006b18100000,0x0000006b18200000)]
  0x00000255c3e13800 JavaThread "jar transforms Thread 8" [_thread_blocked, id=13436, stack(0x0000006b18200000,0x0000006b18300000)]
  0x00000255c3e18800 JavaThread "jar transforms Thread 9" [_thread_blocked, id=5824, stack(0x0000006b18300000,0x0000006b18400000)]
  0x00000255c3e17000 JavaThread "jar transforms Thread 10" [_thread_blocked, id=16712, stack(0x0000006b18400000,0x0000006b18500000)]
  0x00000255c3e16000 JavaThread "jar transforms Thread 11" [_thread_blocked, id=5380, stack(0x0000006b18500000,0x0000006b18600000)]
  0x00000255c3e13000 JavaThread "jar transforms Thread 12" [_thread_blocked, id=7120, stack(0x0000006b18600000,0x0000006b18700000)]
  0x00000255c3e14800 JavaThread "jar transforms Thread 13" [_thread_blocked, id=1328, stack(0x0000006b18700000,0x0000006b18800000)]
  0x00000255c3e19800 JavaThread "jar transforms Thread 14" [_thread_blocked, id=12184, stack(0x0000006b18800000,0x0000006b18900000)]
  0x00000255c3e18000 JavaThread "jar transforms Thread 15" [_thread_blocked, id=14668, stack(0x0000006b18900000,0x0000006b18a00000)]
  0x00000255c3e1a000 JavaThread "jar transforms Thread 16" [_thread_blocked, id=13800, stack(0x0000006b18a00000,0x0000006b18b00000)]
  0x00000255c3e1b000 JavaThread "jar transforms Thread 17" [_thread_blocked, id=4160, stack(0x0000006b18b00000,0x0000006b18c00000)]
  0x00000255c3e15800 JavaThread "jar transforms Thread 18" [_thread_blocked, id=15884, stack(0x0000006b18c00000,0x0000006b18d00000)]
  0x00000255c3ef2000 JavaThread "jar transforms Thread 19" [_thread_blocked, id=5308, stack(0x0000006b18d00000,0x0000006b18e00000)]
  0x00000255c3ef2800 JavaThread "jar transforms Thread 20" [_thread_blocked, id=11844, stack(0x0000006b18e00000,0x0000006b18f00000)]
  0x00000255c3ef3800 JavaThread "jar transforms Thread 21" [_thread_blocked, id=14056, stack(0x0000006b18f00000,0x0000006b19000000)]
  0x00000255c3ef1000 JavaThread "jar transforms Thread 22" [_thread_blocked, id=10172, stack(0x0000006b19000000,0x0000006b19100000)]
  0x00000255c3ef7000 JavaThread "jar transforms Thread 23" [_thread_blocked, id=2780, stack(0x0000006b19100000,0x0000006b19200000)]
  0x00000255c3ef5000 JavaThread "jar transforms Thread 24" [_thread_blocked, id=6300, stack(0x0000006b19200000,0x0000006b19300000)]
  0x00000255c3ef6000 JavaThread "jar transforms Thread 25" [_thread_blocked, id=8472, stack(0x0000006b19300000,0x0000006b19400000)]
  0x00000255c3ef7800 JavaThread "jar transforms Thread 26" [_thread_blocked, id=11680, stack(0x0000006b19400000,0x0000006b19500000)]
  0x00000255c3ef8800 JavaThread "jar transforms Thread 27" [_thread_blocked, id=4880, stack(0x0000006b19500000,0x0000006b19600000)]
  0x00000255c3ef9000 JavaThread "jar transforms Thread 28" [_thread_blocked, id=5244, stack(0x0000006b19600000,0x0000006b19700000)]
  0x00000255c3efa000 JavaThread "jar transforms Thread 29" [_thread_blocked, id=15176, stack(0x0000006b19700000,0x0000006b19800000)]
  0x00000255c3ef4800 JavaThread "jar transforms Thread 30" [_thread_blocked, id=12792, stack(0x0000006b19800000,0x0000006b19900000)]
  0x00000255c3efb800 JavaThread "jar transforms Thread 31" [_thread_blocked, id=2016, stack(0x0000006b19900000,0x0000006b19a00000)]
  0x00000255c3efc800 JavaThread "jar transforms Thread 32" [_thread_blocked, id=3200, stack(0x0000006b19a00000,0x0000006b19b00000)]
  0x00000255c3efb000 JavaThread "jar transforms Thread 33" [_thread_blocked, id=16408, stack(0x0000006b19b00000,0x0000006b19c00000)]
  0x00000255c3eff800 JavaThread "jar transforms Thread 34" [_thread_blocked, id=16068, stack(0x0000006b19c00000,0x0000006b19d00000)]
  0x00000255c3efe000 JavaThread "jar transforms Thread 35" [_thread_blocked, id=14072, stack(0x0000006b19d00000,0x0000006b19e00000)]
  0x00000255c3efd800 JavaThread "jar transforms Thread 36" [_thread_blocked, id=15816, stack(0x0000006b19e00000,0x0000006b19f00000)]
  0x00000255c3eff000 JavaThread "jar transforms Thread 37" [_thread_blocked, id=6340, stack(0x0000006b19f00000,0x0000006b1a000000)]
  0x00000255c6bb1800 JavaThread "jar transforms Thread 38" [_thread_blocked, id=17236, stack(0x0000006b1a000000,0x0000006b1a100000)]
  0x00000255c6bb5800 JavaThread "jar transforms Thread 39" [_thread_blocked, id=11496, stack(0x0000006b1a100000,0x0000006b1a200000)]
  0x00000255c6bb4800 JavaThread "jar transforms Thread 40" [_thread_blocked, id=13932, stack(0x0000006b1a200000,0x0000006b1a300000)]
  0x00000255c6bb8000 JavaThread "jar transforms Thread 41" [_thread_blocked, id=13676, stack(0x0000006b1a300000,0x0000006b1a400000)]
  0x00000255c6bb2000 JavaThread "jar transforms Thread 42" [_thread_blocked, id=12488, stack(0x0000006b1a400000,0x0000006b1a500000)]
  0x00000255c6bb6000 JavaThread "jar transforms Thread 43" [_thread_blocked, id=13008, stack(0x0000006b1a500000,0x0000006b1a600000)]
  0x00000255c6bb7000 JavaThread "jar transforms Thread 44" [_thread_blocked, id=11368, stack(0x0000006b1a600000,0x0000006b1a700000)]
  0x00000255c6bb8800 JavaThread "jar transforms Thread 45" [_thread_blocked, id=11420, stack(0x0000006b1a700000,0x0000006b1a800000)]
  0x00000255c6bb3000 JavaThread "jar transforms Thread 46" [_thread_blocked, id=5104, stack(0x0000006b1a800000,0x0000006b1a900000)]
  0x00000255c6bb9800 JavaThread "jar transforms Thread 47" [_thread_blocked, id=11468, stack(0x0000006b1a900000,0x0000006b1aa00000)]
  0x00000255c6bb3800 JavaThread "jar transforms Thread 48" [_thread_blocked, id=8796, stack(0x0000006b1aa00000,0x0000006b1ab00000)]
  0x00000255c6bbe800 JavaThread "jar transforms Thread 49" [_thread_blocked, id=8864, stack(0x0000006b1ab00000,0x0000006b1ac00000)]
  0x00000255c6bc0000 JavaThread "jar transforms Thread 50" [_thread_blocked, id=16468, stack(0x0000006b1ac00000,0x0000006b1ad00000)]
  0x00000255c6bba800 JavaThread "jar transforms Thread 51" [_thread_blocked, id=10996, stack(0x0000006b1ad00000,0x0000006b1ae00000)]
  0x00000255c6bbf000 JavaThread "jar transforms Thread 52" [_thread_blocked, id=15920, stack(0x0000006b1ae00000,0x0000006b1af00000)]
  0x00000255c6bbc800 JavaThread "jar transforms Thread 53" [_thread_blocked, id=2272, stack(0x0000006b1af00000,0x0000006b1b000000)]
  0x00000255c6bbc000 JavaThread "jar transforms Thread 54" [_thread_blocked, id=4076, stack(0x0000006b1b000000,0x0000006b1b100000)]
  0x00000255c6bbb000 JavaThread "jar transforms Thread 55" [_thread_blocked, id=9316, stack(0x0000006b1b100000,0x0000006b1b200000)]
  0x00000255c6bbd800 JavaThread "jar transforms Thread 56" [_thread_blocked, id=1592, stack(0x0000006b1b200000,0x0000006b1b300000)]
  0x00000255c5454000 JavaThread "jar transforms Thread 57" [_thread_blocked, id=7976, stack(0x0000006b1b300000,0x0000006b1b400000)]
  0x00000255c5455800 JavaThread "jar transforms Thread 58" [_thread_blocked, id=5980, stack(0x0000006b1b400000,0x0000006b1b500000)]
  0x00000255c5454800 JavaThread "jar transforms Thread 59" [_thread_blocked, id=7780, stack(0x0000006b1b500000,0x0000006b1b600000)]
  0x00000255c5453000 JavaThread "jar transforms Thread 60" [_thread_blocked, id=3612, stack(0x0000006b1b600000,0x0000006b1b700000)]
  0x00000255c545c000 JavaThread "jar transforms Thread 61" [_thread_blocked, id=3060, stack(0x0000006b1b700000,0x0000006b1b800000)]
  0x00000255c5456800 JavaThread "jar transforms Thread 62" [_thread_blocked, id=12420, stack(0x0000006b1b800000,0x0000006b1b900000)]
  0x00000255c5457000 JavaThread "jar transforms Thread 63" [_thread_blocked, id=13600, stack(0x0000006b1b900000,0x0000006b1ba00000)]
  0x00000255c545a800 JavaThread "jar transforms Thread 64" [_thread_blocked, id=14760, stack(0x0000006b1ba00000,0x0000006b1bb00000)]
  0x00000255c5459000 JavaThread "jar transforms Thread 65" [_thread_blocked, id=4468, stack(0x0000006b1bb00000,0x0000006b1bc00000)]
  0x00000255c545b000 JavaThread "jar transforms Thread 66" [_thread_blocked, id=17148, stack(0x0000006b1bc00000,0x0000006b1bd00000)]
  0x00000255c545d000 JavaThread "jar transforms Thread 67" [_thread_blocked, id=13244, stack(0x0000006b1bd00000,0x0000006b1be00000)]
  0x00000255c5458000 JavaThread "jar transforms Thread 68" [_thread_blocked, id=12232, stack(0x0000006b1be00000,0x0000006b1bf00000)]
  0x00000255c545d800 JavaThread "jar transforms Thread 69" [_thread_blocked, id=12648, stack(0x0000006b1bf00000,0x0000006b1c000000)]
  0x00000255c545e800 JavaThread "jar transforms Thread 70" [_thread_blocked, id=7000, stack(0x0000006b1c000000,0x0000006b1c100000)]
  0x00000255c545f800 JavaThread "jar transforms Thread 71" [_thread_blocked, id=11516, stack(0x0000006b1c100000,0x0000006b1c200000)]
  0x00000255c5459800 JavaThread "jar transforms Thread 72" [_thread_blocked, id=10916, stack(0x0000006b1c200000,0x0000006b1c300000)]
  0x00000255c5460000 JavaThread "jar transforms Thread 73" [_thread_blocked, id=13876, stack(0x0000006b1c300000,0x0000006b1c400000)]
  0x00000255c5461000 JavaThread "jar transforms Thread 74" [_thread_blocked, id=11748, stack(0x0000006b1c400000,0x0000006b1c500000)]
  0x00000255c5462000 JavaThread "jar transforms Thread 75" [_thread_blocked, id=7432, stack(0x0000006b1c500000,0x0000006b1c600000)]
  0x00000255c6f9c800 JavaThread "jar transforms Thread 76" [_thread_blocked, id=1252, stack(0x0000006b1c600000,0x0000006b1c700000)]
  0x00000255c6f9a800 JavaThread "jar transforms Thread 77" [_thread_blocked, id=5532, stack(0x0000006b1c700000,0x0000006b1c800000)]
  0x00000255c6f99000 JavaThread "jar transforms Thread 78" [_thread_blocked, id=2572, stack(0x0000006b1c800000,0x0000006b1c900000)]
  0x00000255c6f9d000 JavaThread "jar transforms Thread 79" [_thread_blocked, id=7564, stack(0x0000006b1c900000,0x0000006b1ca00000)]
  0x00000255c6f9b800 JavaThread "jar transforms Thread 80" [_thread_blocked, id=17248, stack(0x0000006b1ca00000,0x0000006b1cb00000)]
  0x00000255c6f9a000 JavaThread "jar transforms Thread 81" [_thread_blocked, id=15832, stack(0x0000006b1cb00000,0x0000006b1cc00000)]
  0x00000255c6f98800 JavaThread "jar transforms Thread 82" [_thread_blocked, id=14344, stack(0x0000006b1cc00000,0x0000006b1cd00000)]
  0x00000255c6fa3000 JavaThread "jar transforms Thread 83" [_thread_blocked, id=5896, stack(0x0000006b1cd00000,0x0000006b1ce00000)]
  0x00000255c6f9e000 JavaThread "jar transforms Thread 84" [_thread_blocked, id=13124, stack(0x0000006b1ce00000,0x0000006b1cf00000)]
  0x00000255c6f9f800 JavaThread "jar transforms Thread 85" [_thread_blocked, id=8160, stack(0x0000006b1cf00000,0x0000006b1d000000)]
  0x00000255c6fa2000 JavaThread "jar transforms Thread 86" [_thread_blocked, id=12548, stack(0x0000006b1d000000,0x0000006b1d100000)]
  0x00000255c6fa1800 JavaThread "jar transforms Thread 87" [_thread_blocked, id=14864, stack(0x0000006b1d100000,0x0000006b1d200000)]
  0x00000255c6fa0800 JavaThread "jar transforms Thread 88" [_thread_blocked, id=84, stack(0x0000006b1d200000,0x0000006b1d300000)]
  0x00000255c6fa3800 JavaThread "jar transforms Thread 89" [_thread_blocked, id=16316, stack(0x0000006b1d300000,0x0000006b1d400000)]
  0x00000255c6f9f000 JavaThread "jar transforms Thread 90" [_thread_blocked, id=11720, stack(0x0000006b1d400000,0x0000006b1d500000)]
  0x00000255c6fa5800 JavaThread "jar transforms Thread 91" [_thread_blocked, id=4768, stack(0x0000006b1d500000,0x0000006b1d600000)]
  0x00000255c6fa4800 JavaThread "jar transforms Thread 92" [_thread_blocked, id=17176, stack(0x0000006b1d600000,0x0000006b1d700000)]
  0x00000255c6fa6000 JavaThread "jar transforms Thread 93" [_thread_blocked, id=3548, stack(0x0000006b1d700000,0x0000006b1d800000)]
  0x00000255c6fa7000 JavaThread "jar transforms Thread 94" [_thread_blocked, id=7012, stack(0x0000006b1d800000,0x0000006b1d900000)]
  0x00000255c6e38000 JavaThread "jar transforms Thread 95" [_thread_blocked, id=4432, stack(0x0000006b1d900000,0x0000006b1da00000)]
  0x00000255c6e37800 JavaThread "jar transforms Thread 96" [_thread_blocked, id=15648, stack(0x0000006b1da00000,0x0000006b1db00000)]
  0x00000255c6e35000 JavaThread "jar transforms Thread 97" [_thread_blocked, id=15992, stack(0x0000006b1db00000,0x0000006b1dc00000)]
  0x00000255c6e33000 JavaThread "jar transforms Thread 98" [_thread_blocked, id=7024, stack(0x0000006b1dc00000,0x0000006b1dd00000)]
  0x00000255c6e34000 JavaThread "jar transforms Thread 99" [_thread_blocked, id=13592, stack(0x0000006b1dd00000,0x0000006b1de00000)]
  0x00000255c6e36800 JavaThread "Memory manager" [_thread_blocked, id=15664, stack(0x0000006b1de00000,0x0000006b1df00000)]

Other Threads:
  0x00000255bf737000 VMThread "VM Thread" [stack: 0x0000006b14800000,0x0000006b14900000] [id=12540]
  0x00000255c025e000 WatcherThread [stack: 0x0000006b15200000,0x0000006b15300000] [id=8248]
  0x00000255a4c62000 GCTaskThread "GC Thread#0" [stack: 0x0000006b14300000,0x0000006b14400000] [id=9924]
  0x00000255c0b22000 GCTaskThread "GC Thread#1" [stack: 0x0000006b15400000,0x0000006b15500000] [id=12196]
  0x00000255c0b22800 GCTaskThread "GC Thread#2" [stack: 0x0000006b15500000,0x0000006b15600000] [id=14548]
  0x00000255c35f4800 GCTaskThread "GC Thread#3" [stack: 0x0000006b16200000,0x0000006b16300000] [id=11532]
  0x00000255c26ac800 GCTaskThread "GC Thread#4" [stack: 0x0000006b16300000,0x0000006b16400000] [id=10968]
  0x00000255c26ad800 GCTaskThread "GC Thread#5" [stack: 0x0000006b16400000,0x0000006b16500000] [id=1316]
  0x00000255c259f800 GCTaskThread "GC Thread#6" [stack: 0x0000006b16500000,0x0000006b16600000] [id=14048]
  0x00000255c25a0000 GCTaskThread "GC Thread#7" [stack: 0x0000006b16600000,0x0000006b16700000] [id=1260]
  0x00000255a4c95000 ConcurrentGCThread "G1 Main Marker" [stack: 0x0000006b14400000,0x0000006b14500000] [id=2912]
  0x00000255a4c96800 ConcurrentGCThread "G1 Conc#0" [stack: 0x0000006b14500000,0x0000006b14600000] [id=5200]
  0x00000255c23e7000 ConcurrentGCThread "G1 Conc#1" [stack: 0x0000006b16900000,0x0000006b16a00000] [id=2920]
  0x00000255bf590800 ConcurrentGCThread "G1 Refine#0" [stack: 0x0000006b14600000,0x0000006b14700000] [id=13292]
  0x00000255bf591000 ConcurrentGCThread "G1 Young RemSet Sampling" [stack: 0x0000006b14700000,0x0000006b14800000] [id=12240]

Threads with active compile tasks:
C2 CompilerThread0   7212 5955   !   4       com.sun.beans.TypeResolver::resolve (261 bytes)
C2 CompilerThread1   7212 5920       4       java.beans.Introspector::addMethod (196 bytes)
C2 CompilerThread2   7212 5982 %     4       groovy.lang.MetaClassImpl::inheritInterfaceNewMetaMethods @ 104 (199 bytes)

VM state:not at safepoint (normal execution)

VM Mutex/Monitor currently owned by a thread: None

Heap address: 0x0000000080000000, size: 2048 MB, Compressed Oops mode: 32-bit
Narrow klass base: 0x0000000000000000, Narrow klass shift: 3
Compressed class space size: 1073741824 Address: 0x0000000100000000

Heap:
 garbage-first heap   total 155648K, used 100553K [0x0000000080000000, 0x0000000100000000)
  region size 1024K, 57 young (58368K), 5 survivors (5120K)
 Metaspace       used 65855K, capacity 67314K, committed 67532K, reserved 1107968K
  class space    used 8594K, capacity 9140K, committed 9216K, reserved 1048576K
Heap Regions: E=young(eden), S=young(survivor), O=old, HS=humongous(starts), HC=humongous(continues), CS=collection set, F=free, A=archive, TAMS=top-at-mark-start (previous, next)
|   0|0x0000000080000000, 0x0000000080100000, 0x0000000080100000|100%| O|  |TAMS 0x0000000080100000, 0x0000000080000000| Untracked 
|   1|0x0000000080100000, 0x0000000080200000, 0x0000000080200000|100%| O|  |TAMS 0x0000000080200000, 0x0000000080100000| Untracked 
|   2|0x0000000080200000, 0x0000000080300000, 0x0000000080300000|100%| O|  |TAMS 0x0000000080300000, 0x0000000080200000| Untracked 
|   3|0x0000000080300000, 0x0000000080400000, 0x0000000080400000|100%|HS|  |TAMS 0x0000000080400000, 0x0000000080300000| Complete 
|   4|0x0000000080400000, 0x0000000080500000, 0x0000000080500000|100%|HC|  |TAMS 0x0000000080500000, 0x0000000080400000| Complete 
|   5|0x0000000080500000, 0x0000000080600000, 0x0000000080600000|100%|HC|  |TAMS 0x0000000080600000, 0x0000000080500000| Complete 
|   6|0x0000000080600000, 0x0000000080700000, 0x0000000080700000|100%| O|  |TAMS 0x0000000080700000, 0x0000000080600000| Untracked 
|   7|0x0000000080700000, 0x0000000080800000, 0x0000000080800000|100%| O|  |TAMS 0x0000000080800000, 0x0000000080700000| Untracked 
|   8|0x0000000080800000, 0x0000000080900000, 0x0000000080900000|100%| O|  |TAMS 0x0000000080900000, 0x0000000080800000| Untracked 
|   9|0x0000000080900000, 0x0000000080a00000, 0x0000000080a00000|100%| O|  |TAMS 0x0000000080a00000, 0x0000000080900000| Untracked 
|  10|0x0000000080a00000, 0x0000000080b00000, 0x0000000080b00000|100%| O|  |TAMS 0x0000000080b00000, 0x0000000080a00000| Untracked 
|  11|0x0000000080b00000, 0x0000000080c00000, 0x0000000080c00000|100%| O|  |TAMS 0x0000000080c00000, 0x0000000080b00000| Untracked 
|  12|0x0000000080c00000, 0x0000000080d00000, 0x0000000080d00000|100%| O|  |TAMS 0x0000000080d00000, 0x0000000080c00000| Untracked 
|  13|0x0000000080d00000, 0x0000000080e00000, 0x0000000080e00000|100%| O|  |TAMS 0x0000000080e00000, 0x0000000080d00000| Untracked 
|  14|0x0000000080e00000, 0x0000000080f00000, 0x0000000080f00000|100%| O|  |TAMS 0x0000000080f00000, 0x0000000080e00000| Untracked 
|  15|0x0000000080f00000, 0x0000000081000000, 0x0000000081000000|100%| O|  |TAMS 0x0000000081000000, 0x0000000080f00000| Untracked 
|  16|0x0000000081000000, 0x0000000081100000, 0x0000000081100000|100%| O|  |TAMS 0x0000000081100000, 0x0000000081000000| Untracked 
|  17|0x0000000081100000, 0x0000000081200000, 0x0000000081200000|100%| O|  |TAMS 0x0000000081200000, 0x0000000081100000| Untracked 
|  18|0x0000000081200000, 0x0000000081300000, 0x0000000081300000|100%| O|  |TAMS 0x0000000081300000, 0x0000000081200000| Untracked 
|  19|0x0000000081300000, 0x0000000081400000, 0x0000000081400000|100%| O|  |TAMS 0x0000000081400000, 0x0000000081300000| Untracked 
|  20|0x0000000081400000, 0x0000000081500000, 0x0000000081500000|100%| O|  |TAMS 0x0000000081500000, 0x0000000081400000| Untracked 
|  21|0x0000000081500000, 0x0000000081600000, 0x0000000081600000|100%| O|  |TAMS 0x0000000081600000, 0x0000000081500000| Untracked 
|  22|0x0000000081600000, 0x0000000081700000, 0x0000000081700000|100%|HS|  |TAMS 0x0000000081700000, 0x0000000081600000| Complete 
|  23|0x0000000081700000, 0x0000000081800000, 0x0000000081800000|100%|HS|  |TAMS 0x0000000081800000, 0x0000000081700000| Complete 
|  24|0x0000000081800000, 0x0000000081900000, 0x0000000081900000|100%|HC|  |TAMS 0x0000000081900000, 0x0000000081800000| Complete 
|  25|0x0000000081900000, 0x0000000081a00000, 0x0000000081a00000|100%| O|  |TAMS 0x0000000081a00000, 0x0000000081900000| Untracked 
|  26|0x0000000081a00000, 0x0000000081b00000, 0x0000000081b00000|100%| O|  |TAMS 0x0000000081b00000, 0x0000000081a00000| Untracked 
|  27|0x0000000081b00000, 0x0000000081c00000, 0x0000000081c00000|100%| O|  |TAMS 0x0000000081c00000, 0x0000000081b00000| Untracked 
|  28|0x0000000081c00000, 0x0000000081d00000, 0x0000000081d00000|100%| O|  |TAMS 0x0000000081c00000, 0x0000000081c00000| Untracked 
|  29|0x0000000081d00000, 0x0000000081e00000, 0x0000000081e00000|100%| O|  |TAMS 0x0000000081e00000, 0x0000000081d00000| Untracked 
|  30|0x0000000081e00000, 0x0000000081f00000, 0x0000000081f00000|100%| O|  |TAMS 0x0000000081f00000, 0x0000000081e00000| Untracked 
|  31|0x0000000081f00000, 0x0000000082000000, 0x0000000082000000|100%| O|  |TAMS 0x0000000082000000, 0x0000000081f00000| Untracked 
|  32|0x0000000082000000, 0x0000000082100000, 0x0000000082100000|100%| O|  |TAMS 0x0000000082100000, 0x0000000082000000| Untracked 
|  33|0x0000000082100000, 0x0000000082200000, 0x0000000082200000|100%| O|  |TAMS 0x0000000082200000, 0x0000000082100000| Untracked 
|  34|0x0000000082200000, 0x0000000082300000, 0x0000000082300000|100%| O|  |TAMS 0x0000000082300000, 0x0000000082200000| Untracked 
|  35|0x0000000082300000, 0x0000000082400000, 0x0000000082400000|100%| O|  |TAMS 0x0000000082400000, 0x0000000082300000| Untracked 
|  36|0x0000000082400000, 0x0000000082500000, 0x0000000082500000|100%| O|  |TAMS 0x0000000082500000, 0x0000000082400000| Untracked 
|  37|0x0000000082500000, 0x0000000082600000, 0x0000000082600000|100%| O|  |TAMS 0x0000000082600000, 0x0000000082500000| Untracked 
|  38|0x0000000082600000, 0x0000000082700000, 0x0000000082700000|100%| O|  |TAMS 0x0000000082700000, 0x0000000082600000| Untracked 
|  39|0x0000000082700000, 0x0000000082800000, 0x0000000082800000|100%| O|  |TAMS 0x000000008273c400, 0x0000000082700000| Untracked 
|  40|0x0000000082800000, 0x0000000082900000, 0x0000000082900000|100%| O|  |TAMS 0x0000000082800000, 0x0000000082800000| Untracked 
|  41|0x0000000082900000, 0x0000000082a00000, 0x0000000082a00000|100%| O|  |TAMS 0x0000000082900000, 0x0000000082900000| Untracked 
|  42|0x0000000082a00000, 0x0000000082a3da00, 0x0000000082b00000| 24%| O|  |TAMS 0x0000000082a00000, 0x0000000082a00000| Untracked 
|  43|0x0000000082b00000, 0x0000000082b00000, 0x0000000082c00000|  0%| F|  |TAMS 0x0000000082b00000, 0x0000000082b00000| Untracked 
|  44|0x0000000082c00000, 0x0000000082c00000, 0x0000000082d00000|  0%| F|  |TAMS 0x0000000082c00000, 0x0000000082c00000| Untracked 
|  45|0x0000000082d00000, 0x0000000082d00000, 0x0000000082e00000|  0%| F|  |TAMS 0x0000000082d00000, 0x0000000082d00000| Untracked 
|  46|0x0000000082e00000, 0x0000000082e00000, 0x0000000082f00000|  0%| F|  |TAMS 0x0000000082e00000, 0x0000000082e00000| Untracked 
|  47|0x0000000082f00000, 0x0000000082f00000, 0x0000000083000000|  0%| F|  |TAMS 0x0000000082f00000, 0x0000000082f00000| Untracked 
|  48|0x0000000083000000, 0x0000000083000000, 0x0000000083100000|  0%| F|  |TAMS 0x0000000083000000, 0x0000000083000000| Untracked 
|  49|0x0000000083100000, 0x0000000083100000, 0x0000000083200000|  0%| F|  |TAMS 0x0000000083100000, 0x0000000083100000| Untracked 
|  50|0x0000000083200000, 0x0000000083200000, 0x0000000083300000|  0%| F|  |TAMS 0x0000000083200000, 0x0000000083200000| Untracked 
|  51|0x0000000083300000, 0x0000000083300000, 0x0000000083400000|  0%| F|  |TAMS 0x0000000083300000, 0x0000000083300000| Untracked 
|  52|0x0000000083400000, 0x0000000083400000, 0x0000000083500000|  0%| F|  |TAMS 0x0000000083400000, 0x0000000083400000| Untracked 
|  53|0x0000000083500000, 0x0000000083500000, 0x0000000083600000|  0%| F|  |TAMS 0x0000000083500000, 0x0000000083500000| Untracked 
|  54|0x0000000083600000, 0x0000000083600000, 0x0000000083700000|  0%| F|  |TAMS 0x0000000083600000, 0x0000000083600000| Untracked 
|  55|0x0000000083700000, 0x0000000083700000, 0x0000000083800000|  0%| F|  |TAMS 0x0000000083700000, 0x0000000083700000| Untracked 
|  56|0x0000000083800000, 0x0000000083800000, 0x0000000083900000|  0%| F|  |TAMS 0x0000000083800000, 0x0000000083800000| Untracked 
|  57|0x0000000083900000, 0x0000000083900000, 0x0000000083a00000|  0%| F|  |TAMS 0x0000000083900000, 0x0000000083900000| Untracked 
|  58|0x0000000083a00000, 0x0000000083a00000, 0x0000000083b00000|  0%| F|  |TAMS 0x0000000083a00000, 0x0000000083a00000| Untracked 
|  59|0x0000000083b00000, 0x0000000083b00000, 0x0000000083c00000|  0%| F|  |TAMS 0x0000000083b00000, 0x0000000083b00000| Untracked 
|  60|0x0000000083c00000, 0x0000000083c00000, 0x0000000083d00000|  0%| F|  |TAMS 0x0000000083c00000, 0x0000000083c00000| Untracked 
|  61|0x0000000083d00000, 0x0000000083d00000, 0x0000000083e00000|  0%| F|  |TAMS 0x0000000083d00000, 0x0000000083d00000| Untracked 
|  62|0x0000000083e00000, 0x0000000083e00000, 0x0000000083f00000|  0%| F|  |TAMS 0x0000000083e00000, 0x0000000083e00000| Untracked 
|  63|0x0000000083f00000, 0x0000000083f00000, 0x0000000084000000|  0%| F|  |TAMS 0x0000000083f00000, 0x0000000083f00000| Untracked 
|  64|0x0000000084000000, 0x0000000084000000, 0x0000000084100000|  0%| F|  |TAMS 0x0000000084000000, 0x0000000084000000| Untracked 
|  65|0x0000000084100000, 0x0000000084100000, 0x0000000084200000|  0%| F|  |TAMS 0x0000000084100000, 0x0000000084100000| Untracked 
|  66|0x0000000084200000, 0x0000000084200000, 0x0000000084300000|  0%| F|  |TAMS 0x0000000084200000, 0x0000000084200000| Untracked 
|  67|0x0000000084300000, 0x0000000084300000, 0x0000000084400000|  0%| F|  |TAMS 0x0000000084300000, 0x0000000084300000| Untracked 
|  68|0x0000000084400000, 0x0000000084400000, 0x0000000084500000|  0%| F|  |TAMS 0x0000000084400000, 0x0000000084400000| Untracked 
|  69|0x0000000084500000, 0x0000000084500000, 0x0000000084600000|  0%| F|  |TAMS 0x0000000084500000, 0x0000000084500000| Untracked 
|  70|0x0000000084600000, 0x0000000084600000, 0x0000000084700000|  0%| F|  |TAMS 0x0000000084600000, 0x0000000084600000| Untracked 
|  71|0x0000000084700000, 0x0000000084700000, 0x0000000084800000|  0%| F|  |TAMS 0x0000000084700000, 0x0000000084700000| Untracked 
|  72|0x0000000084800000, 0x0000000084800000, 0x0000000084900000|  0%| F|  |TAMS 0x0000000084800000, 0x0000000084800000| Untracked 
|  73|0x0000000084900000, 0x0000000084900000, 0x0000000084a00000|  0%| F|  |TAMS 0x0000000084900000, 0x0000000084900000| Untracked 
|  74|0x0000000084a00000, 0x0000000084a00000, 0x0000000084b00000|  0%| F|  |TAMS 0x0000000084a00000, 0x0000000084a00000| Untracked 
|  75|0x0000000084b00000, 0x0000000084b00000, 0x0000000084c00000|  0%| F|  |TAMS 0x0000000084b00000, 0x0000000084b00000| Untracked 
|  76|0x0000000084c00000, 0x0000000084c00000, 0x0000000084d00000|  0%| F|  |TAMS 0x0000000084c00000, 0x0000000084c00000| Untracked 
|  77|0x0000000084d00000, 0x0000000084d00000, 0x0000000084e00000|  0%| F|  |TAMS 0x0000000084d00000, 0x0000000084d00000| Untracked 
|  78|0x0000000084e00000, 0x0000000084e00000, 0x0000000084f00000|  0%| F|  |TAMS 0x0000000084e00000, 0x0000000084e00000| Untracked 
|  79|0x0000000084f00000, 0x0000000084f00000, 0x0000000085000000|  0%| F|  |TAMS 0x0000000084f00000, 0x0000000084f00000| Untracked 
|  80|0x0000000085000000, 0x0000000085000000, 0x0000000085100000|  0%| F|  |TAMS 0x0000000085000000, 0x0000000085000000| Untracked 
|  81|0x0000000085100000, 0x00000000851f4b40, 0x0000000085200000| 95%| S|CS|TAMS 0x0000000085100000, 0x0000000085100000| Complete 
|  82|0x0000000085200000, 0x0000000085300000, 0x0000000085300000|100%| S|CS|TAMS 0x0000000085200000, 0x0000000085200000| Complete 
|  83|0x0000000085300000, 0x0000000085400000, 0x0000000085400000|100%| S|CS|TAMS 0x0000000085300000, 0x0000000085300000| Complete 
|  84|0x0000000085400000, 0x0000000085500000, 0x0000000085500000|100%| S|CS|TAMS 0x0000000085400000, 0x0000000085400000| Complete 
|  85|0x0000000085500000, 0x0000000085600000, 0x0000000085600000|100%| S|CS|TAMS 0x0000000085500000, 0x0000000085500000| Complete 
|  86|0x0000000085600000, 0x0000000085600000, 0x0000000085700000|  0%| F|  |TAMS 0x0000000085600000, 0x0000000085600000| Untracked 
|  87|0x0000000085700000, 0x0000000085700000, 0x0000000085800000|  0%| F|  |TAMS 0x0000000085700000, 0x0000000085700000| Untracked 
|  88|0x0000000085800000, 0x0000000085800000, 0x0000000085900000|  0%| F|  |TAMS 0x0000000085800000, 0x0000000085800000| Untracked 
|  89|0x0000000085900000, 0x0000000085900000, 0x0000000085a00000|  0%| F|  |TAMS 0x0000000085900000, 0x0000000085900000| Untracked 
|  90|0x0000000085a00000, 0x0000000085a00000, 0x0000000085b00000|  0%| F|  |TAMS 0x0000000085a00000, 0x0000000085a00000| Untracked 
|  91|0x0000000085b00000, 0x0000000085b00000, 0x0000000085c00000|  0%| F|  |TAMS 0x0000000085b00000, 0x0000000085b00000| Untracked 
|  92|0x0000000085c00000, 0x0000000085c00000, 0x0000000085d00000|  0%| F|  |TAMS 0x0000000085c00000, 0x0000000085c00000| Untracked 
|  93|0x0000000085d00000, 0x0000000085d00000, 0x0000000085e00000|  0%| F|  |TAMS 0x0000000085d00000, 0x0000000085d00000| Untracked 
|  94|0x0000000085e00000, 0x0000000085e00000, 0x0000000085f00000|  0%| F|  |TAMS 0x0000000085e00000, 0x0000000085e00000| Untracked 
|  95|0x0000000085f00000, 0x0000000085f00000, 0x0000000086000000|  0%| F|  |TAMS 0x0000000085f00000, 0x0000000085f00000| Untracked 
|  96|0x0000000086000000, 0x0000000086000000, 0x0000000086100000|  0%| F|  |TAMS 0x0000000086000000, 0x0000000086000000| Untracked 
|  97|0x0000000086100000, 0x0000000086100000, 0x0000000086200000|  0%| F|  |TAMS 0x0000000086100000, 0x0000000086100000| Untracked 
|  98|0x0000000086200000, 0x0000000086200000, 0x0000000086300000|  0%| F|  |TAMS 0x0000000086200000, 0x0000000086200000| Untracked 
|  99|0x0000000086300000, 0x0000000086380800, 0x0000000086400000| 50%| E|  |TAMS 0x0000000086300000, 0x0000000086300000| Complete 
| 100|0x0000000086400000, 0x0000000086500000, 0x0000000086500000|100%| E|CS|TAMS 0x0000000086400000, 0x0000000086400000| Complete 
| 101|0x0000000086500000, 0x0000000086600000, 0x0000000086600000|100%| E|CS|TAMS 0x0000000086500000, 0x0000000086500000| Complete 
| 102|0x0000000086600000, 0x0000000086700000, 0x0000000086700000|100%| E|CS|TAMS 0x0000000086600000, 0x0000000086600000| Complete 
| 103|0x0000000086700000, 0x0000000086800000, 0x0000000086800000|100%| E|CS|TAMS 0x0000000086700000, 0x0000000086700000| Complete 
| 104|0x0000000086800000, 0x0000000086900000, 0x0000000086900000|100%| E|CS|TAMS 0x0000000086800000, 0x0000000086800000| Complete 
| 105|0x0000000086900000, 0x0000000086a00000, 0x0000000086a00000|100%| E|CS|TAMS 0x0000000086900000, 0x0000000086900000| Complete 
| 106|0x0000000086a00000, 0x0000000086b00000, 0x0000000086b00000|100%| E|CS|TAMS 0x0000000086a00000, 0x0000000086a00000| Complete 
| 107|0x0000000086b00000, 0x0000000086c00000, 0x0000000086c00000|100%| E|CS|TAMS 0x0000000086b00000, 0x0000000086b00000| Complete 
| 108|0x0000000086c00000, 0x0000000086d00000, 0x0000000086d00000|100%| E|CS|TAMS 0x0000000086c00000, 0x0000000086c00000| Complete 
| 109|0x0000000086d00000, 0x0000000086e00000, 0x0000000086e00000|100%| E|CS|TAMS 0x0000000086d00000, 0x0000000086d00000| Complete 
| 110|0x0000000086e00000, 0x0000000086f00000, 0x0000000086f00000|100%| E|CS|TAMS 0x0000000086e00000, 0x0000000086e00000| Complete 
| 111|0x0000000086f00000, 0x0000000087000000, 0x0000000087000000|100%| E|CS|TAMS 0x0000000086f00000, 0x0000000086f00000| Complete 
| 112|0x0000000087000000, 0x0000000087100000, 0x0000000087100000|100%| E|CS|TAMS 0x0000000087000000, 0x0000000087000000| Complete 
| 113|0x0000000087100000, 0x0000000087200000, 0x0000000087200000|100%| E|CS|TAMS 0x0000000087100000, 0x0000000087100000| Complete 
| 114|0x0000000087200000, 0x0000000087300000, 0x0000000087300000|100%| E|CS|TAMS 0x0000000087200000, 0x0000000087200000| Complete 
| 115|0x0000000087300000, 0x0000000087400000, 0x0000000087400000|100%| E|CS|TAMS 0x0000000087300000, 0x0000000087300000| Complete 
| 116|0x0000000087400000, 0x0000000087500000, 0x0000000087500000|100%| E|CS|TAMS 0x0000000087400000, 0x0000000087400000| Complete 
| 117|0x0000000087500000, 0x0000000087600000, 0x0000000087600000|100%| E|CS|TAMS 0x0000000087500000, 0x0000000087500000| Complete 
| 118|0x0000000087600000, 0x0000000087700000, 0x0000000087700000|100%| E|CS|TAMS 0x0000000087600000, 0x0000000087600000| Complete 
| 119|0x0000000087700000, 0x0000000087800000, 0x0000000087800000|100%| E|CS|TAMS 0x0000000087700000, 0x0000000087700000| Complete 
| 120|0x0000000087800000, 0x0000000087900000, 0x0000000087900000|100%| E|CS|TAMS 0x0000000087800000, 0x0000000087800000| Complete 
| 121|0x0000000087900000, 0x0000000087a00000, 0x0000000087a00000|100%| E|CS|TAMS 0x0000000087900000, 0x0000000087900000| Complete 
| 122|0x0000000087a00000, 0x0000000087b00000, 0x0000000087b00000|100%| E|CS|TAMS 0x0000000087a00000, 0x0000000087a00000| Complete 
| 123|0x0000000087b00000, 0x0000000087c00000, 0x0000000087c00000|100%| E|CS|TAMS 0x0000000087b00000, 0x0000000087b00000| Complete 
| 124|0x0000000087c00000, 0x0000000087d00000, 0x0000000087d00000|100%| E|CS|TAMS 0x0000000087c00000, 0x0000000087c00000| Complete 
| 125|0x0000000087d00000, 0x0000000087e00000, 0x0000000087e00000|100%| E|CS|TAMS 0x0000000087d00000, 0x0000000087d00000| Complete 
| 126|0x0000000087e00000, 0x0000000087f00000, 0x0000000087f00000|100%| E|CS|TAMS 0x0000000087e00000, 0x0000000087e00000| Complete 
| 127|0x0000000087f00000, 0x0000000088000000, 0x0000000088000000|100%| E|CS|TAMS 0x0000000087f00000, 0x0000000087f00000| Complete 
| 128|0x0000000088000000, 0x0000000088100000, 0x0000000088100000|100%| E|CS|TAMS 0x0000000088000000, 0x0000000088000000| Complete 
| 129|0x0000000088100000, 0x0000000088200000, 0x0000000088200000|100%| E|CS|TAMS 0x0000000088100000, 0x0000000088100000| Complete 
| 130|0x0000000088200000, 0x0000000088300000, 0x0000000088300000|100%| E|CS|TAMS 0x0000000088200000, 0x0000000088200000| Complete 
| 131|0x0000000088300000, 0x0000000088400000, 0x0000000088400000|100%| E|CS|TAMS 0x0000000088300000, 0x0000000088300000| Complete 
| 132|0x0000000088400000, 0x0000000088500000, 0x0000000088500000|100%| E|CS|TAMS 0x0000000088400000, 0x0000000088400000| Complete 
| 133|0x0000000088500000, 0x0000000088600000, 0x0000000088600000|100%| E|CS|TAMS 0x0000000088500000, 0x0000000088500000| Complete 
| 134|0x0000000088600000, 0x0000000088700000, 0x0000000088700000|100%| E|CS|TAMS 0x0000000088600000, 0x0000000088600000| Complete 
| 135|0x0000000088700000, 0x0000000088800000, 0x0000000088800000|100%| E|CS|TAMS 0x0000000088700000, 0x0000000088700000| Complete 
| 136|0x0000000088800000, 0x0000000088900000, 0x0000000088900000|100%| E|CS|TAMS 0x0000000088800000, 0x0000000088800000| Complete 
| 137|0x0000000088900000, 0x0000000088a00000, 0x0000000088a00000|100%| E|CS|TAMS 0x0000000088900000, 0x0000000088900000| Complete 
| 138|0x0000000088a00000, 0x0000000088b00000, 0x0000000088b00000|100%| E|CS|TAMS 0x0000000088a00000, 0x0000000088a00000| Complete 
| 139|0x0000000088b00000, 0x0000000088c00000, 0x0000000088c00000|100%| E|CS|TAMS 0x0000000088b00000, 0x0000000088b00000| Complete 
| 140|0x0000000088c00000, 0x0000000088d00000, 0x0000000088d00000|100%| E|CS|TAMS 0x0000000088c00000, 0x0000000088c00000| Complete 
| 141|0x0000000088d00000, 0x0000000088e00000, 0x0000000088e00000|100%| E|CS|TAMS 0x0000000088d00000, 0x0000000088d00000| Complete 
| 142|0x0000000088e00000, 0x0000000088f00000, 0x0000000088f00000|100%| E|CS|TAMS 0x0000000088e00000, 0x0000000088e00000| Complete 
| 143|0x0000000088f00000, 0x0000000089000000, 0x0000000089000000|100%| E|CS|TAMS 0x0000000088f00000, 0x0000000088f00000| Complete 
| 144|0x0000000089000000, 0x0000000089100000, 0x0000000089100000|100%| E|CS|TAMS 0x0000000089000000, 0x0000000089000000| Complete 
| 145|0x0000000089100000, 0x0000000089200000, 0x0000000089200000|100%| E|CS|TAMS 0x0000000089100000, 0x0000000089100000| Complete 
| 146|0x0000000089200000, 0x0000000089300000, 0x0000000089300000|100%| E|CS|TAMS 0x0000000089200000, 0x0000000089200000| Complete 
| 147|0x0000000089300000, 0x0000000089400000, 0x0000000089400000|100%| E|CS|TAMS 0x0000000089300000, 0x0000000089300000| Complete 
| 148|0x0000000089400000, 0x0000000089500000, 0x0000000089500000|100%| E|CS|TAMS 0x0000000089400000, 0x0000000089400000| Complete 
| 149|0x0000000089500000, 0x0000000089600000, 0x0000000089600000|100%| E|CS|TAMS 0x0000000089500000, 0x0000000089500000| Complete 
| 150|0x0000000089600000, 0x0000000089700000, 0x0000000089700000|100%| E|CS|TAMS 0x0000000089600000, 0x0000000089600000| Complete 
| 151|0x0000000089700000, 0x0000000089800000, 0x0000000089800000|100%| E|CS|TAMS 0x0000000089700000, 0x0000000089700000| Complete 

Card table byte_map: [0x00000255b8470000,0x00000255b8870000] _byte_map_base: 0x00000255b8070000

Marking Bits (Prev, Next): (CMBitMap*) 0x00000255a4c8c290, (CMBitMap*) 0x00000255a4c8c258
 Prev Bits: [0x00000255bac70000, 0x00000255bcc70000)
 Next Bits: [0x00000255b8c70000, 0x00000255bac70000)

Polling page: 0x00000255a85d0000

Metaspace:

Usage:
  Non-class:     57.00 MB capacity,    55.96 MB ( 98%) used,   919.91 KB (  2%) free+waste,   149.44 KB ( <1%) overhead. 
      Class:      8.93 MB capacity,     8.40 MB ( 94%) used,   469.70 KB (  5%) free+waste,    70.69 KB ( <1%) overhead. 
       Both:     65.93 MB capacity,    64.36 MB ( 98%) used,     1.36 MB (  2%) free+waste,   220.13 KB ( <1%) overhead. 

Virtual space:
  Non-class space:       58.00 MB reserved,      57.20 MB ( 99%) committed 
      Class space:        1.00 GB reserved,       9.00 MB ( <1%) committed 
             Both:        1.06 GB reserved,      66.20 MB (  6%) committed 

Chunk freelists:
   Non-Class:  9.00 KB
       Class:  11.00 KB
        Both:  20.00 KB

MaxMetaspaceSize: 17179869184.00 GB
CompressedClassSpaceSize: 1.00 GB

CodeHeap 'non-profiled nmethods': size=120000Kb used=3752Kb max_used=3752Kb free=116247Kb
 bounds [0x00000255b00c0000, 0x00000255b0470000, 0x00000255b75f0000]
CodeHeap 'profiled nmethods': size=120000Kb used=12680Kb max_used=12680Kb free=107319Kb
 bounds [0x00000255a8b90000, 0x00000255a9800000, 0x00000255b00c0000]
CodeHeap 'non-nmethods': size=5760Kb used=2233Kb max_used=2291Kb free=3526Kb
 bounds [0x00000255a85f0000, 0x00000255a8860000, 0x00000255a8b90000]
 total_blobs=6728 nmethods=5912 adapters=727
 compilation: enabled
              stopped_count=0, restarted_count=0
 full_count=0

Compilation events (20 events):
Event: 7.170 Thread 0x00000255bf75e000 nmethod 6136 0x00000255a97e3690 code [0x00000255a97e3aa0, 0x00000255a97e5288]
Event: 7.170 Thread 0x00000255bf75e000 6137       3       jdk.internal.reflect.ClassFileAssembler::<init> (8 bytes)
Event: 7.171 Thread 0x00000255bf75e000 nmethod 6137 0x00000255a97e5990 code [0x00000255a97e5b80, 0x00000255a97e6098]
Event: 7.171 Thread 0x00000255bf75e000 6138       3       jdk.internal.reflect.ClassFileAssembler::append (9 bytes)
Event: 7.171 Thread 0x00000255bf75e000 nmethod 6138 0x00000255a97e6290 code [0x00000255a97e64a0, 0x00000255a97e6998]
Event: 7.174 Thread 0x00000255bf75e000 6139       3       org.gradle.internal.instantiation.generator.ManagedObjectFactory::newInstance (160 bytes)
Event: 7.175 Thread 0x00000255bf75e000 nmethod 6139 0x00000255a97e6c90 code [0x00000255a97e71c0, 0x00000255a97e9fd8]
Event: 7.178 Thread 0x00000255bf75e000 6140       3       sun.reflect.generics.parser.SignatureParser::parseSuperInterfaces (51 bytes)
Event: 7.178 Thread 0x00000255bf75e000 nmethod 6140 0x00000255a97eaa10 code [0x00000255a97eac80, 0x00000255a97eb638]
Event: 7.178 Thread 0x00000255bf75e000 6141       3       sun.reflect.generics.tree.ClassSignature::make (11 bytes)
Event: 7.178 Thread 0x00000255bf75e000 nmethod 6141 0x00000255a97eba10 code [0x00000255a97ebbe0, 0x00000255a97ebef8]
Event: 7.178 Thread 0x00000255bf75e000 6142       3       sun.reflect.generics.tree.ClassSignature::<init> (20 bytes)
Event: 7.179 Thread 0x00000255bf75e000 nmethod 6142 0x00000255a97ec010 code [0x00000255a97ec1c0, 0x00000255a97ec438]
Event: 7.180 Thread 0x00000255bf75e000 6143       1       com.android.build.gradle.internal.services.BaseServicesImpl::getProjectServices (5 bytes)
Event: 7.180 Thread 0x00000255bf75e000 nmethod 6143 0x00000255b0469c10 code [0x00000255b0469dc0, 0x00000255b0469e78]
Event: 7.182 Thread 0x00000255bf75e000 6144       3       java.lang.invoke.BoundMethodHandle$Species_L::<init> (12 bytes)
Event: 7.182 Thread 0x00000255bf75e000 nmethod 6144 0x00000255a97ec510 code [0x00000255a97ec6e0, 0x00000255a97ec8e8]
Event: 7.183 Thread 0x00000255bf75e000 6145       3       com.android.build.gradle.options.ProjectOptions$OptionValue::access$000 (5 bytes)
Event: 7.183 Thread 0x00000255bf75e000 nmethod 6145 0x00000255a97eca10 code [0x00000255a97ecbe0, 0x00000255a97eceb8]
Event: 7.183 Thread 0x00000255bf75e000 6149       3       com.android.build.api.artifact.impl.SinglePropertyAdapter::set (17 bytes)

GC Heap History (20 events):
Event: 0.658 GC heap before
{Heap before GC invocations=0 (full 0):
 garbage-first heap   total 129024K, used 29696K [0x0000000080000000, 0x0000000100000000)
  region size 1024K, 24 young (24576K), 0 survivors (0K)
 Metaspace       used 10667K, capacity 10890K, committed 11008K, reserved 1058816K
  class space    used 1130K, capacity 1202K, committed 1280K, reserved 1048576K
}
Event: 0.662 GC heap after
{Heap after GC invocations=1 (full 0):
 garbage-first heap   total 129024K, used 8836K [0x0000000080000000, 0x0000000100000000)
  region size 1024K, 3 young (3072K), 3 survivors (3072K)
 Metaspace       used 10667K, capacity 10890K, committed 11008K, reserved 1058816K
  class space    used 1130K, capacity 1202K, committed 1280K, reserved 1048576K
}
Event: 2.105 GC heap before
{Heap before GC invocations=1 (full 0):
 garbage-first heap   total 129024K, used 81540K [0x0000000080000000, 0x0000000100000000)
  region size 1024K, 75 young (76800K), 3 survivors (3072K)
 Metaspace       used 18892K, capacity 19346K, committed 19456K, reserved 1067008K
  class space    used 2284K, capacity 2458K, committed 2560K, reserved 1048576K
}
Event: 2.111 GC heap after
{Heap after GC invocations=2 (full 0):
 garbage-first heap   total 129024K, used 15421K [0x0000000080000000, 0x0000000100000000)
  region size 1024K, 10 young (10240K), 10 survivors (10240K)
 Metaspace       used 18892K, capacity 19346K, committed 19456K, reserved 1067008K
  class space    used 2284K, capacity 2458K, committed 2560K, reserved 1048576K
}
Event: 2.214 GC heap before
{Heap before GC invocations=2 (full 0):
 garbage-first heap   total 129024K, used 28733K [0x0000000080000000, 0x0000000100000000)
  region size 1024K, 24 young (24576K), 10 survivors (10240K)
 Metaspace       used 20652K, capacity 21115K, committed 21248K, reserved 1067008K
  class space    used 2536K, capacity 2712K, committed 2816K, reserved 1048576K
}
Event: 2.221 GC heap after
{Heap after GC invocations=3 (full 0):
 garbage-first heap   total 129024K, used 16683K [0x0000000080000000, 0x0000000100000000)
  region size 1024K, 1 young (1024K), 1 survivors (1024K)
 Metaspace       used 20652K, capacity 21115K, committed 21248K, reserved 1067008K
  class space    used 2536K, capacity 2712K, committed 2816K, reserved 1048576K
}
Event: 2.683 GC heap before
{Heap before GC invocations=4 (full 0):
 garbage-first heap   total 129024K, used 74027K [0x0000000080000000, 0x0000000100000000)
  region size 1024K, 57 young (58368K), 1 survivors (1024K)
 Metaspace       used 26809K, capacity 27416K, committed 27648K, reserved 1073152K
  class space    used 3529K, capacity 3754K, committed 3840K, reserved 1048576K
}
Event: 2.686 GC heap after
{Heap after GC invocations=5 (full 0):
 garbage-first heap   total 129024K, used 18531K [0x0000000080000000, 0x0000000100000000)
  region size 1024K, 3 young (3072K), 3 survivors (3072K)
 Metaspace       used 26809K, capacity 27416K, committed 27648K, reserved 1073152K
  class space    used 3529K, capacity 3754K, committed 3840K, reserved 1048576K
}
Event: 3.202 GC heap before
{Heap before GC invocations=5 (full 0):
 garbage-first heap   total 129024K, used 60515K [0x0000000080000000, 0x0000000100000000)
  region size 1024K, 45 young (46080K), 3 survivors (3072K)
 Metaspace       used 35113K, capacity 35773K, committed 35840K, reserved 1081344K
  class space    used 4571K, capacity 4856K, committed 4864K, reserved 1048576K
}
Event: 3.209 GC heap after
{Heap after GC invocations=6 (full 0):
 garbage-first heap   total 129024K, used 21613K [0x0000000080000000, 0x0000000100000000)
  region size 1024K, 6 young (6144K), 6 survivors (6144K)
 Metaspace       used 35113K, capacity 35773K, committed 35840K, reserved 1081344K
  class space    used 4571K, capacity 4856K, committed 4864K, reserved 1048576K
}
Event: 3.896 GC heap before
{Heap before GC invocations=7 (full 0):
 garbage-first heap   total 129024K, used 86125K [0x0000000080000000, 0x0000000100000000)
  region size 1024K, 66 young (67584K), 6 survivors (6144K)
 Metaspace       used 41033K, capacity 41862K, committed 41984K, reserved 1085440K
  class space    used 5250K, capacity 5536K, committed 5632K, reserved 1048576K
}
Event: 3.904 GC heap after
{Heap after GC invocations=8 (full 0):
 garbage-first heap   total 129024K, used 25089K [0x0000000080000000, 0x0000000100000000)
  region size 1024K, 7 young (7168K), 7 survivors (7168K)
 Metaspace       used 41033K, capacity 41862K, committed 41984K, reserved 1085440K
  class space    used 5250K, capacity 5536K, committed 5632K, reserved 1048576K
}
Event: 4.640 GC heap before
{Heap before GC invocations=8 (full 0):
 garbage-first heap   total 129024K, used 87553K [0x0000000080000000, 0x0000000100000000)
  region size 1024K, 68 young (69632K), 7 survivors (7168K)
 Metaspace       used 44351K, capacity 45425K, committed 45568K, reserved 1089536K
  class space    used 5684K, capacity 6064K, committed 6144K, reserved 1048576K
}
Event: 4.646 GC heap after
{Heap after GC invocations=9 (full 0):
 garbage-first heap   total 155648K, used 27692K [0x0000000080000000, 0x0000000100000000)
  region size 1024K, 6 young (6144K), 6 survivors (6144K)
 Metaspace       used 44351K, capacity 45425K, committed 45568K, reserved 1089536K
  class space    used 5684K, capacity 6064K, committed 6144K, reserved 1048576K
}
Event: 5.448 GC heap before
{Heap before GC invocations=9 (full 0):
 garbage-first heap   total 155648K, used 105516K [0x0000000080000000, 0x0000000100000000)
  region size 1024K, 80 young (81920K), 6 survivors (6144K)
 Metaspace       used 53495K, capacity 54786K, committed 54912K, reserved 1097728K
  class space    used 6820K, capacity 7269K, committed 7296K, reserved 1048576K
}
Event: 5.457 GC heap after
{Heap after GC invocations=10 (full 0):
 garbage-first heap   total 155648K, used 38484K [0x0000000080000000, 0x0000000100000000)
  region size 1024K, 10 young (10240K), 10 survivors (10240K)
 Metaspace       used 53495K, capacity 54786K, committed 54912K, reserved 1097728K
  class space    used 6820K, capacity 7269K, committed 7296K, reserved 1048576K
}
Event: 6.215 GC heap before
{Heap before GC invocations=10 (full 0):
 garbage-first heap   total 155648K, used 82516K [0x0000000080000000, 0x0000000100000000)
  region size 1024K, 54 young (55296K), 10 survivors (10240K)
 Metaspace       used 58698K, capacity 60105K, committed 60160K, reserved 1101824K
  class space    used 7436K, capacity 7921K, committed 7936K, reserved 1048576K
}
Event: 6.242 GC heap after
{Heap after GC invocations=11 (full 0):
 garbage-first heap   total 155648K, used 44434K [0x0000000080000000, 0x0000000100000000)
  region size 1024K, 6 young (6144K), 6 survivors (6144K)
 Metaspace       used 58698K, capacity 60105K, committed 60160K, reserved 1101824K
  class space    used 7436K, capacity 7921K, committed 7936K, reserved 1048576K
}
Event: 6.747 GC heap before
{Heap before GC invocations=12 (full 0):
 garbage-first heap   total 155648K, used 105874K [0x0000000080000000, 0x0000000100000000)
  region size 1024K, 66 young (67584K), 6 survivors (6144K)
 Metaspace       used 63046K, capacity 64512K, committed 64716K, reserved 1105920K
  class space    used 8163K, capacity 8682K, committed 8704K, reserved 1048576K
}
Event: 6.753 GC heap after
{Heap after GC invocations=13 (full 0):
 garbage-first heap   total 155648K, used 48329K [0x0000000080000000, 0x0000000100000000)
  region size 1024K, 5 young (5120K), 5 survivors (5120K)
 Metaspace       used 63046K, capacity 64512K, committed 64716K, reserved 1105920K
  class space    used 8163K, capacity 8682K, committed 8704K, reserved 1048576K
}

Deoptimization events (20 events):
Event: 7.064 Thread 0x00000255c322c800 Uncommon trap: trap_request=0xffffffde fr.pc=0x00000255b0318f08 relative=0x0000000000000be8
Event: 7.064 Thread 0x00000255c322c800 Uncommon trap: reason=class_check action=maybe_recompile pc=0x00000255b0318f08 method=org.codehaus.groovy.reflection.ParameterTypes.getParametersTypes0()V @ 16 c2
Event: 7.064 Thread 0x00000255c322c800 DEOPT PACKING pc=0x00000255b0318f08 sp=0x0000006b15ef84b0
Event: 7.064 Thread 0x00000255c322c800 DEOPT UNPACKING pc=0x00000255a86174af sp=0x0000006b15ef8438 mode 2
Event: 7.070 Thread 0x00000255c322c800 Uncommon trap: trap_request=0xffffffde fr.pc=0x00000255b0318f08 relative=0x0000000000000be8
Event: 7.071 Thread 0x00000255c322c800 Uncommon trap: reason=class_check action=maybe_recompile pc=0x00000255b0318f08 method=org.codehaus.groovy.reflection.ParameterTypes.getParametersTypes0()V @ 16 c2
Event: 7.071 Thread 0x00000255c322c800 DEOPT PACKING pc=0x00000255b0318f08 sp=0x0000006b15ef8490
Event: 7.071 Thread 0x00000255c322c800 DEOPT UNPACKING pc=0x00000255a86174af sp=0x0000006b15ef8418 mode 2
Event: 7.086 Thread 0x00000255c322c800 Uncommon trap: trap_request=0xffffff4d fr.pc=0x00000255b04580d0 relative=0x0000000000000450
Event: 7.086 Thread 0x00000255c322c800 Uncommon trap: reason=unstable_if action=reinterpret pc=0x00000255b04580d0 method=org.codehaus.groovy.runtime.metaclass.MetaMethodIndex.copyNonPrivateNonNewMetaMethods(Lorg/codehaus/groovy/runtime/metaclass/MetaMethodIndex$Entry;Lorg/codehaus/groovy/runti
Event: 7.086 Thread 0x00000255c322c800 DEOPT PACKING pc=0x00000255b04580d0 sp=0x0000006b15ef6b20
Event: 7.086 Thread 0x00000255c322c800 DEOPT UNPACKING pc=0x00000255a86174af sp=0x0000006b15ef6ad8 mode 2
Event: 7.112 Thread 0x00000255c322c800 Uncommon trap: trap_request=0xffffffc6 fr.pc=0x00000255b023a1c4 relative=0x0000000000003a04
Event: 7.112 Thread 0x00000255c322c800 Uncommon trap: reason=bimorphic_or_optimized_type_check action=maybe_recompile pc=0x00000255b023a1c4 method=java.util.AbstractCollection.addAll(Ljava/util/Collection;)Z @ 29 c2
Event: 7.112 Thread 0x00000255c322c800 DEOPT PACKING pc=0x00000255b023a1c4 sp=0x0000006b15efab50
Event: 7.112 Thread 0x00000255c322c800 DEOPT UNPACKING pc=0x00000255a86174af sp=0x0000006b15efab50 mode 2
Event: 7.121 Thread 0x00000255c322c800 Uncommon trap: trap_request=0xffffff4d fr.pc=0x00000255b02b8b74 relative=0x00000000000001b4
Event: 7.121 Thread 0x00000255c322c800 Uncommon trap: reason=unstable_if action=reinterpret pc=0x00000255b02b8b74 method=com.esotericsoftware.kryo.io.Input.require(I)I @ 65 c2
Event: 7.121 Thread 0x00000255c322c800 DEOPT PACKING pc=0x00000255b02b8b74 sp=0x0000006b15ef90e0
Event: 7.121 Thread 0x00000255c322c800 DEOPT UNPACKING pc=0x00000255a86174af sp=0x0000006b15ef90a0 mode 2

Classes redefined (0 events):
No events

Internal exceptions (20 events):
Event: 7.062 Thread 0x00000255c322c800 Exception <a 'java/lang/ClassNotFoundException'{0x00000000874ac7a0}: com/google/android/gms/dependencies/DependencyAnalyzerBeanInfo> (0x00000000874ac7a0) thrown at [./src/hotspot/share/classfile/systemDictionary.cpp, line 231]
Event: 7.063 Thread 0x00000255c322c800 Exception <a 'java/lang/ClassNotFoundException'{0x00000000874c1768}: com/google/android/gms/dependencies/DependencyAnalyzerCustomizer> (0x00000000874c1768) thrown at [./src/hotspot/share/classfile/systemDictionary.cpp, line 231]
Event: 7.069 Thread 0x00000255c322c800 Exception <a 'java/lang/ClassNotFoundException'{0x0000000087331ba0}: com/google/android/gms/dependencies/DependencyInspectorBeanInfo> (0x0000000087331ba0) thrown at [./src/hotspot/share/classfile/systemDictionary.cpp, line 231]
Event: 7.070 Thread 0x00000255c322c800 Exception <a 'java/lang/ClassNotFoundException'{0x0000000087346be8}: com/google/android/gms/dependencies/DependencyInspectorCustomizer> (0x0000000087346be8) thrown at [./src/hotspot/share/classfile/systemDictionary.cpp, line 231]
Event: 7.077 Thread 0x00000255c322c800 Exception <a 'java/lang/ClassNotFoundException'{0x00000000871c63f8}: org/gradle/api/internal/artifacts/configurations/DefaultConfigurationContainer_DecoratedBeanInfo> (0x00000000871c63f8) thrown at [./src/hotspot/share/classfile/systemDictionary.cpp, line 231]
Event: 7.078 Thread 0x00000255c322c800 Exception <a 'java/lang/ClassNotFoundException'{0x00000000871e7d08}: org/gradle/api/internal/artifacts/configurations/DefaultConfigurationContainerBeanInfo> (0x00000000871e7d08) thrown at [./src/hotspot/share/classfile/systemDictionary.cpp, line 231]
Event: 7.078 Thread 0x00000255c322c800 Exception <a 'java/lang/ClassNotFoundException'{0x00000000871fc028}: org/gradle/api/internal/AbstractValidatingNamedDomainObjectContainerBeanInfo> (0x00000000871fc028) thrown at [./src/hotspot/share/classfile/systemDictionary.cpp, line 231]
Event: 7.078 Thread 0x00000255c322c800 Exception <a 'java/lang/ClassNotFoundException'{0x00000000870108b0}: org/gradle/api/internal/AbstractValidatingNamedDomainObjectContainerCustomizer> (0x00000000870108b0) thrown at [./src/hotspot/share/classfile/systemDictionary.cpp, line 231]
Event: 7.079 Thread 0x00000255c322c800 Exception <a 'java/lang/ClassNotFoundException'{0x000000008703cf00}: org/gradle/api/internal/artifacts/configurations/DefaultConfigurationContainerCustomizer> (0x000000008703cf00) thrown at [./src/hotspot/share/classfile/systemDictionary.cpp, line 231]
Event: 7.081 Thread 0x00000255c322c800 Exception <a 'java/lang/ClassNotFoundException'{0x00000000870740e0}: org/gradle/api/internal/artifacts/configurations/DefaultConfigurationContainer_DecoratedCustomizer> (0x00000000870740e0) thrown at [./src/hotspot/share/classfile/systemDictionary.cpp, line 231]
Event: 7.087 Thread 0x00000255c322c800 Exception <a 'java/lang/ClassNotFoundException'{0x0000000086ea30c0}: org/gradle/api/internal/artifacts/configurations/DefaultConfiguration_DecoratedBeanInfo> (0x0000000086ea30c0) thrown at [./src/hotspot/share/classfile/systemDictionary.cpp, line 231]
Event: 7.088 Thread 0x00000255c322c800 Exception <a 'java/lang/ClassNotFoundException'{0x0000000086ec45a0}: org/gradle/api/internal/artifacts/configurations/DefaultConfigurationBeanInfo> (0x0000000086ec45a0) thrown at [./src/hotspot/share/classfile/systemDictionary.cpp, line 231]
Event: 7.088 Thread 0x00000255c322c800 Exception <a 'java/lang/ClassNotFoundException'{0x0000000086ee5b28}: org/gradle/api/internal/artifacts/configurations/DefaultConfigurationCustomizer> (0x0000000086ee5b28) thrown at [./src/hotspot/share/classfile/systemDictionary.cpp, line 231]
Event: 7.090 Thread 0x00000255c322c800 Exception <a 'java/lang/ClassNotFoundException'{0x0000000086d53980}: org/gradle/api/internal/artifacts/configurations/DefaultConfiguration_DecoratedCustomizer> (0x0000000086d53980) thrown at [./src/hotspot/share/classfile/systemDictionary.cpp, line 231]
Event: 7.095 Thread 0x00000255c322c800 Exception <a 'java/lang/ClassNotFoundException'{0x0000000086c08ff8}: org/codehaus/groovy/runtime/MethodClosureBeanInfo> (0x0000000086c08ff8) thrown at [./src/hotspot/share/classfile/systemDictionary.cpp, line 231]
Event: 7.096 Thread 0x00000255c322c800 Exception <a 'java/lang/ClassNotFoundException'{0x0000000086c1be70}: org/codehaus/groovy/runtime/MethodClosureCustomizer> (0x0000000086c1be70) thrown at [./src/hotspot/share/classfile/systemDictionary.cpp, line 231]
Event: 7.098 Thread 0x00000255c322c800 Exception <a 'java/lang/ClassNotFoundException'{0x0000000086c730a8}: org/gradle/api/internal/artifacts/configurations/DefaultConfiguration$ConfigurationResolvableDependencies_DecoratedBeanInfo> (0x0000000086c730a8) thrown at [./src/hotspot/share/classfile/systemDictionary.cpp, line 231]
Event: 7.099 Thread 0x00000255c322c800 Exception <a 'java/lang/ClassNotFoundException'{0x0000000086c9ace8}: org/gradle/api/internal/artifacts/configurations/DefaultConfiguration$ConfigurationResolvableDependenciesBeanInfo> (0x0000000086c9ace8) thrown at [./src/hotspot/share/classfile/systemDictionary.cpp, line 231]
Event: 7.100 Thread 0x00000255c322c800 Exception <a 'java/lang/ClassNotFoundException'{0x0000000086cc3d58}: org/gradle/api/internal/artifacts/configurations/DefaultConfiguration$ConfigurationResolvableDependenciesCustomizer> (0x0000000086cc3d58) thrown at [./src/hotspot/share/classfile/systemDictionary.cpp, line 231]
Event: 7.101 Thread 0x00000255c322c800 Exception <a 'java/lang/ClassNotFoundException'{0x0000000086cfdba0}: org/gradle/api/internal/artifacts/configurations/DefaultConfiguration$ConfigurationResolvableDependencies_DecoratedCustomizer> (0x0000000086cfdba0) thrown at [./src/hotspot/share/classfile/systemDictionary.cpp, line 231]

Events (20 events):
Event: 7.179 loading class com/android/build/api/variant/DexPackagingOptions
Event: 7.179 loading class com/android/build/api/variant/DexPackagingOptions done
Event: 7.180 loading class com/android/build/api/variant/impl/JniLibsApkPackagingOptionsImpl
Event: 7.180 loading class com/android/build/api/variant/impl/JniLibsApkPackagingOptionsImpl done
Event: 7.180 loading class com/android/build/api/variant/JniLibsApkPackagingOptions
Event: 7.180 loading class com/android/build/api/variant/JniLibsApkPackagingOptions done
Event: 7.180 loading class org/gradle/api/internal/file/UnionFileCollection
Event: 7.180 loading class org/gradle/api/internal/file/UnionFileCollection done
Event: 7.181 loading class com/android/build/gradle/internal/core/Abi
Event: 7.181 loading class com/android/build/gradle/internal/core/Abi done
Event: 7.182 loading class com/google/common/collect/ImmutableSet
Event: 7.182 loading class com/google/common/collect/ImmutableSet done
Event: 7.182 loading class com/google/common/collect/ImmutableSet
Event: 7.182 loading class com/google/common/collect/ImmutableSet done
Event: 7.182 loading class com/google/common/collect/ImmutableSet
Event: 7.182 loading class com/google/common/collect/ImmutableSet done
Event: 7.183 loading class com/google/common/collect/ImmutableSet
Event: 7.183 loading class com/google/common/collect/ImmutableSet done
Event: 7.183 loading class com/android/build/gradle/internal/tasks/PerModuleBundleTaskKt
Event: 7.183 loading class com/android/build/gradle/internal/tasks/PerModuleBundleTaskKt done


Dynamic libraries:
0x00007ff79f5d0000 - 0x00007ff79f5da000 	C:\Program Files\Android\Android Studio\jre\bin\java.exe
0x00007ffdd8a90000 - 0x00007ffdd8c85000 	C:\WINDOWS\SYSTEM32\ntdll.dll
0x00007ffdd7990000 - 0x00007ffdd7a4d000 	C:\WINDOWS\System32\KERNEL32.DLL
0x00007ffdd65f0000 - 0x00007ffdd68b8000 	C:\WINDOWS\System32\KERNELBASE.dll
0x00007ffdd64c0000 - 0x00007ffdd65c0000 	C:\WINDOWS\System32\ucrtbase.dll
0x00007ffdd1b30000 - 0x00007ffdd1b47000 	C:\Program Files\Android\Android Studio\jre\bin\VCRUNTIME140.dll
0x00007ffdcefe0000 - 0x00007ffdceff9000 	C:\Program Files\Android\Android Studio\jre\bin\jli.dll
0x00007ffdd6ee0000 - 0x00007ffdd7080000 	C:\WINDOWS\System32\USER32.dll
0x00007ffdd65c0000 - 0x00007ffdd65e2000 	C:\WINDOWS\System32\win32u.dll
0x00007ffdd8740000 - 0x00007ffdd876a000 	C:\WINDOWS\System32\GDI32.dll
0x00007ffdc0610000 - 0x00007ffdc08aa000 	C:\WINDOWS\WinSxS\amd64_microsoft.windows.common-controls_6595b64144ccf1df_6.0.19041.844_none_ca00b6081b84eb1d\COMCTL32.dll
0x00007ffdd6960000 - 0x00007ffdd6a6b000 	C:\WINDOWS\System32\gdi32full.dll
0x00007ffdd78f0000 - 0x00007ffdd798e000 	C:\WINDOWS\System32\msvcrt.dll
0x00007ffdd68c0000 - 0x00007ffdd695d000 	C:\WINDOWS\System32\msvcp_win.dll
0x00007ffdd7080000 - 0x00007ffdd70b0000 	C:\WINDOWS\System32\IMM32.DLL
0x00007ffd997b0000 - 0x00007ffd9984d000 	C:\Program Files\Android\Android Studio\jre\bin\msvcp140.dll
0x00007ffd94340000 - 0x00007ffd94dfc000 	C:\Program Files\Android\Android Studio\jre\bin\server\jvm.dll
0x00007ffdd7a50000 - 0x00007ffdd7afc000 	C:\WINDOWS\System32\ADVAPI32.dll
0x00007ffdd7b00000 - 0x00007ffdd7b9b000 	C:\WINDOWS\System32\sechost.dll
0x00007ffdd7ba0000 - 0x00007ffdd7ccb000 	C:\WINDOWS\System32\RPCRT4.dll
0x00007ffdd6d00000 - 0x00007ffdd6d08000 	C:\WINDOWS\System32\PSAPI.DLL
0x00007ffdcefb0000 - 0x00007ffdcefba000 	C:\WINDOWS\SYSTEM32\VERSION.dll
0x00007ffdc2620000 - 0x00007ffdc2647000 	C:\WINDOWS\SYSTEM32\WINMM.dll
0x00007ffdbb470000 - 0x00007ffdbb479000 	C:\WINDOWS\SYSTEM32\WSOCK32.dll
0x00007ffdd7880000 - 0x00007ffdd78eb000 	C:\WINDOWS\System32\WS2_32.dll
0x00007ffdd4aa0000 - 0x00007ffdd4ab2000 	C:\WINDOWS\SYSTEM32\kernel.appcore.dll
0x00007ffdcfbc0000 - 0x00007ffdcfbd1000 	C:\Program Files\Android\Android Studio\jre\bin\verify.dll
0x00007ffdd3eb0000 - 0x00007ffdd4094000 	C:\WINDOWS\SYSTEM32\DBGHELP.DLL
0x00007ffdbd210000 - 0x00007ffdbd23c000 	C:\WINDOWS\SYSTEM32\dbgcore.DLL
0x00007ffdd6280000 - 0x00007ffdd6300000 	C:\WINDOWS\System32\bcryptPrimitives.dll
0x00007ffdcfac0000 - 0x00007ffdcfae9000 	C:\Program Files\Android\Android Studio\jre\bin\java.dll
0x00007ffdd1d30000 - 0x00007ffdd1d3b000 	C:\Program Files\Android\Android Studio\jre\bin\jimage.dll
0x00007ffdcfaa0000 - 0x00007ffdcfab8000 	C:\Program Files\Android\Android Studio\jre\bin\zip.dll
0x00007ffdd7ff0000 - 0x00007ffdd8732000 	C:\WINDOWS\System32\SHELL32.dll
0x00007ffdd4300000 - 0x00007ffdd4a90000 	C:\WINDOWS\SYSTEM32\windows.storage.dll
0x00007ffdd70b0000 - 0x00007ffdd7405000 	C:\WINDOWS\System32\combase.dll
0x00007ffdd5c40000 - 0x00007ffdd5c6c000 	C:\WINDOWS\SYSTEM32\Wldp.dll
0x00007ffdd7f40000 - 0x00007ffdd7fee000 	C:\WINDOWS\System32\SHCORE.dll
0x00007ffdd6b10000 - 0x00007ffdd6b65000 	C:\WINDOWS\System32\shlwapi.dll
0x00007ffdd6110000 - 0x00007ffdd612f000 	C:\WINDOWS\SYSTEM32\profapi.dll
0x00007ffdcf9c0000 - 0x00007ffdcf9da000 	C:\Program Files\Android\Android Studio\jre\bin\net.dll
0x00007ffdc3690000 - 0x00007ffdc379b000 	C:\WINDOWS\SYSTEM32\WINHTTP.dll
0x00007ffdd59b0000 - 0x00007ffdd5a1a000 	C:\WINDOWS\system32\mswsock.dll
0x00007ffdcf990000 - 0x00007ffdcf9a4000 	C:\Program Files\Android\Android Studio\jre\bin\nio.dll
0x00007ffdc55e0000 - 0x00007ffdc5607000 	C:\Users\shikh\.gradle\native\fdc75f09e3144964f2cf3f50f0aa648679c211496f362492102eb8c894070792\windows-amd64\native-platform.dll
0x00007ffd96d60000 - 0x00007ffd96ef6000 	C:\Users\shikh\.gradle\native\12488b8bf47d2d4c9fbf2f6322a914ad602e24e48041cd04a747c6da556b65c4\windows-amd64\native-platform-file-events.dll
0x00007ffdd0280000 - 0x00007ffdd028a000 	C:\Program Files\Android\Android Studio\jre\bin\management.dll
0x00007ffdcfb60000 - 0x00007ffdcfb6c000 	C:\Program Files\Android\Android Studio\jre\bin\management_ext.dll
0x00007ffdd5b90000 - 0x00007ffdd5ba8000 	C:\WINDOWS\SYSTEM32\CRYPTSP.dll
0x00007ffdd52e0000 - 0x00007ffdd5314000 	C:\WINDOWS\system32\rsaenh.dll
0x00007ffdd6ac0000 - 0x00007ffdd6ae7000 	C:\WINDOWS\System32\bcrypt.dll
0x00007ffdd6090000 - 0x00007ffdd60be000 	C:\WINDOWS\SYSTEM32\USERENV.dll
0x00007ffdd5b80000 - 0x00007ffdd5b8c000 	C:\WINDOWS\SYSTEM32\CRYPTBASE.dll
0x00007ffdd5650000 - 0x00007ffdd568b000 	C:\WINDOWS\SYSTEM32\IPHLPAPI.DLL
0x00007ffdd6cf0000 - 0x00007ffdd6cf8000 	C:\WINDOWS\System32\NSI.dll
0x00007ffdce3f0000 - 0x00007ffdce407000 	C:\WINDOWS\SYSTEM32\dhcpcsvc6.DLL
0x00007ffdcef30000 - 0x00007ffdcef4d000 	C:\WINDOWS\SYSTEM32\dhcpcsvc.DLL
0x00007ffdd56a0000 - 0x00007ffdd576c000 	C:\WINDOWS\SYSTEM32\DNSAPI.dll
0x00007ffdcefc0000 - 0x00007ffdcefcb000 	C:\WINDOWS\SYSTEM32\WINNSI.DLL

dbghelp: loaded successfully - version: 4.0.5 - missing functions: none
symbol engine: initialized successfully - sym options: 0x614 - pdb path: .;C:\Program Files\Android\Android Studio\jre\bin;C:\WINDOWS\SYSTEM32;C:\WINDOWS\WinSxS\amd64_microsoft.windows.common-controls_6595b64144ccf1df_6.0.19041.844_none_ca00b6081b84eb1d;C:\Program Files\Android\Android Studio\jre\bin\server;C:\Users\shikh\.gradle\native\fdc75f09e3144964f2cf3f50f0aa648679c211496f362492102eb8c894070792\windows-amd64;C:\Users\shikh\.gradle\native\12488b8bf47d2d4c9fbf2f6322a914ad602e24e48041cd04a747c6da556b65c4\windows-amd64

VM Arguments:
jvm_args: --add-opens=java.base/java.util=ALL-UNNAMED --add-opens=java.base/java.lang=ALL-UNNAMED --add-opens=java.base/java.lang.invoke=ALL-UNNAMED --add-opens=java.prefs/java.util.prefs=ALL-UNNAMED -Xmx2048m -Dfile.encoding=UTF-8 -Duser.country=IN -Duser.language=en -Duser.variant 
java_command: org.gradle.launcher.daemon.bootstrap.GradleDaemon 6.7.1
java_class_path (initial): C:\Users\shikh\.gradle\wrapper\dists\gradle-6.7.1-bin\bwlcbys1h7rz3272sye1xwiv6\gradle-6.7.1\lib\gradle-launcher-6.7.1.jar
Launcher Type: SUN_STANDARD

[Global flags]
     intx CICompilerCount                          = 4                                         {product} {ergonomic}
     uint ConcGCThreads                            = 2                                         {product} {ergonomic}
     uint G1ConcRefinementThreads                  = 8                                         {product} {ergonomic}
   size_t G1HeapRegionSize                         = 1048576                                   {product} {ergonomic}
    uintx GCDrainStackTargetSize                   = 64                                        {product} {ergonomic}
   size_t InitialHeapSize                          = 132120576                                 {product} {ergonomic}
   size_t MarkStackSize                            = 4194304                                   {product} {ergonomic}
   size_t MaxHeapSize                              = 2147483648                                {product} {command line}
   size_t MaxNewSize                               = 1287651328                                {product} {ergonomic}
   size_t MinHeapDeltaBytes                        = 1048576                                   {product} {ergonomic}
    uintx NonNMethodCodeHeapSize                   = 5836300                                {pd product} {ergonomic}
    uintx NonProfiledCodeHeapSize                  = 122910970                              {pd product} {ergonomic}
    uintx ProfiledCodeHeapSize                     = 122910970                              {pd product} {ergonomic}
    uintx ReservedCodeCacheSize                    = 251658240                              {pd product} {ergonomic}
     bool SegmentedCodeCache                       = true                                      {product} {ergonomic}
     bool UseCompressedClassPointers               = true                                 {lp64_product} {ergonomic}
     bool UseCompressedOops                        = true                                 {lp64_product} {ergonomic}
     bool UseG1GC                                  = true                                      {product} {ergonomic}
     bool UseLargePagesIndividualAllocation        = false                                  {pd product} {ergonomic}

Logging:
Log output configuration:
 #0: stdout all=warning uptime,level,tags
 #1: stderr all=off uptime,level,tags

Environment Variables:
PATH=C:\Python39\Scripts\;C:\Python39\;C:\Windows\system32;C:\Windows;C:\Windows\System32\Wbem;C:\Windows\System32\WindowsPowerShell\v1.0\;C:\Windows\System32\OpenSSH\;C:\Program Files (x86)\NVIDIA Corporation\PhysX\Common;C:\Program Files\NVIDIA Corporation\NVIDIA NvDLISR;C:\Program Files\Git\cmd;C:\MinGW\bin;;C:\WINDOWS\system32;C:\WINDOWS;C:\WINDOWS\System32\Wbem;C:\WINDOWS\System32\WindowsPowerShell\v1.0\;C:\WINDOWS\System32\OpenSSH\;C:\Users\shikh\AppData\Local\Microsoft\WindowsApps;C:\Users\shikh\AppData\Local\Programs\Microsoft VS Code\bin;%USERPROFILE%\AppData\Local\Microsoft\WindowsApps;
USERNAME=shikh
OS=Windows_NT
PROCESSOR_IDENTIFIER=Intel64 Family 6 Model 165 Stepping 2, GenuineIntel



---------------  S Y S T E M  ---------------

OS: Windows 10 , 64 bit Build 19041 (10.0.19041.928)
OS uptime: 0 days 10:31 hours

CPU:total 8 (initial active 8) (4 cores per cpu, 2 threads per core) family 6 model 165 stepping 2, cmov, cx8, fxsr, mmx, sse, sse2, sse3, ssse3, sse4.1, sse4.2, popcnt, avx, avx2, aes, clmul, erms, 3dnowpref, lzcnt, ht, tsc, tscinvbit, bmi1, bmi2, adx, fma

Memory: 4k page, system-wide physical 8023M (1303M free)
TotalPageFile size 11023M (AvailPageFile size 5M)
current process WorkingSet (physical memory assigned to process): 384M, peak: 389M
current process commit charge ("private bytes"): 426M, peak: 432M

vm_info: OpenJDK 64-Bit Server VM (11.0.8+10-b944.6842174) for windows-amd64 JRE (11.0.8+10-b944.6842174), built on Sep 19 2020 01:11:42 by "builder" with MS VC++ 14.0 (VS2015)

END.
