#
# There is insufficient memory for the Java Runtime Environment to continue.
# Native memory allocation (malloc) failed to allocate 1045376 bytes for Chunk::new
# Possible reasons:
#   The system is out of physical RAM or swap space
#   The process is running with CompressedOops enabled, and the Java Heap may be blocking the growth of the native heap
# Possible solutions:
#   Reduce memory load on the system
#   Increase physical memory or swap space
#   Check if swap backing store is full
#   Decrease Java heap size (-Xmx/-Xms)
#   Decrease number of Java threads
#   Decrease Java thread stack sizes (-Xss)
#   Set larger code cache with -XX:ReservedCodeCacheSize=
#   JVM is running with Unscaled Compressed Oops mode in which the Java heap is
#     placed in the first 4GB address space. The Java Heap base address is the
#     maximum limit for the native heap growth. Please use -XX:HeapBaseMinAddress
#     to set the Java Heap base and to place the Java Heap above 4GB virtual address.
# This output file may be truncated or incomplete.
#
#  Out of Memory Error (./src/hotspot/share/memory/arena.cpp:197), pid=17344, tid=1524
#
# JRE version: OpenJDK Runtime Environment (11.0.8+10) (build 11.0.8+10-b944.6842174)
# Java VM: OpenJDK 64-Bit Server VM (11.0.8+10-b944.6842174, mixed mode, tiered, compressed oops, g1 gc, windows-amd64)
# No core dump will be written. Minidumps are not enabled by default on client versions of Windows
#

---------------  S U M M A R Y ------------

Command Line: --add-opens=java.base/java.util=ALL-UNNAMED --add-opens=java.base/java.lang=ALL-UNNAMED --add-opens=java.base/java.lang.invoke=ALL-UNNAMED --add-opens=java.prefs/java.util.prefs=ALL-UNNAMED -Xmx2048m -Dfile.encoding=UTF-8 -Duser.country=IN -Duser.language=en -Duser.variant org.gradle.launcher.daemon.bootstrap.GradleDaemon 6.7.1

Host: Intel(R) Core(TM) i5-10300H CPU @ 2.50GHz, 8 cores, 7G,  Windows 10 , 64 bit Build 19041 (10.0.19041.928)
Time: Thu May 20 10:49:31 2021 India Standard Time elapsed time: 6 seconds (0d 0h 0m 6s)

---------------  T H R E A D  ---------------

Current thread (0x0000020bb6737000):  JavaThread "C2 CompilerThread0" daemon [_thread_in_native, id=1524, stack(0x0000005a82b00000,0x0000005a82c00000)]


Current CompileTask:
C2:   6686 5913   !   4       com.sun.beans.TypeResolver::resolve (261 bytes)

Stack: [0x0000005a82b00000,0x0000005a82c00000]
Native frames: (J=compiled Java code, j=interpreted, Vv=VM code, C=native code)
V  [jvm.dll+0x5de50a]
V  [jvm.dll+0x7122f5]
V  [jvm.dll+0x71384d]
V  [jvm.dll+0x713f03]
V  [jvm.dll+0x23e728]
V  [jvm.dll+0xb899c]
V  [jvm.dll+0xb8e9c]
V  [jvm.dll+0x2b20e4]
V  [jvm.dll+0x502098]
V  [jvm.dll+0x1ff393]
V  [jvm.dll+0x1f917c]
V  [jvm.dll+0x1f685f]
V  [jvm.dll+0x17f32c]
V  [jvm.dll+0x205047]
V  [jvm.dll+0x203891]
V  [jvm.dll+0x6dad3f]
V  [jvm.dll+0x6d3895]
V  [jvm.dll+0x5dd4a6]
C  [ucrtbase.dll+0x21bb2]
C  [KERNEL32.DLL+0x17034]
C  [ntdll.dll+0x52651]


---------------  P R O C E S S  ---------------

Threads class SMR info:
_java_thread_list=0x0000020bbc5e05b0, length=140, elements={
0x0000020b99ace800, 0x0000020bb5dc0800, 0x0000020bb5dc4000, 0x0000020bb6734800,
0x0000020bb6735800, 0x0000020bb6737000, 0x0000020bb673d000, 0x0000020bb673e800,
0x0000020bb68a0000, 0x0000020bb68b9000, 0x0000020bb7d33000, 0x0000020bb8d00000,
0x0000020bb81a3800, 0x0000020bb6967800, 0x0000020bb7b64800, 0x0000020bb7f5f000,
0x0000020bb883b800, 0x0000020bb883c000, 0x0000020bb871f000, 0x0000020bb8e5e800,
0x0000020bb8d95800, 0x0000020bb8e58000, 0x0000020bb8e5b000, 0x0000020bb8e57000,
0x0000020bb8e58800, 0x0000020bb8e56800, 0x0000020bb8e5c000, 0x0000020bb8e59800,
0x0000020bbac69800, 0x0000020bb8e5a800, 0x0000020bb8e5d000, 0x0000020bbaafe000,
0x0000020bbaafd000, 0x0000020bbaaf9800, 0x0000020bbaafb800, 0x0000020bbaafe800,
0x0000020bbaafa800, 0x0000020bba50c000, 0x0000020bba509800, 0x0000020bba50a800,
0x0000020bba50d800, 0x0000020bba50e800, 0x0000020bba508800, 0x0000020bba50b000,
0x0000020bba50f800, 0x0000020bba50d000, 0x0000020bba710000, 0x0000020bba714000,
0x0000020bba715000, 0x0000020bba712800, 0x0000020bba711000, 0x0000020bba713800,
0x0000020bba70f000, 0x0000020bba715800, 0x0000020bba716800, 0x0000020bba717800,
0x0000020bba711800, 0x0000020bba71d000, 0x0000020bba71b800, 0x0000020bba718000,
0x0000020bba71a800, 0x0000020bba71a000, 0x0000020bba719000, 0x0000020bba71c000,
0x0000020bba71e000, 0x0000020bbbbca800, 0x0000020bbbbcb800, 0x0000020bbbbcc000,
0x0000020bbbbc9000, 0x0000020bbbbcd000, 0x0000020bbbbce000, 0x0000020bbbbce800,
0x0000020bbbbcf800, 0x0000020bbbbc9800, 0x0000020bbbbd5000, 0x0000020bbbbd6000,
0x0000020bbbbd0800, 0x0000020bbbbd4800, 0x0000020bbbbd7000, 0x0000020bbbbd1000,
0x0000020bbbbd7800, 0x0000020bbbbd2000, 0x0000020bbbbd2800, 0x0000020bbbbd3800,
0x0000020bb8ecc800, 0x0000020bb8ed1000, 0x0000020bb8ed0800, 0x0000020bb8ecb800,
0x0000020bb8ed2000, 0x0000020bb8ece800, 0x0000020bb8ed3000, 0x0000020bb8ecd000,
0x0000020bb8ece000, 0x0000020bb8ecf800, 0x0000020bb8ed8800, 0x0000020bb8ed3800,
0x0000020bb8ed4800, 0x0000020bb8ed7800, 0x0000020bb8ed9800, 0x0000020bb8eda000,
0x0000020bb8ed5000, 0x0000020bb8ed6000, 0x0000020bb8ed7000, 0x0000020bbba2f000,
0x0000020bbba32800, 0x0000020bbba34000, 0x0000020bbba30000, 0x0000020bbba33000,
0x0000020bbba36800, 0x0000020bbba35000, 0x0000020bbba31800, 0x0000020bbba35800,
0x0000020bbba30800, 0x0000020bbba3d000, 0x0000020bbba3b800, 0x0000020bbba38000,
0x0000020bbba3a800, 0x0000020bbba39000, 0x0000020bbba3c000, 0x0000020bbba39800,
0x0000020bbba37800, 0x0000020bbba3e000, 0x0000020bbc821800, 0x0000020bbc822000,
0x0000020bbc826000, 0x0000020bbc827000, 0x0000020bbc828000, 0x0000020bbc828800,
0x0000020bbc824800, 0x0000020bbc825800, 0x0000020bbc823000, 0x0000020bbc829800,
0x0000020bbc823800, 0x0000020bbc82e800, 0x0000020bbc82a000, 0x0000020bbc830000,
0x0000020bbc82d800, 0x0000020bbc82b000, 0x0000020bbc82f000, 0x0000020bbc82c000
}

Java Threads: ( => current thread )
  0x0000020b99ace800 JavaThread "main" [_thread_blocked, id=12736, stack(0x0000005a82000000,0x0000005a82100000)]
  0x0000020bb5dc0800 JavaThread "Reference Handler" daemon [_thread_blocked, id=5860, stack(0x0000005a82700000,0x0000005a82800000)]
  0x0000020bb5dc4000 JavaThread "Finalizer" daemon [_thread_blocked, id=9816, stack(0x0000005a82800000,0x0000005a82900000)]
  0x0000020bb6734800 JavaThread "Signal Dispatcher" daemon [_thread_blocked, id=6848, stack(0x0000005a82900000,0x0000005a82a00000)]
  0x0000020bb6735800 JavaThread "Attach Listener" daemon [_thread_blocked, id=14044, stack(0x0000005a82a00000,0x0000005a82b00000)]
=>0x0000020bb6737000 JavaThread "C2 CompilerThread0" daemon [_thread_in_native, id=1524, stack(0x0000005a82b00000,0x0000005a82c00000)]
  0x0000020bb673d000 JavaThread "C1 CompilerThread0" daemon [_thread_blocked, id=3912, stack(0x0000005a82c00000,0x0000005a82d00000)]
  0x0000020bb673e800 JavaThread "Sweeper thread" daemon [_thread_blocked, id=12496, stack(0x0000005a82d00000,0x0000005a82e00000)]
  0x0000020bb68a0000 JavaThread "Common-Cleaner" daemon [_thread_blocked, id=15964, stack(0x0000005a82e00000,0x0000005a82f00000)]
  0x0000020bb68b9000 JavaThread "Service Thread" daemon [_thread_blocked, id=10224, stack(0x0000005a82f00000,0x0000005a83000000)]
  0x0000020bb7d33000 JavaThread "Daemon health stats" [_thread_blocked, id=1416, stack(0x0000005a83500000,0x0000005a83600000)]
  0x0000020bb8d00000 JavaThread "Incoming local TCP Connector on port 59323" [_thread_in_native, id=9920, stack(0x0000005a83600000,0x0000005a83700000)]
  0x0000020bb81a3800 JavaThread "Daemon periodic checks" [_thread_blocked, id=8940, stack(0x0000005a83700000,0x0000005a83800000)]
  0x0000020bb6967800 JavaThread "Daemon" [_thread_blocked, id=8840, stack(0x0000005a83800000,0x0000005a83900000)]
  0x0000020bb7b64800 JavaThread "Handler for socket connection from /127.0.0.1:59323 to /127.0.0.1:59324" [_thread_in_native, id=14248, stack(0x0000005a83900000,0x0000005a83a00000)]
  0x0000020bb7f5f000 JavaThread "Cancel handler" [_thread_blocked, id=7276, stack(0x0000005a83a00000,0x0000005a83b00000)]
  0x0000020bb883b800 JavaThread "Daemon worker" [_thread_in_Java, id=6876, stack(0x0000005a83b00000,0x0000005a83c00000)]
  0x0000020bb883c000 JavaThread "Asynchronous log dispatcher for DefaultDaemonConnection: socket connection from /127.0.0.1:59323 to /127.0.0.1:59324" [_thread_blocked, id=10316, stack(0x0000005a83c00000,0x0000005a83d00000)]
  0x0000020bb871f000 JavaThread "Stdin handler" [_thread_blocked, id=7292, stack(0x0000005a83d00000,0x0000005a83e00000)]
  0x0000020bb8e5e800 JavaThread "Thread-8" [_thread_blocked, id=8404, stack(0x0000005a83e00000,0x0000005a83f00000)]
  0x0000020bb8d95800 JavaThread "C2 CompilerThread1" daemon [_thread_in_native, id=1556, stack(0x0000005a83f00000,0x0000005a84000000)]
  0x0000020bb8e58000 JavaThread "Cache worker for file hash cache (C:\Users\shikh\.gradle\caches\6.7.1\fileHashes)" [_thread_blocked, id=16808, stack(0x0000005a84500000,0x0000005a84600000)]
  0x0000020bb8e5b000 JavaThread "File lock request listener" [_thread_in_native, id=3332, stack(0x0000005a84600000,0x0000005a84700000)]
  0x0000020bb8e57000 JavaThread "Cache worker for journal cache (C:\Users\shikh\.gradle\caches\journal-1)" [_thread_blocked, id=7712, stack(0x0000005a84800000,0x0000005a84900000)]
  0x0000020bb8e58800 JavaThread "Cache worker for file hash cache (C:\Users\shikh\AndroidStudioProjects\AppDev\.gradle\6.7.1\fileHashes)" [_thread_blocked, id=2764, stack(0x0000005a84900000,0x0000005a84a00000)]
  0x0000020bb8e56800 JavaThread "Cache worker for checksums cache (C:\Users\shikh\AndroidStudioProjects\AppDev\.gradle\checksums)" [_thread_blocked, id=12752, stack(0x0000005a84a00000,0x0000005a84b00000)]
  0x0000020bb8e5c000 JavaThread "Cache worker for cache directory md-supplier (C:\Users\shikh\.gradle\caches\6.7.1\md-supplier)" [_thread_blocked, id=1764, stack(0x0000005a84b00000,0x0000005a84c00000)]
  0x0000020bb8e59800 JavaThread "Cache worker for cache directory md-rule (C:\Users\shikh\.gradle\caches\6.7.1\md-rule)" [_thread_blocked, id=9404, stack(0x0000005a84c00000,0x0000005a84d00000)]
  0x0000020bbac69800 JavaThread "C2 CompilerThread2" daemon [_thread_in_native, id=7648, stack(0x0000005a84d00000,0x0000005a84e00000)]
  0x0000020bb8e5a800 JavaThread "Cache worker for execution history cache (C:\Users\shikh\.gradle\caches\6.7.1\executionHistory)" [_thread_blocked, id=11576, stack(0x0000005a84e00000,0x0000005a84f00000)]
  0x0000020bb8e5d000 JavaThread "jar transforms" [_thread_blocked, id=15808, stack(0x0000005a84f00000,0x0000005a85000000)]
  0x0000020bbaafe000 JavaThread "Cache worker for file content cache (C:\Users\shikh\.gradle\caches\6.7.1\fileContent)" [_thread_blocked, id=4204, stack(0x0000005a85000000,0x0000005a85100000)]
  0x0000020bbaafd000 JavaThread "Cache worker for Build Output Cleanup Cache (C:\Users\shikh\AndroidStudioProjects\AppDev\.gradle\buildOutputCleanup)" [_thread_blocked, id=8200, stack(0x0000005a85100000,0x0000005a85200000)]
  0x0000020bbaaf9800 JavaThread "Build operations" [_thread_blocked, id=2692, stack(0x0000005a85200000,0x0000005a85300000)]
  0x0000020bbaafb800 JavaThread "Build operations Thread 2" [_thread_blocked, id=17292, stack(0x0000005a85300000,0x0000005a85400000)]
  0x0000020bbaafe800 JavaThread "Build operations Thread 3" [_thread_blocked, id=13872, stack(0x0000005a85400000,0x0000005a85500000)]
  0x0000020bbaafa800 JavaThread "Build operations Thread 4" [_thread_blocked, id=12824, stack(0x0000005a85500000,0x0000005a85600000)]
  0x0000020bba50c000 JavaThread "Build operations Thread 5" [_thread_blocked, id=2500, stack(0x0000005a85600000,0x0000005a85700000)]
  0x0000020bba509800 JavaThread "Build operations Thread 6" [_thread_blocked, id=9976, stack(0x0000005a85700000,0x0000005a85800000)]
  0x0000020bba50a800 JavaThread "Build operations Thread 7" [_thread_blocked, id=268, stack(0x0000005a85800000,0x0000005a85900000)]
  0x0000020bba50d800 JavaThread "Build operations Thread 8" [_thread_blocked, id=1012, stack(0x0000005a85900000,0x0000005a85a00000)]
  0x0000020bba50e800 JavaThread "jar transforms Thread 2" [_thread_blocked, id=14800, stack(0x0000005a85a00000,0x0000005a85b00000)]
  0x0000020bba508800 JavaThread "jar transforms Thread 3" [_thread_blocked, id=8736, stack(0x0000005a85b00000,0x0000005a85c00000)]
  0x0000020bba50b000 JavaThread "jar transforms Thread 4" [_thread_blocked, id=12328, stack(0x0000005a85c00000,0x0000005a85d00000)]
  0x0000020bba50f800 JavaThread "jar transforms Thread 5" [_thread_blocked, id=15436, stack(0x0000005a85d00000,0x0000005a85e00000)]
  0x0000020bba50d000 JavaThread "jar transforms Thread 6" [_thread_blocked, id=10108, stack(0x0000005a85e00000,0x0000005a85f00000)]
  0x0000020bba710000 JavaThread "jar transforms Thread 7" [_thread_blocked, id=13608, stack(0x0000005a85f00000,0x0000005a86000000)]
  0x0000020bba714000 JavaThread "jar transforms Thread 8" [_thread_blocked, id=15556, stack(0x0000005a86000000,0x0000005a86100000)]
  0x0000020bba715000 JavaThread "jar transforms Thread 9" [_thread_blocked, id=11360, stack(0x0000005a86100000,0x0000005a86200000)]
  0x0000020bba712800 JavaThread "jar transforms Thread 10" [_thread_blocked, id=11364, stack(0x0000005a86200000,0x0000005a86300000)]
  0x0000020bba711000 JavaThread "jar transforms Thread 11" [_thread_blocked, id=16740, stack(0x0000005a86300000,0x0000005a86400000)]
  0x0000020bba713800 JavaThread "jar transforms Thread 12" [_thread_blocked, id=2892, stack(0x0000005a86400000,0x0000005a86500000)]
  0x0000020bba70f000 JavaThread "jar transforms Thread 13" [_thread_blocked, id=2392, stack(0x0000005a86500000,0x0000005a86600000)]
  0x0000020bba715800 JavaThread "jar transforms Thread 14" [_thread_blocked, id=4068, stack(0x0000005a86600000,0x0000005a86700000)]
  0x0000020bba716800 JavaThread "jar transforms Thread 15" [_thread_blocked, id=14236, stack(0x0000005a86700000,0x0000005a86800000)]
  0x0000020bba717800 JavaThread "jar transforms Thread 16" [_thread_blocked, id=12260, stack(0x0000005a86800000,0x0000005a86900000)]
  0x0000020bba711800 JavaThread "jar transforms Thread 17" [_thread_blocked, id=3184, stack(0x0000005a86900000,0x0000005a86a00000)]
  0x0000020bba71d000 JavaThread "jar transforms Thread 18" [_thread_blocked, id=12072, stack(0x0000005a86a00000,0x0000005a86b00000)]
  0x0000020bba71b800 JavaThread "jar transforms Thread 19" [_thread_blocked, id=13400, stack(0x0000005a86b00000,0x0000005a86c00000)]
  0x0000020bba718000 JavaThread "jar transforms Thread 20" [_thread_blocked, id=6184, stack(0x0000005a86c00000,0x0000005a86d00000)]
  0x0000020bba71a800 JavaThread "jar transforms Thread 21" [_thread_blocked, id=9516, stack(0x0000005a86d00000,0x0000005a86e00000)]
  0x0000020bba71a000 JavaThread "jar transforms Thread 22" [_thread_blocked, id=16180, stack(0x0000005a86e00000,0x0000005a86f00000)]
  0x0000020bba719000 JavaThread "jar transforms Thread 23" [_thread_blocked, id=9848, stack(0x0000005a86f00000,0x0000005a87000000)]
  0x0000020bba71c000 JavaThread "jar transforms Thread 24" [_thread_blocked, id=4836, stack(0x0000005a87000000,0x0000005a87100000)]
  0x0000020bba71e000 JavaThread "jar transforms Thread 25" [_thread_blocked, id=13892, stack(0x0000005a87100000,0x0000005a87200000)]
  0x0000020bbbbca800 JavaThread "jar transforms Thread 26" [_thread_blocked, id=8884, stack(0x0000005a87200000,0x0000005a87300000)]
  0x0000020bbbbcb800 JavaThread "jar transforms Thread 27" [_thread_blocked, id=3768, stack(0x0000005a87300000,0x0000005a87400000)]
  0x0000020bbbbcc000 JavaThread "jar transforms Thread 28" [_thread_blocked, id=10152, stack(0x0000005a87400000,0x0000005a87500000)]
  0x0000020bbbbc9000 JavaThread "jar transforms Thread 29" [_thread_blocked, id=4164, stack(0x0000005a87500000,0x0000005a87600000)]
  0x0000020bbbbcd000 JavaThread "jar transforms Thread 30" [_thread_blocked, id=12888, stack(0x0000005a87600000,0x0000005a87700000)]
  0x0000020bbbbce000 JavaThread "jar transforms Thread 31" [_thread_blocked, id=9936, stack(0x0000005a87700000,0x0000005a87800000)]
  0x0000020bbbbce800 JavaThread "jar transforms Thread 32" [_thread_blocked, id=2120, stack(0x0000005a87800000,0x0000005a87900000)]
  0x0000020bbbbcf800 JavaThread "jar transforms Thread 33" [_thread_blocked, id=1568, stack(0x0000005a87900000,0x0000005a87a00000)]
  0x0000020bbbbc9800 JavaThread "jar transforms Thread 34" [_thread_blocked, id=944, stack(0x0000005a87a00000,0x0000005a87b00000)]
  0x0000020bbbbd5000 JavaThread "jar transforms Thread 35" [_thread_blocked, id=3392, stack(0x0000005a87b00000,0x0000005a87c00000)]
  0x0000020bbbbd6000 JavaThread "jar transforms Thread 36" [_thread_blocked, id=9512, stack(0x0000005a87c00000,0x0000005a87d00000)]
  0x0000020bbbbd0800 JavaThread "jar transforms Thread 37" [_thread_blocked, id=1276, stack(0x0000005a87d00000,0x0000005a87e00000)]
  0x0000020bbbbd4800 JavaThread "jar transforms Thread 38" [_thread_blocked, id=15000, stack(0x0000005a87e00000,0x0000005a87f00000)]
  0x0000020bbbbd7000 JavaThread "jar transforms Thread 39" [_thread_blocked, id=7784, stack(0x0000005a87f00000,0x0000005a88000000)]
  0x0000020bbbbd1000 JavaThread "jar transforms Thread 40" [_thread_blocked, id=16728, stack(0x0000005a88000000,0x0000005a88100000)]
  0x0000020bbbbd7800 JavaThread "jar transforms Thread 41" [_thread_blocked, id=3340, stack(0x0000005a88100000,0x0000005a88200000)]
  0x0000020bbbbd2000 JavaThread "jar transforms Thread 42" [_thread_blocked, id=1856, stack(0x0000005a88200000,0x0000005a88300000)]
  0x0000020bbbbd2800 JavaThread "jar transforms Thread 43" [_thread_blocked, id=5060, stack(0x0000005a88300000,0x0000005a88400000)]
  0x0000020bbbbd3800 JavaThread "jar transforms Thread 44" [_thread_blocked, id=4440, stack(0x0000005a88400000,0x0000005a88500000)]
  0x0000020bb8ecc800 JavaThread "jar transforms Thread 45" [_thread_blocked, id=4292, stack(0x0000005a88500000,0x0000005a88600000)]
  0x0000020bb8ed1000 JavaThread "jar transforms Thread 46" [_thread_blocked, id=1636, stack(0x0000005a88600000,0x0000005a88700000)]
  0x0000020bb8ed0800 JavaThread "jar transforms Thread 47" [_thread_blocked, id=15712, stack(0x0000005a88700000,0x0000005a88800000)]
  0x0000020bb8ecb800 JavaThread "jar transforms Thread 48" [_thread_blocked, id=3776, stack(0x0000005a88800000,0x0000005a88900000)]
  0x0000020bb8ed2000 JavaThread "jar transforms Thread 49" [_thread_blocked, id=11724, stack(0x0000005a88900000,0x0000005a88a00000)]
  0x0000020bb8ece800 JavaThread "jar transforms Thread 50" [_thread_blocked, id=2540, stack(0x0000005a88a00000,0x0000005a88b00000)]
  0x0000020bb8ed3000 JavaThread "jar transforms Thread 51" [_thread_blocked, id=7676, stack(0x0000005a88b00000,0x0000005a88c00000)]
  0x0000020bb8ecd000 JavaThread "jar transforms Thread 52" [_thread_blocked, id=3424, stack(0x0000005a88c00000,0x0000005a88d00000)]
  0x0000020bb8ece000 JavaThread "jar transforms Thread 53" [_thread_blocked, id=17028, stack(0x0000005a88d00000,0x0000005a88e00000)]
  0x0000020bb8ecf800 JavaThread "jar transforms Thread 54" [_thread_blocked, id=17384, stack(0x0000005a88e00000,0x0000005a88f00000)]
  0x0000020bb8ed8800 JavaThread "jar transforms Thread 55" [_thread_blocked, id=11448, stack(0x0000005a88f00000,0x0000005a89000000)]
  0x0000020bb8ed3800 JavaThread "jar transforms Thread 56" [_thread_blocked, id=3444, stack(0x0000005a89000000,0x0000005a89100000)]
  0x0000020bb8ed4800 JavaThread "jar transforms Thread 57" [_thread_blocked, id=3596, stack(0x0000005a89100000,0x0000005a89200000)]
  0x0000020bb8ed7800 JavaThread "jar transforms Thread 58" [_thread_blocked, id=16008, stack(0x0000005a89200000,0x0000005a89300000)]
  0x0000020bb8ed9800 JavaThread "jar transforms Thread 59" [_thread_blocked, id=9464, stack(0x0000005a89300000,0x0000005a89400000)]
  0x0000020bb8eda000 JavaThread "jar transforms Thread 60" [_thread_blocked, id=16092, stack(0x0000005a89400000,0x0000005a89500000)]
  0x0000020bb8ed5000 JavaThread "jar transforms Thread 61" [_thread_blocked, id=16096, stack(0x0000005a89500000,0x0000005a89600000)]
  0x0000020bb8ed6000 JavaThread "jar transforms Thread 62" [_thread_blocked, id=16176, stack(0x0000005a89600000,0x0000005a89700000)]
  0x0000020bb8ed7000 JavaThread "jar transforms Thread 63" [_thread_blocked, id=13560, stack(0x0000005a89700000,0x0000005a89800000)]
  0x0000020bbba2f000 JavaThread "jar transforms Thread 64" [_thread_blocked, id=14468, stack(0x0000005a89800000,0x0000005a89900000)]
  0x0000020bbba32800 JavaThread "jar transforms Thread 65" [_thread_blocked, id=8984, stack(0x0000005a89900000,0x0000005a89a00000)]
  0x0000020bbba34000 JavaThread "jar transforms Thread 66" [_thread_blocked, id=12180, stack(0x0000005a89a00000,0x0000005a89b00000)]
  0x0000020bbba30000 JavaThread "jar transforms Thread 67" [_thread_blocked, id=10992, stack(0x0000005a89b00000,0x0000005a89c00000)]
  0x0000020bbba33000 JavaThread "jar transforms Thread 68" [_thread_blocked, id=11788, stack(0x0000005a89c00000,0x0000005a89d00000)]
  0x0000020bbba36800 JavaThread "jar transforms Thread 69" [_thread_blocked, id=10556, stack(0x0000005a89d00000,0x0000005a89e00000)]
  0x0000020bbba35000 JavaThread "jar transforms Thread 70" [_thread_blocked, id=504, stack(0x0000005a89e00000,0x0000005a89f00000)]
  0x0000020bbba31800 JavaThread "jar transforms Thread 71" [_thread_blocked, id=4180, stack(0x0000005a89f00000,0x0000005a8a000000)]
  0x0000020bbba35800 JavaThread "jar transforms Thread 72" [_thread_blocked, id=6072, stack(0x0000005a8a000000,0x0000005a8a100000)]
  0x0000020bbba30800 JavaThread "jar transforms Thread 73" [_thread_blocked, id=11968, stack(0x0000005a8a100000,0x0000005a8a200000)]
  0x0000020bbba3d000 JavaThread "jar transforms Thread 74" [_thread_blocked, id=5412, stack(0x0000005a8a200000,0x0000005a8a300000)]
  0x0000020bbba3b800 JavaThread "jar transforms Thread 75" [_thread_blocked, id=11652, stack(0x0000005a8a300000,0x0000005a8a400000)]
  0x0000020bbba38000 JavaThread "jar transforms Thread 76" [_thread_blocked, id=4352, stack(0x0000005a8a400000,0x0000005a8a500000)]
  0x0000020bbba3a800 JavaThread "jar transforms Thread 77" [_thread_blocked, id=14156, stack(0x0000005a8a500000,0x0000005a8a600000)]
  0x0000020bbba39000 JavaThread "jar transforms Thread 78" [_thread_blocked, id=12828, stack(0x0000005a8a600000,0x0000005a8a700000)]
  0x0000020bbba3c000 JavaThread "jar transforms Thread 79" [_thread_blocked, id=6424, stack(0x0000005a8a700000,0x0000005a8a800000)]
  0x0000020bbba39800 JavaThread "jar transforms Thread 80" [_thread_blocked, id=4084, stack(0x0000005a8a800000,0x0000005a8a900000)]
  0x0000020bbba37800 JavaThread "jar transforms Thread 81" [_thread_blocked, id=9804, stack(0x0000005a8a900000,0x0000005a8aa00000)]
  0x0000020bbba3e000 JavaThread "jar transforms Thread 82" [_thread_blocked, id=10496, stack(0x0000005a8aa00000,0x0000005a8ab00000)]
  0x0000020bbc821800 JavaThread "jar transforms Thread 83" [_thread_blocked, id=13952, stack(0x0000005a8ab00000,0x0000005a8ac00000)]
  0x0000020bbc822000 JavaThread "jar transforms Thread 84" [_thread_blocked, id=9628, stack(0x0000005a8ac00000,0x0000005a8ad00000)]
  0x0000020bbc826000 JavaThread "jar transforms Thread 85" [_thread_blocked, id=11644, stack(0x0000005a8ad00000,0x0000005a8ae00000)]
  0x0000020bbc827000 JavaThread "jar transforms Thread 86" [_thread_blocked, id=10768, stack(0x0000005a8ae00000,0x0000005a8af00000)]
  0x0000020bbc828000 JavaThread "jar transforms Thread 87" [_thread_blocked, id=13036, stack(0x0000005a8af00000,0x0000005a8b000000)]
  0x0000020bbc828800 JavaThread "jar transforms Thread 88" [_thread_blocked, id=10300, stack(0x0000005a8b000000,0x0000005a8b100000)]
  0x0000020bbc824800 JavaThread "jar transforms Thread 89" [_thread_blocked, id=11092, stack(0x0000005a8b100000,0x0000005a8b200000)]
  0x0000020bbc825800 JavaThread "jar transforms Thread 90" [_thread_blocked, id=8836, stack(0x0000005a8b200000,0x0000005a8b300000)]
  0x0000020bbc823000 JavaThread "jar transforms Thread 91" [_thread_blocked, id=14256, stack(0x0000005a8b300000,0x0000005a8b400000)]
  0x0000020bbc829800 JavaThread "jar transforms Thread 92" [_thread_blocked, id=6924, stack(0x0000005a8b400000,0x0000005a8b500000)]
  0x0000020bbc823800 JavaThread "jar transforms Thread 93" [_thread_blocked, id=5772, stack(0x0000005a8b500000,0x0000005a8b600000)]
  0x0000020bbc82e800 JavaThread "jar transforms Thread 94" [_thread_blocked, id=7604, stack(0x0000005a8b600000,0x0000005a8b700000)]
  0x0000020bbc82a000 JavaThread "jar transforms Thread 95" [_thread_blocked, id=14572, stack(0x0000005a8b700000,0x0000005a8b800000)]
  0x0000020bbc830000 JavaThread "jar transforms Thread 96" [_thread_blocked, id=12664, stack(0x0000005a8b800000,0x0000005a8b900000)]
  0x0000020bbc82d800 JavaThread "jar transforms Thread 97" [_thread_blocked, id=16928, stack(0x0000005a8b900000,0x0000005a8ba00000)]
  0x0000020bbc82b000 JavaThread "jar transforms Thread 98" [_thread_blocked, id=13660, stack(0x0000005a8ba00000,0x0000005a8bb00000)]
  0x0000020bbc82f000 JavaThread "jar transforms Thread 99" [_thread_blocked, id=15224, stack(0x0000005a8bb00000,0x0000005a8bc00000)]
  0x0000020bbc82c000 JavaThread "Memory manager" [_thread_blocked, id=10268, stack(0x0000005a8bc00000,0x0000005a8bd00000)]

Other Threads:
  0x0000020bb5dbe800 VMThread "VM Thread" [stack: 0x0000005a82600000,0x0000005a82700000] [id=9860]
  0x0000020bb68ce000 WatcherThread [stack: 0x0000005a83000000,0x0000005a83100000] [id=12068]
  0x0000020b99b22000 GCTaskThread "GC Thread#0" [stack: 0x0000005a82100000,0x0000005a82200000] [id=15076]
  0x0000020bb73f5800 GCTaskThread "GC Thread#1" [stack: 0x0000005a83200000,0x0000005a83300000] [id=11600]
  0x0000020bb7626000 GCTaskThread "GC Thread#2" [stack: 0x0000005a83300000,0x0000005a83400000] [id=1440]
  0x0000020bb8a21800 GCTaskThread "GC Thread#3" [stack: 0x0000005a84000000,0x0000005a84100000] [id=16936]
  0x0000020bb78ba800 GCTaskThread "GC Thread#4" [stack: 0x0000005a84100000,0x0000005a84200000] [id=5072]
  0x0000020bb8de0800 GCTaskThread "GC Thread#5" [stack: 0x0000005a84200000,0x0000005a84300000] [id=3828]
  0x0000020bb7678000 GCTaskThread "GC Thread#6" [stack: 0x0000005a84300000,0x0000005a84400000] [id=11604]
  0x0000020bb8e5f000 GCTaskThread "GC Thread#7" [stack: 0x0000005a84400000,0x0000005a84500000] [id=10204]
  0x0000020b99b45000 ConcurrentGCThread "G1 Main Marker" [stack: 0x0000005a82200000,0x0000005a82300000] [id=15700]
  0x0000020b99b47000 ConcurrentGCThread "G1 Conc#0" [stack: 0x0000005a82300000,0x0000005a82400000] [id=3088]
  0x0000020bb921a800 ConcurrentGCThread "G1 Conc#1" [stack: 0x0000005a84700000,0x0000005a84800000] [id=16772]
  0x0000020b99bad800 ConcurrentGCThread "G1 Refine#0" [stack: 0x0000005a82400000,0x0000005a82500000] [id=4500]
  0x0000020bb5c06800 ConcurrentGCThread "G1 Young RemSet Sampling" [stack: 0x0000005a82500000,0x0000005a82600000] [id=11984]

Threads with active compile tasks:
C2 CompilerThread0   6718 5913   !   4       com.sun.beans.TypeResolver::resolve (261 bytes)
C2 CompilerThread1   6718 5998       4       com.sun.beans.TypeResolver::resolve (37 bytes)
C2 CompilerThread2   6718 5910 %     4       groovy.lang.MetaClassImpl::inheritInterfaceNewMetaMethods @ 104 (199 bytes)

VM state:not at safepoint (normal execution)

VM Mutex/Monitor currently owned by a thread: None

Heap address: 0x0000000080000000, size: 2048 MB, Compressed Oops mode: 32-bit
Narrow klass base: 0x0000000000000000, Narrow klass shift: 3
Compressed class space size: 1073741824 Address: 0x0000000100000000

Heap:
 garbage-first heap   total 155648K, used 110592K [0x0000000080000000, 0x0000000100000000)
  region size 1024K, 68 young (69632K), 5 survivors (5120K)
 Metaspace       used 67631K, capacity 69274K, committed 69324K, reserved 1110016K
  class space    used 8859K, capacity 9452K, committed 9472K, reserved 1048576K
Heap Regions: E=young(eden), S=young(survivor), O=old, HS=humongous(starts), HC=humongous(continues), CS=collection set, F=free, A=archive, TAMS=top-at-mark-start (previous, next)
|   0|0x0000000080000000, 0x0000000080100000, 0x0000000080100000|100%| O|  |TAMS 0x0000000080100000, 0x0000000080000000| Untracked 
|   1|0x0000000080100000, 0x0000000080200000, 0x0000000080200000|100%| O|  |TAMS 0x0000000080200000, 0x0000000080100000| Untracked 
|   2|0x0000000080200000, 0x0000000080300000, 0x0000000080300000|100%| O|  |TAMS 0x0000000080300000, 0x0000000080200000| Untracked 
|   3|0x0000000080300000, 0x0000000080400000, 0x0000000080400000|100%|HS|  |TAMS 0x0000000080400000, 0x0000000080300000| Complete 
|   4|0x0000000080400000, 0x0000000080500000, 0x0000000080500000|100%|HC|  |TAMS 0x0000000080500000, 0x0000000080400000| Complete 
|   5|0x0000000080500000, 0x0000000080600000, 0x0000000080600000|100%|HC|  |TAMS 0x0000000080600000, 0x0000000080500000| Complete 
|   6|0x0000000080600000, 0x0000000080700000, 0x0000000080700000|100%| O|  |TAMS 0x0000000080700000, 0x0000000080600000| Untracked 
|   7|0x0000000080700000, 0x0000000080800000, 0x0000000080800000|100%| O|  |TAMS 0x0000000080800000, 0x0000000080700000| Untracked 
|   8|0x0000000080800000, 0x0000000080900000, 0x0000000080900000|100%| O|  |TAMS 0x0000000080900000, 0x0000000080800000| Untracked 
|   9|0x0000000080900000, 0x0000000080a00000, 0x0000000080a00000|100%| O|  |TAMS 0x0000000080a00000, 0x0000000080900000| Untracked 
|  10|0x0000000080a00000, 0x0000000080b00000, 0x0000000080b00000|100%| O|  |TAMS 0x0000000080b00000, 0x0000000080a00000| Untracked 
|  11|0x0000000080b00000, 0x0000000080c00000, 0x0000000080c00000|100%| O|  |TAMS 0x0000000080c00000, 0x0000000080b00000| Untracked 
|  12|0x0000000080c00000, 0x0000000080d00000, 0x0000000080d00000|100%| O|  |TAMS 0x0000000080d00000, 0x0000000080c00000| Untracked 
|  13|0x0000000080d00000, 0x0000000080e00000, 0x0000000080e00000|100%| O|  |TAMS 0x0000000080e00000, 0x0000000080d00000| Untracked 
|  14|0x0000000080e00000, 0x0000000080f00000, 0x0000000080f00000|100%| O|  |TAMS 0x0000000080f00000, 0x0000000080e00000| Untracked 
|  15|0x0000000080f00000, 0x0000000081000000, 0x0000000081000000|100%| O|  |TAMS 0x0000000081000000, 0x0000000080f00000| Untracked 
|  16|0x0000000081000000, 0x0000000081100000, 0x0000000081100000|100%| O|  |TAMS 0x0000000081100000, 0x0000000081000000| Untracked 
|  17|0x0000000081100000, 0x0000000081200000, 0x0000000081200000|100%| O|  |TAMS 0x0000000081200000, 0x0000000081100000| Untracked 
|  18|0x0000000081200000, 0x0000000081300000, 0x0000000081300000|100%|HS|  |TAMS 0x0000000081300000, 0x0000000081200000| Complete 
|  19|0x0000000081300000, 0x0000000081400000, 0x0000000081400000|100%| O|  |TAMS 0x0000000081400000, 0x0000000081300000| Untracked 
|  20|0x0000000081400000, 0x0000000081500000, 0x0000000081500000|100%| O|  |TAMS 0x0000000081500000, 0x0000000081400000| Untracked 
|  21|0x0000000081500000, 0x0000000081600000, 0x0000000081600000|100%| O|  |TAMS 0x0000000081600000, 0x0000000081500000| Untracked 
|  22|0x0000000081600000, 0x0000000081700000, 0x0000000081700000|100%|HS|  |TAMS 0x0000000081700000, 0x0000000081600000| Complete 
|  23|0x0000000081700000, 0x0000000081800000, 0x0000000081800000|100%|HC|  |TAMS 0x0000000081800000, 0x0000000081700000| Complete 
|  24|0x0000000081800000, 0x0000000081900000, 0x0000000081900000|100%| O|  |TAMS 0x0000000081900000, 0x0000000081800000| Untracked 
|  25|0x0000000081900000, 0x0000000081a00000, 0x0000000081a00000|100%| O|  |TAMS 0x0000000081a00000, 0x0000000081900000| Untracked 
|  26|0x0000000081a00000, 0x0000000081b00000, 0x0000000081b00000|100%| O|  |TAMS 0x0000000081b00000, 0x0000000081a00000| Untracked 
|  27|0x0000000081b00000, 0x0000000081c00000, 0x0000000081c00000|100%| O|  |TAMS 0x0000000081c00000, 0x0000000081b00000| Untracked 
|  28|0x0000000081c00000, 0x0000000081d00000, 0x0000000081d00000|100%| O|  |TAMS 0x0000000081c00000, 0x0000000081c00000| Untracked 
|  29|0x0000000081d00000, 0x0000000081e00000, 0x0000000081e00000|100%| O|  |TAMS 0x0000000081e00000, 0x0000000081d00000| Untracked 
|  30|0x0000000081e00000, 0x0000000081f00000, 0x0000000081f00000|100%| O|  |TAMS 0x0000000081f00000, 0x0000000081e00000| Untracked 
|  31|0x0000000081f00000, 0x0000000082000000, 0x0000000082000000|100%| O|  |TAMS 0x0000000082000000, 0x0000000081f00000| Untracked 
|  32|0x0000000082000000, 0x0000000082100000, 0x0000000082100000|100%| O|  |TAMS 0x0000000082100000, 0x0000000082000000| Untracked 
|  33|0x0000000082100000, 0x0000000082200000, 0x0000000082200000|100%| O|  |TAMS 0x0000000082200000, 0x0000000082100000| Untracked 
|  34|0x0000000082200000, 0x0000000082300000, 0x0000000082300000|100%| O|  |TAMS 0x0000000082300000, 0x0000000082200000| Untracked 
|  35|0x0000000082300000, 0x0000000082400000, 0x0000000082400000|100%| O|  |TAMS 0x0000000082400000, 0x0000000082300000| Untracked 
|  36|0x0000000082400000, 0x0000000082500000, 0x0000000082500000|100%| O|  |TAMS 0x0000000082500000, 0x0000000082400000| Untracked 
|  37|0x0000000082500000, 0x0000000082600000, 0x0000000082600000|100%| O|  |TAMS 0x00000000825ae600, 0x0000000082500000| Untracked 
|  38|0x0000000082600000, 0x0000000082700000, 0x0000000082700000|100%| O|  |TAMS 0x0000000082600000, 0x0000000082600000| Untracked 
|  39|0x0000000082700000, 0x0000000082800000, 0x0000000082800000|100%| O|  |TAMS 0x0000000082700000, 0x0000000082700000| Untracked 
|  40|0x0000000082800000, 0x0000000082900000, 0x0000000082900000|100%| O|  |TAMS 0x0000000082800000, 0x0000000082800000| Untracked 
|  41|0x0000000082900000, 0x0000000082900000, 0x0000000082a00000|  0%| F|  |TAMS 0x0000000082900000, 0x0000000082900000| Untracked 
|  42|0x0000000082a00000, 0x0000000082a00000, 0x0000000082b00000|  0%| F|  |TAMS 0x0000000082a00000, 0x0000000082a00000| Untracked 
|  43|0x0000000082b00000, 0x0000000082b00000, 0x0000000082c00000|  0%| F|  |TAMS 0x0000000082b00000, 0x0000000082b00000| Untracked 
|  44|0x0000000082c00000, 0x0000000082c00000, 0x0000000082d00000|  0%| F|  |TAMS 0x0000000082c00000, 0x0000000082c00000| Untracked 
|  45|0x0000000082d00000, 0x0000000082d00000, 0x0000000082e00000|  0%| F|  |TAMS 0x0000000082d00000, 0x0000000082d00000| Untracked 
|  46|0x0000000082e00000, 0x0000000082e00000, 0x0000000082f00000|  0%| F|  |TAMS 0x0000000082e00000, 0x0000000082e00000| Untracked 
|  47|0x0000000082f00000, 0x0000000082f00000, 0x0000000083000000|  0%| F|  |TAMS 0x0000000082f00000, 0x0000000082f00000| Untracked 
|  48|0x0000000083000000, 0x0000000083000000, 0x0000000083100000|  0%| F|  |TAMS 0x0000000083000000, 0x0000000083000000| Untracked 
|  49|0x0000000083100000, 0x0000000083100000, 0x0000000083200000|  0%| F|  |TAMS 0x0000000083100000, 0x0000000083100000| Untracked 
|  50|0x0000000083200000, 0x0000000083200000, 0x0000000083300000|  0%| F|  |TAMS 0x0000000083200000, 0x0000000083200000| Untracked 
|  51|0x0000000083300000, 0x0000000083300000, 0x0000000083400000|  0%| F|  |TAMS 0x0000000083300000, 0x0000000083300000| Untracked 
|  52|0x0000000083400000, 0x0000000083400000, 0x0000000083500000|  0%| F|  |TAMS 0x0000000083400000, 0x0000000083400000| Untracked 
|  53|0x0000000083500000, 0x0000000083500000, 0x0000000083600000|  0%| F|  |TAMS 0x0000000083500000, 0x0000000083500000| Untracked 
|  54|0x0000000083600000, 0x0000000083600000, 0x0000000083700000|  0%| F|  |TAMS 0x0000000083600000, 0x0000000083600000| Untracked 
|  55|0x0000000083700000, 0x0000000083700000, 0x0000000083800000|  0%| F|  |TAMS 0x0000000083700000, 0x0000000083700000| Untracked 
|  56|0x0000000083800000, 0x0000000083800000, 0x0000000083900000|  0%| F|  |TAMS 0x0000000083800000, 0x0000000083800000| Untracked 
|  57|0x0000000083900000, 0x0000000083900000, 0x0000000083a00000|  0%| F|  |TAMS 0x0000000083900000, 0x0000000083900000| Untracked 
|  58|0x0000000083a00000, 0x0000000083a00000, 0x0000000083b00000|  0%| F|  |TAMS 0x0000000083a00000, 0x0000000083a00000| Untracked 
|  59|0x0000000083b00000, 0x0000000083b00000, 0x0000000083c00000|  0%| F|  |TAMS 0x0000000083b00000, 0x0000000083b00000| Untracked 
|  60|0x0000000083c00000, 0x0000000083c00000, 0x0000000083d00000|  0%| F|  |TAMS 0x0000000083c00000, 0x0000000083c00000| Untracked 
|  61|0x0000000083d00000, 0x0000000083d00000, 0x0000000083e00000|  0%| F|  |TAMS 0x0000000083d00000, 0x0000000083d00000| Untracked 
|  62|0x0000000083e00000, 0x0000000083e00000, 0x0000000083f00000|  0%| F|  |TAMS 0x0000000083e00000, 0x0000000083e00000| Untracked 
|  63|0x0000000083f00000, 0x0000000083f00000, 0x0000000084000000|  0%| F|  |TAMS 0x0000000083f00000, 0x0000000083f00000| Untracked 
|  64|0x0000000084000000, 0x0000000084000000, 0x0000000084100000|  0%| F|  |TAMS 0x0000000084000000, 0x0000000084000000| Untracked 
|  65|0x0000000084100000, 0x0000000084100000, 0x0000000084200000|  0%| F|  |TAMS 0x0000000084100000, 0x0000000084100000| Untracked 
|  66|0x0000000084200000, 0x0000000084200000, 0x0000000084300000|  0%| F|  |TAMS 0x0000000084200000, 0x0000000084200000| Untracked 
|  67|0x0000000084300000, 0x0000000084300000, 0x0000000084400000|  0%| F|  |TAMS 0x0000000084300000, 0x0000000084300000| Untracked 
|  68|0x0000000084400000, 0x0000000084400000, 0x0000000084500000|  0%| F|  |TAMS 0x0000000084400000, 0x0000000084400000| Untracked 
|  69|0x0000000084500000, 0x0000000084500000, 0x0000000084600000|  0%| F|  |TAMS 0x0000000084500000, 0x0000000084500000| Untracked 
|  70|0x0000000084600000, 0x0000000084600000, 0x0000000084700000|  0%| F|  |TAMS 0x0000000084600000, 0x0000000084600000| Untracked 
|  71|0x0000000084700000, 0x0000000084700000, 0x0000000084800000|  0%| F|  |TAMS 0x0000000084700000, 0x0000000084700000| Untracked 
|  72|0x0000000084800000, 0x0000000084800000, 0x0000000084900000|  0%| F|  |TAMS 0x0000000084800000, 0x0000000084800000| Untracked 
|  73|0x0000000084900000, 0x0000000084900000, 0x0000000084a00000|  0%| F|  |TAMS 0x0000000084900000, 0x0000000084900000| Untracked 
|  74|0x0000000084a00000, 0x0000000084a00000, 0x0000000084b00000|  0%| F|  |TAMS 0x0000000084a00000, 0x0000000084a00000| Untracked 
|  75|0x0000000084b00000, 0x0000000084b00000, 0x0000000084c00000|  0%| F|  |TAMS 0x0000000084b00000, 0x0000000084b00000| Untracked 
|  76|0x0000000084c00000, 0x0000000084d00000, 0x0000000084d00000|100%| S|CS|TAMS 0x0000000084c00000, 0x0000000084c00000| Complete 
|  77|0x0000000084d00000, 0x0000000084e00000, 0x0000000084e00000|100%| S|CS|TAMS 0x0000000084d00000, 0x0000000084d00000| Complete 
|  78|0x0000000084e00000, 0x0000000084f00000, 0x0000000084f00000|100%| S|CS|TAMS 0x0000000084e00000, 0x0000000084e00000| Complete 
|  79|0x0000000084f00000, 0x0000000085000000, 0x0000000085000000|100%| S|CS|TAMS 0x0000000084f00000, 0x0000000084f00000| Complete 
|  80|0x0000000085000000, 0x0000000085100000, 0x0000000085100000|100%| S|CS|TAMS 0x0000000085000000, 0x0000000085000000| Complete 
|  81|0x0000000085100000, 0x0000000085100000, 0x0000000085200000|  0%| F|  |TAMS 0x0000000085100000, 0x0000000085100000| Untracked 
|  82|0x0000000085200000, 0x0000000085200000, 0x0000000085300000|  0%| F|  |TAMS 0x0000000085200000, 0x0000000085200000| Untracked 
|  83|0x0000000085300000, 0x0000000085300000, 0x0000000085400000|  0%| F|  |TAMS 0x0000000085300000, 0x0000000085300000| Untracked 
|  84|0x0000000085400000, 0x0000000085400000, 0x0000000085500000|  0%| F|  |TAMS 0x0000000085400000, 0x0000000085400000| Untracked 
|  85|0x0000000085500000, 0x0000000085500000, 0x0000000085600000|  0%| F|  |TAMS 0x0000000085500000, 0x0000000085500000| Untracked 
|  86|0x0000000085600000, 0x0000000085600000, 0x0000000085700000|  0%| F|  |TAMS 0x0000000085600000, 0x0000000085600000| Untracked 
|  87|0x0000000085700000, 0x0000000085700000, 0x0000000085800000|  0%| F|  |TAMS 0x0000000085700000, 0x0000000085700000| Untracked 
|  88|0x0000000085800000, 0x0000000085880800, 0x0000000085900000| 50%| E|  |TAMS 0x0000000085800000, 0x0000000085800000| Complete 
|  89|0x0000000085900000, 0x0000000085a00000, 0x0000000085a00000|100%| E|CS|TAMS 0x0000000085900000, 0x0000000085900000| Complete 
|  90|0x0000000085a00000, 0x0000000085b00000, 0x0000000085b00000|100%| E|CS|TAMS 0x0000000085a00000, 0x0000000085a00000| Complete 
|  91|0x0000000085b00000, 0x0000000085c00000, 0x0000000085c00000|100%| E|CS|TAMS 0x0000000085b00000, 0x0000000085b00000| Complete 
|  92|0x0000000085c00000, 0x0000000085d00000, 0x0000000085d00000|100%| E|CS|TAMS 0x0000000085c00000, 0x0000000085c00000| Complete 
|  93|0x0000000085d00000, 0x0000000085e00000, 0x0000000085e00000|100%| E|CS|TAMS 0x0000000085d00000, 0x0000000085d00000| Complete 
|  94|0x0000000085e00000, 0x0000000085f00000, 0x0000000085f00000|100%| E|CS|TAMS 0x0000000085e00000, 0x0000000085e00000| Complete 
|  95|0x0000000085f00000, 0x0000000086000000, 0x0000000086000000|100%| E|CS|TAMS 0x0000000085f00000, 0x0000000085f00000| Complete 
|  96|0x0000000086000000, 0x0000000086100000, 0x0000000086100000|100%| E|CS|TAMS 0x0000000086000000, 0x0000000086000000| Complete 
|  97|0x0000000086100000, 0x0000000086200000, 0x0000000086200000|100%| E|CS|TAMS 0x0000000086100000, 0x0000000086100000| Complete 
|  98|0x0000000086200000, 0x0000000086300000, 0x0000000086300000|100%| E|CS|TAMS 0x0000000086200000, 0x0000000086200000| Complete 
|  99|0x0000000086300000, 0x0000000086400000, 0x0000000086400000|100%| E|CS|TAMS 0x0000000086300000, 0x0000000086300000| Complete 
| 100|0x0000000086400000, 0x0000000086500000, 0x0000000086500000|100%| E|CS|TAMS 0x0000000086400000, 0x0000000086400000| Complete 
| 101|0x0000000086500000, 0x0000000086600000, 0x0000000086600000|100%| E|CS|TAMS 0x0000000086500000, 0x0000000086500000| Complete 
| 102|0x0000000086600000, 0x0000000086700000, 0x0000000086700000|100%| E|CS|TAMS 0x0000000086600000, 0x0000000086600000| Complete 
| 103|0x0000000086700000, 0x0000000086800000, 0x0000000086800000|100%| E|CS|TAMS 0x0000000086700000, 0x0000000086700000| Complete 
| 104|0x0000000086800000, 0x0000000086900000, 0x0000000086900000|100%| E|CS|TAMS 0x0000000086800000, 0x0000000086800000| Complete 
| 105|0x0000000086900000, 0x0000000086a00000, 0x0000000086a00000|100%| E|CS|TAMS 0x0000000086900000, 0x0000000086900000| Complete 
| 106|0x0000000086a00000, 0x0000000086b00000, 0x0000000086b00000|100%| E|CS|TAMS 0x0000000086a00000, 0x0000000086a00000| Complete 
| 107|0x0000000086b00000, 0x0000000086c00000, 0x0000000086c00000|100%| E|CS|TAMS 0x0000000086b00000, 0x0000000086b00000| Complete 
| 108|0x0000000086c00000, 0x0000000086d00000, 0x0000000086d00000|100%| E|CS|TAMS 0x0000000086c00000, 0x0000000086c00000| Complete 
| 109|0x0000000086d00000, 0x0000000086e00000, 0x0000000086e00000|100%| E|CS|TAMS 0x0000000086d00000, 0x0000000086d00000| Complete 
| 110|0x0000000086e00000, 0x0000000086f00000, 0x0000000086f00000|100%| E|CS|TAMS 0x0000000086e00000, 0x0000000086e00000| Complete 
| 111|0x0000000086f00000, 0x0000000087000000, 0x0000000087000000|100%| E|CS|TAMS 0x0000000086f00000, 0x0000000086f00000| Complete 
| 112|0x0000000087000000, 0x0000000087100000, 0x0000000087100000|100%| E|CS|TAMS 0x0000000087000000, 0x0000000087000000| Complete 
| 113|0x0000000087100000, 0x0000000087200000, 0x0000000087200000|100%| E|CS|TAMS 0x0000000087100000, 0x0000000087100000| Complete 
| 114|0x0000000087200000, 0x0000000087300000, 0x0000000087300000|100%| E|CS|TAMS 0x0000000087200000, 0x0000000087200000| Complete 
| 115|0x0000000087300000, 0x0000000087400000, 0x0000000087400000|100%| E|CS|TAMS 0x0000000087300000, 0x0000000087300000| Complete 
| 116|0x0000000087400000, 0x0000000087500000, 0x0000000087500000|100%| E|CS|TAMS 0x0000000087400000, 0x0000000087400000| Complete 
| 117|0x0000000087500000, 0x0000000087600000, 0x0000000087600000|100%| E|CS|TAMS 0x0000000087500000, 0x0000000087500000| Complete 
| 118|0x0000000087600000, 0x0000000087700000, 0x0000000087700000|100%| E|CS|TAMS 0x0000000087600000, 0x0000000087600000| Complete 
| 119|0x0000000087700000, 0x0000000087800000, 0x0000000087800000|100%| E|CS|TAMS 0x0000000087700000, 0x0000000087700000| Complete 
| 120|0x0000000087800000, 0x0000000087900000, 0x0000000087900000|100%| E|CS|TAMS 0x0000000087800000, 0x0000000087800000| Complete 
| 121|0x0000000087900000, 0x0000000087a00000, 0x0000000087a00000|100%| E|CS|TAMS 0x0000000087900000, 0x0000000087900000| Complete 
| 122|0x0000000087a00000, 0x0000000087b00000, 0x0000000087b00000|100%| E|CS|TAMS 0x0000000087a00000, 0x0000000087a00000| Complete 
| 123|0x0000000087b00000, 0x0000000087c00000, 0x0000000087c00000|100%| E|CS|TAMS 0x0000000087b00000, 0x0000000087b00000| Complete 
| 124|0x0000000087c00000, 0x0000000087d00000, 0x0000000087d00000|100%| E|CS|TAMS 0x0000000087c00000, 0x0000000087c00000| Complete 
| 125|0x0000000087d00000, 0x0000000087e00000, 0x0000000087e00000|100%| E|CS|TAMS 0x0000000087d00000, 0x0000000087d00000| Complete 
| 126|0x0000000087e00000, 0x0000000087f00000, 0x0000000087f00000|100%| E|CS|TAMS 0x0000000087e00000, 0x0000000087e00000| Complete 
| 127|0x0000000087f00000, 0x0000000088000000, 0x0000000088000000|100%| E|CS|TAMS 0x0000000087f00000, 0x0000000087f00000| Complete 
| 128|0x0000000088000000, 0x0000000088100000, 0x0000000088100000|100%| E|CS|TAMS 0x0000000088000000, 0x0000000088000000| Complete 
| 129|0x0000000088100000, 0x0000000088200000, 0x0000000088200000|100%| E|CS|TAMS 0x0000000088100000, 0x0000000088100000| Complete 
| 130|0x0000000088200000, 0x0000000088300000, 0x0000000088300000|100%| E|CS|TAMS 0x0000000088200000, 0x0000000088200000| Complete 
| 131|0x0000000088300000, 0x0000000088400000, 0x0000000088400000|100%| E|CS|TAMS 0x0000000088300000, 0x0000000088300000| Complete 
| 132|0x0000000088400000, 0x0000000088500000, 0x0000000088500000|100%| E|CS|TAMS 0x0000000088400000, 0x0000000088400000| Complete 
| 133|0x0000000088500000, 0x0000000088600000, 0x0000000088600000|100%| E|CS|TAMS 0x0000000088500000, 0x0000000088500000| Complete 
| 134|0x0000000088600000, 0x0000000088700000, 0x0000000088700000|100%| E|CS|TAMS 0x0000000088600000, 0x0000000088600000| Complete 
| 135|0x0000000088700000, 0x0000000088800000, 0x0000000088800000|100%| E|CS|TAMS 0x0000000088700000, 0x0000000088700000| Complete 
| 136|0x0000000088800000, 0x0000000088900000, 0x0000000088900000|100%| E|CS|TAMS 0x0000000088800000, 0x0000000088800000| Complete 
| 137|0x0000000088900000, 0x0000000088a00000, 0x0000000088a00000|100%| E|CS|TAMS 0x0000000088900000, 0x0000000088900000| Complete 
| 138|0x0000000088a00000, 0x0000000088b00000, 0x0000000088b00000|100%| E|CS|TAMS 0x0000000088a00000, 0x0000000088a00000| Complete 
| 139|0x0000000088b00000, 0x0000000088c00000, 0x0000000088c00000|100%| E|CS|TAMS 0x0000000088b00000, 0x0000000088b00000| Complete 
| 140|0x0000000088c00000, 0x0000000088d00000, 0x0000000088d00000|100%| E|CS|TAMS 0x0000000088c00000, 0x0000000088c00000| Complete 
| 141|0x0000000088d00000, 0x0000000088e00000, 0x0000000088e00000|100%| E|CS|TAMS 0x0000000088d00000, 0x0000000088d00000| Complete 
| 142|0x0000000088e00000, 0x0000000088f00000, 0x0000000088f00000|100%| E|CS|TAMS 0x0000000088e00000, 0x0000000088e00000| Complete 
| 143|0x0000000088f00000, 0x0000000089000000, 0x0000000089000000|100%| E|CS|TAMS 0x0000000088f00000, 0x0000000088f00000| Complete 
| 144|0x0000000089000000, 0x0000000089100000, 0x0000000089100000|100%| E|CS|TAMS 0x0000000089000000, 0x0000000089000000| Complete 
| 145|0x0000000089100000, 0x0000000089200000, 0x0000000089200000|100%| E|CS|TAMS 0x0000000089100000, 0x0000000089100000| Complete 
| 146|0x0000000089200000, 0x0000000089300000, 0x0000000089300000|100%| E|CS|TAMS 0x0000000089200000, 0x0000000089200000| Complete 
| 147|0x0000000089300000, 0x0000000089400000, 0x0000000089400000|100%| E|CS|TAMS 0x0000000089300000, 0x0000000089300000| Complete 
| 148|0x0000000089400000, 0x0000000089500000, 0x0000000089500000|100%| E|CS|TAMS 0x0000000089400000, 0x0000000089400000| Complete 
| 149|0x0000000089500000, 0x0000000089600000, 0x0000000089600000|100%| E|CS|TAMS 0x0000000089500000, 0x0000000089500000| Complete 
| 150|0x0000000089600000, 0x0000000089700000, 0x0000000089700000|100%| E|CS|TAMS 0x0000000089600000, 0x0000000089600000| Complete 
| 151|0x0000000089700000, 0x0000000089800000, 0x0000000089800000|100%| E|CS|TAMS 0x0000000089700000, 0x0000000089700000| Complete 

Card table byte_map: [0x0000020baeae0000,0x0000020baeee0000] _byte_map_base: 0x0000020bae6e0000

Marking Bits (Prev, Next): (CMBitMap*) 0x0000020b99b44080, (CMBitMap*) 0x0000020b99b44048
 Prev Bits: [0x0000020bb12e0000, 0x0000020bb32e0000)
 Next Bits: [0x0000020baf2e0000, 0x0000020bb12e0000)

Polling page: 0x0000020b99bb0000

Metaspace:

Usage:
  Non-class:     58.48 MB capacity,    57.44 MB ( 98%) used,   911.03 KB (  2%) free+waste,   153.56 KB ( <1%) overhead. 
      Class:      9.23 MB capacity,     8.67 MB ( 94%) used,   505.92 KB (  5%) free+waste,    72.69 KB ( <1%) overhead. 
       Both:     67.71 MB capacity,    66.11 MB ( 98%) used,     1.38 MB (  2%) free+waste,   226.25 KB ( <1%) overhead. 

Virtual space:
  Non-class space:       60.00 MB reserved,      58.70 MB ( 98%) committed 
      Class space:        1.00 GB reserved,       9.25 MB ( <1%) committed 
             Both:        1.06 GB reserved,      67.95 MB (  6%) committed 

Chunk freelists:
   Non-Class:  30.00 KB
       Class:  20.00 KB
        Both:  50.00 KB

MaxMetaspaceSize: 17179869184.00 GB
CompressedClassSpaceSize: 1.00 GB

CodeHeap 'non-profiled nmethods': size=120000Kb used=3734Kb max_used=3734Kb free=116265Kb
 bounds [0x0000020ba6740000, 0x0000020ba6af0000, 0x0000020badc70000]
CodeHeap 'profiled nmethods': size=120000Kb used=12800Kb max_used=12800Kb free=107200Kb
 bounds [0x0000020b9f210000, 0x0000020b9fea0000, 0x0000020ba6740000]
CodeHeap 'non-nmethods': size=5760Kb used=2283Kb max_used=2289Kb free=3476Kb
 bounds [0x0000020b9ec70000, 0x0000020b9eee0000, 0x0000020b9f210000]
 total_blobs=6749 nmethods=5929 adapters=729
 compilation: enabled
              stopped_count=0, restarted_count=0
 full_count=0

Compilation events (20 events):
Event: 6.589 Thread 0x0000020bb673d000 6165       3       org.gradle.api.internal.provider.ValueSupplier$Present::pushWhenMissing (2 bytes)
Event: 6.589 Thread 0x0000020bb673d000 nmethod 6165 0x0000020b9fe86090 code [0x0000020b9fe86240, 0x0000020b9fe86338]
Event: 6.592 Thread 0x0000020bb673d000 6166       3       org.gradle.api.internal.provider.AbstractProperty::beforeRead (29 bytes)
Event: 6.592 Thread 0x0000020bb673d000 nmethod 6166 0x0000020b9fe86410 code [0x0000020b9fe86600, 0x0000020b9fe86a48]
Event: 6.592 Thread 0x0000020bb673d000 6167       3       org.gradle.api.internal.provider.AbstractProperty$NonFinalizedValue::maybeFinalizeOnRead (66 bytes)
Event: 6.593 Thread 0x0000020bb673d000 nmethod 6167 0x0000020b9fe86b90 code [0x0000020b9fe86d80, 0x0000020b9fe87248]
Event: 6.625 Thread 0x0000020bb673d000 6168       3       java.io.WinNTFileSystem::normalize (143 bytes)
Event: 6.625 Thread 0x0000020bb673d000 nmethod 6168 0x0000020b9fe87410 code [0x0000020b9fe876a0, 0x0000020b9fe88238]
Event: 6.634 Thread 0x0000020bb673d000 6169       3       java.lang.reflect.ProxyGenerator$ProxyMethod::codeUnwrapReturnValue (213 bytes)
Event: 6.636 Thread 0x0000020bb673d000 nmethod 6169 0x0000020b9fe88710 code [0x0000020b9fe88d20, 0x0000020b9fe8c0e8]
Event: 6.636 Thread 0x0000020bb673d000 6170       3       java.util.Formatter::checkText (58 bytes)
Event: 6.637 Thread 0x0000020bb673d000 nmethod 6170 0x0000020b9fe8d310 code [0x0000020b9fe8d5c0, 0x0000020b9fe8e278]
Event: 6.664 Thread 0x0000020bb673d000 6173       3       java.lang.ClassLoader::getResource (41 bytes)
Event: 6.665 Thread 0x0000020bb673d000 nmethod 6173 0x0000020b9fe8e790 code [0x0000020b9fe8e9a0, 0x0000020b9fe8ef78]
Event: 6.666 Thread 0x0000020bb673d000 6174       1       java.util.zip.ZipFile$ZipFileInputStream::size (5 bytes)
Event: 6.666 Thread 0x0000020bb673d000 nmethod 6174 0x0000020ba6ae5610 code [0x0000020ba6ae57c0, 0x0000020ba6ae5878]
Event: 6.676 Thread 0x0000020bb673d000 6175   !   3       jdk.internal.loader.BuiltinClassLoader$2::run (114 bytes)
Event: 6.677 Thread 0x0000020bb673d000 nmethod 6175 0x0000020b9fe8f110 code [0x0000020b9fe8f3c0, 0x0000020b9fe901b8]
Event: 6.677 Thread 0x0000020bb673d000 6176   !   3       jdk.internal.loader.URLClassPath::checkURL (16 bytes)
Event: 6.677 Thread 0x0000020bb673d000 nmethod 6176 0x0000020b9fe90690 code [0x0000020b9fe90840, 0x0000020b9fe909e8]

GC Heap History (20 events):
Event: 0.561 GC heap before
{Heap before GC invocations=0 (full 0):
 garbage-first heap   total 129024K, used 29696K [0x0000000080000000, 0x0000000100000000)
  region size 1024K, 24 young (24576K), 0 survivors (0K)
 Metaspace       used 10663K, capacity 10886K, committed 11008K, reserved 1058816K
  class space    used 1130K, capacity 1202K, committed 1280K, reserved 1048576K
}
Event: 0.564 GC heap after
{Heap after GC invocations=1 (full 0):
 garbage-first heap   total 129024K, used 8805K [0x0000000080000000, 0x0000000100000000)
  region size 1024K, 3 young (3072K), 3 survivors (3072K)
 Metaspace       used 10663K, capacity 10886K, committed 11008K, reserved 1058816K
  class space    used 1130K, capacity 1202K, committed 1280K, reserved 1048576K
}
Event: 1.916 GC heap before
{Heap before GC invocations=1 (full 0):
 garbage-first heap   total 129024K, used 81509K [0x0000000080000000, 0x0000000100000000)
  region size 1024K, 75 young (76800K), 3 survivors (3072K)
 Metaspace       used 18884K, capacity 19342K, committed 19456K, reserved 1067008K
  class space    used 2284K, capacity 2458K, committed 2560K, reserved 1048576K
}
Event: 1.921 GC heap after
{Heap after GC invocations=2 (full 0):
 garbage-first heap   total 129024K, used 15320K [0x0000000080000000, 0x0000000100000000)
  region size 1024K, 10 young (10240K), 10 survivors (10240K)
 Metaspace       used 18884K, capacity 19342K, committed 19456K, reserved 1067008K
  class space    used 2284K, capacity 2458K, committed 2560K, reserved 1048576K
}
Event: 2.028 GC heap before
{Heap before GC invocations=2 (full 0):
 garbage-first heap   total 129024K, used 28632K [0x0000000080000000, 0x0000000100000000)
  region size 1024K, 24 young (24576K), 10 survivors (10240K)
 Metaspace       used 20649K, capacity 21111K, committed 21248K, reserved 1067008K
  class space    used 2538K, capacity 2712K, committed 2816K, reserved 1048576K
}
Event: 2.033 GC heap after
{Heap after GC invocations=3 (full 0):
 garbage-first heap   total 129024K, used 16135K [0x0000000080000000, 0x0000000100000000)
  region size 1024K, 1 young (1024K), 1 survivors (1024K)
 Metaspace       used 20649K, capacity 21111K, committed 21248K, reserved 1067008K
  class space    used 2538K, capacity 2712K, committed 2816K, reserved 1048576K
}
Event: 2.488 GC heap before
{Heap before GC invocations=4 (full 0):
 garbage-first heap   total 129024K, used 73479K [0x0000000080000000, 0x0000000100000000)
  region size 1024K, 58 young (59392K), 1 survivors (1024K)
 Metaspace       used 26869K, capacity 27480K, committed 27648K, reserved 1073152K
  class space    used 3541K, capacity 3755K, committed 3840K, reserved 1048576K
}
Event: 2.491 GC heap after
{Heap after GC invocations=5 (full 0):
 garbage-first heap   total 129024K, used 18005K [0x0000000080000000, 0x0000000100000000)
  region size 1024K, 3 young (3072K), 3 survivors (3072K)
 Metaspace       used 26869K, capacity 27480K, committed 27648K, reserved 1073152K
  class space    used 3541K, capacity 3755K, committed 3840K, reserved 1048576K
}
Event: 3.022 GC heap before
{Heap before GC invocations=5 (full 0):
 garbage-first heap   total 129024K, used 59989K [0x0000000080000000, 0x0000000100000000)
  region size 1024K, 45 young (46080K), 3 survivors (3072K)
 Metaspace       used 35124K, capacity 35769K, committed 35840K, reserved 1081344K
  class space    used 4569K, capacity 4856K, committed 4864K, reserved 1048576K
}
Event: 3.029 GC heap after
{Heap after GC invocations=6 (full 0):
 garbage-first heap   total 129024K, used 21072K [0x0000000080000000, 0x0000000100000000)
  region size 1024K, 6 young (6144K), 6 survivors (6144K)
 Metaspace       used 35124K, capacity 35769K, committed 35840K, reserved 1081344K
  class space    used 4569K, capacity 4856K, committed 4864K, reserved 1048576K
}
Event: 3.647 GC heap before
{Heap before GC invocations=7 (full 0):
 garbage-first heap   total 129024K, used 86608K [0x0000000080000000, 0x0000000100000000)
  region size 1024K, 67 young (68608K), 6 survivors (6144K)
 Metaspace       used 41084K, capacity 41970K, committed 42240K, reserved 1085440K
  class space    used 5259K, capacity 5574K, committed 5632K, reserved 1048576K
}
Event: 3.653 GC heap after
{Heap after GC invocations=8 (full 0):
 garbage-first heap   total 129024K, used 24367K [0x0000000080000000, 0x0000000100000000)
  region size 1024K, 7 young (7168K), 7 survivors (7168K)
 Metaspace       used 41084K, capacity 41970K, committed 42240K, reserved 1085440K
  class space    used 5259K, capacity 5574K, committed 5632K, reserved 1048576K
}
Event: 4.155 GC heap before
{Heap before GC invocations=8 (full 0):
 garbage-first heap   total 129024K, used 86831K [0x0000000080000000, 0x0000000100000000)
  region size 1024K, 68 young (69632K), 7 survivors (7168K)
 Metaspace       used 44320K, capacity 45331K, committed 45568K, reserved 1089536K
  class space    used 5684K, capacity 6034K, committed 6144K, reserved 1048576K
}
Event: 4.161 GC heap after
{Heap after GC invocations=9 (full 0):
 garbage-first heap   total 129024K, used 27178K [0x0000000080000000, 0x0000000100000000)
  region size 1024K, 6 young (6144K), 6 survivors (6144K)
 Metaspace       used 44320K, capacity 45331K, committed 45568K, reserved 1089536K
  class space    used 5684K, capacity 6034K, committed 6144K, reserved 1048576K
}
Event: 4.681 GC heap before
{Heap before GC invocations=9 (full 0):
 garbage-first heap   total 129024K, used 94762K [0x0000000080000000, 0x0000000100000000)
  region size 1024K, 69 young (70656K), 6 survivors (6144K)
 Metaspace       used 52088K, capacity 53314K, committed 53504K, reserved 1095680K
  class space    used 6644K, capacity 7082K, committed 7168K, reserved 1048576K
}
Event: 4.687 GC heap after
{Heap after GC invocations=10 (full 0):
 garbage-first heap   total 155648K, used 37888K [0x0000000080000000, 0x0000000100000000)
  region size 1024K, 9 young (9216K), 9 survivors (9216K)
 Metaspace       used 52088K, capacity 53314K, committed 53504K, reserved 1095680K
  class space    used 6644K, capacity 7082K, committed 7168K, reserved 1048576K
}
Event: 5.292 GC heap before
{Heap before GC invocations=10 (full 0):
 garbage-first heap   total 155648K, used 92160K [0x0000000080000000, 0x0000000100000000)
  region size 1024K, 63 young (64512K), 9 survivors (9216K)
 Metaspace       used 58685K, capacity 60109K, committed 60160K, reserved 1101824K
  class space    used 7437K, capacity 7923K, committed 7936K, reserved 1048576K
}
Event: 5.312 GC heap after
{Heap after GC invocations=11 (full 0):
 garbage-first heap   total 155648K, used 43094K [0x0000000080000000, 0x0000000100000000)
  region size 1024K, 6 young (6144K), 6 survivors (6144K)
 Metaspace       used 58685K, capacity 60109K, committed 60160K, reserved 1101824K
  class space    used 7437K, capacity 7923K, committed 7936K, reserved 1048576K
}
Event: 6.116 GC heap before
{Heap before GC invocations=12 (full 0):
 garbage-first heap   total 155648K, used 109654K [0x0000000080000000, 0x0000000100000000)
  region size 1024K, 71 young (72704K), 6 survivors (6144K)
 Metaspace       used 63670K, capacity 65173K, committed 65356K, reserved 1105920K
  class space    used 8285K, capacity 8817K, committed 8832K, reserved 1048576K
}
Event: 6.123 GC heap after
{Heap after GC invocations=13 (full 0):
 garbage-first heap   total 155648K, used 47104K [0x0000000080000000, 0x0000000100000000)
  region size 1024K, 5 young (5120K), 5 survivors (5120K)
 Metaspace       used 63670K, capacity 65173K, committed 65356K, reserved 1105920K
  class space    used 8285K, capacity 8817K, committed 8832K, reserved 1048576K
}

Deoptimization events (20 events):
Event: 6.536 Thread 0x0000020bb883b800 Uncommon trap: trap_request=0xffffff4d fr.pc=0x0000020ba679ffc8 relative=0x00000000000009e8
Event: 6.536 Thread 0x0000020bb883b800 Uncommon trap: reason=unstable_if action=reinterpret pc=0x0000020ba679ffc8 method=java.util.HashMap.resize()[Ljava/util/HashMap$Node; @ 203 c2
Event: 6.536 Thread 0x0000020bb883b800 DEOPT PACKING pc=0x0000020ba679ffc8 sp=0x0000005a83bfa2d0
Event: 6.536 Thread 0x0000020bb883b800 DEOPT UNPACKING pc=0x0000020b9ec974af sp=0x0000005a83bfa270 mode 2
Event: 6.536 Thread 0x0000020bb883b800 Uncommon trap: trap_request=0xffffff4d fr.pc=0x0000020ba6a4cee4 relative=0x0000000000002ae4
Event: 6.536 Thread 0x0000020bb883b800 Uncommon trap: reason=unstable_if action=reinterpret pc=0x0000020ba6a4cee4 method=java.util.HashMap.getNode(ILjava/lang/Object;)Ljava/util/HashMap$Node; @ 84 c2
Event: 6.536 Thread 0x0000020bb883b800 DEOPT PACKING pc=0x0000020ba6a4cee4 sp=0x0000005a83bfa370
Event: 6.536 Thread 0x0000020bb883b800 DEOPT UNPACKING pc=0x0000020b9ec974af sp=0x0000005a83bfa268 mode 2
Event: 6.536 Thread 0x0000020bb883b800 Uncommon trap: trap_request=0xffffff4d fr.pc=0x0000020ba6a5c678 relative=0x00000000000002b8
Event: 6.537 Thread 0x0000020bb883b800 Uncommon trap: reason=unstable_if action=reinterpret pc=0x0000020ba6a5c678 method=java.util.HashMap.getNode(ILjava/lang/Object;)Ljava/util/HashMap$Node; @ 84 c2
Event: 6.537 Thread 0x0000020bb883b800 DEOPT PACKING pc=0x0000020ba6a5c678 sp=0x0000005a83bfa330
Event: 6.537 Thread 0x0000020bb883b800 DEOPT UNPACKING pc=0x0000020b9ec974af sp=0x0000005a83bfa250 mode 2
Event: 6.537 Thread 0x0000020bb883b800 Uncommon trap: trap_request=0xffffff4d fr.pc=0x0000020ba6851560 relative=0x00000000000001a0
Event: 6.537 Thread 0x0000020bb883b800 Uncommon trap: reason=unstable_if action=reinterpret pc=0x0000020ba6851560 method=java.util.HashMap.getNode(ILjava/lang/Object;)Ljava/util/HashMap$Node; @ 84 c2
Event: 6.537 Thread 0x0000020bb883b800 DEOPT PACKING pc=0x0000020ba6851560 sp=0x0000005a83bfa2d0
Event: 6.537 Thread 0x0000020bb883b800 DEOPT UNPACKING pc=0x0000020b9ec974af sp=0x0000005a83bfa258 mode 2
Event: 6.676 Thread 0x0000020bb883b800 Uncommon trap: trap_request=0xffffff4d fr.pc=0x0000020ba6a98488 relative=0x00000000000001a8
Event: 6.676 Thread 0x0000020bb883b800 Uncommon trap: reason=unstable_if action=reinterpret pc=0x0000020ba6a98488 method=java.util.StringTokenizer.scanToken(I)I @ 42 c2
Event: 6.676 Thread 0x0000020bb883b800 DEOPT PACKING pc=0x0000020ba6a98488 sp=0x0000005a83bf9df0
Event: 6.676 Thread 0x0000020bb883b800 DEOPT UNPACKING pc=0x0000020b9ec974af sp=0x0000005a83bf9d80 mode 2

Classes redefined (0 events):
No events

Internal exceptions (20 events):
Event: 6.377 Thread 0x0000020bb883b800 Exception <a 'java/lang/ClassNotFoundException'{0x000000008786d6c8}: com/google/android/gms/dependencies/DependencyAnalyzerCustomizer> (0x000000008786d6c8) thrown at [./src/hotspot/share/classfile/systemDictionary.cpp, line 231]
Event: 6.382 Thread 0x0000020bb883b800 Exception <a 'java/lang/ClassNotFoundException'{0x00000000878e0398}: com/google/android/gms/dependencies/DependencyInspectorBeanInfo> (0x00000000878e0398) thrown at [./src/hotspot/share/classfile/systemDictionary.cpp, line 231]
Event: 6.383 Thread 0x0000020bb883b800 Exception <a 'java/lang/ClassNotFoundException'{0x00000000878f6100}: com/google/android/gms/dependencies/DependencyInspectorCustomizer> (0x00000000878f6100) thrown at [./src/hotspot/share/classfile/systemDictionary.cpp, line 231]
Event: 6.389 Thread 0x0000020bb883b800 Exception <a 'java/lang/ClassNotFoundException'{0x0000000087585a58}: org/gradle/api/internal/artifacts/configurations/DefaultConfigurationContainer_DecoratedBeanInfo> (0x0000000087585a58) thrown at [./src/hotspot/share/classfile/systemDictionary.cpp, line 231]
Event: 6.389 Thread 0x0000020bb883b800 Exception <a 'java/lang/ClassNotFoundException'{0x00000000875a7ee8}: org/gradle/api/internal/artifacts/configurations/DefaultConfigurationContainerBeanInfo> (0x00000000875a7ee8) thrown at [./src/hotspot/share/classfile/systemDictionary.cpp, line 231]
Event: 6.390 Thread 0x0000020bb883b800 Exception <a 'java/lang/ClassNotFoundException'{0x00000000875bc208}: org/gradle/api/internal/AbstractValidatingNamedDomainObjectContainerBeanInfo> (0x00000000875bc208) thrown at [./src/hotspot/share/classfile/systemDictionary.cpp, line 231]
Event: 6.390 Thread 0x0000020bb883b800 Exception <a 'java/lang/ClassNotFoundException'{0x00000000875d0508}: org/gradle/api/internal/AbstractValidatingNamedDomainObjectContainerCustomizer> (0x00000000875d0508) thrown at [./src/hotspot/share/classfile/systemDictionary.cpp, line 231]
Event: 6.391 Thread 0x0000020bb883b800 Exception <a 'java/lang/ClassNotFoundException'{0x00000000875fd6f8}: org/gradle/api/internal/artifacts/configurations/DefaultConfigurationContainerCustomizer> (0x00000000875fd6f8) thrown at [./src/hotspot/share/classfile/systemDictionary.cpp, line 231]
Event: 6.392 Thread 0x0000020bb883b800 Exception <a 'java/lang/ClassNotFoundException'{0x00000000874359c0}: org/gradle/api/internal/artifacts/configurations/DefaultConfigurationContainer_DecoratedCustomizer> (0x00000000874359c0) thrown at [./src/hotspot/share/classfile/systemDictionary.cpp, line 231]
Event: 6.397 Thread 0x0000020bb883b800 Exception <a 'java/lang/ClassNotFoundException'{0x0000000087275d90}: org/gradle/api/internal/artifacts/configurations/DefaultConfiguration_DecoratedBeanInfo> (0x0000000087275d90) thrown at [./src/hotspot/share/classfile/systemDictionary.cpp, line 231]
Event: 6.398 Thread 0x0000020bb883b800 Exception <a 'java/lang/ClassNotFoundException'{0x0000000087297fe0}: org/gradle/api/internal/artifacts/configurations/DefaultConfigurationBeanInfo> (0x0000000087297fe0) thrown at [./src/hotspot/share/classfile/systemDictionary.cpp, line 231]
Event: 6.398 Thread 0x0000020bb883b800 Exception <a 'java/lang/ClassNotFoundException'{0x00000000872ba0a8}: org/gradle/api/internal/artifacts/configurations/DefaultConfigurationCustomizer> (0x00000000872ba0a8) thrown at [./src/hotspot/share/classfile/systemDictionary.cpp, line 231]
Event: 6.400 Thread 0x0000020bb883b800 Exception <a 'java/lang/ClassNotFoundException'{0x0000000087128a50}: org/gradle/api/internal/artifacts/configurations/DefaultConfiguration_DecoratedCustomizer> (0x0000000087128a50) thrown at [./src/hotspot/share/classfile/systemDictionary.cpp, line 231]
Event: 6.406 Thread 0x0000020bb883b800 Exception <a 'java/lang/ClassNotFoundException'{0x00000000871e3660}: org/codehaus/groovy/runtime/MethodClosureBeanInfo> (0x00000000871e3660) thrown at [./src/hotspot/share/classfile/systemDictionary.cpp, line 231]
Event: 6.406 Thread 0x0000020bb883b800 Exception <a 'java/lang/ClassNotFoundException'{0x00000000871f64d8}: org/codehaus/groovy/runtime/MethodClosureCustomizer> (0x00000000871f64d8) thrown at [./src/hotspot/share/classfile/systemDictionary.cpp, line 231]
Event: 6.408 Thread 0x0000020bb883b800 Exception <a 'java/lang/ClassNotFoundException'{0x00000000870516b0}: org/gradle/api/internal/artifacts/configurations/DefaultConfiguration$ConfigurationResolvableDependencies_DecoratedBeanInfo> (0x00000000870516b0) thrown at [./src/hotspot/share/classfile/systemDictionary.cpp, line 231]
Event: 6.408 Thread 0x0000020bb883b800 Exception <a 'java/lang/ClassNotFoundException'{0x0000000087079d08}: org/gradle/api/internal/artifacts/configurations/DefaultConfiguration$ConfigurationResolvableDependenciesBeanInfo> (0x0000000087079d08) thrown at [./src/hotspot/share/classfile/systemDictionary.cpp, line 231]
Event: 6.409 Thread 0x0000020bb883b800 Exception <a 'java/lang/ClassNotFoundException'{0x00000000870a3c98}: org/gradle/api/internal/artifacts/configurations/DefaultConfiguration$ConfigurationResolvableDependenciesCustomizer> (0x00000000870a3c98) thrown at [./src/hotspot/share/classfile/systemDictionary.cpp, line 231]
Event: 6.410 Thread 0x0000020bb883b800 Exception <a 'java/lang/ClassNotFoundException'{0x00000000870de800}: org/gradle/api/internal/artifacts/configurations/DefaultConfiguration$ConfigurationResolvableDependencies_DecoratedCustomizer> (0x00000000870de800) thrown at [./src/hotspot/share/classfile/systemDictionary.cpp, line 231]
Event: 6.607 Thread 0x0000020bb883b800 Exception <a 'sun/nio/fs/WindowsException'{0x000000008621f330}> (0x000000008621f330) thrown at [./src/hotspot/share/prims/jni.cpp, line 615]

Events (20 events):
Event: 6.682 loading class com/sun/xml/bind/v2/model/annotation/AbstractInlineAnnotationReaderImpl
Event: 6.682 loading class com/sun/xml/bind/v2/model/annotation/AbstractInlineAnnotationReaderImpl done
Event: 6.683 loading class java/lang/IllegalAccessError
Event: 6.683 loading class java/lang/IllegalAccessError done
Event: 6.683 loading class com/sun/istack/Pool
Event: 6.683 loading class com/sun/istack/Pool done
Event: 6.683 loading class com/sun/xml/bind/v2/model/runtime/RuntimeLeafInfo
Event: 6.683 loading class com/sun/xml/bind/v2/model/runtime/RuntimeLeafInfo done
Event: 6.684 loading class com/sun/xml/bind/v2/model/core/LeafInfo
Event: 6.684 loading class com/sun/xml/bind/v2/model/core/LeafInfo done
Event: 6.684 loading class com/sun/xml/bind/v2/model/core/MaybeElement
Event: 6.684 loading class com/sun/xml/bind/v2/model/core/MaybeElement done
Event: 6.684 loading class com/sun/xml/bind/v2/model/core/NonElement
Event: 6.684 loading class com/sun/xml/bind/v2/model/core/NonElement done
Event: 6.684 loading class com/sun/xml/bind/v2/model/core/TypeInfo
Event: 6.684 loading class com/sun/xml/bind/v2/model/core/TypeInfo done
Event: 6.684 loading class com/sun/xml/bind/v2/model/annotation/Locatable
Event: 6.684 loading class com/sun/xml/bind/v2/model/annotation/Locatable done
Event: 6.685 loading class com/sun/xml/bind/v2/model/runtime/RuntimeNonElement
Event: 6.685 loading class com/sun/xml/bind/v2/model/runtime/RuntimeNonElement done


Dynamic libraries:
0x00007ff79f5d0000 - 0x00007ff79f5da000 	C:\Program Files\Android\Android Studio\jre\bin\java.exe
0x00007ffdd8a90000 - 0x00007ffdd8c85000 	C:\WINDOWS\SYSTEM32\ntdll.dll
0x00007ffdd7990000 - 0x00007ffdd7a4d000 	C:\WINDOWS\System32\KERNEL32.DLL
0x00007ffdd65f0000 - 0x00007ffdd68b8000 	C:\WINDOWS\System32\KERNELBASE.dll
0x00007ffdd64c0000 - 0x00007ffdd65c0000 	C:\WINDOWS\System32\ucrtbase.dll
0x00007ffdd1b30000 - 0x00007ffdd1b47000 	C:\Program Files\Android\Android Studio\jre\bin\VCRUNTIME140.dll
0x00007ffdd0190000 - 0x00007ffdd01a9000 	C:\Program Files\Android\Android Studio\jre\bin\jli.dll
0x00007ffdd6ee0000 - 0x00007ffdd7080000 	C:\WINDOWS\System32\USER32.dll
0x00007ffdd65c0000 - 0x00007ffdd65e2000 	C:\WINDOWS\System32\win32u.dll
0x00007ffdd8740000 - 0x00007ffdd876a000 	C:\WINDOWS\System32\GDI32.dll
0x00007ffdd6960000 - 0x00007ffdd6a6b000 	C:\WINDOWS\System32\gdi32full.dll
0x00007ffdc0610000 - 0x00007ffdc08aa000 	C:\WINDOWS\WinSxS\amd64_microsoft.windows.common-controls_6595b64144ccf1df_6.0.19041.844_none_ca00b6081b84eb1d\COMCTL32.dll
0x00007ffdd68c0000 - 0x00007ffdd695d000 	C:\WINDOWS\System32\msvcp_win.dll
0x00007ffdd78f0000 - 0x00007ffdd798e000 	C:\WINDOWS\System32\msvcrt.dll
0x00007ffdd7080000 - 0x00007ffdd70b0000 	C:\WINDOWS\System32\IMM32.DLL
0x00007ffd99760000 - 0x00007ffd997fd000 	C:\Program Files\Android\Android Studio\jre\bin\msvcp140.dll
0x00007ffd94340000 - 0x00007ffd94dfc000 	C:\Program Files\Android\Android Studio\jre\bin\server\jvm.dll
0x00007ffdd7a50000 - 0x00007ffdd7afc000 	C:\WINDOWS\System32\ADVAPI32.dll
0x00007ffdd7b00000 - 0x00007ffdd7b9b000 	C:\WINDOWS\System32\sechost.dll
0x00007ffdd7ba0000 - 0x00007ffdd7ccb000 	C:\WINDOWS\System32\RPCRT4.dll
0x00007ffdd6d00000 - 0x00007ffdd6d08000 	C:\WINDOWS\System32\PSAPI.DLL
0x00007ffdc2620000 - 0x00007ffdc2647000 	C:\WINDOWS\SYSTEM32\WINMM.dll
0x00007ffdcefb0000 - 0x00007ffdcefba000 	C:\WINDOWS\SYSTEM32\VERSION.dll
0x00007ffdbb470000 - 0x00007ffdbb479000 	C:\WINDOWS\SYSTEM32\WSOCK32.dll
0x00007ffdd7880000 - 0x00007ffdd78eb000 	C:\WINDOWS\System32\WS2_32.dll
0x00007ffdd4aa0000 - 0x00007ffdd4ab2000 	C:\WINDOWS\SYSTEM32\kernel.appcore.dll
0x00007ffdcfbc0000 - 0x00007ffdcfbd1000 	C:\Program Files\Android\Android Studio\jre\bin\verify.dll
0x00007ffdd3eb0000 - 0x00007ffdd4094000 	C:\WINDOWS\SYSTEM32\DBGHELP.DLL
0x00007ffdbd210000 - 0x00007ffdbd23c000 	C:\WINDOWS\SYSTEM32\dbgcore.DLL
0x00007ffdd6280000 - 0x00007ffdd6300000 	C:\WINDOWS\System32\bcryptPrimitives.dll
0x00007ffdcfac0000 - 0x00007ffdcfae9000 	C:\Program Files\Android\Android Studio\jre\bin\java.dll
0x00007ffdd1d30000 - 0x00007ffdd1d3b000 	C:\Program Files\Android\Android Studio\jre\bin\jimage.dll
0x00007ffdcfaa0000 - 0x00007ffdcfab8000 	C:\Program Files\Android\Android Studio\jre\bin\zip.dll
0x00007ffdd7ff0000 - 0x00007ffdd8732000 	C:\WINDOWS\System32\SHELL32.dll
0x00007ffdd4300000 - 0x00007ffdd4a90000 	C:\WINDOWS\SYSTEM32\windows.storage.dll
0x00007ffdd70b0000 - 0x00007ffdd7405000 	C:\WINDOWS\System32\combase.dll
0x00007ffdd5c40000 - 0x00007ffdd5c6c000 	C:\WINDOWS\SYSTEM32\Wldp.dll
0x00007ffdd7f40000 - 0x00007ffdd7fee000 	C:\WINDOWS\System32\SHCORE.dll
0x00007ffdd6b10000 - 0x00007ffdd6b65000 	C:\WINDOWS\System32\shlwapi.dll
0x00007ffdd6110000 - 0x00007ffdd612f000 	C:\WINDOWS\SYSTEM32\profapi.dll
0x00007ffdcf9c0000 - 0x00007ffdcf9da000 	C:\Program Files\Android\Android Studio\jre\bin\net.dll
0x00007ffdc3690000 - 0x00007ffdc379b000 	C:\WINDOWS\SYSTEM32\WINHTTP.dll
0x00007ffdd59b0000 - 0x00007ffdd5a1a000 	C:\WINDOWS\system32\mswsock.dll
0x00007ffdcf990000 - 0x00007ffdcf9a4000 	C:\Program Files\Android\Android Studio\jre\bin\nio.dll
0x00007ffdc55e0000 - 0x00007ffdc5607000 	C:\Users\shikh\.gradle\native\fdc75f09e3144964f2cf3f50f0aa648679c211496f362492102eb8c894070792\windows-amd64\native-platform.dll
0x00007ffd96d60000 - 0x00007ffd96ef6000 	C:\Users\shikh\.gradle\native\12488b8bf47d2d4c9fbf2f6322a914ad602e24e48041cd04a747c6da556b65c4\windows-amd64\native-platform-file-events.dll
0x00007ffdd0280000 - 0x00007ffdd028a000 	C:\Program Files\Android\Android Studio\jre\bin\management.dll
0x00007ffdcfb60000 - 0x00007ffdcfb6c000 	C:\Program Files\Android\Android Studio\jre\bin\management_ext.dll
0x00007ffdd5b90000 - 0x00007ffdd5ba8000 	C:\WINDOWS\SYSTEM32\CRYPTSP.dll
0x00007ffdd52e0000 - 0x00007ffdd5314000 	C:\WINDOWS\system32\rsaenh.dll
0x00007ffdd6ac0000 - 0x00007ffdd6ae7000 	C:\WINDOWS\System32\bcrypt.dll
0x00007ffdd6090000 - 0x00007ffdd60be000 	C:\WINDOWS\SYSTEM32\USERENV.dll
0x00007ffdd5b80000 - 0x00007ffdd5b8c000 	C:\WINDOWS\SYSTEM32\CRYPTBASE.dll
0x00007ffdd5650000 - 0x00007ffdd568b000 	C:\WINDOWS\SYSTEM32\IPHLPAPI.DLL
0x00007ffdd6cf0000 - 0x00007ffdd6cf8000 	C:\WINDOWS\System32\NSI.dll
0x00007ffdce3f0000 - 0x00007ffdce407000 	C:\WINDOWS\SYSTEM32\dhcpcsvc6.DLL
0x00007ffdcef30000 - 0x00007ffdcef4d000 	C:\WINDOWS\SYSTEM32\dhcpcsvc.DLL
0x00007ffdd56a0000 - 0x00007ffdd576c000 	C:\WINDOWS\SYSTEM32\DNSAPI.dll
0x00007ffdcefc0000 - 0x00007ffdcefcb000 	C:\WINDOWS\SYSTEM32\WINNSI.DLL

dbghelp: loaded successfully - version: 4.0.5 - missing functions: none
symbol engine: initialized successfully - sym options: 0x614 - pdb path: .;C:\Program Files\Android\Android Studio\jre\bin;C:\WINDOWS\SYSTEM32;C:\WINDOWS\WinSxS\amd64_microsoft.windows.common-controls_6595b64144ccf1df_6.0.19041.844_none_ca00b6081b84eb1d;C:\Program Files\Android\Android Studio\jre\bin\server;C:\Users\shikh\.gradle\native\fdc75f09e3144964f2cf3f50f0aa648679c211496f362492102eb8c894070792\windows-amd64;C:\Users\shikh\.gradle\native\12488b8bf47d2d4c9fbf2f6322a914ad602e24e48041cd04a747c6da556b65c4\windows-amd64

VM Arguments:
jvm_args: --add-opens=java.base/java.util=ALL-UNNAMED --add-opens=java.base/java.lang=ALL-UNNAMED --add-opens=java.base/java.lang.invoke=ALL-UNNAMED --add-opens=java.prefs/java.util.prefs=ALL-UNNAMED -Xmx2048m -Dfile.encoding=UTF-8 -Duser.country=IN -Duser.language=en -Duser.variant 
java_command: org.gradle.launcher.daemon.bootstrap.GradleDaemon 6.7.1
java_class_path (initial): C:\Users\shikh\.gradle\wrapper\dists\gradle-6.7.1-bin\bwlcbys1h7rz3272sye1xwiv6\gradle-6.7.1\lib\gradle-launcher-6.7.1.jar
Launcher Type: SUN_STANDARD

[Global flags]
     intx CICompilerCount                          = 4                                         {product} {ergonomic}
     uint ConcGCThreads                            = 2                                         {product} {ergonomic}
     uint G1ConcRefinementThreads                  = 8                                         {product} {ergonomic}
   size_t G1HeapRegionSize                         = 1048576                                   {product} {ergonomic}
    uintx GCDrainStackTargetSize                   = 64                                        {product} {ergonomic}
   size_t InitialHeapSize                          = 132120576                                 {product} {ergonomic}
   size_t MarkStackSize                            = 4194304                                   {product} {ergonomic}
   size_t MaxHeapSize                              = 2147483648                                {product} {command line}
   size_t MaxNewSize                               = 1287651328                                {product} {ergonomic}
   size_t MinHeapDeltaBytes                        = 1048576                                   {product} {ergonomic}
    uintx NonNMethodCodeHeapSize                   = 5836300                                {pd product} {ergonomic}
    uintx NonProfiledCodeHeapSize                  = 122910970                              {pd product} {ergonomic}
    uintx ProfiledCodeHeapSize                     = 122910970                              {pd product} {ergonomic}
    uintx ReservedCodeCacheSize                    = 251658240                              {pd product} {ergonomic}
     bool SegmentedCodeCache                       = true                                      {product} {ergonomic}
     bool UseCompressedClassPointers               = true                                 {lp64_product} {ergonomic}
     bool UseCompressedOops                        = true                                 {lp64_product} {ergonomic}
     bool UseG1GC                                  = true                                      {product} {ergonomic}
     bool UseLargePagesIndividualAllocation        = false                                  {pd product} {ergonomic}

Logging:
Log output configuration:
 #0: stdout all=warning uptime,level,tags
 #1: stderr all=off uptime,level,tags

Environment Variables:
PATH=C:\Python39\Scripts\;C:\Python39\;C:\Windows\system32;C:\Windows;C:\Windows\System32\Wbem;C:\Windows\System32\WindowsPowerShell\v1.0\;C:\Windows\System32\OpenSSH\;C:\Program Files (x86)\NVIDIA Corporation\PhysX\Common;C:\Program Files\NVIDIA Corporation\NVIDIA NvDLISR;C:\Program Files\Git\cmd;C:\MinGW\bin;;C:\WINDOWS\system32;C:\WINDOWS;C:\WINDOWS\System32\Wbem;C:\WINDOWS\System32\WindowsPowerShell\v1.0\;C:\WINDOWS\System32\OpenSSH\;C:\Users\shikh\AppData\Local\Microsoft\WindowsApps;C:\Users\shikh\AppData\Local\Programs\Microsoft VS Code\bin;%USERPROFILE%\AppData\Local\Microsoft\WindowsApps;
USERNAME=shikh
OS=Windows_NT
PROCESSOR_IDENTIFIER=Intel64 Family 6 Model 165 Stepping 2, GenuineIntel



---------------  S Y S T E M  ---------------

OS: Windows 10 , 64 bit Build 19041 (10.0.19041.928)
OS uptime: 0 days 10:32 hours

CPU:total 8 (initial active 8) (4 cores per cpu, 2 threads per core) family 6 model 165 stepping 2, cmov, cx8, fxsr, mmx, sse, sse2, sse3, ssse3, sse4.1, sse4.2, popcnt, avx, avx2, aes, clmul, erms, 3dnowpref, lzcnt, ht, tsc, tscinvbit, bmi1, bmi2, adx, fma

Memory: 4k page, system-wide physical 8023M (888M free)
TotalPageFile size 11023M (AvailPageFile size 7M)
current process WorkingSet (physical memory assigned to process): 375M, peak: 377M
current process commit charge ("private bytes"): 415M, peak: 420M

vm_info: OpenJDK 64-Bit Server VM (11.0.8+10-b944.6842174) for windows-amd64 JRE (11.0.8+10-b944.6842174), built on Sep 19 2020 01:11:42 by "builder" with MS VC++ 14.0 (VS2015)

END.
