#
# There is insufficient memory for the Java Runtime Environment to continue.
# Native memory allocation (malloc) failed to allocate 1431536 bytes for Chunk::new
# Possible reasons:
#   The system is out of physical RAM or swap space
#   The process is running with CompressedOops enabled, and the Java Heap may be blocking the growth of the native heap
# Possible solutions:
#   Reduce memory load on the system
#   Increase physical memory or swap space
#   Check if swap backing store is full
#   Decrease Java heap size (-Xmx/-Xms)
#   Decrease number of Java threads
#   Decrease Java thread stack sizes (-Xss)
#   Set larger code cache with -XX:ReservedCodeCacheSize=
#   JVM is running with Unscaled Compressed Oops mode in which the Java heap is
#     placed in the first 4GB address space. The Java Heap base address is the
#     maximum limit for the native heap growth. Please use -XX:HeapBaseMinAddress
#     to set the Java Heap base and to place the Java Heap above 4GB virtual address.
# This output file may be truncated or incomplete.
#
#  Out of Memory Error (./src/hotspot/share/memory/arena.cpp:197), pid=17044, tid=804
#
# JRE version: OpenJDK Runtime Environment (11.0.8+10) (build 11.0.8+10-b944.6842174)
# Java VM: OpenJDK 64-Bit Server VM (11.0.8+10-b944.6842174, mixed mode, tiered, compressed oops, g1 gc, windows-amd64)
# No core dump will be written. Minidumps are not enabled by default on client versions of Windows
#

---------------  S U M M A R Y ------------

Command Line: --add-opens=java.base/java.util=ALL-UNNAMED --add-opens=java.base/java.lang=ALL-UNNAMED --add-opens=java.base/java.lang.invoke=ALL-UNNAMED --add-opens=java.prefs/java.util.prefs=ALL-UNNAMED -Xmx2048m -Dfile.encoding=UTF-8 -Duser.country=IN -Duser.language=en -Duser.variant org.gradle.launcher.daemon.bootstrap.GradleDaemon 6.7.1

Host: Intel(R) Core(TM) i5-10300H CPU @ 2.50GHz, 8 cores, 7G,  Windows 10 , 64 bit Build 19041 (10.0.19041.928)
Time: Thu May 20 10:26:56 2021 India Standard Time elapsed time: 7 seconds (0d 0h 0m 7s)

---------------  T H R E A D  ---------------

Current thread (0x000002061dc9c000):  JavaThread "C2 CompilerThread1" daemon [_thread_in_native, id=804, stack(0x0000003d93800000,0x0000003d93900000)]


Current CompileTask:
C2:   7695 4548       4       java.util.jar.JarFile::getManifest (5 bytes)

Stack: [0x0000003d93800000,0x0000003d93900000]
Native frames: (J=compiled Java code, j=interpreted, Vv=VM code, C=native code)
V  [jvm.dll+0x5de50a]
V  [jvm.dll+0x7122f5]
V  [jvm.dll+0x71384d]
V  [jvm.dll+0x713f03]
V  [jvm.dll+0x23e728]
V  [jvm.dll+0xb899c]
V  [jvm.dll+0xb8e9c]
V  [jvm.dll+0x35020b]
V  [jvm.dll+0x31dea3]
V  [jvm.dll+0x31d39a]
V  [jvm.dll+0x1f7702]
V  [jvm.dll+0x1f68d4]
V  [jvm.dll+0x17f32c]
V  [jvm.dll+0x205047]
V  [jvm.dll+0x203891]
V  [jvm.dll+0x6dad3f]
V  [jvm.dll+0x6d3895]
V  [jvm.dll+0x5dd4a6]
C  [ucrtbase.dll+0x21bb2]
C  [KERNEL32.DLL+0x17034]
C  [ntdll.dll+0x52651]


---------------  P R O C E S S  ---------------

Threads class SMR info:
_java_thread_list=0x0000020622fe2cc0, length=138, elements={
0x0000020602459800, 0x000002061cf4f800, 0x000002061cf54800, 0x000002061d8e4800,
0x000002061d8e6000, 0x000002061d8e7000, 0x000002061cf79800, 0x000002061cf7e800,
0x000002061da39800, 0x000002061da51800, 0x000002061fdbc800, 0x000002061db2a000,
0x000002061fdb6800, 0x0000020620637800, 0x000002061ffd3800, 0x000002061dc9c000,
0x000002061ede4800, 0x000002061ef71000, 0x000002061f378800, 0x000002061f43f000,
0x000002061f32c000, 0x000002061f20f800, 0x000002061f210800, 0x000002061f216000,
0x000002061f212000, 0x000002061f211000, 0x000002061f213000, 0x000002061f213800,
0x000002061f214800, 0x000002061f215000, 0x0000020621503000, 0x0000020621508800,
0x000002062150b000, 0x0000020621509800, 0x000002062150a000, 0x0000020621508000,
0x0000020621505800, 0x000002062150c000, 0x000002062150c800, 0x0000020621507000,
0x000002062150d800, 0x000002062150e800, 0x000002062150f000, 0x0000020621510000,
0x0000020620415800, 0x0000020620413000, 0x0000020620411000, 0x0000020620413800,
0x0000020620416000, 0x0000020620410800, 0x0000020620417000, 0x0000020620414800,
0x0000020620417800, 0x0000020620412000, 0x000002062041c800, 0x000002062041a000,
0x000002062041e800, 0x000002062041c000, 0x000002062041d800, 0x000002062041b000,
0x0000020620418800, 0x000002062041f000, 0x0000020620419800, 0x0000020621a14000,
0x0000020621a15000, 0x0000020621a16800, 0x0000020621a17800, 0x0000020621a16000,
0x0000020621a12800, 0x0000020621a11800, 0x0000020621a13800, 0x0000020621a1a000,
0x0000020621a1d000, 0x0000020621a1e000, 0x0000020621a18000, 0x0000020621a19000,
0x0000020621a1a800, 0x0000020621a1c800, 0x0000020621a1f000, 0x0000020621a1b800,
0x0000020621a1f800, 0x0000020621a20800, 0x000002062342b000, 0x0000020623428800,
0x0000020623429800, 0x0000020623427800, 0x000002062342a000, 0x000002062342c000,
0x0000020623426000, 0x000002062342c800, 0x0000020623427000, 0x000002062342d800,
0x000002062342e800, 0x0000020623430800, 0x000002062342f000, 0x0000020623430000,
0x0000020623433000, 0x0000020623431800, 0x0000020623432800, 0x0000020623434000,
0x0000020623435000, 0x0000020623571000, 0x000002062356f800, 0x0000020623571800,
0x0000020623570000, 0x0000020623572800, 0x0000020623576800, 0x0000020623577800,
0x0000020623578000, 0x0000020623573800, 0x000002062357a000, 0x0000020623574000,
0x0000020623579000, 0x000002062357a800, 0x0000020623575000, 0x000002062357b800,
0x0000020623576000, 0x000002062357c800, 0x000002062357d000, 0x000002062357e000,
0x000002062378c800, 0x000002062378c000, 0x000002062378a800, 0x000002062378f000,
0x000002062378e800, 0x000002062378d800, 0x0000020623789800, 0x0000020623790000,
0x0000020623791000, 0x000002062378b000, 0x0000020623793800, 0x0000020623791800,
0x0000020623795800, 0x0000020623798000, 0x0000020623795000, 0x0000020623796800,
0x0000020623792800, 0x0000020623794000
}

Java Threads: ( => current thread )
  0x0000020602459800 JavaThread "main" [_thread_blocked, id=15720, stack(0x0000003d91e00000,0x0000003d91f00000)]
  0x000002061cf4f800 JavaThread "Reference Handler" daemon [_thread_blocked, id=16524, stack(0x0000003d92500000,0x0000003d92600000)]
  0x000002061cf54800 JavaThread "Finalizer" daemon [_thread_blocked, id=11740, stack(0x0000003d92600000,0x0000003d92700000)]
  0x000002061d8e4800 JavaThread "Signal Dispatcher" daemon [_thread_blocked, id=1496, stack(0x0000003d92700000,0x0000003d92800000)]
  0x000002061d8e6000 JavaThread "Attach Listener" daemon [_thread_blocked, id=10020, stack(0x0000003d92800000,0x0000003d92900000)]
  0x000002061d8e7000 JavaThread "C2 CompilerThread0" daemon [_thread_blocked, id=11496, stack(0x0000003d92900000,0x0000003d92a00000)]
  0x000002061cf79800 JavaThread "C1 CompilerThread0" daemon [_thread_blocked, id=15876, stack(0x0000003d92a00000,0x0000003d92b00000)]
  0x000002061cf7e800 JavaThread "Sweeper thread" daemon [_thread_blocked, id=13564, stack(0x0000003d92b00000,0x0000003d92c00000)]
  0x000002061da39800 JavaThread "Common-Cleaner" daemon [_thread_blocked, id=4384, stack(0x0000003d92c00000,0x0000003d92d00000)]
  0x000002061da51800 JavaThread "Service Thread" daemon [_thread_blocked, id=2536, stack(0x0000003d92d00000,0x0000003d92e00000)]
  0x000002061fdbc800 JavaThread "Daemon health stats" [_thread_blocked, id=16392, stack(0x0000003d93200000,0x0000003d93300000)]
  0x000002061db2a000 JavaThread "Incoming local TCP Connector on port 58917" [_thread_in_native, id=5836, stack(0x0000003d93400000,0x0000003d93500000)]
  0x000002061fdb6800 JavaThread "Daemon periodic checks" [_thread_blocked, id=5468, stack(0x0000003d93500000,0x0000003d93600000)]
  0x0000020620637800 JavaThread "Daemon" [_thread_blocked, id=15148, stack(0x0000003d93600000,0x0000003d93700000)]
  0x000002061ffd3800 JavaThread "Handler for socket connection from /127.0.0.1:58917 to /127.0.0.1:58918" [_thread_in_native, id=10032, stack(0x0000003d93700000,0x0000003d93800000)]
=>0x000002061dc9c000 JavaThread "C2 CompilerThread1" daemon [_thread_in_native, id=804, stack(0x0000003d93800000,0x0000003d93900000)]
  0x000002061ede4800 JavaThread "Cancel handler" [_thread_blocked, id=11016, stack(0x0000003d93900000,0x0000003d93a00000)]
  0x000002061ef71000 JavaThread "Daemon worker" [_thread_in_native, id=13196, stack(0x0000003d93a00000,0x0000003d93b00000)]
  0x000002061f378800 JavaThread "Asynchronous log dispatcher for DefaultDaemonConnection: socket connection from /127.0.0.1:58917 to /127.0.0.1:58918" [_thread_blocked, id=2852, stack(0x0000003d93b00000,0x0000003d93c00000)]
  0x000002061f43f000 JavaThread "Stdin handler" [_thread_blocked, id=7252, stack(0x0000003d93c00000,0x0000003d93d00000)]
  0x000002061f32c000 JavaThread "Thread-8" [_thread_blocked, id=13400, stack(0x0000003d93d00000,0x0000003d93e00000)]
  0x000002061f20f800 JavaThread "Cache worker for file hash cache (C:\Users\shikh\.gradle\caches\6.7.1\fileHashes)" [_thread_blocked, id=15028, stack(0x0000003d94300000,0x0000003d94400000)]
  0x000002061f210800 JavaThread "File lock request listener" [_thread_in_native, id=8416, stack(0x0000003d94400000,0x0000003d94500000)]
  0x000002061f216000 JavaThread "Cache worker for journal cache (C:\Users\shikh\.gradle\caches\journal-1)" [_thread_blocked, id=3532, stack(0x0000003d94600000,0x0000003d94700000)]
  0x000002061f212000 JavaThread "Cache worker for file hash cache (C:\Users\shikh\AndroidStudioProjects\AppDev\.gradle\6.7.1\fileHashes)" [_thread_blocked, id=12236, stack(0x0000003d94700000,0x0000003d94800000)]
  0x000002061f211000 JavaThread "Cache worker for checksums cache (C:\Users\shikh\AndroidStudioProjects\AppDev\.gradle\checksums)" [_thread_blocked, id=13012, stack(0x0000003d94800000,0x0000003d94900000)]
  0x000002061f213000 JavaThread "Cache worker for cache directory md-supplier (C:\Users\shikh\.gradle\caches\6.7.1\md-supplier)" [_thread_blocked, id=17144, stack(0x0000003d94900000,0x0000003d94a00000)]
  0x000002061f213800 JavaThread "Cache worker for cache directory md-rule (C:\Users\shikh\.gradle\caches\6.7.1\md-rule)" [_thread_blocked, id=15232, stack(0x0000003d94a00000,0x0000003d94b00000)]
  0x000002061f214800 JavaThread "Cache worker for execution history cache (C:\Users\shikh\.gradle\caches\6.7.1\executionHistory)" [_thread_blocked, id=10300, stack(0x0000003d94b00000,0x0000003d94c00000)]
  0x000002061f215000 JavaThread "jar transforms" [_thread_blocked, id=13560, stack(0x0000003d94c00000,0x0000003d94d00000)]
  0x0000020621503000 JavaThread "Cache worker for file content cache (C:\Users\shikh\.gradle\caches\6.7.1\fileContent)" [_thread_blocked, id=12072, stack(0x0000003d94d00000,0x0000003d94e00000)]
  0x0000020621508800 JavaThread "Cache worker for Build Output Cleanup Cache (C:\Users\shikh\AndroidStudioProjects\AppDev\.gradle\buildOutputCleanup)" [_thread_blocked, id=9924, stack(0x0000003d94e00000,0x0000003d94f00000)]
  0x000002062150b000 JavaThread "Build operations" [_thread_blocked, id=17360, stack(0x0000003d94f00000,0x0000003d95000000)]
  0x0000020621509800 JavaThread "Build operations Thread 2" [_thread_blocked, id=17356, stack(0x0000003d95000000,0x0000003d95100000)]
  0x000002062150a000 JavaThread "Build operations Thread 3" [_thread_blocked, id=1736, stack(0x0000003d95100000,0x0000003d95200000)]
  0x0000020621508000 JavaThread "Build operations Thread 4" [_thread_blocked, id=3108, stack(0x0000003d95200000,0x0000003d95300000)]
  0x0000020621505800 JavaThread "Build operations Thread 5" [_thread_blocked, id=6340, stack(0x0000003d95300000,0x0000003d95400000)]
  0x000002062150c000 JavaThread "Build operations Thread 6" [_thread_blocked, id=10660, stack(0x0000003d95400000,0x0000003d95500000)]
  0x000002062150c800 JavaThread "Build operations Thread 7" [_thread_blocked, id=2400, stack(0x0000003d95500000,0x0000003d95600000)]
  0x0000020621507000 JavaThread "Build operations Thread 8" [_thread_blocked, id=3864, stack(0x0000003d95600000,0x0000003d95700000)]
  0x000002062150d800 JavaThread "jar transforms Thread 2" [_thread_blocked, id=10692, stack(0x0000003d95700000,0x0000003d95800000)]
  0x000002062150e800 JavaThread "jar transforms Thread 3" [_thread_blocked, id=3848, stack(0x0000003d95800000,0x0000003d95900000)]
  0x000002062150f000 JavaThread "jar transforms Thread 4" [_thread_blocked, id=13604, stack(0x0000003d95900000,0x0000003d95a00000)]
  0x0000020621510000 JavaThread "jar transforms Thread 5" [_thread_blocked, id=11940, stack(0x0000003d95a00000,0x0000003d95b00000)]
  0x0000020620415800 JavaThread "jar transforms Thread 6" [_thread_blocked, id=2604, stack(0x0000003d95b00000,0x0000003d95c00000)]
  0x0000020620413000 JavaThread "jar transforms Thread 7" [_thread_blocked, id=17304, stack(0x0000003d95c00000,0x0000003d95d00000)]
  0x0000020620411000 JavaThread "jar transforms Thread 8" [_thread_blocked, id=10308, stack(0x0000003d95d00000,0x0000003d95e00000)]
  0x0000020620413800 JavaThread "jar transforms Thread 9" [_thread_blocked, id=6036, stack(0x0000003d95e00000,0x0000003d95f00000)]
  0x0000020620416000 JavaThread "jar transforms Thread 10" [_thread_blocked, id=2176, stack(0x0000003d95f00000,0x0000003d96000000)]
  0x0000020620410800 JavaThread "jar transforms Thread 11" [_thread_blocked, id=14448, stack(0x0000003d96000000,0x0000003d96100000)]
  0x0000020620417000 JavaThread "jar transforms Thread 12" [_thread_blocked, id=1256, stack(0x0000003d96100000,0x0000003d96200000)]
  0x0000020620414800 JavaThread "jar transforms Thread 13" [_thread_blocked, id=13352, stack(0x0000003d96200000,0x0000003d96300000)]
  0x0000020620417800 JavaThread "jar transforms Thread 14" [_thread_blocked, id=15668, stack(0x0000003d96300000,0x0000003d96400000)]
  0x0000020620412000 JavaThread "jar transforms Thread 15" [_thread_blocked, id=17240, stack(0x0000003d96400000,0x0000003d96500000)]
  0x000002062041c800 JavaThread "jar transforms Thread 16" [_thread_blocked, id=17236, stack(0x0000003d96500000,0x0000003d96600000)]
  0x000002062041a000 JavaThread "jar transforms Thread 17" [_thread_blocked, id=17252, stack(0x0000003d96600000,0x0000003d96700000)]
  0x000002062041e800 JavaThread "jar transforms Thread 18" [_thread_blocked, id=7864, stack(0x0000003d96700000,0x0000003d96800000)]
  0x000002062041c000 JavaThread "jar transforms Thread 19" [_thread_blocked, id=11972, stack(0x0000003d96800000,0x0000003d96900000)]
  0x000002062041d800 JavaThread "jar transforms Thread 20" [_thread_blocked, id=12440, stack(0x0000003d96900000,0x0000003d96a00000)]
  0x000002062041b000 JavaThread "jar transforms Thread 21" [_thread_blocked, id=3832, stack(0x0000003d96a00000,0x0000003d96b00000)]
  0x0000020620418800 JavaThread "jar transforms Thread 22" [_thread_blocked, id=15196, stack(0x0000003d96b00000,0x0000003d96c00000)]
  0x000002062041f000 JavaThread "jar transforms Thread 23" [_thread_blocked, id=9308, stack(0x0000003d96c00000,0x0000003d96d00000)]
  0x0000020620419800 JavaThread "jar transforms Thread 24" [_thread_blocked, id=13336, stack(0x0000003d96d00000,0x0000003d96e00000)]
  0x0000020621a14000 JavaThread "jar transforms Thread 25" [_thread_blocked, id=15816, stack(0x0000003d96e00000,0x0000003d96f00000)]
  0x0000020621a15000 JavaThread "jar transforms Thread 26" [_thread_blocked, id=16008, stack(0x0000003d96f00000,0x0000003d97000000)]
  0x0000020621a16800 JavaThread "jar transforms Thread 27" [_thread_blocked, id=5332, stack(0x0000003d97000000,0x0000003d97100000)]
  0x0000020621a17800 JavaThread "jar transforms Thread 28" [_thread_blocked, id=15732, stack(0x0000003d97100000,0x0000003d97200000)]
  0x0000020621a16000 JavaThread "jar transforms Thread 29" [_thread_blocked, id=13412, stack(0x0000003d97200000,0x0000003d97300000)]
  0x0000020621a12800 JavaThread "jar transforms Thread 30" [_thread_blocked, id=17256, stack(0x0000003d97300000,0x0000003d97400000)]
  0x0000020621a11800 JavaThread "jar transforms Thread 31" [_thread_blocked, id=17216, stack(0x0000003d97400000,0x0000003d97500000)]
  0x0000020621a13800 JavaThread "jar transforms Thread 32" [_thread_blocked, id=17224, stack(0x0000003d97500000,0x0000003d97600000)]
  0x0000020621a1a000 JavaThread "jar transforms Thread 33" [_thread_blocked, id=17232, stack(0x0000003d97600000,0x0000003d97700000)]
  0x0000020621a1d000 JavaThread "jar transforms Thread 34" [_thread_blocked, id=17228, stack(0x0000003d97700000,0x0000003d97800000)]
  0x0000020621a1e000 JavaThread "jar transforms Thread 35" [_thread_blocked, id=17192, stack(0x0000003d97800000,0x0000003d97900000)]
  0x0000020621a18000 JavaThread "jar transforms Thread 36" [_thread_blocked, id=17188, stack(0x0000003d97900000,0x0000003d97a00000)]
  0x0000020621a19000 JavaThread "jar transforms Thread 37" [_thread_blocked, id=17220, stack(0x0000003d97a00000,0x0000003d97b00000)]
  0x0000020621a1a800 JavaThread "jar transforms Thread 38" [_thread_blocked, id=17196, stack(0x0000003d97b00000,0x0000003d97c00000)]
  0x0000020621a1c800 JavaThread "jar transforms Thread 39" [_thread_blocked, id=12716, stack(0x0000003d97c00000,0x0000003d97d00000)]
  0x0000020621a1f000 JavaThread "jar transforms Thread 40" [_thread_blocked, id=11368, stack(0x0000003d97d00000,0x0000003d97e00000)]
  0x0000020621a1b800 JavaThread "jar transforms Thread 41" [_thread_blocked, id=17212, stack(0x0000003d97e00000,0x0000003d97f00000)]
  0x0000020621a1f800 JavaThread "jar transforms Thread 42" [_thread_blocked, id=17244, stack(0x0000003d97f00000,0x0000003d98000000)]
  0x0000020621a20800 JavaThread "jar transforms Thread 43" [_thread_blocked, id=17208, stack(0x0000003d98000000,0x0000003d98100000)]
  0x000002062342b000 JavaThread "jar transforms Thread 44" [_thread_blocked, id=12184, stack(0x0000003d98100000,0x0000003d98200000)]
  0x0000020623428800 JavaThread "jar transforms Thread 45" [_thread_blocked, id=13800, stack(0x0000003d98200000,0x0000003d98300000)]
  0x0000020623429800 JavaThread "jar transforms Thread 46" [_thread_blocked, id=16784, stack(0x0000003d98300000,0x0000003d98400000)]
  0x0000020623427800 JavaThread "jar transforms Thread 47" [_thread_blocked, id=16684, stack(0x0000003d98400000,0x0000003d98500000)]
  0x000002062342a000 JavaThread "jar transforms Thread 48" [_thread_blocked, id=16708, stack(0x0000003d98500000,0x0000003d98600000)]
  0x000002062342c000 JavaThread "jar transforms Thread 49" [_thread_blocked, id=16536, stack(0x0000003d98600000,0x0000003d98700000)]
  0x0000020623426000 JavaThread "jar transforms Thread 50" [_thread_blocked, id=6232, stack(0x0000003d98700000,0x0000003d98800000)]
  0x000002062342c800 JavaThread "jar transforms Thread 51" [_thread_blocked, id=15780, stack(0x0000003d98800000,0x0000003d98900000)]
  0x0000020623427000 JavaThread "jar transforms Thread 52" [_thread_blocked, id=7108, stack(0x0000003d98900000,0x0000003d98a00000)]
  0x000002062342d800 JavaThread "jar transforms Thread 53" [_thread_blocked, id=10420, stack(0x0000003d98a00000,0x0000003d98b00000)]
  0x000002062342e800 JavaThread "jar transforms Thread 54" [_thread_blocked, id=16644, stack(0x0000003d98b00000,0x0000003d98c00000)]
  0x0000020623430800 JavaThread "jar transforms Thread 55" [_thread_blocked, id=16168, stack(0x0000003d98c00000,0x0000003d98d00000)]
  0x000002062342f000 JavaThread "jar transforms Thread 56" [_thread_blocked, id=10640, stack(0x0000003d98d00000,0x0000003d98e00000)]
  0x0000020623430000 JavaThread "jar transforms Thread 57" [_thread_blocked, id=12788, stack(0x0000003d98e00000,0x0000003d98f00000)]
  0x0000020623433000 JavaThread "jar transforms Thread 58" [_thread_blocked, id=1456, stack(0x0000003d98f00000,0x0000003d99000000)]
  0x0000020623431800 JavaThread "jar transforms Thread 59" [_thread_blocked, id=12556, stack(0x0000003d99000000,0x0000003d99100000)]
  0x0000020623432800 JavaThread "jar transforms Thread 60" [_thread_blocked, id=12752, stack(0x0000003d99100000,0x0000003d99200000)]
  0x0000020623434000 JavaThread "jar transforms Thread 61" [_thread_blocked, id=14428, stack(0x0000003d99200000,0x0000003d99300000)]
  0x0000020623435000 JavaThread "jar transforms Thread 62" [_thread_blocked, id=14968, stack(0x0000003d99300000,0x0000003d99400000)]
  0x0000020623571000 JavaThread "jar transforms Thread 63" [_thread_blocked, id=15964, stack(0x0000003d99400000,0x0000003d99500000)]
  0x000002062356f800 JavaThread "jar transforms Thread 64" [_thread_blocked, id=1988, stack(0x0000003d99500000,0x0000003d99600000)]
  0x0000020623571800 JavaThread "jar transforms Thread 65" [_thread_blocked, id=5160, stack(0x0000003d99600000,0x0000003d99700000)]
  0x0000020623570000 JavaThread "jar transforms Thread 66" [_thread_blocked, id=5580, stack(0x0000003d99700000,0x0000003d99800000)]
  0x0000020623572800 JavaThread "jar transforms Thread 67" [_thread_blocked, id=8944, stack(0x0000003d99800000,0x0000003d99900000)]
  0x0000020623576800 JavaThread "jar transforms Thread 68" [_thread_blocked, id=4484, stack(0x0000003d99900000,0x0000003d99a00000)]
  0x0000020623577800 JavaThread "jar transforms Thread 69" [_thread_blocked, id=11276, stack(0x0000003d99a00000,0x0000003d99b00000)]
  0x0000020623578000 JavaThread "jar transforms Thread 70" [_thread_blocked, id=2540, stack(0x0000003d99b00000,0x0000003d99c00000)]
  0x0000020623573800 JavaThread "jar transforms Thread 71" [_thread_blocked, id=1908, stack(0x0000003d99c00000,0x0000003d99d00000)]
  0x000002062357a000 JavaThread "jar transforms Thread 72" [_thread_blocked, id=12528, stack(0x0000003d99d00000,0x0000003d99e00000)]
  0x0000020623574000 JavaThread "jar transforms Thread 73" [_thread_blocked, id=8988, stack(0x0000003d99e00000,0x0000003d99f00000)]
  0x0000020623579000 JavaThread "jar transforms Thread 74" [_thread_blocked, id=15024, stack(0x0000003d99f00000,0x0000003d9a000000)]
  0x000002062357a800 JavaThread "jar transforms Thread 75" [_thread_blocked, id=16592, stack(0x0000003d9a000000,0x0000003d9a100000)]
  0x0000020623575000 JavaThread "jar transforms Thread 76" [_thread_blocked, id=2892, stack(0x0000003d9a100000,0x0000003d9a200000)]
  0x000002062357b800 JavaThread "jar transforms Thread 77" [_thread_blocked, id=16980, stack(0x0000003d9a200000,0x0000003d9a300000)]
  0x0000020623576000 JavaThread "jar transforms Thread 78" [_thread_blocked, id=16960, stack(0x0000003d9a300000,0x0000003d9a400000)]
  0x000002062357c800 JavaThread "jar transforms Thread 79" [_thread_blocked, id=16832, stack(0x0000003d9a400000,0x0000003d9a500000)]
  0x000002062357d000 JavaThread "jar transforms Thread 80" [_thread_blocked, id=16256, stack(0x0000003d9a500000,0x0000003d9a600000)]
  0x000002062357e000 JavaThread "jar transforms Thread 81" [_thread_blocked, id=9304, stack(0x0000003d9a600000,0x0000003d9a700000)]
  0x000002062378c800 JavaThread "jar transforms Thread 82" [_thread_blocked, id=13236, stack(0x0000003d9a700000,0x0000003d9a800000)]
  0x000002062378c000 JavaThread "jar transforms Thread 83" [_thread_blocked, id=3508, stack(0x0000003d9a800000,0x0000003d9a900000)]
  0x000002062378a800 JavaThread "jar transforms Thread 84" [_thread_blocked, id=14224, stack(0x0000003d9a900000,0x0000003d9aa00000)]
  0x000002062378f000 JavaThread "jar transforms Thread 85" [_thread_blocked, id=12272, stack(0x0000003d9aa00000,0x0000003d9ab00000)]
  0x000002062378e800 JavaThread "jar transforms Thread 86" [_thread_blocked, id=14324, stack(0x0000003d9ab00000,0x0000003d9ac00000)]
  0x000002062378d800 JavaThread "jar transforms Thread 87" [_thread_blocked, id=4212, stack(0x0000003d9ac00000,0x0000003d9ad00000)]
  0x0000020623789800 JavaThread "jar transforms Thread 88" [_thread_blocked, id=10408, stack(0x0000003d9ad00000,0x0000003d9ae00000)]
  0x0000020623790000 JavaThread "jar transforms Thread 89" [_thread_blocked, id=8940, stack(0x0000003d9ae00000,0x0000003d9af00000)]
  0x0000020623791000 JavaThread "jar transforms Thread 90" [_thread_blocked, id=8200, stack(0x0000003d9af00000,0x0000003d9b000000)]
  0x000002062378b000 JavaThread "jar transforms Thread 91" [_thread_blocked, id=6988, stack(0x0000003d9b000000,0x0000003d9b100000)]
  0x0000020623793800 JavaThread "jar transforms Thread 92" [_thread_blocked, id=13872, stack(0x0000003d9b100000,0x0000003d9b200000)]
  0x0000020623791800 JavaThread "jar transforms Thread 93" [_thread_blocked, id=13044, stack(0x0000003d9b200000,0x0000003d9b300000)]
  0x0000020623795800 JavaThread "jar transforms Thread 94" [_thread_blocked, id=12100, stack(0x0000003d9b300000,0x0000003d9b400000)]
  0x0000020623798000 JavaThread "jar transforms Thread 95" [_thread_blocked, id=12824, stack(0x0000003d9b400000,0x0000003d9b500000)]
  0x0000020623795000 JavaThread "jar transforms Thread 96" [_thread_blocked, id=3916, stack(0x0000003d9b500000,0x0000003d9b600000)]
  0x0000020623796800 JavaThread "jar transforms Thread 97" [_thread_blocked, id=2692, stack(0x0000003d9b600000,0x0000003d9b700000)]
  0x0000020623792800 JavaThread "jar transforms Thread 98" [_thread_blocked, id=13544, stack(0x0000003d9b700000,0x0000003d9b800000)]
  0x0000020623794000 JavaThread "jar transforms Thread 99" [_thread_blocked, id=13112, stack(0x0000003d9b800000,0x0000003d9b900000)]

Other Threads:
  0x000002061cf4e000 VMThread "VM Thread" [stack: 0x0000003d92400000,0x0000003d92500000] [id=4456]
  0x000002061da52800 WatcherThread [stack: 0x0000003d92e00000,0x0000003d92f00000] [id=11460]
  0x000002060246f800 GCTaskThread "GC Thread#0" [stack: 0x0000003d91f00000,0x0000003d92000000] [id=5072]
  0x000002061e4ff000 GCTaskThread "GC Thread#1" [stack: 0x0000003d93000000,0x0000003d93100000] [id=2912]
  0x000002061e558000 GCTaskThread "GC Thread#2" [stack: 0x0000003d93100000,0x0000003d93200000] [id=15204]
  0x000002061fa36000 GCTaskThread "GC Thread#3" [stack: 0x0000003d93e00000,0x0000003d93f00000] [id=14516]
  0x000002061f6cd800 GCTaskThread "GC Thread#4" [stack: 0x0000003d93f00000,0x0000003d94000000] [id=14040]
  0x000002061eb57800 GCTaskThread "GC Thread#5" [stack: 0x0000003d94000000,0x0000003d94100000] [id=4512]
  0x000002061ec94000 GCTaskThread "GC Thread#6" [stack: 0x0000003d94100000,0x0000003d94200000] [id=14056]
  0x000002061e989800 GCTaskThread "GC Thread#7" [stack: 0x0000003d94200000,0x0000003d94300000] [id=14256]
  0x00000206024a3000 ConcurrentGCThread "G1 Main Marker" [stack: 0x0000003d92000000,0x0000003d92100000] [id=3392]
  0x00000206024a5800 ConcurrentGCThread "G1 Conc#0" [stack: 0x0000003d92100000,0x0000003d92200000] [id=1436]
  0x000002062030d800 ConcurrentGCThread "G1 Conc#1" [stack: 0x0000003d94500000,0x0000003d94600000] [id=10188]
  0x000002061cda0800 ConcurrentGCThread "G1 Refine#0" [stack: 0x0000003d92200000,0x0000003d92300000] [id=4636]
  0x000002061cda1000 ConcurrentGCThread "G1 Young RemSet Sampling" [stack: 0x0000003d92300000,0x0000003d92400000] [id=15176]

Threads with active compile tasks:
C2 CompilerThread1   7733 4548       4       java.util.jar.JarFile::getManifest (5 bytes)

VM state:not at safepoint (normal execution)

VM Mutex/Monitor currently owned by a thread: None

Heap address: 0x0000000080000000, size: 2048 MB, Compressed Oops mode: 32-bit
Narrow klass base: 0x0000000000000000, Narrow klass shift: 3
Compressed class space size: 1073741824 Address: 0x0000000100000000

Heap:
 garbage-first heap   total 155648K, used 97883K [0x0000000080000000, 0x0000000100000000)
  region size 1024K, 73 young (74752K), 6 survivors (6144K)
 Metaspace       used 50521K, capacity 51660K, committed 51916K, reserved 1093632K
  class space    used 6427K, capacity 6831K, committed 6912K, reserved 1048576K
Heap Regions: E=young(eden), S=young(survivor), O=old, HS=humongous(starts), HC=humongous(continues), CS=collection set, F=free, A=archive, TAMS=top-at-mark-start (previous, next)
|   0|0x0000000080000000, 0x0000000080100000, 0x0000000080100000|100%| O|  |TAMS 0x0000000080100000, 0x0000000080000000| Untracked 
|   1|0x0000000080100000, 0x0000000080200000, 0x0000000080200000|100%| O|  |TAMS 0x0000000080200000, 0x0000000080100000| Untracked 
|   2|0x0000000080200000, 0x0000000080300000, 0x0000000080300000|100%| O|  |TAMS 0x0000000080300000, 0x0000000080200000| Untracked 
|   3|0x0000000080300000, 0x0000000080400000, 0x0000000080400000|100%|HS|  |TAMS 0x0000000080400000, 0x0000000080300000| Complete 
|   4|0x0000000080400000, 0x0000000080500000, 0x0000000080500000|100%|HC|  |TAMS 0x0000000080500000, 0x0000000080400000| Complete 
|   5|0x0000000080500000, 0x0000000080600000, 0x0000000080600000|100%|HC|  |TAMS 0x0000000080600000, 0x0000000080500000| Complete 
|   6|0x0000000080600000, 0x0000000080700000, 0x0000000080700000|100%| O|  |TAMS 0x0000000080700000, 0x0000000080600000| Untracked 
|   7|0x0000000080700000, 0x0000000080800000, 0x0000000080800000|100%| O|  |TAMS 0x0000000080800000, 0x0000000080700000| Untracked 
|   8|0x0000000080800000, 0x0000000080900000, 0x0000000080900000|100%| O|  |TAMS 0x0000000080900000, 0x0000000080800000| Untracked 
|   9|0x0000000080900000, 0x0000000080a00000, 0x0000000080a00000|100%| O|  |TAMS 0x0000000080a00000, 0x0000000080900000| Untracked 
|  10|0x0000000080a00000, 0x0000000080b00000, 0x0000000080b00000|100%| O|  |TAMS 0x0000000080b00000, 0x0000000080a00000| Untracked 
|  11|0x0000000080b00000, 0x0000000080c00000, 0x0000000080c00000|100%| O|  |TAMS 0x0000000080c00000, 0x0000000080b00000| Untracked 
|  12|0x0000000080c00000, 0x0000000080d00000, 0x0000000080d00000|100%| O|  |TAMS 0x0000000080d00000, 0x0000000080c00000| Untracked 
|  13|0x0000000080d00000, 0x0000000080e00000, 0x0000000080e00000|100%| O|  |TAMS 0x0000000080e00000, 0x0000000080d00000| Untracked 
|  14|0x0000000080e00000, 0x0000000080f00000, 0x0000000080f00000|100%| O|  |TAMS 0x0000000080f00000, 0x0000000080e00000| Untracked 
|  15|0x0000000080f00000, 0x0000000081000000, 0x0000000081000000|100%| O|  |TAMS 0x0000000080f31200, 0x0000000080f00000| Untracked 
|  16|0x0000000081000000, 0x0000000081100000, 0x0000000081100000|100%| O|  |TAMS 0x0000000081000000, 0x0000000081000000| Untracked 
|  17|0x0000000081100000, 0x0000000081200000, 0x0000000081200000|100%| O|  |TAMS 0x0000000081100000, 0x0000000081100000| Untracked 
|  18|0x0000000081200000, 0x00000000812ddc00, 0x0000000081300000| 86%| O|  |TAMS 0x0000000081200000, 0x0000000081200000| Untracked 
|  19|0x0000000081300000, 0x0000000081400000, 0x0000000081400000|100%|HS|  |TAMS 0x0000000081300000, 0x0000000081300000| Complete 
|  20|0x0000000081400000, 0x0000000081500000, 0x0000000081500000|100%| O|  |TAMS 0x0000000081400000, 0x0000000081400000| Untracked 
|  21|0x0000000081500000, 0x0000000081600000, 0x0000000081600000|100%| O|  |TAMS 0x0000000081500000, 0x0000000081500000| Untracked 
|  22|0x0000000081600000, 0x0000000081700000, 0x0000000081700000|100%|HS|  |TAMS 0x0000000081600000, 0x0000000081600000| Complete 
|  23|0x0000000081700000, 0x0000000081800000, 0x0000000081800000|100%|HC|  |TAMS 0x0000000081700000, 0x0000000081700000| Complete 
|  24|0x0000000081800000, 0x0000000081800000, 0x0000000081900000|  0%| F|  |TAMS 0x0000000081800000, 0x0000000081800000| Untracked 
|  25|0x0000000081900000, 0x0000000081900000, 0x0000000081a00000|  0%| F|  |TAMS 0x0000000081900000, 0x0000000081900000| Untracked 
|  26|0x0000000081a00000, 0x0000000081a00000, 0x0000000081b00000|  0%| F|  |TAMS 0x0000000081a00000, 0x0000000081a00000| Untracked 
|  27|0x0000000081b00000, 0x0000000081b00000, 0x0000000081c00000|  0%| F|  |TAMS 0x0000000081b00000, 0x0000000081b00000| Untracked 
|  28|0x0000000081c00000, 0x0000000081c00000, 0x0000000081d00000|  0%| F|  |TAMS 0x0000000081c00000, 0x0000000081c00000| Untracked 
|  29|0x0000000081d00000, 0x0000000081d00000, 0x0000000081e00000|  0%| F|  |TAMS 0x0000000081d00000, 0x0000000081d00000| Untracked 
|  30|0x0000000081e00000, 0x0000000081e00000, 0x0000000081f00000|  0%| F|  |TAMS 0x0000000081e00000, 0x0000000081e00000| Untracked 
|  31|0x0000000081f00000, 0x0000000081f00000, 0x0000000082000000|  0%| F|  |TAMS 0x0000000081f00000, 0x0000000081f00000| Untracked 
|  32|0x0000000082000000, 0x0000000082000000, 0x0000000082100000|  0%| F|  |TAMS 0x0000000082000000, 0x0000000082000000| Untracked 
|  33|0x0000000082100000, 0x0000000082100000, 0x0000000082200000|  0%| F|  |TAMS 0x0000000082100000, 0x0000000082100000| Untracked 
|  34|0x0000000082200000, 0x0000000082200000, 0x0000000082300000|  0%| F|  |TAMS 0x0000000082200000, 0x0000000082200000| Untracked 
|  35|0x0000000082300000, 0x0000000082300000, 0x0000000082400000|  0%| F|  |TAMS 0x0000000082300000, 0x0000000082300000| Untracked 
|  36|0x0000000082400000, 0x0000000082400000, 0x0000000082500000|  0%| F|  |TAMS 0x0000000082400000, 0x0000000082400000| Untracked 
|  37|0x0000000082500000, 0x0000000082500000, 0x0000000082600000|  0%| F|  |TAMS 0x0000000082500000, 0x0000000082500000| Untracked 
|  38|0x0000000082600000, 0x0000000082600000, 0x0000000082700000|  0%| F|  |TAMS 0x0000000082600000, 0x0000000082600000| Untracked 
|  39|0x0000000082700000, 0x0000000082700000, 0x0000000082800000|  0%| F|  |TAMS 0x0000000082700000, 0x0000000082700000| Untracked 
|  40|0x0000000082800000, 0x0000000082800000, 0x0000000082900000|  0%| F|  |TAMS 0x0000000082800000, 0x0000000082800000| Untracked 
|  41|0x0000000082900000, 0x0000000082900000, 0x0000000082a00000|  0%| F|  |TAMS 0x0000000082900000, 0x0000000082900000| Untracked 
|  42|0x0000000082a00000, 0x0000000082a00000, 0x0000000082b00000|  0%| F|  |TAMS 0x0000000082a00000, 0x0000000082a00000| Untracked 
|  43|0x0000000082b00000, 0x0000000082b00000, 0x0000000082c00000|  0%| F|  |TAMS 0x0000000082b00000, 0x0000000082b00000| Untracked 
|  44|0x0000000082c00000, 0x0000000082c00000, 0x0000000082d00000|  0%| F|  |TAMS 0x0000000082c00000, 0x0000000082c00000| Untracked 
|  45|0x0000000082d00000, 0x0000000082d00000, 0x0000000082e00000|  0%| F|  |TAMS 0x0000000082d00000, 0x0000000082d00000| Untracked 
|  46|0x0000000082e00000, 0x0000000082e00000, 0x0000000082f00000|  0%| F|  |TAMS 0x0000000082e00000, 0x0000000082e00000| Untracked 
|  47|0x0000000082f00000, 0x0000000082f00000, 0x0000000083000000|  0%| F|  |TAMS 0x0000000082f00000, 0x0000000082f00000| Untracked 
|  48|0x0000000083000000, 0x0000000083000000, 0x0000000083100000|  0%| F|  |TAMS 0x0000000083000000, 0x0000000083000000| Untracked 
|  49|0x0000000083100000, 0x0000000083100000, 0x0000000083200000|  0%| F|  |TAMS 0x0000000083100000, 0x0000000083100000| Untracked 
|  50|0x0000000083200000, 0x0000000083200000, 0x0000000083300000|  0%| F|  |TAMS 0x0000000083200000, 0x0000000083200000| Untracked 
|  51|0x0000000083300000, 0x0000000083300000, 0x0000000083400000|  0%| F|  |TAMS 0x0000000083300000, 0x0000000083300000| Untracked 
|  52|0x0000000083400000, 0x0000000083400000, 0x0000000083500000|  0%| F|  |TAMS 0x0000000083400000, 0x0000000083400000| Untracked 
|  53|0x0000000083500000, 0x0000000083500000, 0x0000000083600000|  0%| F|  |TAMS 0x0000000083500000, 0x0000000083500000| Untracked 
|  54|0x0000000083600000, 0x0000000083600000, 0x0000000083700000|  0%| F|  |TAMS 0x0000000083600000, 0x0000000083600000| Untracked 
|  55|0x0000000083700000, 0x0000000083700000, 0x0000000083800000|  0%| F|  |TAMS 0x0000000083700000, 0x0000000083700000| Untracked 
|  56|0x0000000083800000, 0x00000000838b9398, 0x0000000083900000| 72%| S|CS|TAMS 0x0000000083800000, 0x0000000083800000| Complete 
|  57|0x0000000083900000, 0x0000000083a00000, 0x0000000083a00000|100%| S|CS|TAMS 0x0000000083900000, 0x0000000083900000| Complete 
|  58|0x0000000083a00000, 0x0000000083a00000, 0x0000000083b00000|  0%| F|  |TAMS 0x0000000083a00000, 0x0000000083a00000| Untracked 
|  59|0x0000000083b00000, 0x0000000083b00000, 0x0000000083c00000|  0%| F|  |TAMS 0x0000000083b00000, 0x0000000083b00000| Untracked 
|  60|0x0000000083c00000, 0x0000000083c00000, 0x0000000083d00000|  0%| F|  |TAMS 0x0000000083c00000, 0x0000000083c00000| Untracked 
|  61|0x0000000083d00000, 0x0000000083d00000, 0x0000000083e00000|  0%| F|  |TAMS 0x0000000083d00000, 0x0000000083d00000| Untracked 
|  62|0x0000000083e00000, 0x0000000083e00000, 0x0000000083f00000|  0%| F|  |TAMS 0x0000000083e00000, 0x0000000083e00000| Untracked 
|  63|0x0000000083f00000, 0x0000000083f00000, 0x0000000084000000|  0%| F|  |TAMS 0x0000000083f00000, 0x0000000083f00000| Untracked 
|  64|0x0000000084000000, 0x0000000084100000, 0x0000000084100000|100%| S|CS|TAMS 0x0000000084000000, 0x0000000084000000| Complete 
|  65|0x0000000084100000, 0x0000000084200000, 0x0000000084200000|100%| S|CS|TAMS 0x0000000084100000, 0x0000000084100000| Complete 
|  66|0x0000000084200000, 0x0000000084300000, 0x0000000084300000|100%| S|CS|TAMS 0x0000000084200000, 0x0000000084200000| Complete 
|  67|0x0000000084300000, 0x0000000084400000, 0x0000000084400000|100%| S|CS|TAMS 0x0000000084300000, 0x0000000084300000| Complete 
|  68|0x0000000084400000, 0x0000000084400000, 0x0000000084500000|  0%| F|  |TAMS 0x0000000084400000, 0x0000000084400000| Untracked 
|  69|0x0000000084500000, 0x0000000084500000, 0x0000000084600000|  0%| F|  |TAMS 0x0000000084500000, 0x0000000084500000| Untracked 
|  70|0x0000000084600000, 0x0000000084600000, 0x0000000084700000|  0%| F|  |TAMS 0x0000000084600000, 0x0000000084600000| Untracked 
|  71|0x0000000084700000, 0x0000000084700000, 0x0000000084800000|  0%| F|  |TAMS 0x0000000084700000, 0x0000000084700000| Untracked 
|  72|0x0000000084800000, 0x0000000084800000, 0x0000000084900000|  0%| F|  |TAMS 0x0000000084800000, 0x0000000084800000| Untracked 
|  73|0x0000000084900000, 0x0000000084900000, 0x0000000084a00000|  0%| F|  |TAMS 0x0000000084900000, 0x0000000084900000| Untracked 
|  74|0x0000000084a00000, 0x0000000084a00000, 0x0000000084b00000|  0%| F|  |TAMS 0x0000000084a00000, 0x0000000084a00000| Untracked 
|  75|0x0000000084b00000, 0x0000000084b00000, 0x0000000084c00000|  0%| F|  |TAMS 0x0000000084b00000, 0x0000000084b00000| Untracked 
|  76|0x0000000084c00000, 0x0000000084c00000, 0x0000000084d00000|  0%| F|  |TAMS 0x0000000084c00000, 0x0000000084c00000| Untracked 
|  77|0x0000000084d00000, 0x0000000084d00000, 0x0000000084e00000|  0%| F|  |TAMS 0x0000000084d00000, 0x0000000084d00000| Untracked 
|  78|0x0000000084e00000, 0x0000000084e00000, 0x0000000084f00000|  0%| F|  |TAMS 0x0000000084e00000, 0x0000000084e00000| Untracked 
|  79|0x0000000084f00000, 0x0000000084f00000, 0x0000000085000000|  0%| F|  |TAMS 0x0000000084f00000, 0x0000000084f00000| Untracked 
|  80|0x0000000085000000, 0x0000000085000000, 0x0000000085100000|  0%| F|  |TAMS 0x0000000085000000, 0x0000000085000000| Untracked 
|  81|0x0000000085100000, 0x0000000085100000, 0x0000000085200000|  0%| F|  |TAMS 0x0000000085100000, 0x0000000085100000| Untracked 
|  82|0x0000000085200000, 0x0000000085200000, 0x0000000085300000|  0%| F|  |TAMS 0x0000000085200000, 0x0000000085200000| Untracked 
|  83|0x0000000085300000, 0x0000000085300000, 0x0000000085400000|  0%| F|  |TAMS 0x0000000085300000, 0x0000000085300000| Untracked 
|  84|0x0000000085400000, 0x0000000085400000, 0x0000000085500000|  0%| F|  |TAMS 0x0000000085400000, 0x0000000085400000| Untracked 
|  85|0x0000000085500000, 0x0000000085600000, 0x0000000085600000|100%| E|  |TAMS 0x0000000085500000, 0x0000000085500000| Complete 
|  86|0x0000000085600000, 0x0000000085700000, 0x0000000085700000|100%| E|CS|TAMS 0x0000000085600000, 0x0000000085600000| Complete 
|  87|0x0000000085700000, 0x0000000085800000, 0x0000000085800000|100%| E|CS|TAMS 0x0000000085700000, 0x0000000085700000| Complete 
|  88|0x0000000085800000, 0x0000000085900000, 0x0000000085900000|100%| E|CS|TAMS 0x0000000085800000, 0x0000000085800000| Complete 
|  89|0x0000000085900000, 0x0000000085a00000, 0x0000000085a00000|100%| E|CS|TAMS 0x0000000085900000, 0x0000000085900000| Complete 
|  90|0x0000000085a00000, 0x0000000085b00000, 0x0000000085b00000|100%| E|CS|TAMS 0x0000000085a00000, 0x0000000085a00000| Complete 
|  91|0x0000000085b00000, 0x0000000085c00000, 0x0000000085c00000|100%| E|CS|TAMS 0x0000000085b00000, 0x0000000085b00000| Complete 
|  92|0x0000000085c00000, 0x0000000085d00000, 0x0000000085d00000|100%| E|CS|TAMS 0x0000000085c00000, 0x0000000085c00000| Complete 
|  93|0x0000000085d00000, 0x0000000085e00000, 0x0000000085e00000|100%| E|CS|TAMS 0x0000000085d00000, 0x0000000085d00000| Complete 
|  94|0x0000000085e00000, 0x0000000085f00000, 0x0000000085f00000|100%| E|CS|TAMS 0x0000000085e00000, 0x0000000085e00000| Complete 
|  95|0x0000000085f00000, 0x0000000086000000, 0x0000000086000000|100%| E|CS|TAMS 0x0000000085f00000, 0x0000000085f00000| Complete 
|  96|0x0000000086000000, 0x0000000086100000, 0x0000000086100000|100%| E|CS|TAMS 0x0000000086000000, 0x0000000086000000| Complete 
|  97|0x0000000086100000, 0x0000000086200000, 0x0000000086200000|100%| E|CS|TAMS 0x0000000086100000, 0x0000000086100000| Complete 
|  98|0x0000000086200000, 0x0000000086300000, 0x0000000086300000|100%| E|CS|TAMS 0x0000000086200000, 0x0000000086200000| Complete 
|  99|0x0000000086300000, 0x0000000086400000, 0x0000000086400000|100%| E|CS|TAMS 0x0000000086300000, 0x0000000086300000| Complete 
| 100|0x0000000086400000, 0x0000000086500000, 0x0000000086500000|100%| E|CS|TAMS 0x0000000086400000, 0x0000000086400000| Complete 
| 101|0x0000000086500000, 0x0000000086600000, 0x0000000086600000|100%| E|CS|TAMS 0x0000000086500000, 0x0000000086500000| Complete 
| 102|0x0000000086600000, 0x0000000086700000, 0x0000000086700000|100%| E|CS|TAMS 0x0000000086600000, 0x0000000086600000| Complete 
| 103|0x0000000086700000, 0x0000000086800000, 0x0000000086800000|100%| E|CS|TAMS 0x0000000086700000, 0x0000000086700000| Complete 
| 104|0x0000000086800000, 0x0000000086900000, 0x0000000086900000|100%| E|CS|TAMS 0x0000000086800000, 0x0000000086800000| Complete 
| 105|0x0000000086900000, 0x0000000086a00000, 0x0000000086a00000|100%| E|CS|TAMS 0x0000000086900000, 0x0000000086900000| Complete 
| 106|0x0000000086a00000, 0x0000000086b00000, 0x0000000086b00000|100%| E|CS|TAMS 0x0000000086a00000, 0x0000000086a00000| Complete 
| 107|0x0000000086b00000, 0x0000000086c00000, 0x0000000086c00000|100%| E|CS|TAMS 0x0000000086b00000, 0x0000000086b00000| Complete 
| 108|0x0000000086c00000, 0x0000000086d00000, 0x0000000086d00000|100%| E|CS|TAMS 0x0000000086c00000, 0x0000000086c00000| Complete 
| 109|0x0000000086d00000, 0x0000000086e00000, 0x0000000086e00000|100%| E|CS|TAMS 0x0000000086d00000, 0x0000000086d00000| Complete 
| 110|0x0000000086e00000, 0x0000000086f00000, 0x0000000086f00000|100%| E|CS|TAMS 0x0000000086e00000, 0x0000000086e00000| Complete 
| 111|0x0000000086f00000, 0x0000000087000000, 0x0000000087000000|100%| E|CS|TAMS 0x0000000086f00000, 0x0000000086f00000| Complete 
| 112|0x0000000087000000, 0x0000000087100000, 0x0000000087100000|100%| E|CS|TAMS 0x0000000087000000, 0x0000000087000000| Complete 
| 113|0x0000000087100000, 0x0000000087200000, 0x0000000087200000|100%| E|CS|TAMS 0x0000000087100000, 0x0000000087100000| Complete 
| 114|0x0000000087200000, 0x0000000087300000, 0x0000000087300000|100%| E|CS|TAMS 0x0000000087200000, 0x0000000087200000| Complete 
| 115|0x0000000087300000, 0x0000000087400000, 0x0000000087400000|100%| E|CS|TAMS 0x0000000087300000, 0x0000000087300000| Complete 
| 116|0x0000000087400000, 0x0000000087500000, 0x0000000087500000|100%| E|CS|TAMS 0x0000000087400000, 0x0000000087400000| Complete 
| 117|0x0000000087500000, 0x0000000087600000, 0x0000000087600000|100%| E|CS|TAMS 0x0000000087500000, 0x0000000087500000| Complete 
| 118|0x0000000087600000, 0x0000000087700000, 0x0000000087700000|100%| E|CS|TAMS 0x0000000087600000, 0x0000000087600000| Complete 
| 119|0x0000000087700000, 0x0000000087800000, 0x0000000087800000|100%| E|CS|TAMS 0x0000000087700000, 0x0000000087700000| Complete 
| 120|0x0000000087800000, 0x0000000087900000, 0x0000000087900000|100%| E|CS|TAMS 0x0000000087800000, 0x0000000087800000| Complete 
| 121|0x0000000087900000, 0x0000000087a00000, 0x0000000087a00000|100%| E|CS|TAMS 0x0000000087900000, 0x0000000087900000| Complete 
| 122|0x0000000087a00000, 0x0000000087b00000, 0x0000000087b00000|100%| E|CS|TAMS 0x0000000087a00000, 0x0000000087a00000| Complete 
| 123|0x0000000087b00000, 0x0000000087c00000, 0x0000000087c00000|100%| E|CS|TAMS 0x0000000087b00000, 0x0000000087b00000| Complete 
| 124|0x0000000087c00000, 0x0000000087d00000, 0x0000000087d00000|100%| E|CS|TAMS 0x0000000087c00000, 0x0000000087c00000| Complete 
| 125|0x0000000087d00000, 0x0000000087e00000, 0x0000000087e00000|100%| E|CS|TAMS 0x0000000087d00000, 0x0000000087d00000| Complete 
| 126|0x0000000087e00000, 0x0000000087f00000, 0x0000000087f00000|100%| E|CS|TAMS 0x0000000087e00000, 0x0000000087e00000| Complete 
| 127|0x0000000087f00000, 0x0000000088000000, 0x0000000088000000|100%| E|CS|TAMS 0x0000000087f00000, 0x0000000087f00000| Complete 
| 128|0x0000000088000000, 0x0000000088100000, 0x0000000088100000|100%| E|CS|TAMS 0x0000000088000000, 0x0000000088000000| Complete 
| 129|0x0000000088100000, 0x0000000088200000, 0x0000000088200000|100%| E|CS|TAMS 0x0000000088100000, 0x0000000088100000| Complete 
| 130|0x0000000088200000, 0x0000000088300000, 0x0000000088300000|100%| E|CS|TAMS 0x0000000088200000, 0x0000000088200000| Complete 
| 131|0x0000000088300000, 0x0000000088400000, 0x0000000088400000|100%| E|CS|TAMS 0x0000000088300000, 0x0000000088300000| Complete 
| 132|0x0000000088400000, 0x0000000088500000, 0x0000000088500000|100%| E|CS|TAMS 0x0000000088400000, 0x0000000088400000| Complete 
| 133|0x0000000088500000, 0x0000000088600000, 0x0000000088600000|100%| E|CS|TAMS 0x0000000088500000, 0x0000000088500000| Complete 
| 134|0x0000000088600000, 0x0000000088700000, 0x0000000088700000|100%| E|CS|TAMS 0x0000000088600000, 0x0000000088600000| Complete 
| 135|0x0000000088700000, 0x0000000088800000, 0x0000000088800000|100%| E|CS|TAMS 0x0000000088700000, 0x0000000088700000| Complete 
| 136|0x0000000088800000, 0x0000000088900000, 0x0000000088900000|100%| E|CS|TAMS 0x0000000088800000, 0x0000000088800000| Complete 
| 137|0x0000000088900000, 0x0000000088a00000, 0x0000000088a00000|100%| E|CS|TAMS 0x0000000088900000, 0x0000000088900000| Complete 
| 138|0x0000000088a00000, 0x0000000088b00000, 0x0000000088b00000|100%| E|CS|TAMS 0x0000000088a00000, 0x0000000088a00000| Complete 
| 139|0x0000000088b00000, 0x0000000088c00000, 0x0000000088c00000|100%| E|CS|TAMS 0x0000000088b00000, 0x0000000088b00000| Complete 
| 140|0x0000000088c00000, 0x0000000088d00000, 0x0000000088d00000|100%| E|CS|TAMS 0x0000000088c00000, 0x0000000088c00000| Complete 
| 141|0x0000000088d00000, 0x0000000088e00000, 0x0000000088e00000|100%| E|CS|TAMS 0x0000000088d00000, 0x0000000088d00000| Complete 
| 142|0x0000000088e00000, 0x0000000088f00000, 0x0000000088f00000|100%| E|CS|TAMS 0x0000000088e00000, 0x0000000088e00000| Complete 
| 143|0x0000000088f00000, 0x0000000089000000, 0x0000000089000000|100%| E|CS|TAMS 0x0000000088f00000, 0x0000000088f00000| Complete 
| 144|0x0000000089000000, 0x0000000089100000, 0x0000000089100000|100%| E|CS|TAMS 0x0000000089000000, 0x0000000089000000| Complete 
| 145|0x0000000089100000, 0x0000000089200000, 0x0000000089200000|100%| E|CS|TAMS 0x0000000089100000, 0x0000000089100000| Complete 
| 146|0x0000000089200000, 0x0000000089300000, 0x0000000089300000|100%| E|CS|TAMS 0x0000000089200000, 0x0000000089200000| Complete 
| 147|0x0000000089300000, 0x0000000089400000, 0x0000000089400000|100%| E|CS|TAMS 0x0000000089300000, 0x0000000089300000| Complete 
| 148|0x0000000089400000, 0x0000000089500000, 0x0000000089500000|100%| E|CS|TAMS 0x0000000089400000, 0x0000000089400000| Complete 
| 149|0x0000000089500000, 0x0000000089600000, 0x0000000089600000|100%| E|CS|TAMS 0x0000000089500000, 0x0000000089500000| Complete 
| 150|0x0000000089600000, 0x0000000089700000, 0x0000000089700000|100%| E|CS|TAMS 0x0000000089600000, 0x0000000089600000| Complete 
| 151|0x0000000089700000, 0x0000000089800000, 0x0000000089800000|100%| E|CS|TAMS 0x0000000089700000, 0x0000000089700000| Complete 

Card table byte_map: [0x0000020615c80000,0x0000020616080000] _byte_map_base: 0x0000020615880000

Marking Bits (Prev, Next): (CMBitMap*) 0x000002060249a158, (CMBitMap*) 0x000002060249a190
 Prev Bits: [0x0000020616480000, 0x0000020618480000)
 Next Bits: [0x0000020618480000, 0x000002061a480000)

Polling page: 0x0000020602540000

Metaspace:

Usage:
  Non-class:     43.84 MB capacity,    43.09 MB ( 98%) used,   654.27 KB (  1%) free+waste,   112.19 KB ( <1%) overhead. 
      Class:      6.67 MB capacity,     6.29 MB ( 94%) used,   339.88 KB (  5%) free+waste,    53.63 KB ( <1%) overhead. 
       Both:     50.51 MB capacity,    49.38 MB ( 98%) used,   994.15 KB (  2%) free+waste,   165.81 KB ( <1%) overhead. 

Virtual space:
  Non-class space:       44.00 MB reserved,      43.95 MB (>99%) committed 
      Class space:        1.00 GB reserved,       6.75 MB ( <1%) committed 
             Both:        1.04 GB reserved,      50.70 MB (  5%) committed 

Chunk freelists:
   Non-Class:  47.00 KB
       Class:  17.00 KB
        Both:  64.00 KB

MaxMetaspaceSize: 17179869184.00 GB
CompressedClassSpaceSize: 1.00 GB

CodeHeap 'non-profiled nmethods': size=120000Kb used=2531Kb max_used=2531Kb free=117468Kb
 bounds [0x000002060d8d0000, 0x000002060db50000, 0x0000020614e00000]
CodeHeap 'profiled nmethods': size=120000Kb used=8960Kb max_used=8960Kb free=111040Kb
 bounds [0x00000206063a0000, 0x0000020606c70000, 0x000002060d8d0000]
CodeHeap 'non-nmethods': size=5760Kb used=2206Kb max_used=2238Kb free=3554Kb
 bounds [0x0000020605e00000, 0x0000020606070000, 0x00000206063a0000]
 total_blobs=5164 nmethods=4389 adapters=686
 compilation: enabled
              stopped_count=0, restarted_count=0
 full_count=0

Compilation events (20 events):
Event: 7.658 Thread 0x000002061cf79800 4564       3       java.lang.invoke.ClassSpecializer$Factory$1Var::nextSlotIndex (24 bytes)
Event: 7.658 Thread 0x000002061cf79800 nmethod 4564 0x0000020606c5e010 code [0x0000020606c5e1e0, 0x0000020606c5e478]
Event: 7.658 Thread 0x000002061cf79800 4569       3       java.lang.invoke.DirectMethodHandle::preparedFieldLambdaForm (183 bytes)
Event: 7.659 Thread 0x000002061cf79800 nmethod 4569 0x0000020606c5e590 code [0x0000020606c5e800, 0x0000020606c5ef58]
Event: 7.659 Thread 0x000002061cf79800 4572       3       java.lang.invoke.LambdaFormBuffer::indexOf (25 bytes)
Event: 7.659 Thread 0x000002061cf79800 nmethod 4572 0x0000020606c5f290 code [0x0000020606c5f440, 0x0000020606c5f638]
Event: 7.660 Thread 0x000002061cf79800 4574       3       java.util.zip.ZipFile$Source$Key::equals (80 bytes)
Event: 7.661 Thread 0x000002061cf79800 nmethod 4574 0x0000020606c5f710 code [0x0000020606c5fa20, 0x0000020606c60ca8]
Event: 7.661 Thread 0x000002061cf79800 4575       3       java.nio.file.attribute.FileTime::equals (28 bytes)
Event: 7.662 Thread 0x000002061cf79800 nmethod 4575 0x0000020606c61310 code [0x0000020606c614e0, 0x0000020606c61888]
Event: 7.675 Thread 0x000002061d8e7000 nmethod 4546 0x000002060db41e90 code [0x000002060db42120, 0x000002060db44470]
Event: 7.675 Thread 0x000002061d8e7000 4550       4       java.lang.StringLatin1::toUpperCase (180 bytes)
Event: 7.682 Thread 0x000002061cf79800 4576       3       jdk.internal.loader.ClassLoaders::bootLoader (4 bytes)
Event: 7.682 Thread 0x000002061cf79800 nmethod 4576 0x0000020606c61990 code [0x0000020606c61b40, 0x0000020606c61c38]
Event: 7.686 Thread 0x000002061d8e7000 nmethod 4550 0x000002060db45a10 code [0x000002060db45be0, 0x000002060db46478]
Event: 7.686 Thread 0x000002061d8e7000 4567       4       java.util.Arrays::copyOf (10 bytes)
Event: 7.688 Thread 0x000002061d8e7000 nmethod 4567 0x000002060db46910 code [0x000002060db46aa0, 0x000002060db46c98]
Event: 7.688 Thread 0x000002061d8e7000 4551       4       jdk.internal.loader.URLClassPath$JarLoader$2::getInputStream (15 bytes)
Event: 7.688 Thread 0x000002061d8e7000 nmethod 4551 0x000002060db46d90 code [0x000002060db46f40, 0x000002060db46fe8]
Event: 7.688 Thread 0x000002061d8e7000 4577       4       java.util.zip.ZipFile$InflaterCleanupAction::run (12 bytes)

GC Heap History (16 events):
Event: 0.865 GC heap before
{Heap before GC invocations=0 (full 0):
 garbage-first heap   total 129024K, used 29696K [0x0000000080000000, 0x0000000100000000)
  region size 1024K, 24 young (24576K), 0 survivors (0K)
 Metaspace       used 10678K, capacity 10954K, committed 11264K, reserved 1058816K
  class space    used 1130K, capacity 1202K, committed 1280K, reserved 1048576K
}
Event: 0.869 GC heap after
{Heap after GC invocations=1 (full 0):
 garbage-first heap   total 129024K, used 8980K [0x0000000080000000, 0x0000000100000000)
  region size 1024K, 3 young (3072K), 3 survivors (3072K)
 Metaspace       used 10678K, capacity 10954K, committed 11264K, reserved 1058816K
  class space    used 1130K, capacity 1202K, committed 1280K, reserved 1048576K
}
Event: 1.291 GC heap before
{Heap before GC invocations=1 (full 0):
 garbage-first heap   total 129024K, used 37652K [0x0000000080000000, 0x0000000100000000)
  region size 1024K, 32 young (32768K), 3 survivors (3072K)
 Metaspace       used 10994K, capacity 11150K, committed 11264K, reserved 1058816K
  class space    used 1146K, capacity 1203K, committed 1280K, reserved 1048576K
}
Event: 1.296 GC heap after
{Heap after GC invocations=2 (full 0):
 garbage-first heap   total 129024K, used 12969K [0x0000000080000000, 0x0000000100000000)
  region size 1024K, 4 young (4096K), 4 survivors (4096K)
 Metaspace       used 10994K, capacity 11150K, committed 11264K, reserved 1058816K
  class space    used 1146K, capacity 1203K, committed 1280K, reserved 1048576K
}
Event: 3.242 GC heap before
{Heap before GC invocations=2 (full 0):
 garbage-first heap   total 129024K, used 55977K [0x0000000080000000, 0x0000000100000000)
  region size 1024K, 46 young (47104K), 4 survivors (4096K)
 Metaspace       used 18878K, capacity 19281K, committed 19328K, reserved 1067008K
  class space    used 2283K, capacity 2394K, committed 2432K, reserved 1048576K
}
Event: 3.248 GC heap after
{Heap after GC invocations=3 (full 0):
 garbage-first heap   total 129024K, used 15775K [0x0000000080000000, 0x0000000100000000)
  region size 1024K, 3 young (3072K), 3 survivors (3072K)
 Metaspace       used 18878K, capacity 19281K, committed 19328K, reserved 1067008K
  class space    used 2283K, capacity 2394K, committed 2432K, reserved 1048576K
}
Event: 3.405 GC heap before
{Heap before GC invocations=3 (full 0):
 garbage-first heap   total 129024K, used 29087K [0x0000000080000000, 0x0000000100000000)
  region size 1024K, 17 young (17408K), 3 survivors (3072K)
 Metaspace       used 20652K, capacity 21115K, committed 21248K, reserved 1067008K
  class space    used 2537K, capacity 2712K, committed 2816K, reserved 1048576K
}
Event: 3.410 GC heap after
{Heap after GC invocations=4 (full 0):
 garbage-first heap   total 129024K, used 16315K [0x0000000080000000, 0x0000000100000000)
  region size 1024K, 4 young (4096K), 4 survivors (4096K)
 Metaspace       used 20652K, capacity 21115K, committed 21248K, reserved 1067008K
  class space    used 2537K, capacity 2712K, committed 2816K, reserved 1048576K
}
Event: 4.027 GC heap before
{Heap before GC invocations=5 (full 0):
 garbage-first heap   total 129024K, used 64443K [0x0000000080000000, 0x0000000100000000)
  region size 1024K, 51 young (52224K), 4 survivors (4096K)
 Metaspace       used 26033K, capacity 26681K, committed 27008K, reserved 1073152K
  class space    used 3403K, capacity 3634K, committed 3712K, reserved 1048576K
}
Event: 4.034 GC heap after
{Heap after GC invocations=6 (full 0):
 garbage-first heap   total 129024K, used 17904K [0x0000000080000000, 0x0000000100000000)
  region size 1024K, 5 young (5120K), 5 survivors (5120K)
 Metaspace       used 26033K, capacity 26681K, committed 27008K, reserved 1073152K
  class space    used 3403K, capacity 3634K, committed 3712K, reserved 1048576K
}
Event: 5.239 GC heap before
{Heap before GC invocations=6 (full 0):
 garbage-first heap   total 129024K, used 69104K [0x0000000080000000, 0x0000000100000000)
  region size 1024K, 56 young (57344K), 5 survivors (5120K)
 Metaspace       used 35055K, capacity 35769K, committed 35840K, reserved 1081344K
  class space    used 4563K, capacity 4856K, committed 4864K, reserved 1048576K
}
Event: 5.250 GC heap after
{Heap after GC invocations=7 (full 0):
 garbage-first heap   total 129024K, used 21435K [0x0000000080000000, 0x0000000100000000)
  region size 1024K, 6 young (6144K), 6 survivors (6144K)
 Metaspace       used 35055K, capacity 35769K, committed 35840K, reserved 1081344K
  class space    used 4563K, capacity 4856K, committed 4864K, reserved 1048576K
}
Event: 5.966 GC heap before
{Heap before GC invocations=8 (full 0):
 garbage-first heap   total 129024K, used 80827K [0x0000000080000000, 0x0000000100000000)
  region size 1024K, 61 young (62464K), 6 survivors (6144K)
 Metaspace       used 40662K, capacity 41502K, committed 41548K, reserved 1085440K
  class space    used 5196K, capacity 5501K, committed 5504K, reserved 1048576K
}
Event: 5.976 GC heap after
{Heap after GC invocations=9 (full 0):
 garbage-first heap   total 129024K, used 24920K [0x0000000080000000, 0x0000000100000000)
  region size 1024K, 7 young (7168K), 7 survivors (7168K)
 Metaspace       used 40662K, capacity 41502K, committed 41548K, reserved 1085440K
  class space    used 5196K, capacity 5501K, committed 5504K, reserved 1048576K
}
Event: 6.945 GC heap before
{Heap before GC invocations=9 (full 0):
 garbage-first heap   total 129024K, used 83288K [0x0000000080000000, 0x0000000100000000)
  region size 1024K, 64 young (65536K), 7 survivors (7168K)
 Metaspace       used 44200K, capacity 45249K, committed 45516K, reserved 1089536K
  class space    used 5669K, capacity 6051K, committed 6144K, reserved 1048576K
}
Event: 6.953 GC heap after
{Heap after GC invocations=10 (full 0):
 garbage-first heap   total 155648K, used 27227K [0x0000000080000000, 0x0000000100000000)
  region size 1024K, 6 young (6144K), 6 survivors (6144K)
 Metaspace       used 44200K, capacity 45249K, committed 45516K, reserved 1089536K
  class space    used 5669K, capacity 6051K, committed 6144K, reserved 1048576K
}

Deoptimization events (20 events):
Event: 7.300 Thread 0x000002061ef71000 Uncommon trap: trap_request=0xffffff4d fr.pc=0x000002060d9e169c relative=0x000000000000063c
Event: 7.300 Thread 0x000002061ef71000 Uncommon trap: reason=unstable_if action=reinterpret pc=0x000002060d9e169c method=java.util.jar.Manifest$FastInputStream.readLine([BII)I @ 130 c2
Event: 7.300 Thread 0x000002061ef71000 DEOPT PACKING pc=0x000002060d9e169c sp=0x0000003d93af7b10
Event: 7.300 Thread 0x000002061ef71000 DEOPT UNPACKING pc=0x0000020605e274af sp=0x0000003d93af7aa0 mode 2
Event: 7.410 Thread 0x000002061ef71000 Uncommon trap: trap_request=0xffffff4d fr.pc=0x000002060da2289c relative=0x000000000000091c
Event: 7.410 Thread 0x000002061ef71000 Uncommon trap: reason=unstable_if action=reinterpret pc=0x000002060da2289c method=java.io.BufferedInputStream.read([BII)I @ 56 c2
Event: 7.410 Thread 0x000002061ef71000 DEOPT PACKING pc=0x000002060da2289c sp=0x0000003d93af7090
Event: 7.410 Thread 0x000002061ef71000 DEOPT UNPACKING pc=0x0000020605e274af sp=0x0000003d93af7048 mode 2
Event: 7.422 Thread 0x000002061ef71000 Uncommon trap: trap_request=0xffffff45 fr.pc=0x000002060da52620 relative=0x0000000000000d60
Event: 7.422 Thread 0x000002061ef71000 Uncommon trap: reason=unstable_fused_if action=reinterpret pc=0x000002060da52620 method=org.objectweb.asm.ByteVector.putUTF8(Ljava/lang/String;)Lorg/objectweb/asm/ByteVector; @ 93 c2
Event: 7.422 Thread 0x000002061ef71000 DEOPT PACKING pc=0x000002060da52620 sp=0x0000003d93af7c30
Event: 7.422 Thread 0x000002061ef71000 DEOPT UNPACKING pc=0x0000020605e274af sp=0x0000003d93af7b88 mode 2
Event: 7.425 Thread 0x000002061ef71000 Uncommon trap: trap_request=0xffffff4d fr.pc=0x000002060da7e0b4 relative=0x0000000000005af4
Event: 7.425 Thread 0x000002061ef71000 Uncommon trap: reason=unstable_if action=reinterpret pc=0x000002060da7e0b4 method=org.objectweb.asm.Frame.execute(IILorg/objectweb/asm/Symbol;Lorg/objectweb/asm/SymbolTable;)V @ 1 c2
Event: 7.425 Thread 0x000002061ef71000 DEOPT PACKING pc=0x000002060da7e0b4 sp=0x0000003d93af7e10
Event: 7.425 Thread 0x000002061ef71000 DEOPT UNPACKING pc=0x0000020605e274af sp=0x0000003d93af7db8 mode 2
Event: 7.449 Thread 0x000002061ef71000 Uncommon trap: trap_request=0xffffff45 fr.pc=0x000002060d9f40f4 relative=0x0000000000000214
Event: 7.449 Thread 0x000002061ef71000 Uncommon trap: reason=unstable_fused_if action=reinterpret pc=0x000002060d9f40f4 method=org.objectweb.asm.ByteVector.putUTF8(Ljava/lang/String;)Lorg/objectweb/asm/ByteVector; @ 93 c2
Event: 7.449 Thread 0x000002061ef71000 DEOPT PACKING pc=0x000002060d9f40f4 sp=0x0000003d93af7b80
Event: 7.449 Thread 0x000002061ef71000 DEOPT UNPACKING pc=0x0000020605e274af sp=0x0000003d93af7b00 mode 2

Classes redefined (0 events):
No events

Internal exceptions (20 events):
Event: 7.256 Thread 0x000002061f32c000 Exception <a 'java/lang/NoSuchMethodError'{0x00000000897887e8}: <clinit>> (0x00000000897887e8) thrown at [./src/hotspot/share/prims/jni.cpp, line 1362]
Event: 7.259 Thread 0x000002061f32c000 Exception <a 'java/lang/NoSuchMethodError'{0x0000000087cbefb8}: <clinit>> (0x0000000087cbefb8) thrown at [./src/hotspot/share/prims/jni.cpp, line 1362]
Event: 7.259 Thread 0x000002061f32c000 Exception <a 'java/lang/NoSuchMethodError'{0x0000000087cc00c8}: <clinit>> (0x0000000087cc00c8) thrown at [./src/hotspot/share/prims/jni.cpp, line 1362]
Event: 7.259 Thread 0x000002061f32c000 Exception <a 'java/lang/NoSuchMethodError'{0x0000000087cc13d0}: <clinit>> (0x0000000087cc13d0) thrown at [./src/hotspot/share/prims/jni.cpp, line 1362]
Event: 7.259 Thread 0x000002061f32c000 Exception <a 'java/lang/NoSuchMethodError'{0x0000000087cc23f0}: <clinit>> (0x0000000087cc23f0) thrown at [./src/hotspot/share/prims/jni.cpp, line 1362]
Event: 7.260 Thread 0x000002061f32c000 Exception <a 'java/lang/NoSuchMethodError'{0x0000000087ccc1d8}: <clinit>> (0x0000000087ccc1d8) thrown at [./src/hotspot/share/prims/jni.cpp, line 1362]
Event: 7.260 Thread 0x000002061f32c000 Exception <a 'java/lang/NoSuchMethodError'{0x0000000087cd63f0}: <clinit>> (0x0000000087cd63f0) thrown at [./src/hotspot/share/prims/jni.cpp, line 1362]
Event: 7.262 Thread 0x000002061f32c000 Exception <a 'java/lang/NoSuchMethodError'{0x0000000087ce9f18}: <clinit>> (0x0000000087ce9f18) thrown at [./src/hotspot/share/prims/jni.cpp, line 1362]
Event: 7.274 Thread 0x000002061ef71000 Exception <a 'java/lang/ClassNotFoundException'{0x0000000087b6cc88}: build_39braotvuwgzw305e3qgbhmbiBeanInfo> (0x0000000087b6cc88) thrown at [./src/hotspot/share/classfile/systemDictionary.cpp, line 231]
Event: 7.274 Thread 0x000002061ef71000 Exception <a 'java/lang/ClassNotFoundException'{0x0000000087b75a90}: build_39braotvuwgzw305e3qgbhmbiCustomizer> (0x0000000087b75a90) thrown at [./src/hotspot/share/classfile/systemDictionary.cpp, line 231]
Event: 7.282 Thread 0x000002061ef71000 Exception <a 'java/lang/ClassNotFoundException'{0x0000000087be4bd0}: org/gradle/plugin/use/internal/PluginRequestCollector$PluginDependenciesSpecImplBeanInfo> (0x0000000087be4bd0) thrown at [./src/hotspot/share/classfile/systemDictionary.cpp, line 231]
Event: 7.282 Thread 0x000002061ef71000 Exception <a 'java/lang/ClassNotFoundException'{0x0000000087a0ae28}: org/gradle/plugin/use/internal/PluginRequestCollector$PluginDependenciesSpecImplCustomizer> (0x0000000087a0ae28) thrown at [./src/hotspot/share/classfile/systemDictionary.cpp, line 231]
Event: 7.290 Thread 0x000002061ef71000 Exception <a 'java/lang/NoSuchMethodError'{0x0000000087a80d10}: 'void java.lang.invoke.DirectMethodHandle$Holder.invokeInterface(java.lang.Object, java.lang.Object)'> (0x0000000087a80d10) thrown at [./src/hotspot/share/interpreter/linkResolver.cpp, line 773]
Event: 7.320 Thread 0x000002061ef71000 Exception <a 'java/lang/ClassNotFoundException'{0x00000000878827e8}: org/gradle/api/internal/plugins/DefaultObjectConfigurationActionBeanInfo> (0x00000000878827e8) thrown at [./src/hotspot/share/classfile/systemDictionary.cpp, line 231]
Event: 7.321 Thread 0x000002061ef71000 Exception <a 'java/lang/ClassNotFoundException'{0x00000000878ae7b8}: org/gradle/api/internal/plugins/DefaultObjectConfigurationActionCustomizer> (0x00000000878ae7b8) thrown at [./src/hotspot/share/classfile/systemDictionary.cpp, line 231]
Event: 7.424 Thread 0x000002061ef71000 Exception <a 'java/lang/NoSuchMethodError'{0x0000000086f7ee18}: 'java.lang.Object java.lang.invoke.DirectMethodHandle$Holder.invokeStatic(java.lang.Object, java.lang.Object, java.lang.Object, java.lang.Object, int)'> (0x0000000086f7ee18) thrown at [./src/hotspot/share/interpreter/linkResolver.cpp, line 773]
Event: 7.425 Thread 0x000002061ef71000 Exception <a 'java/lang/NoSuchMethodError'{0x0000000086f83a58}: 'java.lang.Object java.lang.invoke.DirectMethodHandle$Holder.invokeSpecial(java.lang.Object, java.lang.Object, java.lang.Object, java.lang.Object, java.lang.Object, int)'> (0x0000000086f83a58) thrown at [./src/hotspot/share/interpreter/linkResolver.cpp, line 773]
Event: 7.425 Thread 0x000002061ef71000 Exception <a 'java/lang/NoSuchMethodError'{0x0000000086f88098}: 'java.lang.Object java.lang.invoke.Invokers$Holder.linkToTargetMethod(java.lang.Object, java.lang.Object, java.lang.Object, int, java.lang.Object)'> (0x0000000086f88098) thrown at [./src/hotspot/share/interpreter/linkResolver.cpp, line 773]
Event: 7.654 Thread 0x000002061ef71000 Exception <a 'java/lang/NoSuchMethodError'{0x0000000085cb3978}: 'java.lang.Object java.lang.invoke.DirectMethodHandle$Holder.invokeSpecial(java.lang.Object, java.lang.Object, int, int, java.lang.Object, java.lang.Object, java.lang.Object)'> (0x0000000085cb3978) thrown at [./src/hotspot/share/interpreter/linkResolver.cpp, line 773]
Event: 7.654 Thread 0x000002061ef71000 Exception <a 'java/lang/NoSuchMethodError'{0x0000000085cb7ef8}: 'java.lang.Object java.lang.invoke.DelegatingMethodHandle$Holder.reinvoke_L(java.lang.Object, int, int, java.lang.Object, java.lang.Object, java.lang.Object)'> (0x0000000085cb7ef8) thrown at [./src/hotspot/share/interpreter/linkResolver.cpp, line 773]

Events (20 events):
Event: 7.686 loading class org/apache/xerces/util/MessageFormatter
Event: 7.686 loading class org/apache/xerces/util/MessageFormatter done
Event: 7.686 loading class org/apache/xerces/xni/parser/XMLDTDScanner
Event: 7.686 loading class org/apache/xerces/xni/parser/XMLDTDScanner done
Event: 7.687 loading class org/apache/xerces/xni/XMLLocator
Event: 7.687 loading class org/apache/xerces/xni/XMLLocator done
Event: 7.687 loading class org/apache/xerces/impl/dtd/XMLDTDValidator
Event: 7.687 loading class org/apache/xerces/impl/dtd/XMLDTDValidator done
Event: 7.688 loading class org/apache/xerces/impl/dtd/XMLNSDTDValidator
Event: 7.688 loading class org/apache/xerces/impl/dtd/XMLNSDTDValidator done
Event: 7.689 loading class org/apache/xerces/xni/NamespaceContext
Event: 7.689 loading class org/apache/xerces/xni/NamespaceContext done
Event: 7.690 loading class org/apache/xerces/util/SymbolTable
Event: 7.690 loading class org/apache/xerces/util/SymbolTable done
Event: 7.691 loading class org/apache/xerces/xni/grammars/XMLGrammarPool
Event: 7.691 loading class org/apache/xerces/xni/grammars/XMLGrammarPool done
Event: 7.691 loading class org/apache/xerces/util/SymbolTable$Entry
Event: 7.691 loading class org/apache/xerces/util/SymbolTable$Entry done
Event: 7.692 loading class org/apache/xerces/impl/XMLEntityManager
Event: 7.692 loading class org/apache/xerces/impl/XMLEntityManager done


Dynamic libraries:
0x00007ff6bb090000 - 0x00007ff6bb09a000 	C:\Program Files\Android\Android Studio\jre\bin\java.exe
0x00007ffdd8a90000 - 0x00007ffdd8c85000 	C:\WINDOWS\SYSTEM32\ntdll.dll
0x00007ffdd7990000 - 0x00007ffdd7a4d000 	C:\WINDOWS\System32\KERNEL32.DLL
0x00007ffdd65f0000 - 0x00007ffdd68b8000 	C:\WINDOWS\System32\KERNELBASE.dll
0x00007ffdd64c0000 - 0x00007ffdd65c0000 	C:\WINDOWS\System32\ucrtbase.dll
0x00007ffdca0a0000 - 0x00007ffdca0b9000 	C:\Program Files\Android\Android Studio\jre\bin\jli.dll
0x00007ffd95020000 - 0x00007ffd95037000 	C:\Program Files\Android\Android Studio\jre\bin\VCRUNTIME140.dll
0x00007ffdd6ee0000 - 0x00007ffdd7080000 	C:\WINDOWS\System32\USER32.dll
0x00007ffdd65c0000 - 0x00007ffdd65e2000 	C:\WINDOWS\System32\win32u.dll
0x00007ffdd8740000 - 0x00007ffdd876a000 	C:\WINDOWS\System32\GDI32.dll
0x00007ffdc0610000 - 0x00007ffdc08aa000 	C:\WINDOWS\WinSxS\amd64_microsoft.windows.common-controls_6595b64144ccf1df_6.0.19041.844_none_ca00b6081b84eb1d\COMCTL32.dll
0x00007ffdd6960000 - 0x00007ffdd6a6b000 	C:\WINDOWS\System32\gdi32full.dll
0x00007ffdd78f0000 - 0x00007ffdd798e000 	C:\WINDOWS\System32\msvcrt.dll
0x00007ffdd68c0000 - 0x00007ffdd695d000 	C:\WINDOWS\System32\msvcp_win.dll
0x00007ffdd7080000 - 0x00007ffdd70b0000 	C:\WINDOWS\System32\IMM32.DLL
0x00007ffd94f80000 - 0x00007ffd9501d000 	C:\Program Files\Android\Android Studio\jre\bin\msvcp140.dll
0x00007ffd915f0000 - 0x00007ffd920ac000 	C:\Program Files\Android\Android Studio\jre\bin\server\jvm.dll
0x00007ffdd7a50000 - 0x00007ffdd7afc000 	C:\WINDOWS\System32\ADVAPI32.dll
0x00007ffdd7b00000 - 0x00007ffdd7b9b000 	C:\WINDOWS\System32\sechost.dll
0x00007ffdd7ba0000 - 0x00007ffdd7ccb000 	C:\WINDOWS\System32\RPCRT4.dll
0x00007ffdd6d00000 - 0x00007ffdd6d08000 	C:\WINDOWS\System32\PSAPI.DLL
0x00007ffdbb470000 - 0x00007ffdbb479000 	C:\WINDOWS\SYSTEM32\WSOCK32.dll
0x00007ffdd7880000 - 0x00007ffdd78eb000 	C:\WINDOWS\System32\WS2_32.dll
0x00007ffdc2620000 - 0x00007ffdc2647000 	C:\WINDOWS\SYSTEM32\WINMM.dll
0x00007ffdcefb0000 - 0x00007ffdcefba000 	C:\WINDOWS\SYSTEM32\VERSION.dll
0x00007ffdd4aa0000 - 0x00007ffdd4ab2000 	C:\WINDOWS\SYSTEM32\kernel.appcore.dll
0x00007ffdcfbc0000 - 0x00007ffdcfbd1000 	C:\Program Files\Android\Android Studio\jre\bin\verify.dll
0x00007ffdd3eb0000 - 0x00007ffdd4094000 	C:\WINDOWS\SYSTEM32\DBGHELP.DLL
0x00007ffdbd210000 - 0x00007ffdbd23c000 	C:\WINDOWS\SYSTEM32\dbgcore.DLL
0x00007ffdd6280000 - 0x00007ffdd6300000 	C:\WINDOWS\System32\bcryptPrimitives.dll
0x00007ffdc63a0000 - 0x00007ffdc63c9000 	C:\Program Files\Android\Android Studio\jre\bin\java.dll
0x00007ffdcfb60000 - 0x00007ffdcfb6b000 	C:\Program Files\Android\Android Studio\jre\bin\jimage.dll
0x00007ffdcf9c0000 - 0x00007ffdcf9d8000 	C:\Program Files\Android\Android Studio\jre\bin\zip.dll
0x00007ffdd7ff0000 - 0x00007ffdd8732000 	C:\WINDOWS\System32\SHELL32.dll
0x00007ffdd4300000 - 0x00007ffdd4a90000 	C:\WINDOWS\SYSTEM32\windows.storage.dll
0x00007ffdd70b0000 - 0x00007ffdd7405000 	C:\WINDOWS\System32\combase.dll
0x00007ffdd5c40000 - 0x00007ffdd5c6c000 	C:\WINDOWS\SYSTEM32\Wldp.dll
0x00007ffdd7f40000 - 0x00007ffdd7fee000 	C:\WINDOWS\System32\SHCORE.dll
0x00007ffdd6b10000 - 0x00007ffdd6b65000 	C:\WINDOWS\System32\shlwapi.dll
0x00007ffdd6110000 - 0x00007ffdd612f000 	C:\WINDOWS\SYSTEM32\profapi.dll
0x00007ffdcf990000 - 0x00007ffdcf9aa000 	C:\Program Files\Android\Android Studio\jre\bin\net.dll
0x00007ffdc3690000 - 0x00007ffdc379b000 	C:\WINDOWS\SYSTEM32\WINHTTP.dll
0x00007ffdd59b0000 - 0x00007ffdd5a1a000 	C:\WINDOWS\system32\mswsock.dll
0x00007ffdcf930000 - 0x00007ffdcf944000 	C:\Program Files\Android\Android Studio\jre\bin\nio.dll
0x00007ffd96b40000 - 0x00007ffd96b67000 	C:\Users\shikh\.gradle\native\fdc75f09e3144964f2cf3f50f0aa648679c211496f362492102eb8c894070792\windows-amd64\native-platform.dll
0x00007ffd969a0000 - 0x00007ffd96b36000 	C:\Users\shikh\.gradle\native\12488b8bf47d2d4c9fbf2f6322a914ad602e24e48041cd04a747c6da556b65c4\windows-amd64\native-platform-file-events.dll
0x00007ffdc9a30000 - 0x00007ffdc9a3a000 	C:\Program Files\Android\Android Studio\jre\bin\management.dll
0x00007ffdc6390000 - 0x00007ffdc639c000 	C:\Program Files\Android\Android Studio\jre\bin\management_ext.dll
0x00007ffdd5b90000 - 0x00007ffdd5ba8000 	C:\WINDOWS\SYSTEM32\CRYPTSP.dll
0x00007ffdd52e0000 - 0x00007ffdd5314000 	C:\WINDOWS\system32\rsaenh.dll
0x00007ffdd6ac0000 - 0x00007ffdd6ae7000 	C:\WINDOWS\System32\bcrypt.dll
0x00007ffdd6090000 - 0x00007ffdd60be000 	C:\WINDOWS\SYSTEM32\USERENV.dll
0x00007ffdd5b80000 - 0x00007ffdd5b8c000 	C:\WINDOWS\SYSTEM32\CRYPTBASE.dll
0x00007ffdd5650000 - 0x00007ffdd568b000 	C:\WINDOWS\SYSTEM32\IPHLPAPI.DLL
0x00007ffdd6cf0000 - 0x00007ffdd6cf8000 	C:\WINDOWS\System32\NSI.dll
0x00007ffdce3f0000 - 0x00007ffdce407000 	C:\WINDOWS\SYSTEM32\dhcpcsvc6.DLL
0x00007ffdcef30000 - 0x00007ffdcef4d000 	C:\WINDOWS\SYSTEM32\dhcpcsvc.DLL
0x00007ffdd56a0000 - 0x00007ffdd576c000 	C:\WINDOWS\SYSTEM32\DNSAPI.dll
0x00007ffdcefc0000 - 0x00007ffdcefcb000 	C:\WINDOWS\SYSTEM32\WINNSI.DLL

dbghelp: loaded successfully - version: 4.0.5 - missing functions: none
symbol engine: initialized successfully - sym options: 0x614 - pdb path: .;C:\Program Files\Android\Android Studio\jre\bin;C:\WINDOWS\SYSTEM32;C:\WINDOWS\WinSxS\amd64_microsoft.windows.common-controls_6595b64144ccf1df_6.0.19041.844_none_ca00b6081b84eb1d;C:\Program Files\Android\Android Studio\jre\bin\server;C:\Users\shikh\.gradle\native\fdc75f09e3144964f2cf3f50f0aa648679c211496f362492102eb8c894070792\windows-amd64;C:\Users\shikh\.gradle\native\12488b8bf47d2d4c9fbf2f6322a914ad602e24e48041cd04a747c6da556b65c4\windows-amd64

VM Arguments:
jvm_args: --add-opens=java.base/java.util=ALL-UNNAMED --add-opens=java.base/java.lang=ALL-UNNAMED --add-opens=java.base/java.lang.invoke=ALL-UNNAMED --add-opens=java.prefs/java.util.prefs=ALL-UNNAMED -Xmx2048m -Dfile.encoding=UTF-8 -Duser.country=IN -Duser.language=en -Duser.variant 
java_command: org.gradle.launcher.daemon.bootstrap.GradleDaemon 6.7.1
java_class_path (initial): C:\Users\shikh\.gradle\wrapper\dists\gradle-6.7.1-bin\bwlcbys1h7rz3272sye1xwiv6\gradle-6.7.1\lib\gradle-launcher-6.7.1.jar
Launcher Type: SUN_STANDARD

[Global flags]
     intx CICompilerCount                          = 4                                         {product} {ergonomic}
     uint ConcGCThreads                            = 2                                         {product} {ergonomic}
     uint G1ConcRefinementThreads                  = 8                                         {product} {ergonomic}
   size_t G1HeapRegionSize                         = 1048576                                   {product} {ergonomic}
    uintx GCDrainStackTargetSize                   = 64                                        {product} {ergonomic}
   size_t InitialHeapSize                          = 132120576                                 {product} {ergonomic}
   size_t MarkStackSize                            = 4194304                                   {product} {ergonomic}
   size_t MaxHeapSize                              = 2147483648                                {product} {command line}
   size_t MaxNewSize                               = 1287651328                                {product} {ergonomic}
   size_t MinHeapDeltaBytes                        = 1048576                                   {product} {ergonomic}
    uintx NonNMethodCodeHeapSize                   = 5836300                                {pd product} {ergonomic}
    uintx NonProfiledCodeHeapSize                  = 122910970                              {pd product} {ergonomic}
    uintx ProfiledCodeHeapSize                     = 122910970                              {pd product} {ergonomic}
    uintx ReservedCodeCacheSize                    = 251658240                              {pd product} {ergonomic}
     bool SegmentedCodeCache                       = true                                      {product} {ergonomic}
     bool UseCompressedClassPointers               = true                                 {lp64_product} {ergonomic}
     bool UseCompressedOops                        = true                                 {lp64_product} {ergonomic}
     bool UseG1GC                                  = true                                      {product} {ergonomic}
     bool UseLargePagesIndividualAllocation        = false                                  {pd product} {ergonomic}

Logging:
Log output configuration:
 #0: stdout all=warning uptime,level,tags
 #1: stderr all=off uptime,level,tags

Environment Variables:
PATH=C:\Python39\Scripts\;C:\Python39\;C:\Windows\system32;C:\Windows;C:\Windows\System32\Wbem;C:\Windows\System32\WindowsPowerShell\v1.0\;C:\Windows\System32\OpenSSH\;C:\Program Files (x86)\NVIDIA Corporation\PhysX\Common;C:\Program Files\NVIDIA Corporation\NVIDIA NvDLISR;C:\Program Files\Git\cmd;C:\MinGW\bin;;C:\WINDOWS\system32;C:\WINDOWS;C:\WINDOWS\System32\Wbem;C:\WINDOWS\System32\WindowsPowerShell\v1.0\;C:\WINDOWS\System32\OpenSSH\;C:\Users\shikh\AppData\Local\Microsoft\WindowsApps;C:\Users\shikh\AppData\Local\Programs\Microsoft VS Code\bin;%USERPROFILE%\AppData\Local\Microsoft\WindowsApps;
USERNAME=shikh
OS=Windows_NT
PROCESSOR_IDENTIFIER=Intel64 Family 6 Model 165 Stepping 2, GenuineIntel



---------------  S Y S T E M  ---------------

OS: Windows 10 , 64 bit Build 19041 (10.0.19041.928)
OS uptime: 0 days 10:10 hours

CPU:total 8 (initial active 8) (4 cores per cpu, 2 threads per core) family 6 model 165 stepping 2, cmov, cx8, fxsr, mmx, sse, sse2, sse3, ssse3, sse4.1, sse4.2, popcnt, avx, avx2, aes, clmul, erms, 3dnowpref, lzcnt, ht, tsc, tscinvbit, bmi1, bmi2, adx, fma

Memory: 4k page, system-wide physical 8023M (347M free)
TotalPageFile size 11023M (AvailPageFile size 7M)
current process WorkingSet (physical memory assigned to process): 287M, peak: 287M
current process commit charge ("private bytes"): 367M, peak: 368M

vm_info: OpenJDK 64-Bit Server VM (11.0.8+10-b944.6842174) for windows-amd64 JRE (11.0.8+10-b944.6842174), built on Sep 19 2020 01:11:42 by "builder" with MS VC++ 14.0 (VS2015)

END.
