#
# There is insufficient memory for the Java Runtime Environment to continue.
# Native memory allocation (malloc) failed to allocate 842096 bytes for Chunk::new
# Possible reasons:
#   The system is out of physical RAM or swap space
#   The process is running with CompressedOops enabled, and the Java Heap may be blocking the growth of the native heap
# Possible solutions:
#   Reduce memory load on the system
#   Increase physical memory or swap space
#   Check if swap backing store is full
#   Decrease Java heap size (-Xmx/-Xms)
#   Decrease number of Java threads
#   Decrease Java thread stack sizes (-Xss)
#   Set larger code cache with -XX:ReservedCodeCacheSize=
#   JVM is running with Unscaled Compressed Oops mode in which the Java heap is
#     placed in the first 4GB address space. The Java Heap base address is the
#     maximum limit for the native heap growth. Please use -XX:HeapBaseMinAddress
#     to set the Java Heap base and to place the Java Heap above 4GB virtual address.
# This output file may be truncated or incomplete.
#
#  Out of Memory Error (./src/hotspot/share/memory/arena.cpp:197), pid=1632, tid=10448
#
# JRE version: OpenJDK Runtime Environment (11.0.8+10) (build 11.0.8+10-b944.6842174)
# Java VM: OpenJDK 64-Bit Server VM (11.0.8+10-b944.6842174, mixed mode, tiered, compressed oops, g1 gc, windows-amd64)
# No core dump will be written. Minidumps are not enabled by default on client versions of Windows
#

---------------  S U M M A R Y ------------

Command Line: --add-opens=java.base/java.util=ALL-UNNAMED --add-opens=java.base/java.lang=ALL-UNNAMED --add-opens=java.base/java.lang.invoke=ALL-UNNAMED --add-opens=java.prefs/java.util.prefs=ALL-UNNAMED -Xmx2048m -Dfile.encoding=UTF-8 -Duser.country=IN -Duser.language=en -Duser.variant org.gradle.launcher.daemon.bootstrap.GradleDaemon 6.7.1

Host: Intel(R) Core(TM) i5-10300H CPU @ 2.50GHz, 8 cores, 7G,  Windows 10 , 64 bit Build 19041 (10.0.19041.928)
Time: Thu May 20 10:56:42 2021 India Standard Time elapsed time: 7 seconds (0d 0h 0m 7s)

---------------  T H R E A D  ---------------

Current thread (0x00000244db699800):  JavaThread "C2 CompilerThread1" daemon [_thread_in_native, id=10448, stack(0x000000f5b8a00000,0x000000f5b8b00000)]


Current CompileTask:
C2:   7496 5938       4       groovy.lang.MetaMethod::getMopName (105 bytes)

Stack: [0x000000f5b8a00000,0x000000f5b8b00000]
Native frames: (J=compiled Java code, j=interpreted, Vv=VM code, C=native code)
V  [jvm.dll+0x5de50a]
V  [jvm.dll+0x7122f5]
V  [jvm.dll+0x71384d]
V  [jvm.dll+0x713f03]
V  [jvm.dll+0x23e728]
V  [jvm.dll+0xb899c]
V  [jvm.dll+0xb8e9c]
V  [jvm.dll+0x35024d]
V  [jvm.dll+0x31dea3]
V  [jvm.dll+0x31d39a]
V  [jvm.dll+0x1f7702]
V  [jvm.dll+0x1f68d4]
V  [jvm.dll+0x17f32c]
V  [jvm.dll+0x205047]
V  [jvm.dll+0x203891]
V  [jvm.dll+0x6dad3f]
V  [jvm.dll+0x6d3895]
V  [jvm.dll+0x5dd4a6]
C  [ucrtbase.dll+0x21bb2]
C  [KERNEL32.DLL+0x17034]
C  [ntdll.dll+0x52651]


---------------  P R O C E S S  ---------------

Threads class SMR info:
_java_thread_list=0x00000244e05398a0, length=140, elements={
0x00000244be02b000, 0x00000244d8a60000, 0x00000244d8a63000, 0x00000244d93e2800,
0x00000244d93e4000, 0x00000244d93e7000, 0x00000244d93f0800, 0x00000244d93f2000,
0x00000244d953b800, 0x00000244d9554800, 0x00000244dbe25800, 0x00000244db89f800,
0x00000244db8a0800, 0x00000244da3c7800, 0x00000244da3c8000, 0x00000244da7e4800,
0x00000244daf12000, 0x00000244daf33000, 0x00000244db76f000, 0x00000244db6d0800,
0x00000244db699800, 0x00000244db697000, 0x00000244db69c000, 0x00000244db697800,
0x00000244db698800, 0x00000244db69a000, 0x00000244db69b000, 0x00000244db696000,
0x00000244db69c800, 0x00000244deca2800, 0x00000244deca5000, 0x00000244deca2000,
0x00000244deca4800, 0x00000244deca6000, 0x00000244deca1000, 0x00000244deca0800,
0x00000244deca9800, 0x00000244decac800, 0x00000244decab000, 0x00000244decaa000,
0x00000244decab800, 0x00000244deca7000, 0x00000244decad800, 0x00000244deca7800,
0x00000244decae000, 0x00000244deca8800, 0x00000244decaf000, 0x00000244df013800,
0x00000244df014800, 0x00000244df012000, 0x00000244df016000, 0x00000244df017000,
0x00000244df013000, 0x00000244df011800, 0x00000244df018800, 0x00000244df018000,
0x00000244df019800, 0x00000244df01a800, 0x00000244df01b000, 0x00000244df015800,
0x00000244df01c800, 0x00000244df01d800, 0x00000244df01c000, 0x00000244df01e800,
0x00000244df01f000, 0x00000244df020000, 0x00000244dd90b000, 0x00000244dd908800,
0x00000244dd90a800, 0x00000244dd905800, 0x00000244dd906000, 0x00000244dd909800,
0x00000244dd90c000, 0x00000244dd90d000, 0x00000244dd908000, 0x00000244dd907000,
0x00000244dd912800, 0x00000244dd913800, 0x00000244dd90f000, 0x00000244dd90d800,
0x00000244dd914000, 0x00000244dd910000, 0x00000244dd90e800, 0x00000244dd911800,
0x00000244dd911000, 0x00000244dd96e800, 0x00000244dd96a800, 0x00000244dd96c000,
0x00000244dd96b800, 0x00000244dd96d000, 0x00000244dd96e000, 0x00000244dd96a000,
0x00000244dd96f800, 0x00000244dd971000, 0x00000244dd976000, 0x00000244dd970800,
0x00000244dd977800, 0x00000244dd977000, 0x00000244dd972000, 0x00000244dd975000,
0x00000244dd978800, 0x00000244dd973000, 0x00000244dd973800, 0x00000244dd974800,
0x00000244ded19800, 0x00000244ded17000, 0x00000244ded16000, 0x00000244ded17800,
0x00000244ded13800, 0x00000244ded15000, 0x00000244ded18800, 0x00000244ded1a000,
0x00000244ded14800, 0x00000244ded20000, 0x00000244ded1c800, 0x00000244ded1b000,
0x00000244ded1f000, 0x00000244ded1b800, 0x00000244ded1d800, 0x00000244ded20800,
0x00000244ded1e000, 0x00000244ded21800, 0x00000244ded22000, 0x00000244de8ca800,
0x00000244de8ca000, 0x00000244de8ce000, 0x00000244de8cc800, 0x00000244de8c9000,
0x00000244de8cb800, 0x00000244de8cd000, 0x00000244de8c8000, 0x00000244de8d1000,
0x00000244de8d2000, 0x00000244de8cf800, 0x00000244de8d3000, 0x00000244de8d0800,
0x00000244de8d3800, 0x00000244de8d4800, 0x00000244de8ce800, 0x00000244de8d5800
}

Java Threads: ( => current thread )
  0x00000244be02b000 JavaThread "main" [_thread_blocked, id=17164, stack(0x000000f5b6b00000,0x000000f5b6c00000)]
  0x00000244d8a60000 JavaThread "Reference Handler" daemon [_thread_blocked, id=6232, stack(0x000000f5b7200000,0x000000f5b7300000)]
  0x00000244d8a63000 JavaThread "Finalizer" daemon [_thread_blocked, id=16604, stack(0x000000f5b7300000,0x000000f5b7400000)]
  0x00000244d93e2800 JavaThread "Signal Dispatcher" daemon [_thread_blocked, id=8460, stack(0x000000f5b7400000,0x000000f5b7500000)]
  0x00000244d93e4000 JavaThread "Attach Listener" daemon [_thread_blocked, id=13288, stack(0x000000f5b7500000,0x000000f5b7600000)]
  0x00000244d93e7000 JavaThread "C2 CompilerThread0" daemon [_thread_in_native, id=12628, stack(0x000000f5b7600000,0x000000f5b7700000)]
  0x00000244d93f0800 JavaThread "C1 CompilerThread0" daemon [_thread_blocked, id=13636, stack(0x000000f5b7700000,0x000000f5b7800000)]
  0x00000244d93f2000 JavaThread "Sweeper thread" daemon [_thread_blocked, id=6836, stack(0x000000f5b7800000,0x000000f5b7900000)]
  0x00000244d953b800 JavaThread "Common-Cleaner" daemon [_thread_blocked, id=9720, stack(0x000000f5b7900000,0x000000f5b7a00000)]
  0x00000244d9554800 JavaThread "Service Thread" daemon [_thread_blocked, id=3220, stack(0x000000f5b7a00000,0x000000f5b7b00000)]
  0x00000244dbe25800 JavaThread "Daemon health stats" [_thread_blocked, id=7788, stack(0x000000f5b8000000,0x000000f5b8100000)]
  0x00000244db89f800 JavaThread "Incoming local TCP Connector on port 59454" [_thread_in_native, id=14324, stack(0x000000f5b8100000,0x000000f5b8200000)]
  0x00000244db8a0800 JavaThread "Daemon periodic checks" [_thread_blocked, id=15232, stack(0x000000f5b8200000,0x000000f5b8300000)]
  0x00000244da3c7800 JavaThread "Daemon" [_thread_blocked, id=13868, stack(0x000000f5b8300000,0x000000f5b8400000)]
  0x00000244da3c8000 JavaThread "Handler for socket connection from /127.0.0.1:59454 to /127.0.0.1:59455" [_thread_in_native, id=11032, stack(0x000000f5b8400000,0x000000f5b8500000)]
  0x00000244da7e4800 JavaThread "Cancel handler" [_thread_blocked, id=6992, stack(0x000000f5b8500000,0x000000f5b8600000)]
  0x00000244daf12000 JavaThread "Daemon worker" [_thread_in_Java, id=12424, stack(0x000000f5b8600000,0x000000f5b8700000)]
  0x00000244daf33000 JavaThread "Asynchronous log dispatcher for DefaultDaemonConnection: socket connection from /127.0.0.1:59454 to /127.0.0.1:59455" [_thread_blocked, id=5600, stack(0x000000f5b8700000,0x000000f5b8800000)]
  0x00000244db76f000 JavaThread "Stdin handler" [_thread_blocked, id=2760, stack(0x000000f5b8800000,0x000000f5b8900000)]
  0x00000244db6d0800 JavaThread "Thread-8" [_thread_blocked, id=10928, stack(0x000000f5b8900000,0x000000f5b8a00000)]
=>0x00000244db699800 JavaThread "C2 CompilerThread1" daemon [_thread_in_native, id=10448, stack(0x000000f5b8a00000,0x000000f5b8b00000)]
  0x00000244db697000 JavaThread "Cache worker for file hash cache (C:\Users\shikh\.gradle\caches\6.7.1\fileHashes)" [_thread_blocked, id=5304, stack(0x000000f5b9000000,0x000000f5b9100000)]
  0x00000244db69c000 JavaThread "File lock request listener" [_thread_in_native, id=8728, stack(0x000000f5b9100000,0x000000f5b9200000)]
  0x00000244db697800 JavaThread "Cache worker for journal cache (C:\Users\shikh\.gradle\caches\journal-1)" [_thread_blocked, id=11292, stack(0x000000f5b9300000,0x000000f5b9400000)]
  0x00000244db698800 JavaThread "Cache worker for file hash cache (C:\Users\shikh\AndroidStudioProjects\AppDev\.gradle\6.7.1\fileHashes)" [_thread_blocked, id=5024, stack(0x000000f5b9400000,0x000000f5b9500000)]
  0x00000244db69a000 JavaThread "Cache worker for checksums cache (C:\Users\shikh\AndroidStudioProjects\AppDev\.gradle\checksums)" [_thread_blocked, id=9588, stack(0x000000f5b9500000,0x000000f5b9600000)]
  0x00000244db69b000 JavaThread "Cache worker for cache directory md-supplier (C:\Users\shikh\.gradle\caches\6.7.1\md-supplier)" [_thread_blocked, id=12292, stack(0x000000f5b9600000,0x000000f5b9700000)]
  0x00000244db696000 JavaThread "C2 CompilerThread2" daemon [_thread_in_native, id=11212, stack(0x000000f5b9700000,0x000000f5b9800000)]
  0x00000244db69c800 JavaThread "Cache worker for cache directory md-rule (C:\Users\shikh\.gradle\caches\6.7.1\md-rule)" [_thread_blocked, id=16004, stack(0x000000f5b9800000,0x000000f5b9900000)]
  0x00000244deca2800 JavaThread "Cache worker for execution history cache (C:\Users\shikh\.gradle\caches\6.7.1\executionHistory)" [_thread_blocked, id=15892, stack(0x000000f5b9900000,0x000000f5b9a00000)]
  0x00000244deca5000 JavaThread "jar transforms" [_thread_blocked, id=3852, stack(0x000000f5b9a00000,0x000000f5b9b00000)]
  0x00000244deca2000 JavaThread "Cache worker for file content cache (C:\Users\shikh\.gradle\caches\6.7.1\fileContent)" [_thread_blocked, id=15284, stack(0x000000f5b9b00000,0x000000f5b9c00000)]
  0x00000244deca4800 JavaThread "Cache worker for Build Output Cleanup Cache (C:\Users\shikh\AndroidStudioProjects\AppDev\.gradle\buildOutputCleanup)" [_thread_blocked, id=12788, stack(0x000000f5b9c00000,0x000000f5b9d00000)]
  0x00000244deca6000 JavaThread "Build operations" [_thread_blocked, id=16672, stack(0x000000f5b9d00000,0x000000f5b9e00000)]
  0x00000244deca1000 JavaThread "Build operations Thread 2" [_thread_blocked, id=11096, stack(0x000000f5b9e00000,0x000000f5b9f00000)]
  0x00000244deca0800 JavaThread "Build operations Thread 3" [_thread_blocked, id=3480, stack(0x000000f5b9f00000,0x000000f5ba000000)]
  0x00000244deca9800 JavaThread "Build operations Thread 4" [_thread_blocked, id=15180, stack(0x000000f5ba000000,0x000000f5ba100000)]
  0x00000244decac800 JavaThread "Build operations Thread 5" [_thread_blocked, id=3352, stack(0x000000f5ba100000,0x000000f5ba200000)]
  0x00000244decab000 JavaThread "Build operations Thread 6" [_thread_blocked, id=15176, stack(0x000000f5ba200000,0x000000f5ba300000)]
  0x00000244decaa000 JavaThread "Build operations Thread 7" [_thread_blocked, id=16696, stack(0x000000f5ba300000,0x000000f5ba400000)]
  0x00000244decab800 JavaThread "Build operations Thread 8" [_thread_blocked, id=16648, stack(0x000000f5ba400000,0x000000f5ba500000)]
  0x00000244deca7000 JavaThread "jar transforms Thread 2" [_thread_blocked, id=16628, stack(0x000000f5ba500000,0x000000f5ba600000)]
  0x00000244decad800 JavaThread "jar transforms Thread 3" [_thread_blocked, id=9444, stack(0x000000f5ba600000,0x000000f5ba700000)]
  0x00000244deca7800 JavaThread "jar transforms Thread 4" [_thread_blocked, id=14516, stack(0x000000f5ba700000,0x000000f5ba800000)]
  0x00000244decae000 JavaThread "jar transforms Thread 5" [_thread_blocked, id=15816, stack(0x000000f5ba800000,0x000000f5ba900000)]
  0x00000244deca8800 JavaThread "jar transforms Thread 6" [_thread_blocked, id=10328, stack(0x000000f5ba900000,0x000000f5baa00000)]
  0x00000244decaf000 JavaThread "jar transforms Thread 7" [_thread_blocked, id=11632, stack(0x000000f5baa00000,0x000000f5bab00000)]
  0x00000244df013800 JavaThread "jar transforms Thread 8" [_thread_blocked, id=5248, stack(0x000000f5bab00000,0x000000f5bac00000)]
  0x00000244df014800 JavaThread "jar transforms Thread 9" [_thread_blocked, id=9196, stack(0x000000f5bac00000,0x000000f5bad00000)]
  0x00000244df012000 JavaThread "jar transforms Thread 10" [_thread_blocked, id=1496, stack(0x000000f5bad00000,0x000000f5bae00000)]
  0x00000244df016000 JavaThread "jar transforms Thread 11" [_thread_blocked, id=5988, stack(0x000000f5bae00000,0x000000f5baf00000)]
  0x00000244df017000 JavaThread "jar transforms Thread 12" [_thread_blocked, id=1464, stack(0x000000f5baf00000,0x000000f5bb000000)]
  0x00000244df013000 JavaThread "jar transforms Thread 13" [_thread_blocked, id=12916, stack(0x000000f5bb000000,0x000000f5bb100000)]
  0x00000244df011800 JavaThread "jar transforms Thread 14" [_thread_blocked, id=13360, stack(0x000000f5bb100000,0x000000f5bb200000)]
  0x00000244df018800 JavaThread "jar transforms Thread 15" [_thread_blocked, id=10464, stack(0x000000f5bb200000,0x000000f5bb300000)]
  0x00000244df018000 JavaThread "jar transforms Thread 16" [_thread_blocked, id=13988, stack(0x000000f5bb300000,0x000000f5bb400000)]
  0x00000244df019800 JavaThread "jar transforms Thread 17" [_thread_blocked, id=11072, stack(0x000000f5bb400000,0x000000f5bb500000)]
  0x00000244df01a800 JavaThread "jar transforms Thread 18" [_thread_blocked, id=12144, stack(0x000000f5bb500000,0x000000f5bb600000)]
  0x00000244df01b000 JavaThread "jar transforms Thread 19" [_thread_blocked, id=4332, stack(0x000000f5bb600000,0x000000f5bb700000)]
  0x00000244df015800 JavaThread "jar transforms Thread 20" [_thread_blocked, id=16732, stack(0x000000f5bb700000,0x000000f5bb800000)]
  0x00000244df01c800 JavaThread "jar transforms Thread 21" [_thread_blocked, id=10708, stack(0x000000f5bb800000,0x000000f5bb900000)]
  0x00000244df01d800 JavaThread "jar transforms Thread 22" [_thread_blocked, id=3420, stack(0x000000f5bb900000,0x000000f5bba00000)]
  0x00000244df01c000 JavaThread "jar transforms Thread 23" [_thread_blocked, id=7896, stack(0x000000f5bba00000,0x000000f5bbb00000)]
  0x00000244df01e800 JavaThread "jar transforms Thread 24" [_thread_blocked, id=3348, stack(0x000000f5bbb00000,0x000000f5bbc00000)]
  0x00000244df01f000 JavaThread "jar transforms Thread 25" [_thread_blocked, id=12272, stack(0x000000f5bbc00000,0x000000f5bbd00000)]
  0x00000244df020000 JavaThread "jar transforms Thread 26" [_thread_blocked, id=4916, stack(0x000000f5bbd00000,0x000000f5bbe00000)]
  0x00000244dd90b000 JavaThread "jar transforms Thread 27" [_thread_blocked, id=7628, stack(0x000000f5bbe00000,0x000000f5bbf00000)]
  0x00000244dd908800 JavaThread "jar transforms Thread 28" [_thread_blocked, id=11648, stack(0x000000f5bbf00000,0x000000f5bc000000)]
  0x00000244dd90a800 JavaThread "jar transforms Thread 29" [_thread_blocked, id=16760, stack(0x000000f5bc000000,0x000000f5bc100000)]
  0x00000244dd905800 JavaThread "jar transforms Thread 30" [_thread_blocked, id=1152, stack(0x000000f5bc100000,0x000000f5bc200000)]
  0x00000244dd906000 JavaThread "jar transforms Thread 31" [_thread_blocked, id=16216, stack(0x000000f5bc200000,0x000000f5bc300000)]
  0x00000244dd909800 JavaThread "jar transforms Thread 32" [_thread_blocked, id=4444, stack(0x000000f5bc300000,0x000000f5bc400000)]
  0x00000244dd90c000 JavaThread "jar transforms Thread 33" [_thread_blocked, id=3388, stack(0x000000f5bc400000,0x000000f5bc500000)]
  0x00000244dd90d000 JavaThread "jar transforms Thread 34" [_thread_blocked, id=15100, stack(0x000000f5bc500000,0x000000f5bc600000)]
  0x00000244dd908000 JavaThread "jar transforms Thread 35" [_thread_blocked, id=12468, stack(0x000000f5bc600000,0x000000f5bc700000)]
  0x00000244dd907000 JavaThread "jar transforms Thread 36" [_thread_blocked, id=10688, stack(0x000000f5bc700000,0x000000f5bc800000)]
  0x00000244dd912800 JavaThread "jar transforms Thread 37" [_thread_blocked, id=8988, stack(0x000000f5bc800000,0x000000f5bc900000)]
  0x00000244dd913800 JavaThread "jar transforms Thread 38" [_thread_blocked, id=6076, stack(0x000000f5bc900000,0x000000f5bca00000)]
  0x00000244dd90f000 JavaThread "jar transforms Thread 39" [_thread_blocked, id=9324, stack(0x000000f5bca00000,0x000000f5bcb00000)]
  0x00000244dd90d800 JavaThread "jar transforms Thread 40" [_thread_blocked, id=13104, stack(0x000000f5bcb00000,0x000000f5bcc00000)]
  0x00000244dd914000 JavaThread "jar transforms Thread 41" [_thread_blocked, id=7124, stack(0x000000f5bcc00000,0x000000f5bcd00000)]
  0x00000244dd910000 JavaThread "jar transforms Thread 42" [_thread_blocked, id=8032, stack(0x000000f5bcd00000,0x000000f5bce00000)]
  0x00000244dd90e800 JavaThread "jar transforms Thread 43" [_thread_blocked, id=4156, stack(0x000000f5bce00000,0x000000f5bcf00000)]
  0x00000244dd911800 JavaThread "jar transforms Thread 44" [_thread_blocked, id=12784, stack(0x000000f5bcf00000,0x000000f5bd000000)]
  0x00000244dd911000 JavaThread "jar transforms Thread 45" [_thread_blocked, id=16848, stack(0x000000f5bd000000,0x000000f5bd100000)]
  0x00000244dd96e800 JavaThread "jar transforms Thread 46" [_thread_blocked, id=3460, stack(0x000000f5bd100000,0x000000f5bd200000)]
  0x00000244dd96a800 JavaThread "jar transforms Thread 47" [_thread_blocked, id=16884, stack(0x000000f5bd200000,0x000000f5bd300000)]
  0x00000244dd96c000 JavaThread "jar transforms Thread 48" [_thread_blocked, id=16852, stack(0x000000f5bd300000,0x000000f5bd400000)]
  0x00000244dd96b800 JavaThread "jar transforms Thread 49" [_thread_blocked, id=1728, stack(0x000000f5bd400000,0x000000f5bd500000)]
  0x00000244dd96d000 JavaThread "jar transforms Thread 50" [_thread_blocked, id=17108, stack(0x000000f5bd500000,0x000000f5bd600000)]
  0x00000244dd96e000 JavaThread "jar transforms Thread 51" [_thread_blocked, id=17084, stack(0x000000f5bd600000,0x000000f5bd700000)]
  0x00000244dd96a000 JavaThread "jar transforms Thread 52" [_thread_blocked, id=16844, stack(0x000000f5bd700000,0x000000f5bd800000)]
  0x00000244dd96f800 JavaThread "jar transforms Thread 53" [_thread_blocked, id=17104, stack(0x000000f5bd800000,0x000000f5bd900000)]
  0x00000244dd971000 JavaThread "jar transforms Thread 54" [_thread_blocked, id=13248, stack(0x000000f5bd900000,0x000000f5bda00000)]
  0x00000244dd976000 JavaThread "jar transforms Thread 55" [_thread_blocked, id=17236, stack(0x000000f5bda00000,0x000000f5bdb00000)]
  0x00000244dd970800 JavaThread "jar transforms Thread 56" [_thread_blocked, id=7000, stack(0x000000f5bdb00000,0x000000f5bdc00000)]
  0x00000244dd977800 JavaThread "jar transforms Thread 57" [_thread_blocked, id=7564, stack(0x000000f5bdc00000,0x000000f5bdd00000)]
  0x00000244dd977000 JavaThread "jar transforms Thread 58" [_thread_blocked, id=12008, stack(0x000000f5bdd00000,0x000000f5bde00000)]
  0x00000244dd972000 JavaThread "jar transforms Thread 59" [_thread_blocked, id=17056, stack(0x000000f5bde00000,0x000000f5bdf00000)]
  0x00000244dd975000 JavaThread "jar transforms Thread 60" [_thread_blocked, id=16540, stack(0x000000f5bdf00000,0x000000f5be000000)]
  0x00000244dd978800 JavaThread "jar transforms Thread 61" [_thread_blocked, id=16516, stack(0x000000f5be000000,0x000000f5be100000)]
  0x00000244dd973000 JavaThread "jar transforms Thread 62" [_thread_blocked, id=1628, stack(0x000000f5be100000,0x000000f5be200000)]
  0x00000244dd973800 JavaThread "jar transforms Thread 63" [_thread_blocked, id=16664, stack(0x000000f5be200000,0x000000f5be300000)]
  0x00000244dd974800 JavaThread "jar transforms Thread 64" [_thread_blocked, id=17036, stack(0x000000f5be300000,0x000000f5be400000)]
  0x00000244ded19800 JavaThread "jar transforms Thread 65" [_thread_blocked, id=16448, stack(0x000000f5be400000,0x000000f5be500000)]
  0x00000244ded17000 JavaThread "jar transforms Thread 66" [_thread_blocked, id=8584, stack(0x000000f5be500000,0x000000f5be600000)]
  0x00000244ded16000 JavaThread "jar transforms Thread 67" [_thread_blocked, id=16640, stack(0x000000f5be600000,0x000000f5be700000)]
  0x00000244ded17800 JavaThread "jar transforms Thread 68" [_thread_blocked, id=10584, stack(0x000000f5be700000,0x000000f5be800000)]
  0x00000244ded13800 JavaThread "jar transforms Thread 69" [_thread_blocked, id=3052, stack(0x000000f5be800000,0x000000f5be900000)]
  0x00000244ded15000 JavaThread "jar transforms Thread 70" [_thread_blocked, id=10872, stack(0x000000f5be900000,0x000000f5bea00000)]
  0x00000244ded18800 JavaThread "jar transforms Thread 71" [_thread_blocked, id=16496, stack(0x000000f5bea00000,0x000000f5beb00000)]
  0x00000244ded1a000 JavaThread "jar transforms Thread 72" [_thread_blocked, id=8900, stack(0x000000f5beb00000,0x000000f5bec00000)]
  0x00000244ded14800 JavaThread "jar transforms Thread 73" [_thread_blocked, id=11832, stack(0x000000f5bec00000,0x000000f5bed00000)]
  0x00000244ded20000 JavaThread "jar transforms Thread 74" [_thread_blocked, id=7176, stack(0x000000f5bed00000,0x000000f5bee00000)]
  0x00000244ded1c800 JavaThread "jar transforms Thread 75" [_thread_blocked, id=10944, stack(0x000000f5bee00000,0x000000f5bef00000)]
  0x00000244ded1b000 JavaThread "jar transforms Thread 76" [_thread_blocked, id=4184, stack(0x000000f5bef00000,0x000000f5bf000000)]
  0x00000244ded1f000 JavaThread "jar transforms Thread 77" [_thread_blocked, id=5472, stack(0x000000f5bf000000,0x000000f5bf100000)]
  0x00000244ded1b800 JavaThread "jar transforms Thread 78" [_thread_blocked, id=9608, stack(0x000000f5bf100000,0x000000f5bf200000)]
  0x00000244ded1d800 JavaThread "jar transforms Thread 79" [_thread_blocked, id=5840, stack(0x000000f5bf200000,0x000000f5bf300000)]
  0x00000244ded20800 JavaThread "jar transforms Thread 80" [_thread_blocked, id=14084, stack(0x000000f5bf300000,0x000000f5bf400000)]
  0x00000244ded1e000 JavaThread "jar transforms Thread 81" [_thread_blocked, id=9456, stack(0x000000f5bf400000,0x000000f5bf500000)]
  0x00000244ded21800 JavaThread "jar transforms Thread 82" [_thread_blocked, id=13832, stack(0x000000f5bf500000,0x000000f5bf600000)]
  0x00000244ded22000 JavaThread "jar transforms Thread 83" [_thread_blocked, id=16424, stack(0x000000f5bf600000,0x000000f5bf700000)]
  0x00000244de8ca800 JavaThread "jar transforms Thread 84" [_thread_blocked, id=3732, stack(0x000000f5bf700000,0x000000f5bf800000)]
  0x00000244de8ca000 JavaThread "jar transforms Thread 85" [_thread_blocked, id=1180, stack(0x000000f5bf800000,0x000000f5bf900000)]
  0x00000244de8ce000 JavaThread "jar transforms Thread 86" [_thread_blocked, id=12076, stack(0x000000f5bf900000,0x000000f5bfa00000)]
  0x00000244de8cc800 JavaThread "jar transforms Thread 87" [_thread_blocked, id=8552, stack(0x000000f5bfa00000,0x000000f5bfb00000)]
  0x00000244de8c9000 JavaThread "jar transforms Thread 88" [_thread_blocked, id=4088, stack(0x000000f5bfb00000,0x000000f5bfc00000)]
  0x00000244de8cb800 JavaThread "jar transforms Thread 89" [_thread_blocked, id=14820, stack(0x000000f5bfc00000,0x000000f5bfd00000)]
  0x00000244de8cd000 JavaThread "jar transforms Thread 90" [_thread_blocked, id=15856, stack(0x000000f5bfd00000,0x000000f5bfe00000)]
  0x00000244de8c8000 JavaThread "jar transforms Thread 91" [_thread_blocked, id=15256, stack(0x000000f5bfe00000,0x000000f5bff00000)]
  0x00000244de8d1000 JavaThread "jar transforms Thread 92" [_thread_blocked, id=3752, stack(0x000000f5bff00000,0x000000f5c0000000)]
  0x00000244de8d2000 JavaThread "jar transforms Thread 93" [_thread_blocked, id=9172, stack(0x000000f5c0000000,0x000000f5c0100000)]
  0x00000244de8cf800 JavaThread "jar transforms Thread 94" [_thread_blocked, id=14712, stack(0x000000f5c0100000,0x000000f5c0200000)]
  0x00000244de8d3000 JavaThread "jar transforms Thread 95" [_thread_blocked, id=15200, stack(0x000000f5c0200000,0x000000f5c0300000)]
  0x00000244de8d0800 JavaThread "jar transforms Thread 96" [_thread_blocked, id=2448, stack(0x000000f5c0300000,0x000000f5c0400000)]
  0x00000244de8d3800 JavaThread "jar transforms Thread 97" [_thread_blocked, id=996, stack(0x000000f5c0400000,0x000000f5c0500000)]
  0x00000244de8d4800 JavaThread "jar transforms Thread 98" [_thread_blocked, id=10208, stack(0x000000f5c0500000,0x000000f5c0600000)]
  0x00000244de8ce800 JavaThread "jar transforms Thread 99" [_thread_blocked, id=2328, stack(0x000000f5c0600000,0x000000f5c0700000)]
  0x00000244de8d5800 JavaThread "Memory manager" [_thread_blocked, id=12656, stack(0x000000f5c0700000,0x000000f5c0800000)]

Other Threads:
  0x00000244d8a5d000 VMThread "VM Thread" [stack: 0x000000f5b7100000,0x000000f5b7200000] [id=12372]
  0x00000244d959d800 WatcherThread [stack: 0x000000f5b7b00000,0x000000f5b7c00000] [id=10388]
  0x00000244be043000 GCTaskThread "GC Thread#0" [stack: 0x000000f5b6c00000,0x000000f5b6d00000] [id=2036]
  0x00000244d9f14800 GCTaskThread "GC Thread#1" [stack: 0x000000f5b7d00000,0x000000f5b7e00000] [id=17220]
  0x00000244d9f4a800 GCTaskThread "GC Thread#2" [stack: 0x000000f5b7e00000,0x000000f5b7f00000] [id=11284]
  0x00000244daf32800 GCTaskThread "GC Thread#3" [stack: 0x000000f5b8b00000,0x000000f5b8c00000] [id=13684]
  0x00000244db5a2800 GCTaskThread "GC Thread#4" [stack: 0x000000f5b8c00000,0x000000f5b8d00000] [id=9524]
  0x00000244da74a000 GCTaskThread "GC Thread#5" [stack: 0x000000f5b8d00000,0x000000f5b8e00000] [id=2712]
  0x00000244da97c800 GCTaskThread "GC Thread#6" [stack: 0x000000f5b8e00000,0x000000f5b8f00000] [id=10948]
  0x00000244db6b0800 GCTaskThread "GC Thread#7" [stack: 0x000000f5b8f00000,0x000000f5b9000000] [id=12156]
  0x00000244be075800 ConcurrentGCThread "G1 Main Marker" [stack: 0x000000f5b6d00000,0x000000f5b6e00000] [id=11108]
  0x00000244be078000 ConcurrentGCThread "G1 Conc#0" [stack: 0x000000f5b6e00000,0x000000f5b6f00000] [id=10744]
  0x00000244da618000 ConcurrentGCThread "G1 Conc#1" [stack: 0x000000f5b9200000,0x000000f5b9300000] [id=14868]
  0x00000244d88b0800 ConcurrentGCThread "G1 Refine#0" [stack: 0x000000f5b6f00000,0x000000f5b7000000] [id=10420]
  0x00000244d88b1000 ConcurrentGCThread "G1 Young RemSet Sampling" [stack: 0x000000f5b7000000,0x000000f5b7100000] [id=6104]

Threads with active compile tasks:
C2 CompilerThread0   7523 5931   !   4       com.sun.beans.TypeResolver::resolve (261 bytes)
C2 CompilerThread1   7523 5938       4       groovy.lang.MetaMethod::getMopName (105 bytes)
C2 CompilerThread2   7523 5956 %     4       groovy.lang.MetaClassImpl::inheritInterfaceNewMetaMethods @ 104 (199 bytes)

VM state:not at safepoint (normal execution)

VM Mutex/Monitor currently owned by a thread: None

Heap address: 0x0000000080000000, size: 2048 MB, Compressed Oops mode: 32-bit
Narrow klass base: 0x0000000000000000, Narrow klass shift: 3
Compressed class space size: 1073741824 Address: 0x0000000100000000

Heap:
 garbage-first heap   total 155648K, used 100590K [0x0000000080000000, 0x0000000100000000)
  region size 1024K, 59 young (60416K), 6 survivors (6144K)
 Metaspace       used 65415K, capacity 66907K, committed 66944K, reserved 1107968K
  class space    used 8520K, capacity 9069K, committed 9088K, reserved 1048576K
Heap Regions: E=young(eden), S=young(survivor), O=old, HS=humongous(starts), HC=humongous(continues), CS=collection set, F=free, A=archive, TAMS=top-at-mark-start (previous, next)
|   0|0x0000000080000000, 0x0000000080100000, 0x0000000080100000|100%| O|  |TAMS 0x0000000080100000, 0x0000000080000000| Untracked 
|   1|0x0000000080100000, 0x0000000080200000, 0x0000000080200000|100%| O|  |TAMS 0x0000000080200000, 0x0000000080100000| Untracked 
|   2|0x0000000080200000, 0x0000000080300000, 0x0000000080300000|100%| O|  |TAMS 0x0000000080300000, 0x0000000080200000| Untracked 
|   3|0x0000000080300000, 0x0000000080400000, 0x0000000080400000|100%|HS|  |TAMS 0x0000000080400000, 0x0000000080300000| Complete 
|   4|0x0000000080400000, 0x0000000080500000, 0x0000000080500000|100%|HC|  |TAMS 0x0000000080500000, 0x0000000080400000| Complete 
|   5|0x0000000080500000, 0x0000000080600000, 0x0000000080600000|100%|HC|  |TAMS 0x0000000080600000, 0x0000000080500000| Complete 
|   6|0x0000000080600000, 0x0000000080700000, 0x0000000080700000|100%| O|  |TAMS 0x0000000080700000, 0x0000000080600000| Untracked 
|   7|0x0000000080700000, 0x0000000080800000, 0x0000000080800000|100%| O|  |TAMS 0x0000000080800000, 0x0000000080700000| Untracked 
|   8|0x0000000080800000, 0x0000000080900000, 0x0000000080900000|100%| O|  |TAMS 0x0000000080900000, 0x0000000080800000| Untracked 
|   9|0x0000000080900000, 0x0000000080a00000, 0x0000000080a00000|100%| O|  |TAMS 0x0000000080a00000, 0x0000000080900000| Untracked 
|  10|0x0000000080a00000, 0x0000000080b00000, 0x0000000080b00000|100%| O|  |TAMS 0x0000000080b00000, 0x0000000080a00000| Untracked 
|  11|0x0000000080b00000, 0x0000000080c00000, 0x0000000080c00000|100%| O|  |TAMS 0x0000000080c00000, 0x0000000080b00000| Untracked 
|  12|0x0000000080c00000, 0x0000000080d00000, 0x0000000080d00000|100%| O|  |TAMS 0x0000000080d00000, 0x0000000080c00000| Untracked 
|  13|0x0000000080d00000, 0x0000000080e00000, 0x0000000080e00000|100%| O|  |TAMS 0x0000000080e00000, 0x0000000080d00000| Untracked 
|  14|0x0000000080e00000, 0x0000000080f00000, 0x0000000080f00000|100%| O|  |TAMS 0x0000000080f00000, 0x0000000080e00000| Untracked 
|  15|0x0000000080f00000, 0x0000000081000000, 0x0000000081000000|100%| O|  |TAMS 0x0000000081000000, 0x0000000080f00000| Untracked 
|  16|0x0000000081000000, 0x0000000081100000, 0x0000000081100000|100%| O|  |TAMS 0x0000000081100000, 0x0000000081000000| Untracked 
|  17|0x0000000081100000, 0x0000000081200000, 0x0000000081200000|100%| O|  |TAMS 0x0000000081200000, 0x0000000081100000| Untracked 
|  18|0x0000000081200000, 0x0000000081300000, 0x0000000081300000|100%| O|  |TAMS 0x0000000081300000, 0x0000000081200000| Untracked 
|  19|0x0000000081300000, 0x0000000081400000, 0x0000000081400000|100%| O|  |TAMS 0x0000000081400000, 0x0000000081300000| Untracked 
|  20|0x0000000081400000, 0x0000000081500000, 0x0000000081500000|100%| O|  |TAMS 0x0000000081500000, 0x0000000081400000| Untracked 
|  21|0x0000000081500000, 0x0000000081600000, 0x0000000081600000|100%| O|  |TAMS 0x0000000081600000, 0x0000000081500000| Untracked 
|  22|0x0000000081600000, 0x0000000081700000, 0x0000000081700000|100%|HS|  |TAMS 0x0000000081700000, 0x0000000081600000| Complete 
|  23|0x0000000081700000, 0x0000000081800000, 0x0000000081800000|100%|HS|  |TAMS 0x0000000081800000, 0x0000000081700000| Complete 
|  24|0x0000000081800000, 0x0000000081900000, 0x0000000081900000|100%|HC|  |TAMS 0x0000000081900000, 0x0000000081800000| Complete 
|  25|0x0000000081900000, 0x0000000081a00000, 0x0000000081a00000|100%| O|  |TAMS 0x0000000081a00000, 0x0000000081900000| Untracked 
|  26|0x0000000081a00000, 0x0000000081b00000, 0x0000000081b00000|100%| O|  |TAMS 0x0000000081b00000, 0x0000000081a00000| Untracked 
|  27|0x0000000081b00000, 0x0000000081c00000, 0x0000000081c00000|100%| O|  |TAMS 0x0000000081c00000, 0x0000000081b00000| Untracked 
|  28|0x0000000081c00000, 0x0000000081d00000, 0x0000000081d00000|100%| O|  |TAMS 0x0000000081d00000, 0x0000000081c00000| Untracked 
|  29|0x0000000081d00000, 0x0000000081e00000, 0x0000000081e00000|100%| O|  |TAMS 0x0000000081e00000, 0x0000000081d00000| Untracked 
|  30|0x0000000081e00000, 0x0000000081f00000, 0x0000000081f00000|100%| O|  |TAMS 0x0000000081f00000, 0x0000000081e00000| Untracked 
|  31|0x0000000081f00000, 0x0000000082000000, 0x0000000082000000|100%| O|  |TAMS 0x0000000082000000, 0x0000000081f00000| Untracked 
|  32|0x0000000082000000, 0x0000000082100000, 0x0000000082100000|100%| O|  |TAMS 0x0000000082100000, 0x0000000082000000| Untracked 
|  33|0x0000000082100000, 0x0000000082200000, 0x0000000082200000|100%| O|  |TAMS 0x0000000082200000, 0x0000000082100000| Untracked 
|  34|0x0000000082200000, 0x0000000082300000, 0x0000000082300000|100%| O|  |TAMS 0x0000000082300000, 0x0000000082200000| Untracked 
|  35|0x0000000082300000, 0x0000000082400000, 0x0000000082400000|100%| O|  |TAMS 0x0000000082400000, 0x0000000082300000| Untracked 
|  36|0x0000000082400000, 0x0000000082500000, 0x0000000082500000|100%| O|  |TAMS 0x0000000082500000, 0x0000000082400000| Untracked 
|  37|0x0000000082500000, 0x0000000082600000, 0x0000000082600000|100%| O|  |TAMS 0x0000000082518800, 0x0000000082500000| Untracked 
|  38|0x0000000082600000, 0x0000000082700000, 0x0000000082700000|100%| O|  |TAMS 0x0000000082600000, 0x0000000082600000| Untracked 
|  39|0x0000000082700000, 0x0000000082800000, 0x0000000082800000|100%| O|  |TAMS 0x0000000082700000, 0x0000000082700000| Untracked 
|  40|0x0000000082800000, 0x00000000828a5e00, 0x0000000082900000| 64%| O|  |TAMS 0x0000000082800000, 0x0000000082800000| Untracked 
|  41|0x0000000082900000, 0x0000000082900000, 0x0000000082a00000|  0%| F|  |TAMS 0x0000000082900000, 0x0000000082900000| Untracked 
|  42|0x0000000082a00000, 0x0000000082a00000, 0x0000000082b00000|  0%| F|  |TAMS 0x0000000082a00000, 0x0000000082a00000| Untracked 
|  43|0x0000000082b00000, 0x0000000082b00000, 0x0000000082c00000|  0%| F|  |TAMS 0x0000000082b00000, 0x0000000082b00000| Untracked 
|  44|0x0000000082c00000, 0x0000000082c00000, 0x0000000082d00000|  0%| F|  |TAMS 0x0000000082c00000, 0x0000000082c00000| Untracked 
|  45|0x0000000082d00000, 0x0000000082d00000, 0x0000000082e00000|  0%| F|  |TAMS 0x0000000082d00000, 0x0000000082d00000| Untracked 
|  46|0x0000000082e00000, 0x0000000082e00000, 0x0000000082f00000|  0%| F|  |TAMS 0x0000000082e00000, 0x0000000082e00000| Untracked 
|  47|0x0000000082f00000, 0x0000000082f00000, 0x0000000083000000|  0%| F|  |TAMS 0x0000000082f00000, 0x0000000082f00000| Untracked 
|  48|0x0000000083000000, 0x0000000083000000, 0x0000000083100000|  0%| F|  |TAMS 0x0000000083000000, 0x0000000083000000| Untracked 
|  49|0x0000000083100000, 0x0000000083100000, 0x0000000083200000|  0%| F|  |TAMS 0x0000000083100000, 0x0000000083100000| Untracked 
|  50|0x0000000083200000, 0x0000000083200000, 0x0000000083300000|  0%| F|  |TAMS 0x0000000083200000, 0x0000000083200000| Untracked 
|  51|0x0000000083300000, 0x0000000083300000, 0x0000000083400000|  0%| F|  |TAMS 0x0000000083300000, 0x0000000083300000| Untracked 
|  52|0x0000000083400000, 0x0000000083400000, 0x0000000083500000|  0%| F|  |TAMS 0x0000000083400000, 0x0000000083400000| Untracked 
|  53|0x0000000083500000, 0x0000000083500000, 0x0000000083600000|  0%| F|  |TAMS 0x0000000083500000, 0x0000000083500000| Untracked 
|  54|0x0000000083600000, 0x0000000083600000, 0x0000000083700000|  0%| F|  |TAMS 0x0000000083600000, 0x0000000083600000| Untracked 
|  55|0x0000000083700000, 0x0000000083700000, 0x0000000083800000|  0%| F|  |TAMS 0x0000000083700000, 0x0000000083700000| Untracked 
|  56|0x0000000083800000, 0x0000000083800000, 0x0000000083900000|  0%| F|  |TAMS 0x0000000083800000, 0x0000000083800000| Untracked 
|  57|0x0000000083900000, 0x0000000083900000, 0x0000000083a00000|  0%| F|  |TAMS 0x0000000083900000, 0x0000000083900000| Untracked 
|  58|0x0000000083a00000, 0x0000000083a00000, 0x0000000083b00000|  0%| F|  |TAMS 0x0000000083a00000, 0x0000000083a00000| Untracked 
|  59|0x0000000083b00000, 0x0000000083b00000, 0x0000000083c00000|  0%| F|  |TAMS 0x0000000083b00000, 0x0000000083b00000| Untracked 
|  60|0x0000000083c00000, 0x0000000083c00000, 0x0000000083d00000|  0%| F|  |TAMS 0x0000000083c00000, 0x0000000083c00000| Untracked 
|  61|0x0000000083d00000, 0x0000000083d00000, 0x0000000083e00000|  0%| F|  |TAMS 0x0000000083d00000, 0x0000000083d00000| Untracked 
|  62|0x0000000083e00000, 0x0000000083e00000, 0x0000000083f00000|  0%| F|  |TAMS 0x0000000083e00000, 0x0000000083e00000| Untracked 
|  63|0x0000000083f00000, 0x0000000083f00000, 0x0000000084000000|  0%| F|  |TAMS 0x0000000083f00000, 0x0000000083f00000| Untracked 
|  64|0x0000000084000000, 0x0000000084000000, 0x0000000084100000|  0%| F|  |TAMS 0x0000000084000000, 0x0000000084000000| Untracked 
|  65|0x0000000084100000, 0x0000000084100000, 0x0000000084200000|  0%| F|  |TAMS 0x0000000084100000, 0x0000000084100000| Untracked 
|  66|0x0000000084200000, 0x0000000084200000, 0x0000000084300000|  0%| F|  |TAMS 0x0000000084200000, 0x0000000084200000| Untracked 
|  67|0x0000000084300000, 0x0000000084300000, 0x0000000084400000|  0%| F|  |TAMS 0x0000000084300000, 0x0000000084300000| Untracked 
|  68|0x0000000084400000, 0x0000000084400000, 0x0000000084500000|  0%| F|  |TAMS 0x0000000084400000, 0x0000000084400000| Untracked 
|  69|0x0000000084500000, 0x0000000084500000, 0x0000000084600000|  0%| F|  |TAMS 0x0000000084500000, 0x0000000084500000| Untracked 
|  70|0x0000000084600000, 0x0000000084600000, 0x0000000084700000|  0%| F|  |TAMS 0x0000000084600000, 0x0000000084600000| Untracked 
|  71|0x0000000084700000, 0x0000000084700000, 0x0000000084800000|  0%| F|  |TAMS 0x0000000084700000, 0x0000000084700000| Untracked 
|  72|0x0000000084800000, 0x0000000084800000, 0x0000000084900000|  0%| F|  |TAMS 0x0000000084800000, 0x0000000084800000| Untracked 
|  73|0x0000000084900000, 0x0000000084900000, 0x0000000084a00000|  0%| F|  |TAMS 0x0000000084900000, 0x0000000084900000| Untracked 
|  74|0x0000000084a00000, 0x0000000084a00000, 0x0000000084b00000|  0%| F|  |TAMS 0x0000000084a00000, 0x0000000084a00000| Untracked 
|  75|0x0000000084b00000, 0x0000000084b00000, 0x0000000084c00000|  0%| F|  |TAMS 0x0000000084b00000, 0x0000000084b00000| Untracked 
|  76|0x0000000084c00000, 0x0000000084c00000, 0x0000000084d00000|  0%| F|  |TAMS 0x0000000084c00000, 0x0000000084c00000| Untracked 
|  77|0x0000000084d00000, 0x0000000084d00000, 0x0000000084e00000|  0%| F|  |TAMS 0x0000000084d00000, 0x0000000084d00000| Untracked 
|  78|0x0000000084e00000, 0x0000000084e00000, 0x0000000084f00000|  0%| F|  |TAMS 0x0000000084e00000, 0x0000000084e00000| Untracked 
|  79|0x0000000084f00000, 0x0000000084f00000, 0x0000000085000000|  0%| F|  |TAMS 0x0000000084f00000, 0x0000000084f00000| Untracked 
|  80|0x0000000085000000, 0x0000000085000000, 0x0000000085100000|  0%| F|  |TAMS 0x0000000085000000, 0x0000000085000000| Untracked 
|  81|0x0000000085100000, 0x0000000085100000, 0x0000000085200000|  0%| F|  |TAMS 0x0000000085100000, 0x0000000085100000| Untracked 
|  82|0x0000000085200000, 0x0000000085200000, 0x0000000085300000|  0%| F|  |TAMS 0x0000000085200000, 0x0000000085200000| Untracked 
|  83|0x0000000085300000, 0x0000000085300000, 0x0000000085400000|  0%| F|  |TAMS 0x0000000085300000, 0x0000000085300000| Untracked 
|  84|0x0000000085400000, 0x0000000085495b00, 0x0000000085500000| 58%| S|CS|TAMS 0x0000000085400000, 0x0000000085400000| Complete 
|  85|0x0000000085500000, 0x0000000085600000, 0x0000000085600000|100%| S|CS|TAMS 0x0000000085500000, 0x0000000085500000| Complete 
|  86|0x0000000085600000, 0x0000000085700000, 0x0000000085700000|100%| S|CS|TAMS 0x0000000085600000, 0x0000000085600000| Complete 
|  87|0x0000000085700000, 0x0000000085800000, 0x0000000085800000|100%| S|CS|TAMS 0x0000000085700000, 0x0000000085700000| Complete 
|  88|0x0000000085800000, 0x0000000085900000, 0x0000000085900000|100%| S|CS|TAMS 0x0000000085800000, 0x0000000085800000| Complete 
|  89|0x0000000085900000, 0x0000000085a00000, 0x0000000085a00000|100%| S|CS|TAMS 0x0000000085900000, 0x0000000085900000| Complete 
|  90|0x0000000085a00000, 0x0000000085a00000, 0x0000000085b00000|  0%| F|  |TAMS 0x0000000085a00000, 0x0000000085a00000| Untracked 
|  91|0x0000000085b00000, 0x0000000085b00000, 0x0000000085c00000|  0%| F|  |TAMS 0x0000000085b00000, 0x0000000085b00000| Untracked 
|  92|0x0000000085c00000, 0x0000000085c00000, 0x0000000085d00000|  0%| F|  |TAMS 0x0000000085c00000, 0x0000000085c00000| Untracked 
|  93|0x0000000085d00000, 0x0000000085d00000, 0x0000000085e00000|  0%| F|  |TAMS 0x0000000085d00000, 0x0000000085d00000| Untracked 
|  94|0x0000000085e00000, 0x0000000085e00000, 0x0000000085f00000|  0%| F|  |TAMS 0x0000000085e00000, 0x0000000085e00000| Untracked 
|  95|0x0000000085f00000, 0x0000000085f00000, 0x0000000086000000|  0%| F|  |TAMS 0x0000000085f00000, 0x0000000085f00000| Untracked 
|  96|0x0000000086000000, 0x0000000086000000, 0x0000000086100000|  0%| F|  |TAMS 0x0000000086000000, 0x0000000086000000| Untracked 
|  97|0x0000000086100000, 0x0000000086100000, 0x0000000086200000|  0%| F|  |TAMS 0x0000000086100000, 0x0000000086100000| Untracked 
|  98|0x0000000086200000, 0x0000000086200000, 0x0000000086300000|  0%| F|  |TAMS 0x0000000086200000, 0x0000000086200000| Untracked 
|  99|0x0000000086300000, 0x0000000086400000, 0x0000000086400000|100%| E|  |TAMS 0x0000000086300000, 0x0000000086300000| Complete 
| 100|0x0000000086400000, 0x0000000086500000, 0x0000000086500000|100%| E|CS|TAMS 0x0000000086400000, 0x0000000086400000| Complete 
| 101|0x0000000086500000, 0x0000000086600000, 0x0000000086600000|100%| E|CS|TAMS 0x0000000086500000, 0x0000000086500000| Complete 
| 102|0x0000000086600000, 0x0000000086700000, 0x0000000086700000|100%| E|CS|TAMS 0x0000000086600000, 0x0000000086600000| Complete 
| 103|0x0000000086700000, 0x0000000086800000, 0x0000000086800000|100%| E|CS|TAMS 0x0000000086700000, 0x0000000086700000| Complete 
| 104|0x0000000086800000, 0x0000000086900000, 0x0000000086900000|100%| E|CS|TAMS 0x0000000086800000, 0x0000000086800000| Complete 
| 105|0x0000000086900000, 0x0000000086a00000, 0x0000000086a00000|100%| E|CS|TAMS 0x0000000086900000, 0x0000000086900000| Complete 
| 106|0x0000000086a00000, 0x0000000086b00000, 0x0000000086b00000|100%| E|CS|TAMS 0x0000000086a00000, 0x0000000086a00000| Complete 
| 107|0x0000000086b00000, 0x0000000086c00000, 0x0000000086c00000|100%| E|CS|TAMS 0x0000000086b00000, 0x0000000086b00000| Complete 
| 108|0x0000000086c00000, 0x0000000086d00000, 0x0000000086d00000|100%| E|CS|TAMS 0x0000000086c00000, 0x0000000086c00000| Complete 
| 109|0x0000000086d00000, 0x0000000086e00000, 0x0000000086e00000|100%| E|CS|TAMS 0x0000000086d00000, 0x0000000086d00000| Complete 
| 110|0x0000000086e00000, 0x0000000086f00000, 0x0000000086f00000|100%| E|CS|TAMS 0x0000000086e00000, 0x0000000086e00000| Complete 
| 111|0x0000000086f00000, 0x0000000087000000, 0x0000000087000000|100%| E|CS|TAMS 0x0000000086f00000, 0x0000000086f00000| Complete 
| 112|0x0000000087000000, 0x0000000087100000, 0x0000000087100000|100%| E|CS|TAMS 0x0000000087000000, 0x0000000087000000| Complete 
| 113|0x0000000087100000, 0x0000000087200000, 0x0000000087200000|100%| E|CS|TAMS 0x0000000087100000, 0x0000000087100000| Complete 
| 114|0x0000000087200000, 0x0000000087300000, 0x0000000087300000|100%| E|CS|TAMS 0x0000000087200000, 0x0000000087200000| Complete 
| 115|0x0000000087300000, 0x0000000087400000, 0x0000000087400000|100%| E|CS|TAMS 0x0000000087300000, 0x0000000087300000| Complete 
| 116|0x0000000087400000, 0x0000000087500000, 0x0000000087500000|100%| E|CS|TAMS 0x0000000087400000, 0x0000000087400000| Complete 
| 117|0x0000000087500000, 0x0000000087600000, 0x0000000087600000|100%| E|CS|TAMS 0x0000000087500000, 0x0000000087500000| Complete 
| 118|0x0000000087600000, 0x0000000087700000, 0x0000000087700000|100%| E|CS|TAMS 0x0000000087600000, 0x0000000087600000| Complete 
| 119|0x0000000087700000, 0x0000000087800000, 0x0000000087800000|100%| E|CS|TAMS 0x0000000087700000, 0x0000000087700000| Complete 
| 120|0x0000000087800000, 0x0000000087900000, 0x0000000087900000|100%| E|CS|TAMS 0x0000000087800000, 0x0000000087800000| Complete 
| 121|0x0000000087900000, 0x0000000087a00000, 0x0000000087a00000|100%| E|CS|TAMS 0x0000000087900000, 0x0000000087900000| Complete 
| 122|0x0000000087a00000, 0x0000000087b00000, 0x0000000087b00000|100%| E|CS|TAMS 0x0000000087a00000, 0x0000000087a00000| Complete 
| 123|0x0000000087b00000, 0x0000000087c00000, 0x0000000087c00000|100%| E|CS|TAMS 0x0000000087b00000, 0x0000000087b00000| Complete 
| 124|0x0000000087c00000, 0x0000000087d00000, 0x0000000087d00000|100%| E|CS|TAMS 0x0000000087c00000, 0x0000000087c00000| Complete 
| 125|0x0000000087d00000, 0x0000000087e00000, 0x0000000087e00000|100%| E|CS|TAMS 0x0000000087d00000, 0x0000000087d00000| Complete 
| 126|0x0000000087e00000, 0x0000000087f00000, 0x0000000087f00000|100%| E|CS|TAMS 0x0000000087e00000, 0x0000000087e00000| Complete 
| 127|0x0000000087f00000, 0x0000000088000000, 0x0000000088000000|100%| E|CS|TAMS 0x0000000087f00000, 0x0000000087f00000| Complete 
| 128|0x0000000088000000, 0x0000000088100000, 0x0000000088100000|100%| E|CS|TAMS 0x0000000088000000, 0x0000000088000000| Complete 
| 129|0x0000000088100000, 0x0000000088200000, 0x0000000088200000|100%| E|CS|TAMS 0x0000000088100000, 0x0000000088100000| Complete 
| 130|0x0000000088200000, 0x0000000088300000, 0x0000000088300000|100%| E|CS|TAMS 0x0000000088200000, 0x0000000088200000| Complete 
| 131|0x0000000088300000, 0x0000000088400000, 0x0000000088400000|100%| E|CS|TAMS 0x0000000088300000, 0x0000000088300000| Complete 
| 132|0x0000000088400000, 0x0000000088500000, 0x0000000088500000|100%| E|CS|TAMS 0x0000000088400000, 0x0000000088400000| Complete 
| 133|0x0000000088500000, 0x0000000088600000, 0x0000000088600000|100%| E|CS|TAMS 0x0000000088500000, 0x0000000088500000| Complete 
| 134|0x0000000088600000, 0x0000000088700000, 0x0000000088700000|100%| E|CS|TAMS 0x0000000088600000, 0x0000000088600000| Complete 
| 135|0x0000000088700000, 0x0000000088800000, 0x0000000088800000|100%| E|CS|TAMS 0x0000000088700000, 0x0000000088700000| Complete 
| 136|0x0000000088800000, 0x0000000088900000, 0x0000000088900000|100%| E|CS|TAMS 0x0000000088800000, 0x0000000088800000| Complete 
| 137|0x0000000088900000, 0x0000000088a00000, 0x0000000088a00000|100%| E|CS|TAMS 0x0000000088900000, 0x0000000088900000| Complete 
| 138|0x0000000088a00000, 0x0000000088b00000, 0x0000000088b00000|100%| E|CS|TAMS 0x0000000088a00000, 0x0000000088a00000| Complete 
| 139|0x0000000088b00000, 0x0000000088c00000, 0x0000000088c00000|100%| E|CS|TAMS 0x0000000088b00000, 0x0000000088b00000| Complete 
| 140|0x0000000088c00000, 0x0000000088d00000, 0x0000000088d00000|100%| E|CS|TAMS 0x0000000088c00000, 0x0000000088c00000| Complete 
| 141|0x0000000088d00000, 0x0000000088e00000, 0x0000000088e00000|100%| E|CS|TAMS 0x0000000088d00000, 0x0000000088d00000| Complete 
| 142|0x0000000088e00000, 0x0000000088f00000, 0x0000000088f00000|100%| E|CS|TAMS 0x0000000088e00000, 0x0000000088e00000| Complete 
| 143|0x0000000088f00000, 0x0000000089000000, 0x0000000089000000|100%| E|CS|TAMS 0x0000000088f00000, 0x0000000088f00000| Complete 
| 144|0x0000000089000000, 0x0000000089100000, 0x0000000089100000|100%| E|CS|TAMS 0x0000000089000000, 0x0000000089000000| Complete 
| 145|0x0000000089100000, 0x0000000089200000, 0x0000000089200000|100%| E|CS|TAMS 0x0000000089100000, 0x0000000089100000| Complete 
| 146|0x0000000089200000, 0x0000000089300000, 0x0000000089300000|100%| E|CS|TAMS 0x0000000089200000, 0x0000000089200000| Complete 
| 147|0x0000000089300000, 0x0000000089400000, 0x0000000089400000|100%| E|CS|TAMS 0x0000000089300000, 0x0000000089300000| Complete 
| 148|0x0000000089400000, 0x0000000089500000, 0x0000000089500000|100%| E|CS|TAMS 0x0000000089400000, 0x0000000089400000| Complete 
| 149|0x0000000089500000, 0x0000000089600000, 0x0000000089600000|100%| E|CS|TAMS 0x0000000089500000, 0x0000000089500000| Complete 
| 150|0x0000000089600000, 0x0000000089700000, 0x0000000089700000|100%| E|CS|TAMS 0x0000000089600000, 0x0000000089600000| Complete 
| 151|0x0000000089700000, 0x0000000089800000, 0x0000000089800000|100%| E|CS|TAMS 0x0000000089700000, 0x0000000089700000| Complete 

Card table byte_map: [0x00000244d1810000,0x00000244d1c10000] _byte_map_base: 0x00000244d1410000

Marking Bits (Prev, Next): (CMBitMap*) 0x00000244be06cdd0, (CMBitMap*) 0x00000244be06cd98
 Prev Bits: [0x00000244d4010000, 0x00000244d6010000)
 Next Bits: [0x00000244d2010000, 0x00000244d4010000)

Polling page: 0x00000244bc790000

Metaspace:

Usage:
  Non-class:     56.55 MB capacity,    55.60 MB ( 98%) used,   821.23 KB (  1%) free+waste,   144.38 KB ( <1%) overhead. 
      Class:      8.89 MB capacity,     8.33 MB ( 94%) used,   507.31 KB (  6%) free+waste,    68.25 KB ( <1%) overhead. 
       Both:     65.43 MB capacity,    63.93 MB ( 98%) used,     1.30 MB (  2%) free+waste,   212.63 KB ( <1%) overhead. 

Virtual space:
  Non-class space:       58.00 MB reserved,      56.75 MB ( 98%) committed 
      Class space:        1.00 GB reserved,       9.00 MB ( <1%) committed 
             Both:        1.06 GB reserved,      65.75 MB (  6%) committed 

Chunk freelists:
   Non-Class:  17.00 KB
       Class:  18.00 KB
        Both:  35.00 KB

MaxMetaspaceSize: 17179869184.00 GB
CompressedClassSpaceSize: 1.00 GB

CodeHeap 'non-profiled nmethods': size=120000Kb used=3586Kb max_used=3586Kb free=116413Kb
 bounds [0x00000244c9480000, 0x00000244c9810000, 0x00000244d09b0000]
CodeHeap 'profiled nmethods': size=120000Kb used=12657Kb max_used=12657Kb free=107342Kb
 bounds [0x00000244c1f50000, 0x00000244c2bb0000, 0x00000244c9480000]
CodeHeap 'non-nmethods': size=5760Kb used=2234Kb max_used=2299Kb free=3525Kb
 bounds [0x00000244c19b0000, 0x00000244c1c20000, 0x00000244c1f50000]
 total_blobs=6688 nmethods=5872 adapters=727
 compilation: enabled
              stopped_count=0, restarted_count=0
 full_count=0

Compilation events (20 events):
Event: 7.494 Thread 0x00000244d93f0800 6097       3       com.esotericsoftware.kryo.io.Input::readLong (6 bytes)
Event: 7.494 Thread 0x00000244d93f0800 nmethod 6097 0x00000244c2ba7c90 code [0x00000244c2ba7e40, 0x00000244c2ba7f68]
Event: 7.494 Thread 0x00000244d93f0800 6098       3       org.gradle.api.internal.artifacts.ivyservice.resolveengine.result.ResolvedVariantResultSerializer::read (99 bytes)
Event: 7.495 Thread 0x00000244d93f0800 nmethod 6098 0x00000244c2ba8010 code [0x00000244c2ba82c0, 0x00000244c2ba91d8]
Event: 7.495 Thread 0x00000244d93f0800 6099       3       java.util.AbstractList::hashCode (46 bytes)
Event: 7.495 Thread 0x00000244d93f0800 nmethod 6099 0x00000244c2ba9610 code [0x00000244c2ba9800, 0x00000244c2ba9d18]
Event: 7.495 Thread 0x00000244d93f0800 6100       3       com.esotericsoftware.kryo.io.Input::readVarLong (329 bytes)
Event: 7.495 Thread 0x00000244d93f0800 nmethod 6100 0x00000244c2ba9e90 code [0x00000244c2baa080, 0x00000244c2baa718]
Event: 7.495 Thread 0x00000244d93f0800 6101       1       org.gradle.api.internal.artifacts.ivyservice.resolveengine.result.DetachedResolvedGraphDependency::getFromVariant (5 bytes)
Event: 7.495 Thread 0x00000244d93f0800 nmethod 6101 0x00000244c97fe590 code [0x00000244c97fe740, 0x00000244c97fe7f8]
Event: 7.495 Thread 0x00000244d93f0800 6102       1       org.gradle.api.internal.artifacts.ivyservice.resolveengine.result.DetachedResolvedGraphDependency::getFailure (5 bytes)
Event: 7.495 Thread 0x00000244d93f0800 nmethod 6102 0x00000244c97fe890 code [0x00000244c97fea40, 0x00000244c97feaf8]
Event: 7.495 Thread 0x00000244d93f0800 6103       1       org.gradle.api.internal.artifacts.ivyservice.resolveengine.result.DetachedResolvedGraphDependency::getSelected (5 bytes)
Event: 7.495 Thread 0x00000244d93f0800 nmethod 6103 0x00000244c97feb90 code [0x00000244c97fed40, 0x00000244c97fedf8]
Event: 7.495 Thread 0x00000244d93f0800 6104       1       org.gradle.api.internal.artifacts.ivyservice.resolveengine.result.DetachedResolvedGraphDependency::getRequested (5 bytes)
Event: 7.495 Thread 0x00000244d93f0800 nmethod 6104 0x00000244c97fee90 code [0x00000244c97ff040, 0x00000244c97ff0f8]
Event: 7.495 Thread 0x00000244d93f0800 6105       1       org.gradle.api.internal.artifacts.ivyservice.resolveengine.result.DetachedResolvedGraphDependency::getSelectedVariant (5 bytes)
Event: 7.495 Thread 0x00000244d93f0800 nmethod 6105 0x00000244c97ff190 code [0x00000244c97ff340, 0x00000244c97ff3f8]
Event: 7.495 Thread 0x00000244d93f0800 6106       1       org.gradle.api.internal.artifacts.ivyservice.resolveengine.result.DetachedResolvedGraphDependency::isConstraint (5 bytes)
Event: 7.495 Thread 0x00000244d93f0800 nmethod 6106 0x00000244c97ff490 code [0x00000244c97ff640, 0x00000244c97ff6f8]

GC Heap History (20 events):
Event: 2.456 GC heap before
{Heap before GC invocations=1 (full 0):
 garbage-first heap   total 129024K, used 81364K [0x0000000080000000, 0x0000000100000000)
  region size 1024K, 75 young (76800K), 3 survivors (3072K)
 Metaspace       used 18894K, capacity 19346K, committed 19456K, reserved 1067008K
  class space    used 2285K, capacity 2458K, committed 2560K, reserved 1048576K
}
Event: 2.461 GC heap after
{Heap after GC invocations=2 (full 0):
 garbage-first heap   total 129024K, used 15689K [0x0000000080000000, 0x0000000100000000)
  region size 1024K, 10 young (10240K), 10 survivors (10240K)
 Metaspace       used 18894K, capacity 19346K, committed 19456K, reserved 1067008K
  class space    used 2285K, capacity 2458K, committed 2560K, reserved 1048576K
}
Event: 2.558 GC heap before
{Heap before GC invocations=2 (full 0):
 garbage-first heap   total 129024K, used 29001K [0x0000000080000000, 0x0000000100000000)
  region size 1024K, 24 young (24576K), 10 survivors (10240K)
 Metaspace       used 20656K, capacity 21115K, committed 21248K, reserved 1067008K
  class space    used 2538K, capacity 2712K, committed 2816K, reserved 1048576K
}
Event: 2.564 GC heap after
{Heap after GC invocations=3 (full 0):
 garbage-first heap   total 129024K, used 16693K [0x0000000080000000, 0x0000000100000000)
  region size 1024K, 1 young (1024K), 1 survivors (1024K)
 Metaspace       used 20656K, capacity 21115K, committed 21248K, reserved 1067008K
  class space    used 2538K, capacity 2712K, committed 2816K, reserved 1048576K
}
Event: 2.935 GC heap before
{Heap before GC invocations=4 (full 0):
 garbage-first heap   total 129024K, used 64821K [0x0000000080000000, 0x0000000100000000)
  region size 1024K, 48 young (49152K), 1 survivors (1024K)
 Metaspace       used 26046K, capacity 26681K, committed 27008K, reserved 1073152K
  class space    used 3402K, capacity 3634K, committed 3712K, reserved 1048576K
}
Event: 2.937 GC heap after
{Heap after GC invocations=5 (full 0):
 garbage-first heap   total 129024K, used 18241K [0x0000000080000000, 0x0000000100000000)
  region size 1024K, 3 young (3072K), 3 survivors (3072K)
 Metaspace       used 26046K, capacity 26681K, committed 27008K, reserved 1073152K
  class space    used 3402K, capacity 3634K, committed 3712K, reserved 1048576K
}
Event: 3.455 GC heap before
{Heap before GC invocations=5 (full 0):
 garbage-first heap   total 129024K, used 69441K [0x0000000080000000, 0x0000000100000000)
  region size 1024K, 54 young (55296K), 3 survivors (3072K)
 Metaspace       used 35111K, capacity 35773K, committed 35840K, reserved 1081344K
  class space    used 4568K, capacity 4856K, committed 4864K, reserved 1048576K
}
Event: 3.461 GC heap after
{Heap after GC invocations=6 (full 0):
 garbage-first heap   total 129024K, used 21641K [0x0000000080000000, 0x0000000100000000)
  region size 1024K, 6 young (6144K), 6 survivors (6144K)
 Metaspace       used 35111K, capacity 35773K, committed 35840K, reserved 1081344K
  class space    used 4568K, capacity 4856K, committed 4864K, reserved 1048576K
}
Event: 4.032 GC heap before
{Heap before GC invocations=7 (full 0):
 garbage-first heap   total 129024K, used 81033K [0x0000000080000000, 0x0000000100000000)
  region size 1024K, 61 young (62464K), 6 survivors (6144K)
 Metaspace       used 40640K, capacity 41502K, committed 41600K, reserved 1085440K
  class space    used 5195K, capacity 5501K, committed 5504K, reserved 1048576K
}
Event: 4.038 GC heap after
{Heap after GC invocations=8 (full 0):
 garbage-first heap   total 129024K, used 24849K [0x0000000080000000, 0x0000000100000000)
  region size 1024K, 7 young (7168K), 7 survivors (7168K)
 Metaspace       used 40640K, capacity 41502K, committed 41600K, reserved 1085440K
  class space    used 5195K, capacity 5501K, committed 5504K, reserved 1048576K
}
Event: 4.695 GC heap before
{Heap before GC invocations=8 (full 0):
 garbage-first heap   total 129024K, used 83217K [0x0000000080000000, 0x0000000100000000)
  region size 1024K, 64 young (65536K), 7 survivors (7168K)
 Metaspace       used 44147K, capacity 45133K, committed 45184K, reserved 1089536K
  class space    used 5662K, capacity 6012K, committed 6016K, reserved 1048576K
}
Event: 4.699 GC heap after
{Heap after GC invocations=9 (full 0):
 garbage-first heap   total 129024K, used 27383K [0x0000000080000000, 0x0000000100000000)
  region size 1024K, 6 young (6144K), 6 survivors (6144K)
 Metaspace       used 44147K, capacity 45133K, committed 45184K, reserved 1089536K
  class space    used 5662K, capacity 6012K, committed 6016K, reserved 1048576K
}
Event: 5.156 GC heap before
{Heap before GC invocations=9 (full 0):
 garbage-first heap   total 129024K, used 88823K [0x0000000080000000, 0x0000000100000000)
  region size 1024K, 64 young (65536K), 6 survivors (6144K)
 Metaspace       used 49762K, capacity 50902K, committed 51072K, reserved 1093632K
  class space    used 6328K, capacity 6728K, committed 6784K, reserved 1048576K
}
Event: 5.162 GC heap after
{Heap after GC invocations=10 (full 0):
 garbage-first heap   total 129024K, used 37491K [0x0000000080000000, 0x0000000100000000)
  region size 1024K, 8 young (8192K), 8 survivors (8192K)
 Metaspace       used 49762K, capacity 50902K, committed 51072K, reserved 1093632K
  class space    used 6328K, capacity 6728K, committed 6784K, reserved 1048576K
}
Event: 5.697 GC heap before
{Heap before GC invocations=10 (full 0):
 garbage-first heap   total 129024K, used 90739K [0x0000000080000000, 0x0000000100000000)
  region size 1024K, 61 young (62464K), 8 survivors (8192K)
 Metaspace       used 56905K, capacity 58302K, committed 58496K, reserved 1099776K
  class space    used 7249K, capacity 7732K, committed 7808K, reserved 1048576K
}
Event: 5.704 GC heap after
{Heap after GC invocations=11 (full 0):
 garbage-first heap   total 129024K, used 42080K [0x0000000080000000, 0x0000000100000000)
  region size 1024K, 4 young (4096K), 4 survivors (4096K)
 Metaspace       used 56905K, capacity 58302K, committed 58496K, reserved 1099776K
  class space    used 7249K, capacity 7732K, committed 7808K, reserved 1048576K
}
Event: 6.060 GC heap before
{Heap before GC invocations=11 (full 0):
 garbage-first heap   total 129024K, used 59488K [0x0000000080000000, 0x0000000100000000)
  region size 1024K, 22 young (22528K), 4 survivors (4096K)
 Metaspace       used 58697K, capacity 60071K, committed 60160K, reserved 1101824K
  class space    used 7430K, capacity 7909K, committed 7936K, reserved 1048576K
}
Event: 6.068 GC heap after
{Heap after GC invocations=12 (full 0):
 garbage-first heap   total 155648K, used 43870K [0x0000000080000000, 0x0000000100000000)
  region size 1024K, 6 young (6144K), 6 survivors (6144K)
 Metaspace       used 58697K, capacity 60071K, committed 60160K, reserved 1101824K
  class space    used 7430K, capacity 7909K, committed 7936K, reserved 1048576K
}
Event: 6.901 GC heap before
{Heap before GC invocations=13 (full 0):
 garbage-first heap   total 155648K, used 101214K [0x0000000080000000, 0x0000000100000000)
  region size 1024K, 62 young (63488K), 6 survivors (6144K)
 Metaspace       used 62359K, capacity 63860K, committed 64128K, reserved 1105920K
  class space    used 8006K, capacity 8527K, committed 8576K, reserved 1048576K
}
Event: 6.907 GC heap after
{Heap after GC invocations=14 (full 0):
 garbage-first heap   total 155648K, used 47342K [0x0000000080000000, 0x0000000100000000)
  region size 1024K, 6 young (6144K), 6 survivors (6144K)
 Metaspace       used 62359K, capacity 63860K, committed 64128K, reserved 1105920K
  class space    used 8006K, capacity 8527K, committed 8576K, reserved 1048576K
}

Deoptimization events (20 events):
Event: 7.193 Thread 0x00000244daf12000 Uncommon trap: trap_request=0xffffff4d fr.pc=0x00000244c979979c relative=0x0000000000003f5c
Event: 7.193 Thread 0x00000244daf12000 Uncommon trap: reason=unstable_if action=reinterpret pc=0x00000244c979979c method=org.codehaus.groovy.runtime.metaclass.MetaMethodIndex.addMethodToList(Ljava/lang/Object;Lgroovy/lang/MetaMethod;)Ljava/lang/Object; @ 256 c2
Event: 7.193 Thread 0x00000244daf12000 DEOPT PACKING pc=0x00000244c979979c sp=0x000000f5b86f6fe0
Event: 7.193 Thread 0x00000244daf12000 DEOPT UNPACKING pc=0x00000244c19d74af sp=0x000000f5b86f6f68 mode 2
Event: 7.193 Thread 0x00000244daf12000 Uncommon trap: trap_request=0xffffff4d fr.pc=0x00000244c978e490 relative=0x0000000000001930
Event: 7.193 Thread 0x00000244daf12000 Uncommon trap: reason=unstable_if action=reinterpret pc=0x00000244c978e490 method=org.codehaus.groovy.runtime.metaclass.MetaMethodIndex.addMethodToList(Ljava/lang/Object;Lgroovy/lang/MetaMethod;)Ljava/lang/Object; @ 256 c2
Event: 7.193 Thread 0x00000244daf12000 DEOPT PACKING pc=0x00000244c978e490 sp=0x000000f5b86f6f90
Event: 7.193 Thread 0x00000244daf12000 DEOPT UNPACKING pc=0x00000244c19d74af sp=0x000000f5b86f6f60 mode 2
Event: 7.452 Thread 0x00000244daf12000 Uncommon trap: trap_request=0xffffff4d fr.pc=0x00000244c97eb9cc relative=0x000000000000044c
Event: 7.452 Thread 0x00000244daf12000 Uncommon trap: reason=unstable_if action=reinterpret pc=0x00000244c97eb9cc method=org.codehaus.groovy.runtime.metaclass.MetaMethodIndex.copyNonPrivateNonNewMetaMethods(Lorg/codehaus/groovy/runtime/metaclass/MetaMethodIndex$Entry;Lorg/codehaus/groovy/runti
Event: 7.452 Thread 0x00000244daf12000 DEOPT PACKING pc=0x00000244c97eb9cc sp=0x000000f5b86f6810
Event: 7.452 Thread 0x00000244daf12000 DEOPT UNPACKING pc=0x00000244c19d74af sp=0x000000f5b86f67c8 mode 2
Event: 7.478 Thread 0x00000244daf12000 Uncommon trap: trap_request=0xffffffc6 fr.pc=0x00000244c95ea058 relative=0x0000000000003a18
Event: 7.478 Thread 0x00000244daf12000 Uncommon trap: reason=bimorphic_or_optimized_type_check action=maybe_recompile pc=0x00000244c95ea058 method=java.util.AbstractCollection.addAll(Ljava/util/Collection;)Z @ 29 c2
Event: 7.478 Thread 0x00000244daf12000 DEOPT PACKING pc=0x00000244c95ea058 sp=0x000000f5b86fa8e0
Event: 7.478 Thread 0x00000244daf12000 DEOPT UNPACKING pc=0x00000244c19d74af sp=0x000000f5b86fa8e0 mode 2
Event: 7.486 Thread 0x00000244daf12000 Uncommon trap: trap_request=0xffffff4d fr.pc=0x00000244c9649474 relative=0x00000000000001b4
Event: 7.486 Thread 0x00000244daf12000 Uncommon trap: reason=unstable_if action=reinterpret pc=0x00000244c9649474 method=com.esotericsoftware.kryo.io.Input.require(I)I @ 65 c2
Event: 7.486 Thread 0x00000244daf12000 DEOPT PACKING pc=0x00000244c9649474 sp=0x000000f5b86f8e70
Event: 7.486 Thread 0x00000244daf12000 DEOPT UNPACKING pc=0x00000244c19d74af sp=0x000000f5b86f8e30 mode 2

Classes redefined (0 events):
No events

Internal exceptions (20 events):
Event: 7.427 Thread 0x00000244daf12000 Exception <a 'java/lang/ClassNotFoundException'{0x00000000870cea80}: com/google/android/gms/dependencies/DependencyAnalyzerBeanInfo> (0x00000000870cea80) thrown at [./src/hotspot/share/classfile/systemDictionary.cpp, line 231]
Event: 7.428 Thread 0x00000244daf12000 Exception <a 'java/lang/ClassNotFoundException'{0x00000000870e3a48}: com/google/android/gms/dependencies/DependencyAnalyzerCustomizer> (0x00000000870e3a48) thrown at [./src/hotspot/share/classfile/systemDictionary.cpp, line 231]
Event: 7.435 Thread 0x00000244daf12000 Exception <a 'java/lang/ClassNotFoundException'{0x0000000086f55280}: com/google/android/gms/dependencies/DependencyInspectorBeanInfo> (0x0000000086f55280) thrown at [./src/hotspot/share/classfile/systemDictionary.cpp, line 231]
Event: 7.435 Thread 0x00000244daf12000 Exception <a 'java/lang/ClassNotFoundException'{0x0000000086f6a2c8}: com/google/android/gms/dependencies/DependencyInspectorCustomizer> (0x0000000086f6a2c8) thrown at [./src/hotspot/share/classfile/systemDictionary.cpp, line 231]
Event: 7.444 Thread 0x00000244daf12000 Exception <a 'java/lang/ClassNotFoundException'{0x0000000086df8be8}: org/gradle/api/internal/artifacts/configurations/DefaultConfigurationContainer_DecoratedBeanInfo> (0x0000000086df8be8) thrown at [./src/hotspot/share/classfile/systemDictionary.cpp, line 231]
Event: 7.445 Thread 0x00000244daf12000 Exception <a 'java/lang/ClassNotFoundException'{0x0000000086c1a9a8}: org/gradle/api/internal/artifacts/configurations/DefaultConfigurationContainerBeanInfo> (0x0000000086c1a9a8) thrown at [./src/hotspot/share/classfile/systemDictionary.cpp, line 231]
Event: 7.445 Thread 0x00000244daf12000 Exception <a 'java/lang/ClassNotFoundException'{0x0000000086c2ecc8}: org/gradle/api/internal/AbstractValidatingNamedDomainObjectContainerBeanInfo> (0x0000000086c2ecc8) thrown at [./src/hotspot/share/classfile/systemDictionary.cpp, line 231]
Event: 7.445 Thread 0x00000244daf12000 Exception <a 'java/lang/ClassNotFoundException'{0x0000000086c42fc8}: org/gradle/api/internal/AbstractValidatingNamedDomainObjectContainerCustomizer> (0x0000000086c42fc8) thrown at [./src/hotspot/share/classfile/systemDictionary.cpp, line 231]
Event: 7.446 Thread 0x00000244daf12000 Exception <a 'java/lang/ClassNotFoundException'{0x0000000086c6f618}: org/gradle/api/internal/artifacts/configurations/DefaultConfigurationContainerCustomizer> (0x0000000086c6f618) thrown at [./src/hotspot/share/classfile/systemDictionary.cpp, line 231]
Event: 7.447 Thread 0x00000244daf12000 Exception <a 'java/lang/ClassNotFoundException'{0x0000000086ca6a40}: org/gradle/api/internal/artifacts/configurations/DefaultConfigurationContainer_DecoratedCustomizer> (0x0000000086ca6a40) thrown at [./src/hotspot/share/classfile/systemDictionary.cpp, line 231]
Event: 7.453 Thread 0x00000244daf12000 Exception <a 'java/lang/ClassNotFoundException'{0x0000000086ae62d0}: org/gradle/api/internal/artifacts/configurations/DefaultConfiguration_DecoratedBeanInfo> (0x0000000086ae62d0) thrown at [./src/hotspot/share/classfile/systemDictionary.cpp, line 231]
Event: 7.454 Thread 0x00000244daf12000 Exception <a 'java/lang/ClassNotFoundException'{0x0000000086907cd8}: org/gradle/api/internal/artifacts/configurations/DefaultConfigurationBeanInfo> (0x0000000086907cd8) thrown at [./src/hotspot/share/classfile/systemDictionary.cpp, line 231]
Event: 7.454 Thread 0x00000244daf12000 Exception <a 'java/lang/ClassNotFoundException'{0x0000000086929260}: org/gradle/api/internal/artifacts/configurations/DefaultConfigurationCustomizer> (0x0000000086929260) thrown at [./src/hotspot/share/classfile/systemDictionary.cpp, line 231]
Event: 7.455 Thread 0x00000244daf12000 Exception <a 'java/lang/ClassNotFoundException'{0x0000000086996eb8}: org/gradle/api/internal/artifacts/configurations/DefaultConfiguration_DecoratedCustomizer> (0x0000000086996eb8) thrown at [./src/hotspot/share/classfile/systemDictionary.cpp, line 231]
Event: 7.462 Thread 0x00000244daf12000 Exception <a 'java/lang/ClassNotFoundException'{0x0000000086852f28}: org/codehaus/groovy/runtime/MethodClosureBeanInfo> (0x0000000086852f28) thrown at [./src/hotspot/share/classfile/systemDictionary.cpp, line 231]
Event: 7.463 Thread 0x00000244daf12000 Exception <a 'java/lang/ClassNotFoundException'{0x0000000086865da0}: org/codehaus/groovy/runtime/MethodClosureCustomizer> (0x0000000086865da0) thrown at [./src/hotspot/share/classfile/systemDictionary.cpp, line 231]
Event: 7.465 Thread 0x00000244daf12000 Exception <a 'java/lang/ClassNotFoundException'{0x00000000868bffc8}: org/gradle/api/internal/artifacts/configurations/DefaultConfiguration$ConfigurationResolvableDependencies_DecoratedBeanInfo> (0x00000000868bffc8) thrown at [./src/hotspot/share/classfile/systemDictionary.cpp, line 231]
Event: 7.465 Thread 0x00000244daf12000 Exception <a 'java/lang/ClassNotFoundException'{0x00000000868e7960}: org/gradle/api/internal/artifacts/configurations/DefaultConfiguration$ConfigurationResolvableDependenciesBeanInfo> (0x00000000868e7960) thrown at [./src/hotspot/share/classfile/systemDictionary.cpp, line 231]
Event: 7.466 Thread 0x00000244daf12000 Exception <a 'java/lang/ClassNotFoundException'{0x0000000086710ec0}: org/gradle/api/internal/artifacts/configurations/DefaultConfiguration$ConfigurationResolvableDependenciesCustomizer> (0x0000000086710ec0) thrown at [./src/hotspot/share/classfile/systemDictionary.cpp, line 231]
Event: 7.468 Thread 0x00000244daf12000 Exception <a 'java/lang/ClassNotFoundException'{0x000000008674ad08}: org/gradle/api/internal/artifacts/configurations/DefaultConfiguration$ConfigurationResolvableDependencies_DecoratedCustomizer> (0x000000008674ad08) thrown at [./src/hotspot/share/classfile/systemDictionary.cpp, line 231]

Events (20 events):
Event: 7.488 loading class org/gradle/api/internal/artifacts/ivyservice/resolveengine/result/DetachedComponentResult
Event: 7.488 loading class org/gradle/api/internal/artifacts/ivyservice/resolveengine/result/DetachedComponentResult done
Event: 7.488 loading class org/gradle/api/internal/artifacts/result/DefaultResolvedComponentResult
Event: 7.488 loading class org/gradle/api/internal/artifacts/result/DefaultResolvedComponentResult done
Event: 7.488 loading class org/gradle/api/internal/artifacts/result/ResolvedComponentResultInternal
Event: 7.488 loading class org/gradle/api/internal/artifacts/result/ResolvedComponentResultInternal done
Event: 7.489 loading class org/gradle/api/artifacts/result/ComponentSelectionCause
Event: 7.489 loading class org/gradle/api/artifacts/result/ComponentSelectionCause done
Event: 7.489 loading class org/gradle/api/artifacts/result/ComponentSelectionCause
Event: 7.489 loading class org/gradle/api/artifacts/result/ComponentSelectionCause done
Event: 7.492 loading class org/gradle/api/internal/artifacts/ivyservice/resolveengine/result/DetachedResolvedGraphDependency
Event: 7.492 loading class org/gradle/api/internal/artifacts/ivyservice/resolveengine/result/DetachedResolvedGraphDependency done
Event: 7.493 loading class org/gradle/api/internal/artifacts/result/DefaultResolvedDependencyResult
Event: 7.493 loading class org/gradle/api/internal/artifacts/result/DefaultResolvedDependencyResult done
Event: 7.493 loading class org/gradle/api/artifacts/result/ResolvedDependencyResult
Event: 7.493 loading class org/gradle/api/artifacts/result/ResolvedDependencyResult done
Event: 7.493 loading class org/gradle/api/internal/artifacts/result/AbstractDependencyResult
Event: 7.493 loading class org/gradle/api/internal/artifacts/result/AbstractDependencyResult done
Event: 7.495 loading class org/gradle/api/internal/artifacts/ivyservice/resolveengine/result/DefaultResolutionResultBuilder$RootFactory
Event: 7.495 loading class org/gradle/api/internal/artifacts/ivyservice/resolveengine/result/DefaultResolutionResultBuilder$RootFactory done


Dynamic libraries:
0x00007ff79f5d0000 - 0x00007ff79f5da000 	C:\Program Files\Android\Android Studio\jre\bin\java.exe
0x00007ffdd8a90000 - 0x00007ffdd8c85000 	C:\WINDOWS\SYSTEM32\ntdll.dll
0x00007ffdd7990000 - 0x00007ffdd7a4d000 	C:\WINDOWS\System32\KERNEL32.DLL
0x00007ffdd65f0000 - 0x00007ffdd68b8000 	C:\WINDOWS\System32\KERNELBASE.dll
0x00007ffdd64c0000 - 0x00007ffdd65c0000 	C:\WINDOWS\System32\ucrtbase.dll
0x00007ffdd1b30000 - 0x00007ffdd1b47000 	C:\Program Files\Android\Android Studio\jre\bin\VCRUNTIME140.dll
0x00007ffdd0190000 - 0x00007ffdd01a9000 	C:\Program Files\Android\Android Studio\jre\bin\jli.dll
0x00007ffdd6ee0000 - 0x00007ffdd7080000 	C:\WINDOWS\System32\USER32.dll
0x00007ffdd65c0000 - 0x00007ffdd65e2000 	C:\WINDOWS\System32\win32u.dll
0x00007ffdd8740000 - 0x00007ffdd876a000 	C:\WINDOWS\System32\GDI32.dll
0x00007ffdd6960000 - 0x00007ffdd6a6b000 	C:\WINDOWS\System32\gdi32full.dll
0x00007ffdd68c0000 - 0x00007ffdd695d000 	C:\WINDOWS\System32\msvcp_win.dll
0x00007ffdc0610000 - 0x00007ffdc08aa000 	C:\WINDOWS\WinSxS\amd64_microsoft.windows.common-controls_6595b64144ccf1df_6.0.19041.844_none_ca00b6081b84eb1d\COMCTL32.dll
0x00007ffdd78f0000 - 0x00007ffdd798e000 	C:\WINDOWS\System32\msvcrt.dll
0x00007ffdd7080000 - 0x00007ffdd70b0000 	C:\WINDOWS\System32\IMM32.DLL
0x00007ffdcdb80000 - 0x00007ffdcdc1d000 	C:\Program Files\Android\Android Studio\jre\bin\msvcp140.dll
0x00007ffd94340000 - 0x00007ffd94dfc000 	C:\Program Files\Android\Android Studio\jre\bin\server\jvm.dll
0x00007ffdd7a50000 - 0x00007ffdd7afc000 	C:\WINDOWS\System32\ADVAPI32.dll
0x00007ffdd7b00000 - 0x00007ffdd7b9b000 	C:\WINDOWS\System32\sechost.dll
0x00007ffdd7ba0000 - 0x00007ffdd7ccb000 	C:\WINDOWS\System32\RPCRT4.dll
0x00007ffdd6d00000 - 0x00007ffdd6d08000 	C:\WINDOWS\System32\PSAPI.DLL
0x00007ffdc2620000 - 0x00007ffdc2647000 	C:\WINDOWS\SYSTEM32\WINMM.dll
0x00007ffdbb470000 - 0x00007ffdbb479000 	C:\WINDOWS\SYSTEM32\WSOCK32.dll
0x00007ffdd7880000 - 0x00007ffdd78eb000 	C:\WINDOWS\System32\WS2_32.dll
0x00007ffdcefb0000 - 0x00007ffdcefba000 	C:\WINDOWS\SYSTEM32\VERSION.dll
0x00007ffdd4aa0000 - 0x00007ffdd4ab2000 	C:\WINDOWS\SYSTEM32\kernel.appcore.dll
0x00007ffdcfbc0000 - 0x00007ffdcfbd1000 	C:\Program Files\Android\Android Studio\jre\bin\verify.dll
0x00007ffdd3eb0000 - 0x00007ffdd4094000 	C:\WINDOWS\SYSTEM32\DBGHELP.DLL
0x00007ffdbd210000 - 0x00007ffdbd23c000 	C:\WINDOWS\SYSTEM32\dbgcore.DLL
0x00007ffdd6280000 - 0x00007ffdd6300000 	C:\WINDOWS\System32\bcryptPrimitives.dll
0x00007ffdcfac0000 - 0x00007ffdcfae9000 	C:\Program Files\Android\Android Studio\jre\bin\java.dll
0x00007ffdd1d30000 - 0x00007ffdd1d3b000 	C:\Program Files\Android\Android Studio\jre\bin\jimage.dll
0x00007ffdcfaa0000 - 0x00007ffdcfab8000 	C:\Program Files\Android\Android Studio\jre\bin\zip.dll
0x00007ffdd7ff0000 - 0x00007ffdd8732000 	C:\WINDOWS\System32\SHELL32.dll
0x00007ffdd4300000 - 0x00007ffdd4a90000 	C:\WINDOWS\SYSTEM32\windows.storage.dll
0x00007ffdd70b0000 - 0x00007ffdd7405000 	C:\WINDOWS\System32\combase.dll
0x00007ffdd5c40000 - 0x00007ffdd5c6c000 	C:\WINDOWS\SYSTEM32\Wldp.dll
0x00007ffdd7f40000 - 0x00007ffdd7fee000 	C:\WINDOWS\System32\SHCORE.dll
0x00007ffdd6b10000 - 0x00007ffdd6b65000 	C:\WINDOWS\System32\shlwapi.dll
0x00007ffdd6110000 - 0x00007ffdd612f000 	C:\WINDOWS\SYSTEM32\profapi.dll
0x00007ffdcf9c0000 - 0x00007ffdcf9da000 	C:\Program Files\Android\Android Studio\jre\bin\net.dll
0x00007ffdc3690000 - 0x00007ffdc379b000 	C:\WINDOWS\SYSTEM32\WINHTTP.dll
0x00007ffdd59b0000 - 0x00007ffdd5a1a000 	C:\WINDOWS\system32\mswsock.dll
0x00007ffdcf990000 - 0x00007ffdcf9a4000 	C:\Program Files\Android\Android Studio\jre\bin\nio.dll
0x00007ffdc55e0000 - 0x00007ffdc5607000 	C:\Users\shikh\.gradle\native\fdc75f09e3144964f2cf3f50f0aa648679c211496f362492102eb8c894070792\windows-amd64\native-platform.dll
0x00007ffd96d60000 - 0x00007ffd96ef6000 	C:\Users\shikh\.gradle\native\12488b8bf47d2d4c9fbf2f6322a914ad602e24e48041cd04a747c6da556b65c4\windows-amd64\native-platform-file-events.dll
0x00007ffdd0280000 - 0x00007ffdd028a000 	C:\Program Files\Android\Android Studio\jre\bin\management.dll
0x00007ffdcfb60000 - 0x00007ffdcfb6c000 	C:\Program Files\Android\Android Studio\jre\bin\management_ext.dll
0x00007ffdd5b90000 - 0x00007ffdd5ba8000 	C:\WINDOWS\SYSTEM32\CRYPTSP.dll
0x00007ffdd52e0000 - 0x00007ffdd5314000 	C:\WINDOWS\system32\rsaenh.dll
0x00007ffdd6ac0000 - 0x00007ffdd6ae7000 	C:\WINDOWS\System32\bcrypt.dll
0x00007ffdd6090000 - 0x00007ffdd60be000 	C:\WINDOWS\SYSTEM32\USERENV.dll
0x00007ffdd5b80000 - 0x00007ffdd5b8c000 	C:\WINDOWS\SYSTEM32\CRYPTBASE.dll
0x00007ffdd5650000 - 0x00007ffdd568b000 	C:\WINDOWS\SYSTEM32\IPHLPAPI.DLL
0x00007ffdd6cf0000 - 0x00007ffdd6cf8000 	C:\WINDOWS\System32\NSI.dll
0x00007ffdce3f0000 - 0x00007ffdce407000 	C:\WINDOWS\SYSTEM32\dhcpcsvc6.DLL
0x00007ffdcef30000 - 0x00007ffdcef4d000 	C:\WINDOWS\SYSTEM32\dhcpcsvc.DLL
0x00007ffdd56a0000 - 0x00007ffdd576c000 	C:\WINDOWS\SYSTEM32\DNSAPI.dll
0x00007ffdcefc0000 - 0x00007ffdcefcb000 	C:\WINDOWS\SYSTEM32\WINNSI.DLL

dbghelp: loaded successfully - version: 4.0.5 - missing functions: none
symbol engine: initialized successfully - sym options: 0x614 - pdb path: .;C:\Program Files\Android\Android Studio\jre\bin;C:\WINDOWS\SYSTEM32;C:\WINDOWS\WinSxS\amd64_microsoft.windows.common-controls_6595b64144ccf1df_6.0.19041.844_none_ca00b6081b84eb1d;C:\Program Files\Android\Android Studio\jre\bin\server;C:\Users\shikh\.gradle\native\fdc75f09e3144964f2cf3f50f0aa648679c211496f362492102eb8c894070792\windows-amd64;C:\Users\shikh\.gradle\native\12488b8bf47d2d4c9fbf2f6322a914ad602e24e48041cd04a747c6da556b65c4\windows-amd64

VM Arguments:
jvm_args: --add-opens=java.base/java.util=ALL-UNNAMED --add-opens=java.base/java.lang=ALL-UNNAMED --add-opens=java.base/java.lang.invoke=ALL-UNNAMED --add-opens=java.prefs/java.util.prefs=ALL-UNNAMED -Xmx2048m -Dfile.encoding=UTF-8 -Duser.country=IN -Duser.language=en -Duser.variant 
java_command: org.gradle.launcher.daemon.bootstrap.GradleDaemon 6.7.1
java_class_path (initial): C:\Users\shikh\.gradle\wrapper\dists\gradle-6.7.1-bin\bwlcbys1h7rz3272sye1xwiv6\gradle-6.7.1\lib\gradle-launcher-6.7.1.jar
Launcher Type: SUN_STANDARD

[Global flags]
     intx CICompilerCount                          = 4                                         {product} {ergonomic}
     uint ConcGCThreads                            = 2                                         {product} {ergonomic}
     uint G1ConcRefinementThreads                  = 8                                         {product} {ergonomic}
   size_t G1HeapRegionSize                         = 1048576                                   {product} {ergonomic}
    uintx GCDrainStackTargetSize                   = 64                                        {product} {ergonomic}
   size_t InitialHeapSize                          = 132120576                                 {product} {ergonomic}
   size_t MarkStackSize                            = 4194304                                   {product} {ergonomic}
   size_t MaxHeapSize                              = 2147483648                                {product} {command line}
   size_t MaxNewSize                               = 1287651328                                {product} {ergonomic}
   size_t MinHeapDeltaBytes                        = 1048576                                   {product} {ergonomic}
    uintx NonNMethodCodeHeapSize                   = 5836300                                {pd product} {ergonomic}
    uintx NonProfiledCodeHeapSize                  = 122910970                              {pd product} {ergonomic}
    uintx ProfiledCodeHeapSize                     = 122910970                              {pd product} {ergonomic}
    uintx ReservedCodeCacheSize                    = 251658240                              {pd product} {ergonomic}
     bool SegmentedCodeCache                       = true                                      {product} {ergonomic}
     bool UseCompressedClassPointers               = true                                 {lp64_product} {ergonomic}
     bool UseCompressedOops                        = true                                 {lp64_product} {ergonomic}
     bool UseG1GC                                  = true                                      {product} {ergonomic}
     bool UseLargePagesIndividualAllocation        = false                                  {pd product} {ergonomic}

Logging:
Log output configuration:
 #0: stdout all=warning uptime,level,tags
 #1: stderr all=off uptime,level,tags

Environment Variables:
PATH=C:\Python39\Scripts\;C:\Python39\;C:\Windows\system32;C:\Windows;C:\Windows\System32\Wbem;C:\Windows\System32\WindowsPowerShell\v1.0\;C:\Windows\System32\OpenSSH\;C:\Program Files (x86)\NVIDIA Corporation\PhysX\Common;C:\Program Files\NVIDIA Corporation\NVIDIA NvDLISR;C:\Program Files\Git\cmd;C:\MinGW\bin;;C:\WINDOWS\system32;C:\WINDOWS;C:\WINDOWS\System32\Wbem;C:\WINDOWS\System32\WindowsPowerShell\v1.0\;C:\WINDOWS\System32\OpenSSH\;C:\Users\shikh\AppData\Local\Microsoft\WindowsApps;C:\Users\shikh\AppData\Local\Programs\Microsoft VS Code\bin;%USERPROFILE%\AppData\Local\Microsoft\WindowsApps;
USERNAME=shikh
OS=Windows_NT
PROCESSOR_IDENTIFIER=Intel64 Family 6 Model 165 Stepping 2, GenuineIntel



---------------  S Y S T E M  ---------------

OS: Windows 10 , 64 bit Build 19041 (10.0.19041.928)
OS uptime: 0 days 10:40 hours

CPU:total 8 (initial active 8) (4 cores per cpu, 2 threads per core) family 6 model 165 stepping 2, cmov, cx8, fxsr, mmx, sse, sse2, sse3, ssse3, sse4.1, sse4.2, popcnt, avx, avx2, aes, clmul, erms, 3dnowpref, lzcnt, ht, tsc, tscinvbit, bmi1, bmi2, adx, fma

Memory: 4k page, system-wide physical 8023M (772M free)
TotalPageFile size 11023M (AvailPageFile size 4M)
current process WorkingSet (physical memory assigned to process): 375M, peak: 377M
current process commit charge ("private bytes"): 419M, peak: 421M

vm_info: OpenJDK 64-Bit Server VM (11.0.8+10-b944.6842174) for windows-amd64 JRE (11.0.8+10-b944.6842174), built on Sep 19 2020 01:11:42 by "builder" with MS VC++ 14.0 (VS2015)

END.
