#
# There is insufficient memory for the Java Runtime Environment to continue.
# Native memory allocation (malloc) failed to allocate 2314416 bytes for Chunk::new
# Possible reasons:
#   The system is out of physical RAM or swap space
#   The process is running with CompressedOops enabled, and the Java Heap may be blocking the growth of the native heap
# Possible solutions:
#   Reduce memory load on the system
#   Increase physical memory or swap space
#   Check if swap backing store is full
#   Decrease Java heap size (-Xmx/-Xms)
#   Decrease number of Java threads
#   Decrease Java thread stack sizes (-Xss)
#   Set larger code cache with -XX:ReservedCodeCacheSize=
#   JVM is running with Unscaled Compressed Oops mode in which the Java heap is
#     placed in the first 4GB address space. The Java Heap base address is the
#     maximum limit for the native heap growth. Please use -XX:HeapBaseMinAddress
#     to set the Java Heap base and to place the Java Heap above 4GB virtual address.
# This output file may be truncated or incomplete.
#
#  Out of Memory Error (./src/hotspot/share/memory/arena.cpp:197), pid=16248, tid=11988
#
# JRE version: OpenJDK Runtime Environment (11.0.8+10) (build 11.0.8+10-b944.6842174)
# Java VM: OpenJDK 64-Bit Server VM (11.0.8+10-b944.6842174, mixed mode, tiered, compressed oops, g1 gc, windows-amd64)
# No core dump will be written. Minidumps are not enabled by default on client versions of Windows
#

---------------  S U M M A R Y ------------

Command Line: --add-opens=java.base/java.util=ALL-UNNAMED --add-opens=java.base/java.lang=ALL-UNNAMED --add-opens=java.base/java.lang.invoke=ALL-UNNAMED --add-opens=java.prefs/java.util.prefs=ALL-UNNAMED -Xmx2048m -Dfile.encoding=UTF-8 -Duser.country=IN -Duser.language=en -Duser.variant org.gradle.launcher.daemon.bootstrap.GradleDaemon 6.7.1

Host: Intel(R) Core(TM) i5-10300H CPU @ 2.50GHz, 8 cores, 7G,  Windows 10 , 64 bit Build 19041 (10.0.19041.928)
Time: Thu May 20 10:28:25 2021 India Standard Time elapsed time: 15 seconds (0d 0h 0m 15s)

---------------  T H R E A D  ---------------

Current thread (0x0000020e68d58000):  JavaThread "C2 CompilerThread0" daemon [_thread_in_native, id=11988, stack(0x000000ebbd300000,0x000000ebbd400000)]


Current CompileTask:
C2:  15127 10011   !   4       java.io.ObjectOutputStream::writeObject0 (619 bytes)

Stack: [0x000000ebbd300000,0x000000ebbd400000]
Native frames: (J=compiled Java code, j=interpreted, Vv=VM code, C=native code)
V  [jvm.dll+0x5de50a]
V  [jvm.dll+0x7122f5]
V  [jvm.dll+0x71384d]
V  [jvm.dll+0x713f03]
V  [jvm.dll+0x23e728]
V  [jvm.dll+0xb899c]
V  [jvm.dll+0xb8e9c]
V  [jvm.dll+0x35020b]
V  [jvm.dll+0x31dea3]
V  [jvm.dll+0x31d39a]
V  [jvm.dll+0x1f7702]
V  [jvm.dll+0x1f68d4]
V  [jvm.dll+0x17f32c]
V  [jvm.dll+0x205047]
V  [jvm.dll+0x203891]
V  [jvm.dll+0x6dad3f]
V  [jvm.dll+0x6d3895]
V  [jvm.dll+0x5dd4a6]
C  [ucrtbase.dll+0x21bb2]
C  [KERNEL32.DLL+0x17034]
C  [ntdll.dll+0x52651]


---------------  P R O C E S S  ---------------

Threads class SMR info:
_java_thread_list=0x0000020e70cb2cd0, length=159, elements={
0x0000020e4e278800, 0x0000020e68d3b800, 0x0000020e68d3d000, 0x0000020e68d56800,
0x0000020e68d57800, 0x0000020e68d58000, 0x0000020e68d59000, 0x0000020e68d66800,
0x0000020e6980e800, 0x0000020e6982f800, 0x0000020e6ad4c000, 0x0000020e69923000,
0x0000020e6a7cb800, 0x0000020e6a909000, 0x0000020e6bb34800, 0x0000020e6ba4e000,
0x0000020e6c06c800, 0x0000020e6b099800, 0x0000020e6bd85800, 0x0000020e6bc59000,
0x0000020e6d324000, 0x0000020e6d323800, 0x0000020e6d321800, 0x0000020e6c026000,
0x0000020e6d322800, 0x0000020e6db67800, 0x0000020e6db68800, 0x0000020e6db6b000,
0x0000020e6db6c000, 0x0000020e6db6a000, 0x0000020e6db69800, 0x0000020e6db67000,
0x0000020e6db70000, 0x0000020e6db6c800, 0x0000020e6db6f000, 0x0000020e6db73000,
0x0000020e6db70800, 0x0000020e6db72800, 0x0000020e6db71800, 0x0000020e6db6d800,
0x0000020e6db6e000, 0x0000020e6db74000, 0x0000020e6db75000, 0x0000020e6ddad800,
0x0000020e6ddac000, 0x0000020e6ddad000, 0x0000020e6ddae800, 0x0000020e6ddaf800,
0x0000020e6ddb0000, 0x0000020e6ddaa800, 0x0000020e6ddb1000, 0x0000020e6ddab800,
0x0000020e6ddb4800, 0x0000020e6ddb2800, 0x0000020e6ddb3800, 0x0000020e6ddb6800,
0x0000020e6ddb2000, 0x0000020e6ddb7800, 0x0000020e6ddb8800, 0x0000020e6ddb5000,
0x0000020e6ddb6000, 0x0000020e6ddb9000, 0x0000020e6b6b7800, 0x0000020e6b6b6000,
0x0000020e6b6b4800, 0x0000020e6b6b7000, 0x0000020e6b6b8800, 0x0000020e6b6b9000,
0x0000020e6b6b5000, 0x0000020e6b6b3800, 0x0000020e6b6bf000, 0x0000020e6b6be000,
0x0000020e6b6bd800, 0x0000020e6b6bb800, 0x0000020e6b6bf800, 0x0000020e6b6bb000,
0x0000020e6b6ba000, 0x0000020e6b6c0800, 0x0000020e6b6c1800, 0x0000020e6b6c2000,
0x0000020e6b6bc800, 0x0000020e6d2b3000, 0x0000020e6d2b1800, 0x0000020e6d2b2000,
0x0000020e6d2b4800, 0x0000020e6d2af800, 0x0000020e6d2b4000, 0x0000020e6d2af000,
0x0000020e6d2b5800, 0x0000020e6d2b6000, 0x0000020e6d2b0800, 0x0000020e6d2b7000,
0x0000020e6d2b8000, 0x0000020e6d2b8800, 0x0000020e6d2b9800, 0x0000020e6d2ba800,
0x0000020e6d2bb000, 0x0000020e6d2bc000, 0x0000020e6d2bc800, 0x0000020e6d2bd800,
0x0000020e6eaa1800, 0x0000020e6eaa0000, 0x0000020e6eaa0800, 0x0000020e6eaa2000,
0x0000020e6eaa4800, 0x0000020e6eaa4000, 0x0000020e6eaa3000, 0x0000020e6ea9f000,
0x0000020e6eaa9800, 0x0000020e6eaa6800, 0x0000020e6eaaa800, 0x0000020e6eaa7000,
0x0000020e6eaab000, 0x0000020e6eaa5800, 0x0000020e6eaa9000, 0x0000020e6eaac000,
0x0000020e6eaad000, 0x0000020e6eaad800, 0x0000020e6eaa8000, 0x0000020e6eebb800,
0x0000020e6eeb9000, 0x0000020e6eebe000, 0x0000020e6eebc000, 0x0000020e6eebf800,
0x0000020e6eebe800, 0x0000020e6eebd000, 0x0000020e6eeb9800, 0x0000020e6eec0000,
0x0000020e6eeba800, 0x0000020e6eec7000, 0x0000020e6eec2800, 0x0000020e6eec4800,
0x0000020e6eec3800, 0x0000020e6eec5000, 0x0000020e6eec1000, 0x0000020e6eec6000,
0x0000020e6eec7800, 0x0000020e6eec2000, 0x0000020e6b6d2000, 0x0000020e7035c800,
0x0000020e7035b800, 0x0000020e7035f000, 0x0000020e7035f800, 0x0000020e70360800,
0x0000020e7035a800, 0x0000020e70361800, 0x0000020e7035e000, 0x0000020e7035d000,
0x0000020e72c0f800, 0x0000020e72c10000, 0x0000020e72c0e800, 0x0000020e72c0d800,
0x0000020e72c0a800, 0x0000020e72c0d000, 0x0000020e72c11000, 0x0000020e72c0b800,
0x0000020e72c12000, 0x0000020e72c0c000, 0x0000020e72c18800
}

Java Threads: ( => current thread )
  0x0000020e4e278800 JavaThread "main" [_thread_blocked, id=7392, stack(0x000000ebbc800000,0x000000ebbc900000)]
  0x0000020e68d3b800 JavaThread "Reference Handler" daemon [_thread_blocked, id=13436, stack(0x000000ebbcf00000,0x000000ebbd000000)]
  0x0000020e68d3d000 JavaThread "Finalizer" daemon [_thread_blocked, id=8316, stack(0x000000ebbd000000,0x000000ebbd100000)]
  0x0000020e68d56800 JavaThread "Signal Dispatcher" daemon [_thread_blocked, id=8580, stack(0x000000ebbd100000,0x000000ebbd200000)]
  0x0000020e68d57800 JavaThread "Attach Listener" daemon [_thread_blocked, id=1632, stack(0x000000ebbd200000,0x000000ebbd300000)]
=>0x0000020e68d58000 JavaThread "C2 CompilerThread0" daemon [_thread_in_native, id=11988, stack(0x000000ebbd300000,0x000000ebbd400000)]
  0x0000020e68d59000 JavaThread "C1 CompilerThread0" daemon [_thread_in_native, id=11836, stack(0x000000ebbd400000,0x000000ebbd500000)]
  0x0000020e68d66800 JavaThread "Sweeper thread" daemon [_thread_blocked, id=12412, stack(0x000000ebbd500000,0x000000ebbd600000)]
  0x0000020e6980e800 JavaThread "Common-Cleaner" daemon [_thread_blocked, id=240, stack(0x000000ebbd600000,0x000000ebbd700000)]
  0x0000020e6982f800 JavaThread "Service Thread" daemon [_thread_blocked, id=3352, stack(0x000000ebbd700000,0x000000ebbd800000)]
  0x0000020e6ad4c000 JavaThread "Daemon health stats" [_thread_blocked, id=11840, stack(0x000000ebbdd00000,0x000000ebbde00000)]
  0x0000020e69923000 JavaThread "Incoming local TCP Connector on port 59018" [_thread_in_native, id=15924, stack(0x000000ebbde00000,0x000000ebbdf00000)]
  0x0000020e6a7cb800 JavaThread "Daemon periodic checks" [_thread_blocked, id=5632, stack(0x000000ebbdf00000,0x000000ebbe000000)]
  0x0000020e6a909000 JavaThread "Daemon" [_thread_blocked, id=13532, stack(0x000000ebbe000000,0x000000ebbe100000)]
  0x0000020e6bb34800 JavaThread "Handler for socket connection from /127.0.0.1:59018 to /127.0.0.1:59019" [_thread_in_native, id=9920, stack(0x000000ebbe100000,0x000000ebbe200000)]
  0x0000020e6ba4e000 JavaThread "Cancel handler" [_thread_blocked, id=2076, stack(0x000000ebbe200000,0x000000ebbe300000)]
  0x0000020e6c06c800 JavaThread "Daemon worker" [_thread_blocked, id=10444, stack(0x000000ebbe300000,0x000000ebbe400000)]
  0x0000020e6b099800 JavaThread "Asynchronous log dispatcher for DefaultDaemonConnection: socket connection from /127.0.0.1:59018 to /127.0.0.1:59019" [_thread_blocked, id=1960, stack(0x000000ebbe400000,0x000000ebbe500000)]
  0x0000020e6bd85800 JavaThread "Stdin handler" [_thread_blocked, id=16460, stack(0x000000ebbe500000,0x000000ebbe600000)]
  0x0000020e6bc59000 JavaThread "Thread-8" [_thread_blocked, id=16724, stack(0x000000ebbe600000,0x000000ebbe700000)]
  0x0000020e6d324000 JavaThread "Cache worker for file hash cache (C:\Users\shikh\.gradle\caches\6.7.1\fileHashes)" [_thread_blocked, id=13816, stack(0x000000ebbec00000,0x000000ebbed00000)]
  0x0000020e6d323800 JavaThread "File lock request listener" [_thread_in_native, id=6932, stack(0x000000ebbed00000,0x000000ebbee00000)]
  0x0000020e6d321800 JavaThread "Cache worker for journal cache (C:\Users\shikh\.gradle\caches\journal-1)" [_thread_blocked, id=3828, stack(0x000000ebbef00000,0x000000ebbf000000)]
  0x0000020e6c026000 JavaThread "C2 CompilerThread1" daemon [_thread_in_native, id=14300, stack(0x000000ebbf000000,0x000000ebbf100000)]
  0x0000020e6d322800 JavaThread "Cache worker for file hash cache (C:\Users\shikh\AndroidStudioProjects\AppDev\.gradle\6.7.1\fileHashes)" [_thread_blocked, id=7292, stack(0x000000ebbf100000,0x000000ebbf200000)]
  0x0000020e6db67800 JavaThread "Cache worker for checksums cache (C:\Users\shikh\AndroidStudioProjects\AppDev\.gradle\checksums)" [_thread_blocked, id=12696, stack(0x000000ebbf200000,0x000000ebbf300000)]
  0x0000020e6db68800 JavaThread "Cache worker for cache directory md-supplier (C:\Users\shikh\.gradle\caches\6.7.1\md-supplier)" [_thread_blocked, id=8164, stack(0x000000ebbf400000,0x000000ebbf500000)]
  0x0000020e6db6b000 JavaThread "Cache worker for cache directory md-rule (C:\Users\shikh\.gradle\caches\6.7.1\md-rule)" [_thread_blocked, id=11644, stack(0x000000ebbf500000,0x000000ebbf600000)]
  0x0000020e6db6c000 JavaThread "Cache worker for execution history cache (C:\Users\shikh\.gradle\caches\6.7.1\executionHistory)" [_thread_blocked, id=9256, stack(0x000000ebbf600000,0x000000ebbf700000)]
  0x0000020e6db6a000 JavaThread "jar transforms" [_thread_blocked, id=14164, stack(0x000000ebbf700000,0x000000ebbf800000)]
  0x0000020e6db69800 JavaThread "Cache worker for file content cache (C:\Users\shikh\.gradle\caches\6.7.1\fileContent)" [_thread_blocked, id=2660, stack(0x000000ebbf800000,0x000000ebbf900000)]
  0x0000020e6db67000 JavaThread "Cache worker for Build Output Cleanup Cache (C:\Users\shikh\AndroidStudioProjects\AppDev\.gradle\buildOutputCleanup)" [_thread_blocked, id=9320, stack(0x000000ebbf900000,0x000000ebbfa00000)]
  0x0000020e6db70000 JavaThread "Build operations" [_thread_blocked, id=11808, stack(0x000000ebbfa00000,0x000000ebbfb00000)]
  0x0000020e6db6c800 JavaThread "Build operations Thread 2" [_thread_blocked, id=15160, stack(0x000000ebbfb00000,0x000000ebbfc00000)]
  0x0000020e6db6f000 JavaThread "Build operations Thread 3" [_thread_blocked, id=12224, stack(0x000000ebbfc00000,0x000000ebbfd00000)]
  0x0000020e6db73000 JavaThread "Build operations Thread 4" [_thread_blocked, id=13068, stack(0x000000ebbfd00000,0x000000ebbfe00000)]
  0x0000020e6db70800 JavaThread "Build operations Thread 5" [_thread_blocked, id=7780, stack(0x000000ebbfe00000,0x000000ebbff00000)]
  0x0000020e6db72800 JavaThread "Build operations Thread 6" [_thread_blocked, id=14932, stack(0x000000ebbff00000,0x000000ebc0000000)]
  0x0000020e6db71800 JavaThread "Build operations Thread 7" [_thread_blocked, id=1820, stack(0x000000ebc0000000,0x000000ebc0100000)]
  0x0000020e6db6d800 JavaThread "Build operations Thread 8" [_thread_blocked, id=12600, stack(0x000000ebc0100000,0x000000ebc0200000)]
  0x0000020e6db6e000 JavaThread "jar transforms Thread 2" [_thread_blocked, id=13052, stack(0x000000ebc0200000,0x000000ebc0300000)]
  0x0000020e6db74000 JavaThread "jar transforms Thread 3" [_thread_blocked, id=3444, stack(0x000000ebc0300000,0x000000ebc0400000)]
  0x0000020e6db75000 JavaThread "jar transforms Thread 4" [_thread_blocked, id=13692, stack(0x000000ebc0400000,0x000000ebc0500000)]
  0x0000020e6ddad800 JavaThread "jar transforms Thread 5" [_thread_blocked, id=14604, stack(0x000000ebc0500000,0x000000ebc0600000)]
  0x0000020e6ddac000 JavaThread "jar transforms Thread 6" [_thread_blocked, id=11080, stack(0x000000ebc0600000,0x000000ebc0700000)]
  0x0000020e6ddad000 JavaThread "jar transforms Thread 7" [_thread_blocked, id=2712, stack(0x000000ebc0700000,0x000000ebc0800000)]
  0x0000020e6ddae800 JavaThread "jar transforms Thread 8" [_thread_blocked, id=10088, stack(0x000000ebc0800000,0x000000ebc0900000)]
  0x0000020e6ddaf800 JavaThread "jar transforms Thread 9" [_thread_blocked, id=5324, stack(0x000000ebc0900000,0x000000ebc0a00000)]
  0x0000020e6ddb0000 JavaThread "jar transforms Thread 10" [_thread_blocked, id=16924, stack(0x000000ebc0a00000,0x000000ebc0b00000)]
  0x0000020e6ddaa800 JavaThread "jar transforms Thread 11" [_thread_blocked, id=16476, stack(0x000000ebc0b00000,0x000000ebc0c00000)]
  0x0000020e6ddb1000 JavaThread "jar transforms Thread 12" [_thread_blocked, id=15224, stack(0x000000ebc0c00000,0x000000ebc0d00000)]
  0x0000020e6ddab800 JavaThread "jar transforms Thread 13" [_thread_blocked, id=9908, stack(0x000000ebc0d00000,0x000000ebc0e00000)]
  0x0000020e6ddb4800 JavaThread "jar transforms Thread 14" [_thread_blocked, id=9932, stack(0x000000ebc0e00000,0x000000ebc0f00000)]
  0x0000020e6ddb2800 JavaThread "jar transforms Thread 15" [_thread_blocked, id=1548, stack(0x000000ebc0f00000,0x000000ebc1000000)]
  0x0000020e6ddb3800 JavaThread "jar transforms Thread 16" [_thread_blocked, id=15172, stack(0x000000ebc1000000,0x000000ebc1100000)]
  0x0000020e6ddb6800 JavaThread "jar transforms Thread 17" [_thread_blocked, id=1072, stack(0x000000ebc1100000,0x000000ebc1200000)]
  0x0000020e6ddb2000 JavaThread "jar transforms Thread 18" [_thread_blocked, id=12008, stack(0x000000ebc1200000,0x000000ebc1300000)]
  0x0000020e6ddb7800 JavaThread "jar transforms Thread 19" [_thread_blocked, id=3516, stack(0x000000ebc1300000,0x000000ebc1400000)]
  0x0000020e6ddb8800 JavaThread "jar transforms Thread 20" [_thread_blocked, id=13600, stack(0x000000ebc1400000,0x000000ebc1500000)]
  0x0000020e6ddb5000 JavaThread "jar transforms Thread 21" [_thread_blocked, id=1852, stack(0x000000ebc1500000,0x000000ebc1600000)]
  0x0000020e6ddb6000 JavaThread "jar transforms Thread 22" [_thread_blocked, id=11012, stack(0x000000ebc1600000,0x000000ebc1700000)]
  0x0000020e6ddb9000 JavaThread "jar transforms Thread 23" [_thread_blocked, id=13552, stack(0x000000ebc1700000,0x000000ebc1800000)]
  0x0000020e6b6b7800 JavaThread "jar transforms Thread 24" [_thread_blocked, id=2740, stack(0x000000ebc1800000,0x000000ebc1900000)]
  0x0000020e6b6b6000 JavaThread "jar transforms Thread 25" [_thread_blocked, id=14128, stack(0x000000ebc1900000,0x000000ebc1a00000)]
  0x0000020e6b6b4800 JavaThread "jar transforms Thread 26" [_thread_blocked, id=13984, stack(0x000000ebc1a00000,0x000000ebc1b00000)]
  0x0000020e6b6b7000 JavaThread "jar transforms Thread 27" [_thread_blocked, id=10424, stack(0x000000ebc1b00000,0x000000ebc1c00000)]
  0x0000020e6b6b8800 JavaThread "jar transforms Thread 28" [_thread_blocked, id=12572, stack(0x000000ebc1c00000,0x000000ebc1d00000)]
  0x0000020e6b6b9000 JavaThread "jar transforms Thread 29" [_thread_blocked, id=11320, stack(0x000000ebc1d00000,0x000000ebc1e00000)]
  0x0000020e6b6b5000 JavaThread "jar transforms Thread 30" [_thread_blocked, id=16908, stack(0x000000ebc1e00000,0x000000ebc1f00000)]
  0x0000020e6b6b3800 JavaThread "jar transforms Thread 31" [_thread_blocked, id=1652, stack(0x000000ebc1f00000,0x000000ebc2000000)]
  0x0000020e6b6bf000 JavaThread "jar transforms Thread 32" [_thread_blocked, id=4980, stack(0x000000ebc2000000,0x000000ebc2100000)]
  0x0000020e6b6be000 JavaThread "jar transforms Thread 33" [_thread_blocked, id=10568, stack(0x000000ebc2100000,0x000000ebc2200000)]
  0x0000020e6b6bd800 JavaThread "jar transforms Thread 34" [_thread_blocked, id=13492, stack(0x000000ebc2200000,0x000000ebc2300000)]
  0x0000020e6b6bb800 JavaThread "jar transforms Thread 35" [_thread_blocked, id=11048, stack(0x000000ebc2300000,0x000000ebc2400000)]
  0x0000020e6b6bf800 JavaThread "jar transforms Thread 36" [_thread_blocked, id=17080, stack(0x000000ebc2400000,0x000000ebc2500000)]
  0x0000020e6b6bb000 JavaThread "jar transforms Thread 37" [_thread_blocked, id=2764, stack(0x000000ebc2500000,0x000000ebc2600000)]
  0x0000020e6b6ba000 JavaThread "jar transforms Thread 38" [_thread_blocked, id=13384, stack(0x000000ebc2600000,0x000000ebc2700000)]
  0x0000020e6b6c0800 JavaThread "jar transforms Thread 39" [_thread_blocked, id=17060, stack(0x000000ebc2700000,0x000000ebc2800000)]
  0x0000020e6b6c1800 JavaThread "jar transforms Thread 40" [_thread_blocked, id=17392, stack(0x000000ebc2800000,0x000000ebc2900000)]
  0x0000020e6b6c2000 JavaThread "jar transforms Thread 41" [_thread_blocked, id=3544, stack(0x000000ebc2900000,0x000000ebc2a00000)]
  0x0000020e6b6bc800 JavaThread "jar transforms Thread 42" [_thread_blocked, id=15960, stack(0x000000ebc2a00000,0x000000ebc2b00000)]
  0x0000020e6d2b3000 JavaThread "jar transforms Thread 43" [_thread_blocked, id=11944, stack(0x000000ebc2b00000,0x000000ebc2c00000)]
  0x0000020e6d2b1800 JavaThread "jar transforms Thread 44" [_thread_blocked, id=2648, stack(0x000000ebc2c00000,0x000000ebc2d00000)]
  0x0000020e6d2b2000 JavaThread "jar transforms Thread 45" [_thread_blocked, id=17264, stack(0x000000ebc2d00000,0x000000ebc2e00000)]
  0x0000020e6d2b4800 JavaThread "jar transforms Thread 46" [_thread_blocked, id=5984, stack(0x000000ebc2e00000,0x000000ebc2f00000)]
  0x0000020e6d2af800 JavaThread "jar transforms Thread 47" [_thread_blocked, id=10092, stack(0x000000ebc2f00000,0x000000ebc3000000)]
  0x0000020e6d2b4000 JavaThread "jar transforms Thread 48" [_thread_blocked, id=12900, stack(0x000000ebc3000000,0x000000ebc3100000)]
  0x0000020e6d2af000 JavaThread "jar transforms Thread 49" [_thread_blocked, id=13308, stack(0x000000ebc3100000,0x000000ebc3200000)]
  0x0000020e6d2b5800 JavaThread "jar transforms Thread 50" [_thread_blocked, id=17272, stack(0x000000ebc3200000,0x000000ebc3300000)]
  0x0000020e6d2b6000 JavaThread "jar transforms Thread 51" [_thread_blocked, id=15412, stack(0x000000ebc3300000,0x000000ebc3400000)]
  0x0000020e6d2b0800 JavaThread "jar transforms Thread 52" [_thread_blocked, id=10628, stack(0x000000ebc3400000,0x000000ebc3500000)]
  0x0000020e6d2b7000 JavaThread "jar transforms Thread 53" [_thread_blocked, id=13840, stack(0x000000ebc3500000,0x000000ebc3600000)]
  0x0000020e6d2b8000 JavaThread "jar transforms Thread 54" [_thread_blocked, id=14144, stack(0x000000ebc3600000,0x000000ebc3700000)]
  0x0000020e6d2b8800 JavaThread "jar transforms Thread 55" [_thread_blocked, id=2192, stack(0x000000ebc3700000,0x000000ebc3800000)]
  0x0000020e6d2b9800 JavaThread "jar transforms Thread 56" [_thread_blocked, id=12588, stack(0x000000ebc3800000,0x000000ebc3900000)]
  0x0000020e6d2ba800 JavaThread "jar transforms Thread 57" [_thread_blocked, id=12776, stack(0x000000ebc3900000,0x000000ebc3a00000)]
  0x0000020e6d2bb000 JavaThread "jar transforms Thread 58" [_thread_blocked, id=7276, stack(0x000000ebc3a00000,0x000000ebc3b00000)]
  0x0000020e6d2bc000 JavaThread "jar transforms Thread 59" [_thread_blocked, id=9288, stack(0x000000ebc3b00000,0x000000ebc3c00000)]
  0x0000020e6d2bc800 JavaThread "jar transforms Thread 60" [_thread_blocked, id=17400, stack(0x000000ebc3c00000,0x000000ebc3d00000)]
  0x0000020e6d2bd800 JavaThread "jar transforms Thread 61" [_thread_blocked, id=10488, stack(0x000000ebc3d00000,0x000000ebc3e00000)]
  0x0000020e6eaa1800 JavaThread "jar transforms Thread 62" [_thread_blocked, id=12352, stack(0x000000ebc3e00000,0x000000ebc3f00000)]
  0x0000020e6eaa0000 JavaThread "jar transforms Thread 63" [_thread_blocked, id=16880, stack(0x000000ebc3f00000,0x000000ebc4000000)]
  0x0000020e6eaa0800 JavaThread "jar transforms Thread 64" [_thread_blocked, id=17300, stack(0x000000ebc4000000,0x000000ebc4100000)]
  0x0000020e6eaa2000 JavaThread "jar transforms Thread 65" [_thread_blocked, id=16076, stack(0x000000ebc4100000,0x000000ebc4200000)]
  0x0000020e6eaa4800 JavaThread "jar transforms Thread 66" [_thread_blocked, id=12344, stack(0x000000ebc4200000,0x000000ebc4300000)]
  0x0000020e6eaa4000 JavaThread "jar transforms Thread 67" [_thread_blocked, id=3424, stack(0x000000ebc4300000,0x000000ebc4400000)]
  0x0000020e6eaa3000 JavaThread "jar transforms Thread 68" [_thread_blocked, id=5720, stack(0x000000ebc4400000,0x000000ebc4500000)]
  0x0000020e6ea9f000 JavaThread "jar transforms Thread 69" [_thread_blocked, id=7632, stack(0x000000ebc4500000,0x000000ebc4600000)]
  0x0000020e6eaa9800 JavaThread "jar transforms Thread 70" [_thread_blocked, id=5316, stack(0x000000ebc4600000,0x000000ebc4700000)]
  0x0000020e6eaa6800 JavaThread "jar transforms Thread 71" [_thread_blocked, id=17388, stack(0x000000ebc4700000,0x000000ebc4800000)]
  0x0000020e6eaaa800 JavaThread "jar transforms Thread 72" [_thread_blocked, id=14512, stack(0x000000ebc4800000,0x000000ebc4900000)]
  0x0000020e6eaa7000 JavaThread "jar transforms Thread 73" [_thread_blocked, id=11432, stack(0x000000ebc4900000,0x000000ebc4a00000)]
  0x0000020e6eaab000 JavaThread "jar transforms Thread 74" [_thread_blocked, id=16680, stack(0x000000ebc4a00000,0x000000ebc4b00000)]
  0x0000020e6eaa5800 JavaThread "jar transforms Thread 75" [_thread_blocked, id=9588, stack(0x000000ebc4b00000,0x000000ebc4c00000)]
  0x0000020e6eaa9000 JavaThread "jar transforms Thread 76" [_thread_blocked, id=15072, stack(0x000000ebc4c00000,0x000000ebc4d00000)]
  0x0000020e6eaac000 JavaThread "jar transforms Thread 77" [_thread_blocked, id=13712, stack(0x000000ebc4d00000,0x000000ebc4e00000)]
  0x0000020e6eaad000 JavaThread "jar transforms Thread 78" [_thread_blocked, id=13156, stack(0x000000ebc4e00000,0x000000ebc4f00000)]
  0x0000020e6eaad800 JavaThread "jar transforms Thread 79" [_thread_blocked, id=8472, stack(0x000000ebc4f00000,0x000000ebc5000000)]
  0x0000020e6eaa8000 JavaThread "jar transforms Thread 80" [_thread_blocked, id=5308, stack(0x000000ebc5000000,0x000000ebc5100000)]
  0x0000020e6eebb800 JavaThread "jar transforms Thread 81" [_thread_blocked, id=13524, stack(0x000000ebc5100000,0x000000ebc5200000)]
  0x0000020e6eeb9000 JavaThread "jar transforms Thread 82" [_thread_blocked, id=7912, stack(0x000000ebc5200000,0x000000ebc5300000)]
  0x0000020e6eebe000 JavaThread "jar transforms Thread 83" [_thread_blocked, id=10096, stack(0x000000ebc5300000,0x000000ebc5400000)]
  0x0000020e6eebc000 JavaThread "jar transforms Thread 84" [_thread_blocked, id=4644, stack(0x000000ebc5400000,0x000000ebc5500000)]
  0x0000020e6eebf800 JavaThread "jar transforms Thread 85" [_thread_blocked, id=9452, stack(0x000000ebc5500000,0x000000ebc5600000)]
  0x0000020e6eebe800 JavaThread "jar transforms Thread 86" [_thread_blocked, id=12540, stack(0x000000ebc5600000,0x000000ebc5700000)]
  0x0000020e6eebd000 JavaThread "jar transforms Thread 87" [_thread_blocked, id=14408, stack(0x000000ebc5700000,0x000000ebc5800000)]
  0x0000020e6eeb9800 JavaThread "jar transforms Thread 88" [_thread_blocked, id=16456, stack(0x000000ebc5800000,0x000000ebc5900000)]
  0x0000020e6eec0000 JavaThread "jar transforms Thread 89" [_thread_blocked, id=1864, stack(0x000000ebc5900000,0x000000ebc5a00000)]
  0x0000020e6eeba800 JavaThread "jar transforms Thread 90" [_thread_blocked, id=15404, stack(0x000000ebc5a00000,0x000000ebc5b00000)]
  0x0000020e6eec7000 JavaThread "jar transforms Thread 91" [_thread_blocked, id=17288, stack(0x000000ebc5b00000,0x000000ebc5c00000)]
  0x0000020e6eec2800 JavaThread "jar transforms Thread 92" [_thread_blocked, id=4204, stack(0x000000ebc5c00000,0x000000ebc5d00000)]
  0x0000020e6eec4800 JavaThread "jar transforms Thread 93" [_thread_blocked, id=11064, stack(0x000000ebc5d00000,0x000000ebc5e00000)]
  0x0000020e6eec3800 JavaThread "jar transforms Thread 94" [_thread_blocked, id=15824, stack(0x000000ebc5e00000,0x000000ebc5f00000)]
  0x0000020e6eec5000 JavaThread "jar transforms Thread 95" [_thread_blocked, id=1404, stack(0x000000ebc5f00000,0x000000ebc6000000)]
  0x0000020e6eec1000 JavaThread "jar transforms Thread 96" [_thread_blocked, id=14816, stack(0x000000ebc6000000,0x000000ebc6100000)]
  0x0000020e6eec6000 JavaThread "jar transforms Thread 97" [_thread_blocked, id=9224, stack(0x000000ebc6100000,0x000000ebc6200000)]
  0x0000020e6eec7800 JavaThread "jar transforms Thread 98" [_thread_blocked, id=15988, stack(0x000000ebc6200000,0x000000ebc6300000)]
  0x0000020e6eec2000 JavaThread "jar transforms Thread 99" [_thread_blocked, id=13224, stack(0x000000ebc6300000,0x000000ebc6400000)]
  0x0000020e6b6d2000 JavaThread "C2 CompilerThread2" daemon [_thread_in_native, id=7124, stack(0x000000ebbf300000,0x000000ebbf400000)]
  0x0000020e7035c800 JavaThread "Memory manager" [_thread_blocked, id=11984, stack(0x000000ebc6400000,0x000000ebc6500000)]
  0x0000020e7035b800 JavaThread "build event listener" [_thread_blocked, id=16468, stack(0x000000ebc6500000,0x000000ebc6600000)]
  0x0000020e7035f000 JavaThread "build event listener" [_thread_blocked, id=13900, stack(0x000000ebc6600000,0x000000ebc6700000)]
  0x0000020e7035f800 JavaThread "Execution worker for ':'" [_thread_blocked, id=10592, stack(0x000000ebc6700000,0x000000ebc6800000)]
  0x0000020e70360800 JavaThread "Execution worker for ':' Thread 2" [_thread_blocked, id=7232, stack(0x000000ebc6800000,0x000000ebc6900000)]
  0x0000020e7035a800 JavaThread "Execution worker for ':' Thread 3" [_thread_blocked, id=15012, stack(0x000000ebc6900000,0x000000ebc6a00000)]
  0x0000020e70361800 JavaThread "Execution worker for ':' Thread 4" [_thread_blocked, id=11936, stack(0x000000ebc6a00000,0x000000ebc6b00000)]
  0x0000020e7035e000 JavaThread "Execution worker for ':' Thread 5" [_thread_blocked, id=14064, stack(0x000000ebc6b00000,0x000000ebc6c00000)]
  0x0000020e7035d000 JavaThread "Execution worker for ':' Thread 6" [_thread_blocked, id=14180, stack(0x000000ebc6c00000,0x000000ebc6d00000)]
  0x0000020e72c0f800 JavaThread "Execution worker for ':' Thread 7" [_thread_blocked, id=12972, stack(0x000000ebc6d00000,0x000000ebc6e00000)]
  0x0000020e72c10000 JavaThread "Cache worker for execution history cache (C:\Users\shikh\AndroidStudioProjects\AppDev\.gradle\6.7.1\executionHistory)" [_thread_blocked, id=11472, stack(0x000000ebc6e00000,0x000000ebc6f00000)]
  0x0000020e72c0e800 JavaThread "WorkerExecutor Queue" [_thread_in_Java, id=4248, stack(0x000000ebc6f00000,0x000000ebc7000000)]
  0x0000020e72c0d800 JavaThread "WorkerExecutor Queue Thread 2" [_thread_in_Java, id=15136, stack(0x000000ebc7000000,0x000000ebc7100000)]
  0x0000020e72c0a800 JavaThread "WorkerExecutor Queue Thread 3" [_thread_in_Java, id=7520, stack(0x000000ebc7100000,0x000000ebc7200000)]
  0x0000020e72c0d000 JavaThread "WorkerExecutor Queue Thread 4" [_thread_in_Java, id=11668, stack(0x000000ebc7200000,0x000000ebc7300000)]
  0x0000020e72c11000 JavaThread "WorkerExecutor Queue Thread 5" [_thread_in_Java, id=8084, stack(0x000000ebc7300000,0x000000ebc7400000)]
  0x0000020e72c0b800 JavaThread "WorkerExecutor Queue Thread 6" [_thread_in_native, id=1828, stack(0x000000ebc7400000,0x000000ebc7500000)]
  0x0000020e72c12000 JavaThread "WorkerExecutor Queue Thread 7" [_thread_in_Java, id=1504, stack(0x000000ebc7500000,0x000000ebc7600000)]
  0x0000020e72c0c000 JavaThread "Java2D Disposer" daemon [_thread_blocked, id=1264, stack(0x000000ebc7600000,0x000000ebc7700000)]
  0x0000020e72c18800 JavaThread "WorkerExecutor Queue Thread 8" [_thread_in_Java, id=17276, stack(0x000000ebc7900000,0x000000ebc7a00000)]

Other Threads:
  0x0000020e68d39000 VMThread "VM Thread" [stack: 0x000000ebbce00000,0x000000ebbcf00000] [id=13084]
  0x0000020e69830000 WatcherThread [stack: 0x000000ebbd800000,0x000000ebbd900000] [id=10364]
  0x0000020e4e28f000 GCTaskThread "GC Thread#0" [stack: 0x000000ebbc900000,0x000000ebbca00000] [id=7200]
  0x0000020e6a848800 GCTaskThread "GC Thread#1" [stack: 0x000000ebbda00000,0x000000ebbdb00000] [id=7348]
  0x0000020e6a2d7800 GCTaskThread "GC Thread#2" [stack: 0x000000ebbdb00000,0x000000ebbdc00000] [id=7716]
  0x0000020e69b98000 GCTaskThread "GC Thread#3" [stack: 0x000000ebbe700000,0x000000ebbe800000] [id=13556]
  0x0000020e6bf23000 GCTaskThread "GC Thread#4" [stack: 0x000000ebbe800000,0x000000ebbe900000] [id=16180]
  0x0000020e6d160800 GCTaskThread "GC Thread#5" [stack: 0x000000ebbe900000,0x000000ebbea00000] [id=148]
  0x0000020e6d161000 GCTaskThread "GC Thread#6" [stack: 0x000000ebbea00000,0x000000ebbeb00000] [id=14736]
  0x0000020e6bd73800 GCTaskThread "GC Thread#7" [stack: 0x000000ebbeb00000,0x000000ebbec00000] [id=8160]
  0x0000020e4e2c2000 ConcurrentGCThread "G1 Main Marker" [stack: 0x000000ebbca00000,0x000000ebbcb00000] [id=13408]
  0x0000020e4e2c4800 ConcurrentGCThread "G1 Conc#0" [stack: 0x000000ebbcb00000,0x000000ebbcc00000] [id=6132]
  0x0000020e6b24a800 ConcurrentGCThread "G1 Conc#1" [stack: 0x000000ebbee00000,0x000000ebbef00000] [id=7660]
  0x0000020e68b90800 ConcurrentGCThread "G1 Refine#0" [stack: 0x000000ebbcc00000,0x000000ebbcd00000] [id=12928]
  0x0000020e6c11f800 ConcurrentGCThread "G1 Refine#1" [stack: 0x000000ebc7700000,0x000000ebc7800000] [id=13684]
  0x0000020e6c120000 ConcurrentGCThread "G1 Refine#2" [stack: 0x000000ebc7800000,0x000000ebc7900000] [id=8664]
  0x0000020e68b91000 ConcurrentGCThread "G1 Young RemSet Sampling" [stack: 0x000000ebbcd00000,0x000000ebbce00000] [id=15776]

Threads with active compile tasks:
C2 CompilerThread0  15181 10011   !   4       java.io.ObjectOutputStream::writeObject0 (619 bytes)
C1 CompilerThread0  15181 10513       2       com.android.aaptcompiler.TableExtractor::parseXml (317 bytes)
C2 CompilerThread1  15181 10101   !   4       java.io.ObjectInputStream::readSerialData (563 bytes)
C2 CompilerThread2  15181 10144  s!   4       jdk.internal.loader.URLClassPath::getLoader (194 bytes)

VM state:not at safepoint (normal execution)

VM Mutex/Monitor currently owned by a thread: None

Heap address: 0x0000000080000000, size: 2048 MB, Compressed Oops mode: 32-bit
Narrow klass base: 0x0000000000000000, Narrow klass shift: 3
Compressed class space size: 1073741824 Address: 0x0000000100000000

Heap:
 garbage-first heap   total 187392K, used 148944K [0x0000000080000000, 0x0000000100000000)
  region size 1024K, 50 young (51200K), 9 survivors (9216K)
 Metaspace       used 84490K, capacity 86579K, committed 86988K, reserved 1128448K
  class space    used 10677K, capacity 11373K, committed 11520K, reserved 1048576K
Heap Regions: E=young(eden), S=young(survivor), O=old, HS=humongous(starts), HC=humongous(continues), CS=collection set, F=free, A=archive, TAMS=top-at-mark-start (previous, next)
|   0|0x0000000080000000, 0x0000000080100000, 0x0000000080100000|100%| O|  |TAMS 0x0000000080100000, 0x0000000080000000| Untracked 
|   1|0x0000000080100000, 0x0000000080200000, 0x0000000080200000|100%| O|  |TAMS 0x0000000080200000, 0x0000000080100000| Untracked 
|   2|0x0000000080200000, 0x0000000080300000, 0x0000000080300000|100%| O|  |TAMS 0x0000000080300000, 0x0000000080200000| Untracked 
|   3|0x0000000080300000, 0x0000000080400000, 0x0000000080400000|100%|HS|  |TAMS 0x0000000080400000, 0x0000000080300000| Complete 
|   4|0x0000000080400000, 0x0000000080500000, 0x0000000080500000|100%|HC|  |TAMS 0x0000000080500000, 0x0000000080400000| Complete 
|   5|0x0000000080500000, 0x0000000080600000, 0x0000000080600000|100%|HC|  |TAMS 0x0000000080600000, 0x0000000080500000| Complete 
|   6|0x0000000080600000, 0x0000000080700000, 0x0000000080700000|100%| O|  |TAMS 0x0000000080700000, 0x0000000080600000| Untracked 
|   7|0x0000000080700000, 0x0000000080800000, 0x0000000080800000|100%| O|  |TAMS 0x0000000080800000, 0x0000000080700000| Untracked 
|   8|0x0000000080800000, 0x0000000080900000, 0x0000000080900000|100%| O|  |TAMS 0x0000000080900000, 0x0000000080800000| Untracked 
|   9|0x0000000080900000, 0x0000000080a00000, 0x0000000080a00000|100%| O|  |TAMS 0x0000000080a00000, 0x0000000080900000| Untracked 
|  10|0x0000000080a00000, 0x0000000080b00000, 0x0000000080b00000|100%| O|  |TAMS 0x0000000080b00000, 0x0000000080a00000| Untracked 
|  11|0x0000000080b00000, 0x0000000080c00000, 0x0000000080c00000|100%| O|  |TAMS 0x0000000080c00000, 0x0000000080b00000| Untracked 
|  12|0x0000000080c00000, 0x0000000080d00000, 0x0000000080d00000|100%| O|  |TAMS 0x0000000080d00000, 0x0000000080c00000| Untracked 
|  13|0x0000000080d00000, 0x0000000080e00000, 0x0000000080e00000|100%| O|  |TAMS 0x0000000080e00000, 0x0000000080d00000| Untracked 
|  14|0x0000000080e00000, 0x0000000080f00000, 0x0000000080f00000|100%| O|  |TAMS 0x0000000080f00000, 0x0000000080e00000| Untracked 
|  15|0x0000000080f00000, 0x0000000081000000, 0x0000000081000000|100%| O|  |TAMS 0x0000000081000000, 0x0000000080f00000| Untracked 
|  16|0x0000000081000000, 0x0000000081100000, 0x0000000081100000|100%| O|  |TAMS 0x0000000081100000, 0x0000000081000000| Untracked 
|  17|0x0000000081100000, 0x0000000081200000, 0x0000000081200000|100%| O|  |TAMS 0x0000000081200000, 0x0000000081100000| Untracked 
|  18|0x0000000081200000, 0x0000000081300000, 0x0000000081300000|100%| O|  |TAMS 0x0000000081300000, 0x0000000081200000| Untracked 
|  19|0x0000000081300000, 0x0000000081400000, 0x0000000081400000|100%| O|  |TAMS 0x0000000081400000, 0x0000000081300000| Untracked 
|  20|0x0000000081400000, 0x0000000081500000, 0x0000000081500000|100%| O|  |TAMS 0x0000000081500000, 0x0000000081400000| Untracked 
|  21|0x0000000081500000, 0x0000000081600000, 0x0000000081600000|100%|HS|  |TAMS 0x0000000081600000, 0x0000000081500000| Complete 
|  22|0x0000000081600000, 0x0000000081700000, 0x0000000081700000|100%|HS|  |TAMS 0x0000000081700000, 0x0000000081600000| Complete 
|  23|0x0000000081700000, 0x0000000081800000, 0x0000000081800000|100%|HC|  |TAMS 0x0000000081800000, 0x0000000081700000| Complete 
|  24|0x0000000081800000, 0x0000000081900000, 0x0000000081900000|100%| O|  |TAMS 0x0000000081900000, 0x0000000081800000| Untracked 
|  25|0x0000000081900000, 0x0000000081a00000, 0x0000000081a00000|100%| O|  |TAMS 0x0000000081a00000, 0x0000000081900000| Untracked 
|  26|0x0000000081a00000, 0x0000000081b00000, 0x0000000081b00000|100%| O|  |TAMS 0x0000000081b00000, 0x0000000081a00000| Untracked 
|  27|0x0000000081b00000, 0x0000000081c00000, 0x0000000081c00000|100%| O|  |TAMS 0x0000000081c00000, 0x0000000081b00000| Untracked 
|  28|0x0000000081c00000, 0x0000000081d00000, 0x0000000081d00000|100%| O|  |TAMS 0x0000000081d00000, 0x0000000081c00000| Untracked 
|  29|0x0000000081d00000, 0x0000000081e00000, 0x0000000081e00000|100%| O|  |TAMS 0x0000000081e00000, 0x0000000081d00000| Untracked 
|  30|0x0000000081e00000, 0x0000000081f00000, 0x0000000081f00000|100%| O|  |TAMS 0x0000000081f00000, 0x0000000081e00000| Untracked 
|  31|0x0000000081f00000, 0x0000000082000000, 0x0000000082000000|100%| O|  |TAMS 0x0000000082000000, 0x0000000081f00000| Untracked 
|  32|0x0000000082000000, 0x0000000082100000, 0x0000000082100000|100%| O|  |TAMS 0x0000000082100000, 0x0000000082000000| Untracked 
|  33|0x0000000082100000, 0x0000000082200000, 0x0000000082200000|100%| O|  |TAMS 0x0000000082200000, 0x0000000082100000| Untracked 
|  34|0x0000000082200000, 0x0000000082300000, 0x0000000082300000|100%| O|  |TAMS 0x0000000082300000, 0x0000000082200000| Untracked 
|  35|0x0000000082300000, 0x0000000082400000, 0x0000000082400000|100%| O|  |TAMS 0x0000000082400000, 0x0000000082300000| Untracked 
|  36|0x0000000082400000, 0x0000000082500000, 0x0000000082500000|100%| O|  |TAMS 0x0000000082500000, 0x0000000082400000| Untracked 
|  37|0x0000000082500000, 0x0000000082600000, 0x0000000082600000|100%| O|  |TAMS 0x0000000082600000, 0x0000000082500000| Untracked 
|  38|0x0000000082600000, 0x0000000082700000, 0x0000000082700000|100%| O|  |TAMS 0x0000000082700000, 0x0000000082600000| Untracked 
|  39|0x0000000082700000, 0x0000000082800000, 0x0000000082800000|100%| O|  |TAMS 0x0000000082800000, 0x0000000082700000| Untracked 
|  40|0x0000000082800000, 0x0000000082900000, 0x0000000082900000|100%| O|  |TAMS 0x0000000082900000, 0x0000000082800000| Untracked 
|  41|0x0000000082900000, 0x0000000082a00000, 0x0000000082a00000|100%| O|  |TAMS 0x0000000082a00000, 0x0000000082900000| Untracked 
|  42|0x0000000082a00000, 0x0000000082b00000, 0x0000000082b00000|100%| O|  |TAMS 0x0000000082b00000, 0x0000000082a00000| Untracked 
|  43|0x0000000082b00000, 0x0000000082c00000, 0x0000000082c00000|100%| O|  |TAMS 0x0000000082c00000, 0x0000000082b00000| Untracked 
|  44|0x0000000082c00000, 0x0000000082d00000, 0x0000000082d00000|100%| O|  |TAMS 0x0000000082d00000, 0x0000000082c00000| Untracked 
|  45|0x0000000082d00000, 0x0000000082e00000, 0x0000000082e00000|100%| O|  |TAMS 0x0000000082e00000, 0x0000000082d00000| Untracked 
|  46|0x0000000082e00000, 0x0000000082f00000, 0x0000000082f00000|100%| O|  |TAMS 0x0000000082f00000, 0x0000000082e00000| Untracked 
|  47|0x0000000082f00000, 0x0000000083000000, 0x0000000083000000|100%| O|  |TAMS 0x0000000083000000, 0x0000000082f00000| Untracked 
|  48|0x0000000083000000, 0x0000000083100000, 0x0000000083100000|100%| O|  |TAMS 0x0000000083100000, 0x0000000083000000| Untracked 
|  49|0x0000000083100000, 0x0000000083200000, 0x0000000083200000|100%| O|  |TAMS 0x0000000083200000, 0x0000000083100000| Untracked 
|  50|0x0000000083200000, 0x0000000083300000, 0x0000000083300000|100%| O|  |TAMS 0x0000000083300000, 0x0000000083200000| Untracked 
|  51|0x0000000083300000, 0x0000000083400000, 0x0000000083400000|100%| O|  |TAMS 0x0000000083400000, 0x0000000083300000| Untracked 
|  52|0x0000000083400000, 0x0000000083500000, 0x0000000083500000|100%| O|  |TAMS 0x0000000083500000, 0x0000000083400000| Untracked 
|  53|0x0000000083500000, 0x0000000083600000, 0x0000000083600000|100%| O|  |TAMS 0x0000000083600000, 0x0000000083500000| Untracked 
|  54|0x0000000083600000, 0x0000000083700000, 0x0000000083700000|100%| O|  |TAMS 0x0000000083700000, 0x0000000083600000| Untracked 
|  55|0x0000000083700000, 0x0000000083800000, 0x0000000083800000|100%| O|  |TAMS 0x0000000083800000, 0x0000000083700000| Untracked 
|  56|0x0000000083800000, 0x0000000083900000, 0x0000000083900000|100%| O|  |TAMS 0x0000000083900000, 0x0000000083800000| Untracked 
|  57|0x0000000083900000, 0x0000000083a00000, 0x0000000083a00000|100%| O|  |TAMS 0x0000000083a00000, 0x0000000083900000| Untracked 
|  58|0x0000000083a00000, 0x0000000083b00000, 0x0000000083b00000|100%| O|  |TAMS 0x0000000083b00000, 0x0000000083a00000| Untracked 
|  59|0x0000000083b00000, 0x0000000083c00000, 0x0000000083c00000|100%| O|  |TAMS 0x0000000083c00000, 0x0000000083b00000| Untracked 
|  60|0x0000000083c00000, 0x0000000083d00000, 0x0000000083d00000|100%|HS|  |TAMS 0x0000000083d00000, 0x0000000083c00000| Complete 
|  61|0x0000000083d00000, 0x0000000083d00000, 0x0000000083e00000|  0%| F|  |TAMS 0x0000000083d00000, 0x0000000083d00000| Untracked 
|  62|0x0000000083e00000, 0x0000000083f00000, 0x0000000083f00000|100%|HS|  |TAMS 0x0000000083f00000, 0x0000000083e00000| Complete 
|  63|0x0000000083f00000, 0x0000000084000000, 0x0000000084000000|100%| O|  |TAMS 0x0000000084000000, 0x0000000083f00000| Untracked 
|  64|0x0000000084000000, 0x0000000084100000, 0x0000000084100000|100%| O|  |TAMS 0x0000000084100000, 0x0000000084000000| Untracked 
|  65|0x0000000084100000, 0x0000000084200000, 0x0000000084200000|100%| O|  |TAMS 0x0000000084200000, 0x0000000084100000| Untracked 
|  66|0x0000000084200000, 0x0000000084300000, 0x0000000084300000|100%| O|  |TAMS 0x0000000084300000, 0x0000000084200000| Untracked 
|  67|0x0000000084300000, 0x0000000084400000, 0x0000000084400000|100%| O|  |TAMS 0x0000000084400000, 0x0000000084300000| Untracked 
|  68|0x0000000084400000, 0x0000000084500000, 0x0000000084500000|100%| O|  |TAMS 0x0000000084500000, 0x0000000084400000| Untracked 
|  69|0x0000000084500000, 0x0000000084600000, 0x0000000084600000|100%| O|  |TAMS 0x0000000084600000, 0x0000000084500000| Untracked 
|  70|0x0000000084600000, 0x0000000084700000, 0x0000000084700000|100%| O|  |TAMS 0x0000000084700000, 0x0000000084600000| Untracked 
|  71|0x0000000084700000, 0x0000000084800000, 0x0000000084800000|100%| O|  |TAMS 0x0000000084800000, 0x0000000084700000| Untracked 
|  72|0x0000000084800000, 0x0000000084900000, 0x0000000084900000|100%| O|  |TAMS 0x0000000084900000, 0x0000000084800000| Untracked 
|  73|0x0000000084900000, 0x0000000084a00000, 0x0000000084a00000|100%| O|  |TAMS 0x0000000084a00000, 0x0000000084900000| Untracked 
|  74|0x0000000084a00000, 0x0000000084b00000, 0x0000000084b00000|100%|HS|  |TAMS 0x0000000084a00000, 0x0000000084a00000| Complete 
|  75|0x0000000084b00000, 0x0000000084c00000, 0x0000000084c00000|100%|HC|  |TAMS 0x0000000084b00000, 0x0000000084b00000| Complete 
|  76|0x0000000084c00000, 0x0000000084d00000, 0x0000000084d00000|100%|HC|  |TAMS 0x0000000084c00000, 0x0000000084c00000| Complete 
|  77|0x0000000084d00000, 0x0000000084e00000, 0x0000000084e00000|100%|HC|  |TAMS 0x0000000084d00000, 0x0000000084d00000| Complete 
|  78|0x0000000084e00000, 0x0000000084e00000, 0x0000000084f00000|  0%| F|  |TAMS 0x0000000084e00000, 0x0000000084e00000| Untracked 
|  79|0x0000000084f00000, 0x0000000085000000, 0x0000000085000000|100%|HS|  |TAMS 0x0000000085000000, 0x0000000084f00000| Complete 
|  80|0x0000000085000000, 0x0000000085100000, 0x0000000085100000|100%|HC|  |TAMS 0x0000000085100000, 0x0000000085000000| Complete 
|  81|0x0000000085100000, 0x0000000085200000, 0x0000000085200000|100%| O|  |TAMS 0x0000000085200000, 0x0000000085100000| Untracked 
|  82|0x0000000085200000, 0x0000000085300000, 0x0000000085300000|100%| O|  |TAMS 0x0000000085300000, 0x0000000085200000| Untracked 
|  83|0x0000000085300000, 0x0000000085400000, 0x0000000085400000|100%| O|  |TAMS 0x0000000085400000, 0x0000000085300000| Untracked 
|  84|0x0000000085400000, 0x0000000085500000, 0x0000000085500000|100%| O|  |TAMS 0x0000000085500000, 0x0000000085400000| Untracked 
|  85|0x0000000085500000, 0x0000000085600000, 0x0000000085600000|100%| O|  |TAMS 0x0000000085600000, 0x0000000085500000| Untracked 
|  86|0x0000000085600000, 0x0000000085700000, 0x0000000085700000|100%| O|  |TAMS 0x0000000085700000, 0x0000000085600000| Untracked 
|  87|0x0000000085700000, 0x0000000085800000, 0x0000000085800000|100%| O|  |TAMS 0x0000000085800000, 0x0000000085700000| Untracked 
|  88|0x0000000085800000, 0x0000000085900000, 0x0000000085900000|100%| O|  |TAMS 0x0000000085900000, 0x0000000085800000| Untracked 
|  89|0x0000000085900000, 0x0000000085a00000, 0x0000000085a00000|100%| O|  |TAMS 0x0000000085a00000, 0x0000000085900000| Untracked 
|  90|0x0000000085a00000, 0x0000000085b00000, 0x0000000085b00000|100%| O|  |TAMS 0x0000000085b00000, 0x0000000085a00000| Untracked 
|  91|0x0000000085b00000, 0x0000000085b74200, 0x0000000085c00000| 45%| O|  |TAMS 0x0000000085b74200, 0x0000000085b00000| Untracked 
|  92|0x0000000085c00000, 0x0000000085d00000, 0x0000000085d00000|100%|HS|  |TAMS 0x0000000085c00000, 0x0000000085c00000| Complete 
|  93|0x0000000085d00000, 0x0000000085e00000, 0x0000000085e00000|100%|HC|  |TAMS 0x0000000085d00000, 0x0000000085d00000| Complete 
|  94|0x0000000085e00000, 0x0000000085f00000, 0x0000000085f00000|100%|HS|  |TAMS 0x0000000085e00000, 0x0000000085e00000| Complete 
|  95|0x0000000085f00000, 0x0000000086000000, 0x0000000086000000|100%|HC|  |TAMS 0x0000000085f00000, 0x0000000085f00000| Complete 
|  96|0x0000000086000000, 0x0000000086100000, 0x0000000086100000|100%|HC|  |TAMS 0x0000000086000000, 0x0000000086000000| Complete 
|  97|0x0000000086100000, 0x0000000086200000, 0x0000000086200000|100%|HS|  |TAMS 0x0000000086100000, 0x0000000086100000| Complete 
|  98|0x0000000086200000, 0x0000000086300000, 0x0000000086300000|100%|HC|  |TAMS 0x0000000086200000, 0x0000000086200000| Complete 
|  99|0x0000000086300000, 0x0000000086400000, 0x0000000086400000|100%|HC|  |TAMS 0x0000000086300000, 0x0000000086300000| Complete 
| 100|0x0000000086400000, 0x0000000086400000, 0x0000000086500000|  0%| F|  |TAMS 0x0000000086400000, 0x0000000086400000| Untracked 
| 101|0x0000000086500000, 0x0000000086500000, 0x0000000086600000|  0%| F|  |TAMS 0x0000000086500000, 0x0000000086500000| Untracked 
| 102|0x0000000086600000, 0x0000000086600000, 0x0000000086700000|  0%| F|  |TAMS 0x0000000086600000, 0x0000000086600000| Untracked 
| 103|0x0000000086700000, 0x0000000086700000, 0x0000000086800000|  0%| F|  |TAMS 0x0000000086700000, 0x0000000086700000| Untracked 
| 104|0x0000000086800000, 0x0000000086800000, 0x0000000086900000|  0%| F|  |TAMS 0x0000000086800000, 0x0000000086800000| Untracked 
| 105|0x0000000086900000, 0x0000000086900000, 0x0000000086a00000|  0%| F|  |TAMS 0x0000000086900000, 0x0000000086900000| Untracked 
| 106|0x0000000086a00000, 0x0000000086a00000, 0x0000000086b00000|  0%| F|  |TAMS 0x0000000086a00000, 0x0000000086a00000| Untracked 
| 107|0x0000000086b00000, 0x0000000086b00000, 0x0000000086c00000|  0%| F|  |TAMS 0x0000000086b00000, 0x0000000086b00000| Untracked 
| 108|0x0000000086c00000, 0x0000000086c00000, 0x0000000086d00000|  0%| F|  |TAMS 0x0000000086c00000, 0x0000000086c00000| Untracked 
| 109|0x0000000086d00000, 0x0000000086d00000, 0x0000000086e00000|  0%| F|  |TAMS 0x0000000086d00000, 0x0000000086d00000| Untracked 
| 110|0x0000000086e00000, 0x0000000086e00000, 0x0000000086f00000|  0%| F|  |TAMS 0x0000000086e00000, 0x0000000086e00000| Untracked 
| 111|0x0000000086f00000, 0x0000000086f00000, 0x0000000087000000|  0%| F|  |TAMS 0x0000000086f00000, 0x0000000086f00000| Untracked 
| 112|0x0000000087000000, 0x0000000087000000, 0x0000000087100000|  0%| F|  |TAMS 0x0000000087000000, 0x0000000087000000| Untracked 
| 113|0x0000000087100000, 0x0000000087100000, 0x0000000087200000|  0%| F|  |TAMS 0x0000000087100000, 0x0000000087100000| Untracked 
| 114|0x0000000087200000, 0x0000000087200000, 0x0000000087300000|  0%| F|  |TAMS 0x0000000087200000, 0x0000000087200000| Untracked 
| 115|0x0000000087300000, 0x0000000087300000, 0x0000000087400000|  0%| F|  |TAMS 0x0000000087300000, 0x0000000087300000| Untracked 
| 116|0x0000000087400000, 0x0000000087400000, 0x0000000087500000|  0%| F|  |TAMS 0x0000000087400000, 0x0000000087400000| Untracked 
| 117|0x0000000087500000, 0x0000000087500000, 0x0000000087600000|  0%| F|  |TAMS 0x0000000087500000, 0x0000000087500000| Untracked 
| 118|0x0000000087600000, 0x0000000087600000, 0x0000000087700000|  0%| F|  |TAMS 0x0000000087600000, 0x0000000087600000| Untracked 
| 119|0x0000000087700000, 0x0000000087700000, 0x0000000087800000|  0%| F|  |TAMS 0x0000000087700000, 0x0000000087700000| Untracked 
| 120|0x0000000087800000, 0x0000000087800000, 0x0000000087900000|  0%| F|  |TAMS 0x0000000087800000, 0x0000000087800000| Untracked 
| 121|0x0000000087900000, 0x0000000087900000, 0x0000000087a00000|  0%| F|  |TAMS 0x0000000087900000, 0x0000000087900000| Untracked 
| 122|0x0000000087a00000, 0x0000000087a00000, 0x0000000087b00000|  0%| F|  |TAMS 0x0000000087a00000, 0x0000000087a00000| Untracked 
| 123|0x0000000087b00000, 0x0000000087c00000, 0x0000000087c00000|100%| S|CS|TAMS 0x0000000087b00000, 0x0000000087b00000| Complete 
| 124|0x0000000087c00000, 0x0000000087d00000, 0x0000000087d00000|100%| S|CS|TAMS 0x0000000087c00000, 0x0000000087c00000| Complete 
| 125|0x0000000087d00000, 0x0000000087e00000, 0x0000000087e00000|100%| S|CS|TAMS 0x0000000087d00000, 0x0000000087d00000| Complete 
| 126|0x0000000087e00000, 0x0000000087f00000, 0x0000000087f00000|100%| S|CS|TAMS 0x0000000087e00000, 0x0000000087e00000| Complete 
| 127|0x0000000087f00000, 0x0000000088000000, 0x0000000088000000|100%| S|CS|TAMS 0x0000000087f00000, 0x0000000087f00000| Complete 
| 128|0x0000000088000000, 0x0000000088100000, 0x0000000088100000|100%| S|CS|TAMS 0x0000000088000000, 0x0000000088000000| Complete 
| 129|0x0000000088100000, 0x0000000088200000, 0x0000000088200000|100%| S|CS|TAMS 0x0000000088100000, 0x0000000088100000| Complete 
| 130|0x0000000088200000, 0x0000000088300000, 0x0000000088300000|100%| S|CS|TAMS 0x0000000088200000, 0x0000000088200000| Complete 
| 131|0x0000000088300000, 0x0000000088400000, 0x0000000088400000|100%| S|CS|TAMS 0x0000000088300000, 0x0000000088300000| Complete 
| 132|0x0000000088400000, 0x0000000088400000, 0x0000000088500000|  0%| F|  |TAMS 0x0000000088400000, 0x0000000088400000| Untracked 
| 133|0x0000000088500000, 0x0000000088500000, 0x0000000088600000|  0%| F|  |TAMS 0x0000000088500000, 0x0000000088500000| Untracked 
| 134|0x0000000088600000, 0x0000000088600000, 0x0000000088700000|  0%| F|  |TAMS 0x0000000088600000, 0x0000000088600000| Untracked 
| 135|0x0000000088700000, 0x0000000088700000, 0x0000000088800000|  0%| F|  |TAMS 0x0000000088700000, 0x0000000088700000| Untracked 
| 136|0x0000000088800000, 0x0000000088800000, 0x0000000088900000|  0%| F|  |TAMS 0x0000000088800000, 0x0000000088800000| Untracked 
| 137|0x0000000088900000, 0x0000000088900000, 0x0000000088a00000|  0%| F|  |TAMS 0x0000000088900000, 0x0000000088900000| Untracked 
| 138|0x0000000088a00000, 0x0000000088a00000, 0x0000000088b00000|  0%| F|  |TAMS 0x0000000088a00000, 0x0000000088a00000| Untracked 
| 139|0x0000000088b00000, 0x0000000088b00000, 0x0000000088c00000|  0%| F|  |TAMS 0x0000000088b00000, 0x0000000088b00000| Untracked 
| 140|0x0000000088c00000, 0x0000000088c63cb8, 0x0000000088d00000| 38%| E|  |TAMS 0x0000000088c00000, 0x0000000088c00000| Complete 
| 141|0x0000000088d00000, 0x0000000088e00000, 0x0000000088e00000|100%| E|CS|TAMS 0x0000000088d00000, 0x0000000088d00000| Complete 
| 142|0x0000000088e00000, 0x0000000088f00000, 0x0000000088f00000|100%| E|CS|TAMS 0x0000000088e00000, 0x0000000088e00000| Complete 
| 143|0x0000000088f00000, 0x0000000089000000, 0x0000000089000000|100%| E|CS|TAMS 0x0000000088f00000, 0x0000000088f00000| Complete 
| 144|0x0000000089000000, 0x0000000089100000, 0x0000000089100000|100%| E|CS|TAMS 0x0000000089000000, 0x0000000089000000| Complete 
| 145|0x0000000089100000, 0x0000000089200000, 0x0000000089200000|100%| E|CS|TAMS 0x0000000089100000, 0x0000000089100000| Complete 
| 146|0x0000000089200000, 0x0000000089300000, 0x0000000089300000|100%| E|CS|TAMS 0x0000000089200000, 0x0000000089200000| Complete 
| 147|0x0000000089300000, 0x0000000089400000, 0x0000000089400000|100%| E|CS|TAMS 0x0000000089300000, 0x0000000089300000| Complete 
| 148|0x0000000089400000, 0x0000000089500000, 0x0000000089500000|100%| E|CS|TAMS 0x0000000089400000, 0x0000000089400000| Complete 
| 149|0x0000000089500000, 0x0000000089600000, 0x0000000089600000|100%| E|CS|TAMS 0x0000000089500000, 0x0000000089500000| Complete 
| 150|0x0000000089600000, 0x0000000089700000, 0x0000000089700000|100%| E|CS|TAMS 0x0000000089600000, 0x0000000089600000| Complete 
| 151|0x0000000089700000, 0x0000000089800000, 0x0000000089800000|100%| E|CS|TAMS 0x0000000089700000, 0x0000000089700000| Complete 
| 152|0x0000000089800000, 0x0000000089900000, 0x0000000089900000|100%| E|CS|TAMS 0x0000000089800000, 0x0000000089800000| Complete 
| 153|0x0000000089900000, 0x0000000089a00000, 0x0000000089a00000|100%| E|CS|TAMS 0x0000000089900000, 0x0000000089900000| Complete 
| 154|0x0000000089a00000, 0x0000000089b00000, 0x0000000089b00000|100%| E|CS|TAMS 0x0000000089a00000, 0x0000000089a00000| Complete 
| 155|0x0000000089b00000, 0x0000000089c00000, 0x0000000089c00000|100%| E|CS|TAMS 0x0000000089b00000, 0x0000000089b00000| Complete 
| 156|0x0000000089c00000, 0x0000000089d00000, 0x0000000089d00000|100%| E|CS|TAMS 0x0000000089c00000, 0x0000000089c00000| Complete 
| 157|0x0000000089d00000, 0x0000000089e00000, 0x0000000089e00000|100%| E|CS|TAMS 0x0000000089d00000, 0x0000000089d00000| Complete 
| 158|0x0000000089e00000, 0x0000000089f00000, 0x0000000089f00000|100%| E|  |TAMS 0x0000000089e00000, 0x0000000089e00000| Complete 
| 159|0x0000000089f00000, 0x000000008a000000, 0x000000008a000000|100%| E|CS|TAMS 0x0000000089f00000, 0x0000000089f00000| Complete 
| 160|0x000000008a000000, 0x000000008a100000, 0x000000008a100000|100%| E|CS|TAMS 0x000000008a000000, 0x000000008a000000| Complete 
| 161|0x000000008a100000, 0x000000008a200000, 0x000000008a200000|100%| E|CS|TAMS 0x000000008a100000, 0x000000008a100000| Complete 
| 162|0x000000008a200000, 0x000000008a300000, 0x000000008a300000|100%| E|CS|TAMS 0x000000008a200000, 0x000000008a200000| Complete 
| 163|0x000000008a300000, 0x000000008a400000, 0x000000008a400000|100%| E|CS|TAMS 0x000000008a300000, 0x000000008a300000| Complete 
| 164|0x000000008a400000, 0x000000008a500000, 0x000000008a500000|100%| E|CS|TAMS 0x000000008a400000, 0x000000008a400000| Complete 
| 165|0x000000008a500000, 0x000000008a600000, 0x000000008a600000|100%| E|CS|TAMS 0x000000008a500000, 0x000000008a500000| Complete 
| 166|0x000000008a600000, 0x000000008a700000, 0x000000008a700000|100%| E|CS|TAMS 0x000000008a600000, 0x000000008a600000| Complete 
| 167|0x000000008a700000, 0x000000008a800000, 0x000000008a800000|100%| E|CS|TAMS 0x000000008a700000, 0x000000008a700000| Complete 
| 168|0x000000008a800000, 0x000000008a900000, 0x000000008a900000|100%| E|CS|TAMS 0x000000008a800000, 0x000000008a800000| Complete 
| 169|0x000000008a900000, 0x000000008aa00000, 0x000000008aa00000|100%| E|CS|TAMS 0x000000008a900000, 0x000000008a900000| Complete 
| 170|0x000000008aa00000, 0x000000008ab00000, 0x000000008ab00000|100%| E|CS|TAMS 0x000000008aa00000, 0x000000008aa00000| Complete 
| 171|0x000000008ab00000, 0x000000008ac00000, 0x000000008ac00000|100%| E|CS|TAMS 0x000000008ab00000, 0x000000008ab00000| Complete 
| 172|0x000000008ac00000, 0x000000008ad00000, 0x000000008ad00000|100%| E|CS|TAMS 0x000000008ac00000, 0x000000008ac00000| Complete 
| 173|0x000000008ad00000, 0x000000008ae00000, 0x000000008ae00000|100%| E|CS|TAMS 0x000000008ad00000, 0x000000008ad00000| Complete 
| 174|0x000000008ae00000, 0x000000008af00000, 0x000000008af00000|100%| E|CS|TAMS 0x000000008ae00000, 0x000000008ae00000| Complete 
| 175|0x000000008af00000, 0x000000008b000000, 0x000000008b000000|100%| E|CS|TAMS 0x000000008af00000, 0x000000008af00000| Complete 
| 176|0x000000008b000000, 0x000000008b100000, 0x000000008b100000|100%| E|CS|TAMS 0x000000008b000000, 0x000000008b000000| Complete 
| 177|0x000000008b100000, 0x000000008b200000, 0x000000008b200000|100%| E|CS|TAMS 0x000000008b100000, 0x000000008b100000| Complete 
| 178|0x000000008b200000, 0x000000008b300000, 0x000000008b300000|100%| E|CS|TAMS 0x000000008b200000, 0x000000008b200000| Complete 
| 179|0x000000008b300000, 0x000000008b400000, 0x000000008b400000|100%| E|CS|TAMS 0x000000008b300000, 0x000000008b300000| Complete 
| 180|0x000000008b400000, 0x000000008b500000, 0x000000008b500000|100%| E|CS|TAMS 0x000000008b400000, 0x000000008b400000| Complete 
| 181|0x000000008b500000, 0x000000008b600000, 0x000000008b600000|100%| E|CS|TAMS 0x000000008b500000, 0x000000008b500000| Complete 
| 182|0x000000008b600000, 0x000000008b700000, 0x000000008b700000|100%| E|CS|TAMS 0x000000008b600000, 0x000000008b600000| Complete 

Card table byte_map: [0x0000020e61a70000,0x0000020e61e70000] _byte_map_base: 0x0000020e61670000

Marking Bits (Prev, Next): (CMBitMap*) 0x0000020e4e2b96a0, (CMBitMap*) 0x0000020e4e2b9668
 Prev Bits: [0x0000020e64270000, 0x0000020e66270000)
 Next Bits: [0x0000020e62270000, 0x0000020e64270000)

Polling page: 0x0000020e4ca30000

Metaspace:

Usage:
  Non-class:     73.44 MB capacity,    72.11 MB ( 98%) used,     1.13 MB (  2%) free+waste,   206.94 KB ( <1%) overhead. 
      Class:     11.11 MB capacity,    10.43 MB ( 94%) used,   601.39 KB (  5%) free+waste,    93.94 KB ( <1%) overhead. 
       Both:     84.55 MB capacity,    82.53 MB ( 98%) used,     1.72 MB (  2%) free+waste,   300.88 KB ( <1%) overhead. 

Virtual space:
  Non-class space:       78.00 MB reserved,      73.70 MB ( 94%) committed 
      Class space:        1.00 GB reserved,      11.25 MB (  1%) committed 
             Both:        1.08 GB reserved,      84.95 MB (  8%) committed 

Chunk freelists:
   Non-Class:  198.00 KB
       Class:  83.00 KB
        Both:  281.00 KB

MaxMetaspaceSize: 17179869184.00 GB
CompressedClassSpaceSize: 1.00 GB

CodeHeap 'non-profiled nmethods': size=120000Kb used=6713Kb max_used=6713Kb free=113287Kb
 bounds [0x0000020e596d0000, 0x0000020e59d60000, 0x0000020e60c00000]
CodeHeap 'profiled nmethods': size=120000Kb used=22455Kb max_used=22455Kb free=97544Kb
 bounds [0x0000020e521a0000, 0x0000020e53790000, 0x0000020e596d0000]
CodeHeap 'non-nmethods': size=5760Kb used=2329Kb max_used=2387Kb free=3431Kb
 bounds [0x0000020e51c00000, 0x0000020e51e70000, 0x0000020e521a0000]
 total_blobs=11162 nmethods=10204 adapters=868
 compilation: enabled
              stopped_count=0, restarted_count=0
 full_count=0

Compilation events (20 events):
Event: 15.119 Thread 0x0000020e68d59000 nmethod 10401 0x0000020e5374be90 code [0x0000020e5374c040, 0x0000020e5374c1f8]
Event: 15.119 Thread 0x0000020e68d59000 10385       2       com.android.aaptcompiler.ResourceTable$addResourceWithId$1::invoke (18 bytes)
Event: 15.119 Thread 0x0000020e68d59000 nmethod 10385 0x0000020e5374c290 code [0x0000020e5374c460, 0x0000020e5374c648]
Event: 15.119 Thread 0x0000020e68d59000 10386       2       com.android.aaptcompiler.ResourceTable$Companion::resourceNameValidator (20 bytes)
Event: 15.120 Thread 0x0000020e68d59000 nmethod 10386 0x0000020e5374c790 code [0x0000020e5374c960, 0x0000020e5374cab8]
Event: 15.120 Thread 0x0000020e68d59000 10387       2       com.android.aaptcompiler.ResourceEntry::findValue (109 bytes)
Event: 15.120 Thread 0x0000020e68d59000 nmethod 10387 0x0000020e5374cb90 code [0x0000020e5374cdc0, 0x0000020e5374d268]
Event: 15.120 Thread 0x0000020e68d59000 10400       2       com.android.aaptcompiler.Item::<init> (5 bytes)
Event: 15.120 Thread 0x0000020e68d59000 nmethod 10400 0x0000020e5374d590 code [0x0000020e5374d740, 0x0000020e5374d918]
Event: 15.121 Thread 0x0000020e68d59000 10403       2       com.sun.xml.internal.stream.events.DummyEvent::asStartElement (5 bytes)
Event: 15.121 Thread 0x0000020e68d59000 nmethod 10403 0x0000020e5374d990 code [0x0000020e5374db40, 0x0000020e5374dc98]
Event: 15.121 Thread 0x0000020e68d59000 10377       2       com.sun.xml.internal.stream.events.CharacterEvent::isWhiteSpace (21 bytes)
Event: 15.121 Thread 0x0000020e68d59000 nmethod 10377 0x0000020e5374dd10 code [0x0000020e5374dec0, 0x0000020e5374dfe8]
Event: 15.121 Thread 0x0000020e68d59000 10397       2       java.lang.AbstractStringBuilder::checkRangeSIOOBE (60 bytes)
Event: 15.121 Thread 0x0000020e68d59000 nmethod 10397 0x0000020e5374e090 code [0x0000020e5374e2c0, 0x0000020e5374e778]
Event: 15.121 Thread 0x0000020e68d59000 10409       2       com.android.aaptcompiler.ResourceTable$addResourceWithId$1::<init> (7 bytes)
Event: 15.122 Thread 0x0000020e68d59000 nmethod 10409 0x0000020e5374ea10 code [0x0000020e5374ebc0, 0x0000020e5374ed18]
Event: 15.122 Thread 0x0000020e68d59000 10410       2       com.android.aaptcompiler.ResourceTable$addResourceWithId$2::<init> (7 bytes)
Event: 15.122 Thread 0x0000020e68d59000 nmethod 10410 0x0000020e5374ed90 code [0x0000020e5374ef40, 0x0000020e5374f098]
Event: 15.122 Thread 0x0000020e68d59000 10405       2       com.android.aaptcompiler.TableExtractor::extractResource (1972 bytes)

GC Heap History (20 events):
Event: 7.627 GC heap before
{Heap before GC invocations=11 (full 0):
 garbage-first heap   total 129024K, used 88934K [0x0000000080000000, 0x0000000100000000)
  region size 1024K, 59 young (60416K), 8 survivors (8192K)
 Metaspace       used 55976K, capacity 57350K, committed 57600K, reserved 1099776K
  class space    used 7123K, capacity 7611K, committed 7680K, reserved 1048576K
}
Event: 7.636 GC heap after
{Heap after GC invocations=12 (full 0):
 garbage-first heap   total 155648K, used 40844K [0x0000000080000000, 0x0000000100000000)
  region size 1024K, 4 young (4096K), 4 survivors (4096K)
 Metaspace       used 55976K, capacity 57350K, committed 57600K, reserved 1099776K
  class space    used 7123K, capacity 7611K, committed 7680K, reserved 1048576K
}
Event: 7.985 GC heap before
{Heap before GC invocations=12 (full 0):
 garbage-first heap   total 155648K, used 67468K [0x0000000080000000, 0x0000000100000000)
  region size 1024K, 31 young (31744K), 4 survivors (4096K)
 Metaspace       used 58686K, capacity 60107K, committed 60160K, reserved 1101824K
  class space    used 7437K, capacity 7921K, committed 7936K, reserved 1048576K
}
Event: 7.990 GC heap after
{Heap after GC invocations=13 (full 0):
 garbage-first heap   total 155648K, used 43372K [0x0000000080000000, 0x0000000100000000)
  region size 1024K, 7 young (7168K), 7 survivors (7168K)
 Metaspace       used 58686K, capacity 60107K, committed 60160K, reserved 1101824K
  class space    used 7437K, capacity 7921K, committed 7936K, reserved 1048576K
}
Event: 8.609 GC heap before
{Heap before GC invocations=14 (full 0):
 garbage-first heap   total 155648K, used 101740K [0x0000000080000000, 0x0000000100000000)
  region size 1024K, 64 young (65536K), 7 survivors (7168K)
 Metaspace       used 62490K, capacity 63952K, committed 64076K, reserved 1105920K
  class space    used 8043K, capacity 8560K, committed 8576K, reserved 1048576K
}
Event: 8.623 GC heap after
{Heap after GC invocations=15 (full 0):
 garbage-first heap   total 155648K, used 46992K [0x0000000080000000, 0x0000000100000000)
  region size 1024K, 7 young (7168K), 7 survivors (7168K)
 Metaspace       used 62490K, capacity 63952K, committed 64076K, reserved 1105920K
  class space    used 8043K, capacity 8560K, committed 8576K, reserved 1048576K
}
Event: 9.292 GC heap before
{Heap before GC invocations=16 (full 0):
 garbage-first heap   total 155648K, used 107408K [0x0000000080000000, 0x0000000100000000)
  region size 1024K, 66 young (67584K), 7 survivors (7168K)
 Metaspace       used 66068K, capacity 67569K, committed 67788K, reserved 1107968K
  class space    used 8622K, capacity 9156K, committed 9216K, reserved 1048576K
}
Event: 9.303 GC heap after
{Heap after GC invocations=17 (full 0):
 garbage-first heap   total 155648K, used 51586K [0x0000000080000000, 0x0000000100000000)
  region size 1024K, 9 young (9216K), 9 survivors (9216K)
 Metaspace       used 66068K, capacity 67569K, committed 67788K, reserved 1107968K
  class space    used 8622K, capacity 9156K, committed 9216K, reserved 1048576K
}
Event: 10.053 GC heap before
{Heap before GC invocations=17 (full 0):
 garbage-first heap   total 155648K, used 112002K [0x0000000080000000, 0x0000000100000000)
  region size 1024K, 68 young (69632K), 9 survivors (9216K)
 Metaspace       used 72179K, capacity 73870K, committed 74060K, reserved 1114112K
  class space    used 9483K, capacity 10066K, committed 10112K, reserved 1048576K
}
Event: 10.064 GC heap after
{Heap after GC invocations=18 (full 0):
 garbage-first heap   total 155648K, used 55943K [0x0000000080000000, 0x0000000100000000)
  region size 1024K, 5 young (5120K), 5 survivors (5120K)
 Metaspace       used 72179K, capacity 73870K, committed 74060K, reserved 1114112K
  class space    used 9483K, capacity 10066K, committed 10112K, reserved 1048576K
}
Event: 10.850 GC heap before
{Heap before GC invocations=18 (full 0):
 garbage-first heap   total 155648K, used 114311K [0x0000000080000000, 0x0000000100000000)
  region size 1024K, 63 young (64512K), 5 survivors (5120K)
 Metaspace       used 75666K, capacity 77589K, committed 77644K, reserved 1116160K
  class space    used 9903K, capacity 10579K, committed 10624K, reserved 1048576K
}
Event: 10.859 GC heap after
{Heap after GC invocations=19 (full 0):
 garbage-first heap   total 187392K, used 59418K [0x0000000080000000, 0x0000000100000000)
  region size 1024K, 8 young (8192K), 8 survivors (8192K)
 Metaspace       used 75666K, capacity 77589K, committed 77644K, reserved 1116160K
  class space    used 9903K, capacity 10579K, committed 10624K, reserved 1048576K
}
Event: 12.202 GC heap before
{Heap before GC invocations=19 (full 0):
 garbage-first heap   total 187392K, used 132122K [0x0000000080000000, 0x0000000100000000)
  region size 1024K, 79 young (80896K), 8 survivors (8192K)
 Metaspace       used 77276K, capacity 79287K, committed 79436K, reserved 1118208K
  class space    used 10069K, capacity 10753K, committed 10880K, reserved 1048576K
}
Event: 12.210 GC heap after
{Heap after GC invocations=20 (full 0):
 garbage-first heap   total 187392K, used 62820K [0x0000000080000000, 0x0000000100000000)
  region size 1024K, 7 young (7168K), 7 survivors (7168K)
 Metaspace       used 77276K, capacity 79287K, committed 79436K, reserved 1118208K
  class space    used 10069K, capacity 10753K, committed 10880K, reserved 1048576K
}
Event: 13.158 GC heap before
{Heap before GC invocations=20 (full 0):
 garbage-first heap   total 187392K, used 135524K [0x0000000080000000, 0x0000000100000000)
  region size 1024K, 79 young (80896K), 7 survivors (7168K)
 Metaspace       used 77598K, capacity 79625K, committed 79948K, reserved 1118208K
  class space    used 10080K, capacity 10756K, committed 10880K, reserved 1048576K
}
Event: 13.172 GC heap after
{Heap after GC invocations=21 (full 0):
 garbage-first heap   total 187392K, used 70736K [0x0000000080000000, 0x0000000100000000)
  region size 1024K, 10 young (10240K), 10 survivors (10240K)
 Metaspace       used 77598K, capacity 79625K, committed 79948K, reserved 1118208K
  class space    used 10080K, capacity 10756K, committed 10880K, reserved 1048576K
}
Event: 13.946 GC heap before
{Heap before GC invocations=21 (full 0):
 garbage-first heap   total 187392K, used 143440K [0x0000000080000000, 0x0000000100000000)
  region size 1024K, 78 young (79872K), 10 survivors (10240K)
 Metaspace       used 78673K, capacity 80771K, committed 81100K, reserved 1120256K
  class space    used 10185K, capacity 10882K, committed 11008K, reserved 1048576K
}
Event: 13.961 GC heap after
{Heap after GC invocations=22 (full 0):
 garbage-first heap   total 187392K, used 83463K [0x0000000080000000, 0x0000000100000000)
  region size 1024K, 10 young (10240K), 10 survivors (10240K)
 Metaspace       used 78673K, capacity 80771K, committed 81100K, reserved 1120256K
  class space    used 10185K, capacity 10882K, committed 11008K, reserved 1048576K
}
Event: 14.719 GC heap before
{Heap before GC invocations=22 (full 0):
 garbage-first heap   total 187392K, used 142855K [0x0000000080000000, 0x0000000100000000)
  region size 1024K, 61 young (62464K), 10 survivors (10240K)
 Metaspace       used 81375K, capacity 83451K, committed 83660K, reserved 1122304K
  class space    used 10450K, capacity 11154K, committed 11264K, reserved 1048576K
}
Event: 14.737 GC heap after
{Heap after GC invocations=23 (full 0):
 garbage-first heap   total 187392K, used 96720K [0x0000000080000000, 0x0000000100000000)
  region size 1024K, 9 young (9216K), 9 survivors (9216K)
 Metaspace       used 81375K, capacity 83451K, committed 83660K, reserved 1122304K
  class space    used 10450K, capacity 11154K, committed 11264K, reserved 1048576K
}

Deoptimization events (20 events):
Event: 15.000 Thread 0x0000020e72c11000 Uncommon trap: trap_request=0xffffff4d fr.pc=0x0000020e59825d1c relative=0x000000000000007c
Event: 15.000 Thread 0x0000020e72c11000 Uncommon trap: reason=unstable_if action=reinterpret pc=0x0000020e59825d1c method=java.lang.String.codePointAt(I)I @ 4 c2
Event: 15.000 Thread 0x0000020e72c11000 DEOPT PACKING pc=0x0000020e59825d1c sp=0x000000ebc73fd820
Event: 15.000 Thread 0x0000020e72c11000 DEOPT UNPACKING pc=0x0000020e51c274af sp=0x000000ebc73fd7c8 mode 2
Event: 15.010 Thread 0x0000020e72c18800 Uncommon trap: trap_request=0xffffff4d fr.pc=0x0000020e59880a48 relative=0x0000000000000408
Event: 15.010 Thread 0x0000020e72c18800 Uncommon trap: reason=unstable_if action=reinterpret pc=0x0000020e59880a48 method=java.lang.String.substring(I)Ljava/lang/String; @ 43 c2
Event: 15.010 Thread 0x0000020e72c18800 DEOPT PACKING pc=0x0000020e59880a48 sp=0x000000ebc79fdbe0
Event: 15.010 Thread 0x0000020e72c18800 DEOPT UNPACKING pc=0x0000020e51c274af sp=0x000000ebc79fdbb8 mode 2
Event: 15.055 Thread 0x0000020e7035d000 Uncommon trap: trap_request=0xffffff4d fr.pc=0x0000020e59af2c9c relative=0x000000000000069c
Event: 15.055 Thread 0x0000020e7035d000 Uncommon trap: reason=unstable_if action=reinterpret pc=0x0000020e59af2c9c method=java.util.HashMap$HashIterator.<init>(Ljava/util/HashMap;)V @ 45 c2
Event: 15.055 Thread 0x0000020e7035d000 DEOPT PACKING pc=0x0000020e59af2c9c sp=0x000000ebc6cfe930
Event: 15.055 Thread 0x0000020e7035d000 DEOPT UNPACKING pc=0x0000020e51c274af sp=0x000000ebc6cfe7c0 mode 2
Event: 15.087 Thread 0x0000020e72c12000 DEOPT PACKING pc=0x0000020e536d5633 sp=0x000000ebc75fd2a0
Event: 15.087 Thread 0x0000020e72c12000 DEOPT UNPACKING pc=0x0000020e51c272ce sp=0x000000ebc75fc7e0 mode 0
Event: 15.088 Thread 0x0000020e72c12000 DEOPT PACKING pc=0x0000020e536e1f47 sp=0x000000ebc75fd180
Event: 15.088 Thread 0x0000020e72c12000 DEOPT UNPACKING pc=0x0000020e51c272ce sp=0x000000ebc75fc640 mode 0
Event: 15.118 Thread 0x0000020e72c18800 Uncommon trap: trap_request=0xffffff4d fr.pc=0x0000020e599c71e8 relative=0x0000000000000328
Event: 15.118 Thread 0x0000020e72c18800 Uncommon trap: reason=unstable_if action=reinterpret pc=0x0000020e599c71e8 method=java.util.WeakHashMap.remove(Ljava/lang/Object;)Ljava/lang/Object; @ 94 c2
Event: 15.118 Thread 0x0000020e72c18800 DEOPT PACKING pc=0x0000020e599c71e8 sp=0x000000ebc79fb630
Event: 15.118 Thread 0x0000020e72c18800 DEOPT UNPACKING pc=0x0000020e51c274af sp=0x000000ebc79fb5e0 mode 2

Classes redefined (0 events):
No events

Internal exceptions (20 events):
Event: 13.870 Thread 0x0000020e7035f800 Exception <a 'java/lang/NoSuchMethodError'{0x0000000087b08370}: <clinit>> (0x0000000087b08370) thrown at [./src/hotspot/share/prims/jni.cpp, line 1362]
Event: 13.875 Thread 0x0000020e7035f800 Exception <a 'java/lang/NoSuchMethodError'{0x0000000087b6e2a8}: <clinit>> (0x0000000087b6e2a8) thrown at [./src/hotspot/share/prims/jni.cpp, line 1362]
Event: 13.876 Thread 0x0000020e7035f800 Exception <a 'java/lang/NoSuchMethodError'{0x0000000087b70bc8}: <clinit>> (0x0000000087b70bc8) thrown at [./src/hotspot/share/prims/jni.cpp, line 1362]
Event: 13.876 Thread 0x0000020e7035f800 Exception <a 'java/lang/NoSuchMethodError'{0x0000000087b75248}: <clinit>> (0x0000000087b75248) thrown at [./src/hotspot/share/prims/jni.cpp, line 1362]
Event: 13.876 Thread 0x0000020e7035f800 Exception <a 'java/lang/NoSuchMethodError'{0x0000000087b80280}: <clinit>> (0x0000000087b80280) thrown at [./src/hotspot/share/prims/jni.cpp, line 1362]
Event: 13.878 Thread 0x0000020e7035f800 Exception <a 'java/lang/NoSuchMethodError'{0x0000000087bc74d0}: <clinit>> (0x0000000087bc74d0) thrown at [./src/hotspot/share/prims/jni.cpp, line 1362]
Event: 13.880 Thread 0x0000020e7035f800 Exception <a 'java/lang/NoSuchMethodError'{0x0000000087bfab20}: <clinit>> (0x0000000087bfab20) thrown at [./src/hotspot/share/prims/jni.cpp, line 1362]
Event: 13.881 Thread 0x0000020e7035f800 Exception <a 'java/lang/NoSuchMethodError'{0x0000000087a2d368}: <clinit>> (0x0000000087a2d368) thrown at [./src/hotspot/share/prims/jni.cpp, line 1362]
Event: 13.881 Thread 0x0000020e7035f800 Exception <a 'java/lang/NoSuchMethodError'{0x0000000087a307d0}: <clinit>> (0x0000000087a307d0) thrown at [./src/hotspot/share/prims/jni.cpp, line 1362]
Event: 13.881 Thread 0x0000020e7035f800 Exception <a 'java/lang/NoSuchMethodError'{0x0000000087a33440}: <clinit>> (0x0000000087a33440) thrown at [./src/hotspot/share/prims/jni.cpp, line 1362]
Event: 13.882 Thread 0x0000020e7035f800 Exception <a 'java/lang/NoSuchMethodError'{0x0000000087a4b788}: <clinit>> (0x0000000087a4b788) thrown at [./src/hotspot/share/prims/jni.cpp, line 1362]
Event: 13.883 Thread 0x0000020e7035f800 Exception <a 'java/lang/NoSuchMethodError'{0x0000000087a62a90}: <clinit>> (0x0000000087a62a90) thrown at [./src/hotspot/share/prims/jni.cpp, line 1362]
Event: 13.884 Thread 0x0000020e7035f800 Exception <a 'java/lang/NoSuchMethodError'{0x0000000087a81240}: <clinit>> (0x0000000087a81240) thrown at [./src/hotspot/share/prims/jni.cpp, line 1362]
Event: 13.884 Thread 0x0000020e7035f800 Exception <a 'java/lang/NoSuchMethodError'{0x0000000087a92218}: <clinit>> (0x0000000087a92218) thrown at [./src/hotspot/share/prims/jni.cpp, line 1362]
Event: 13.919 Thread 0x0000020e7035f800 Exception <a 'java/lang/NoSuchMethodError'{0x0000000087787598}: <clinit>> (0x0000000087787598) thrown at [./src/hotspot/share/prims/jni.cpp, line 1362]
Event: 13.978 Thread 0x0000020e72c0e800 Exception <a 'java/lang/ClassNotFoundException'{0x000000008b6b7280}: sun/awt/resources/spi/awtProvider> (0x000000008b6b7280) thrown at [./src/hotspot/share/classfile/systemDictionary.cpp, line 231]
Event: 13.985 Thread 0x0000020e72c0e800 Exception <a 'java/io/FileNotFoundException'{0x000000008b33eed0}> (0x000000008b33eed0) thrown at [./src/hotspot/share/prims/jni.cpp, line 615]
Event: 13.986 Thread 0x0000020e72c0e800 Exception <a 'java/io/FileNotFoundException'{0x000000008b342f80}> (0x000000008b342f80) thrown at [./src/hotspot/share/prims/jni.cpp, line 615]
Event: 14.816 Thread 0x0000020e7035f800 Exception <a 'java/lang/NoSuchMethodError'{0x000000008b58d0e8}: <clinit>> (0x000000008b58d0e8) thrown at [./src/hotspot/share/prims/jni.cpp, line 1362]
Event: 14.842 Thread 0x0000020e7035f800 Exception <a 'java/lang/NoSuchMethodError'{0x000000008b3bfe10}: <clinit>> (0x000000008b3bfe10) thrown at [./src/hotspot/share/prims/jni.cpp, line 1362]

Events (20 events):
Event: 15.118 loading class com/android/aapt/Resources$Style$EntryOrBuilder
Event: 15.118 loading class com/android/aapt/Resources$Style$EntryOrBuilder done
Event: 15.118 loading class com/android/aapt/Resources$Plural$Entry$1
Event: 15.118 loading class com/android/aapt/Resources$Plural$Entry$1 done
Event: 15.118 loading class com/android/aapt/Resources$Plural$Entry$Builder
Event: 15.118 loading class com/android/aapt/Resources$Plural$Entry$Builder done
Event: 15.118 loading class com/android/aapt/Resources$Reference
Event: 15.118 loading class com/android/aapt/Resources$Reference done
Event: 15.120 loading class com/android/aapt/Resources$Plural$Arity
Event: 15.120 loading class com/android/aapt/Resources$Plural$Arity done
Event: 15.121 loading class com/android/aapt/Resources$Plural$Arity$1
Event: 15.121 loading class com/android/aapt/Resources$Plural$Arity$1 done
Event: 15.124 loading class com/android/aapt/Resources$BooleanOrBuilder
Event: 15.124 loading class com/android/aapt/Resources$BooleanOrBuilder done
Event: 15.125 loading class com/android/aapt/Resources$Reference$1
Event: 15.125 loading class com/android/aapt/Resources$Reference$1 done
Event: 15.125 loading class com/android/aapt/Resources$Reference$Builder
Event: 15.125 loading class com/android/aapt/Resources$Reference$Builder done
Event: 15.125 loading class com/android/aapt/Resources$Primitive
Event: 15.125 loading class com/android/aapt/Resources$Primitive done


Dynamic libraries:
0x00007ff79f5d0000 - 0x00007ff79f5da000 	C:\Program Files\Android\Android Studio\jre\bin\java.exe
0x00007ffdd8a90000 - 0x00007ffdd8c85000 	C:\WINDOWS\SYSTEM32\ntdll.dll
0x00007ffdd7990000 - 0x00007ffdd7a4d000 	C:\WINDOWS\System32\KERNEL32.DLL
0x00007ffdd65f0000 - 0x00007ffdd68b8000 	C:\WINDOWS\System32\KERNELBASE.dll
0x00007ffdd64c0000 - 0x00007ffdd65c0000 	C:\WINDOWS\System32\ucrtbase.dll
0x00007ffdb9980000 - 0x00007ffdb9999000 	C:\Program Files\Android\Android Studio\jre\bin\jli.dll
0x00007ffda42c0000 - 0x00007ffda42d7000 	C:\Program Files\Android\Android Studio\jre\bin\VCRUNTIME140.dll
0x00007ffdd6ee0000 - 0x00007ffdd7080000 	C:\WINDOWS\System32\USER32.dll
0x00007ffdd65c0000 - 0x00007ffdd65e2000 	C:\WINDOWS\System32\win32u.dll
0x00007ffdd8740000 - 0x00007ffdd876a000 	C:\WINDOWS\System32\GDI32.dll
0x00007ffdc0610000 - 0x00007ffdc08aa000 	C:\WINDOWS\WinSxS\amd64_microsoft.windows.common-controls_6595b64144ccf1df_6.0.19041.844_none_ca00b6081b84eb1d\COMCTL32.dll
0x00007ffdd6960000 - 0x00007ffdd6a6b000 	C:\WINDOWS\System32\gdi32full.dll
0x00007ffdd78f0000 - 0x00007ffdd798e000 	C:\WINDOWS\System32\msvcrt.dll
0x00007ffdd68c0000 - 0x00007ffdd695d000 	C:\WINDOWS\System32\msvcp_win.dll
0x00007ffdd7080000 - 0x00007ffdd70b0000 	C:\WINDOWS\System32\IMM32.DLL
0x00007ffd93310000 - 0x00007ffd933ad000 	C:\Program Files\Android\Android Studio\jre\bin\msvcp140.dll
0x00007ffd94340000 - 0x00007ffd94dfc000 	C:\Program Files\Android\Android Studio\jre\bin\server\jvm.dll
0x00007ffdd7a50000 - 0x00007ffdd7afc000 	C:\WINDOWS\System32\ADVAPI32.dll
0x00007ffdd7b00000 - 0x00007ffdd7b9b000 	C:\WINDOWS\System32\sechost.dll
0x00007ffdd7ba0000 - 0x00007ffdd7ccb000 	C:\WINDOWS\System32\RPCRT4.dll
0x00007ffdd6d00000 - 0x00007ffdd6d08000 	C:\WINDOWS\System32\PSAPI.DLL
0x00007ffdc2620000 - 0x00007ffdc2647000 	C:\WINDOWS\SYSTEM32\WINMM.dll
0x00007ffdbb470000 - 0x00007ffdbb479000 	C:\WINDOWS\SYSTEM32\WSOCK32.dll
0x00007ffdd7880000 - 0x00007ffdd78eb000 	C:\WINDOWS\System32\WS2_32.dll
0x00007ffdcefb0000 - 0x00007ffdcefba000 	C:\WINDOWS\SYSTEM32\VERSION.dll
0x00007ffdd4aa0000 - 0x00007ffdd4ab2000 	C:\WINDOWS\SYSTEM32\kernel.appcore.dll
0x00007ffdcfbc0000 - 0x00007ffdcfbd1000 	C:\Program Files\Android\Android Studio\jre\bin\verify.dll
0x00007ffdd3eb0000 - 0x00007ffdd4094000 	C:\WINDOWS\SYSTEM32\DBGHELP.DLL
0x00007ffdbd210000 - 0x00007ffdbd23c000 	C:\WINDOWS\SYSTEM32\dbgcore.DLL
0x00007ffdd6280000 - 0x00007ffdd6300000 	C:\WINDOWS\System32\bcryptPrimitives.dll
0x00007ffdcfac0000 - 0x00007ffdcfae9000 	C:\Program Files\Android\Android Studio\jre\bin\java.dll
0x00007ffdd1d30000 - 0x00007ffdd1d3b000 	C:\Program Files\Android\Android Studio\jre\bin\jimage.dll
0x00007ffdcfaa0000 - 0x00007ffdcfab8000 	C:\Program Files\Android\Android Studio\jre\bin\zip.dll
0x00007ffdd7ff0000 - 0x00007ffdd8732000 	C:\WINDOWS\System32\SHELL32.dll
0x00007ffdd4300000 - 0x00007ffdd4a90000 	C:\WINDOWS\SYSTEM32\windows.storage.dll
0x00007ffdd70b0000 - 0x00007ffdd7405000 	C:\WINDOWS\System32\combase.dll
0x00007ffdd5c40000 - 0x00007ffdd5c6c000 	C:\WINDOWS\SYSTEM32\Wldp.dll
0x00007ffdd7f40000 - 0x00007ffdd7fee000 	C:\WINDOWS\System32\SHCORE.dll
0x00007ffdd6b10000 - 0x00007ffdd6b65000 	C:\WINDOWS\System32\shlwapi.dll
0x00007ffdd6110000 - 0x00007ffdd612f000 	C:\WINDOWS\SYSTEM32\profapi.dll
0x00007ffdcf9c0000 - 0x00007ffdcf9da000 	C:\Program Files\Android\Android Studio\jre\bin\net.dll
0x00007ffdc3690000 - 0x00007ffdc379b000 	C:\WINDOWS\SYSTEM32\WINHTTP.dll
0x00007ffdd59b0000 - 0x00007ffdd5a1a000 	C:\WINDOWS\system32\mswsock.dll
0x00007ffdcf990000 - 0x00007ffdcf9a4000 	C:\Program Files\Android\Android Studio\jre\bin\nio.dll
0x00007ffdc55e0000 - 0x00007ffdc5607000 	C:\Users\shikh\.gradle\native\fdc75f09e3144964f2cf3f50f0aa648679c211496f362492102eb8c894070792\windows-amd64\native-platform.dll
0x00007ffd96d60000 - 0x00007ffd96ef6000 	C:\Users\shikh\.gradle\native\12488b8bf47d2d4c9fbf2f6322a914ad602e24e48041cd04a747c6da556b65c4\windows-amd64\native-platform-file-events.dll
0x00007ffdd0280000 - 0x00007ffdd028a000 	C:\Program Files\Android\Android Studio\jre\bin\management.dll
0x00007ffdcfb60000 - 0x00007ffdcfb6c000 	C:\Program Files\Android\Android Studio\jre\bin\management_ext.dll
0x00007ffdd5b90000 - 0x00007ffdd5ba8000 	C:\WINDOWS\SYSTEM32\CRYPTSP.dll
0x00007ffdd52e0000 - 0x00007ffdd5314000 	C:\WINDOWS\system32\rsaenh.dll
0x00007ffdd6ac0000 - 0x00007ffdd6ae7000 	C:\WINDOWS\System32\bcrypt.dll
0x00007ffdd6090000 - 0x00007ffdd60be000 	C:\WINDOWS\SYSTEM32\USERENV.dll
0x00007ffdd5b80000 - 0x00007ffdd5b8c000 	C:\WINDOWS\SYSTEM32\CRYPTBASE.dll
0x00007ffdd5650000 - 0x00007ffdd568b000 	C:\WINDOWS\SYSTEM32\IPHLPAPI.DLL
0x00007ffdd6cf0000 - 0x00007ffdd6cf8000 	C:\WINDOWS\System32\NSI.dll
0x00007ffdce3f0000 - 0x00007ffdce407000 	C:\WINDOWS\SYSTEM32\dhcpcsvc6.DLL
0x00007ffdcef30000 - 0x00007ffdcef4d000 	C:\WINDOWS\SYSTEM32\dhcpcsvc.DLL
0x00007ffdd56a0000 - 0x00007ffdd576c000 	C:\WINDOWS\SYSTEM32\DNSAPI.dll
0x00007ffdcefc0000 - 0x00007ffdcefcb000 	C:\WINDOWS\SYSTEM32\WINNSI.DLL
0x00007ffd97220000 - 0x00007ffd973c2000 	C:\Program Files\Android\Android Studio\jre\bin\awt.dll
0x00007ffdd87d0000 - 0x00007ffdd889d000 	C:\WINDOWS\System32\OLEAUT32.dll
0x00007ffdd3a90000 - 0x00007ffdd3abf000 	C:\WINDOWS\SYSTEM32\dwmapi.dll
0x00007ffdd3700000 - 0x00007ffdd3790000 	C:\WINDOWS\SYSTEM32\apphelp.dll
0x00007ffdd38c0000 - 0x00007ffdd395e000 	C:\WINDOWS\system32\uxtheme.dll

dbghelp: loaded successfully - version: 4.0.5 - missing functions: none
symbol engine: initialized successfully - sym options: 0x614 - pdb path: .;C:\Program Files\Android\Android Studio\jre\bin;C:\WINDOWS\SYSTEM32;C:\WINDOWS\WinSxS\amd64_microsoft.windows.common-controls_6595b64144ccf1df_6.0.19041.844_none_ca00b6081b84eb1d;C:\Program Files\Android\Android Studio\jre\bin\server;C:\Users\shikh\.gradle\native\fdc75f09e3144964f2cf3f50f0aa648679c211496f362492102eb8c894070792\windows-amd64;C:\Users\shikh\.gradle\native\12488b8bf47d2d4c9fbf2f6322a914ad602e24e48041cd04a747c6da556b65c4\windows-amd64

VM Arguments:
jvm_args: --add-opens=java.base/java.util=ALL-UNNAMED --add-opens=java.base/java.lang=ALL-UNNAMED --add-opens=java.base/java.lang.invoke=ALL-UNNAMED --add-opens=java.prefs/java.util.prefs=ALL-UNNAMED -Xmx2048m -Dfile.encoding=UTF-8 -Duser.country=IN -Duser.language=en -Duser.variant 
java_command: org.gradle.launcher.daemon.bootstrap.GradleDaemon 6.7.1
java_class_path (initial): C:\Users\shikh\.gradle\wrapper\dists\gradle-6.7.1-bin\bwlcbys1h7rz3272sye1xwiv6\gradle-6.7.1\lib\gradle-launcher-6.7.1.jar
Launcher Type: SUN_STANDARD

[Global flags]
     intx CICompilerCount                          = 4                                         {product} {ergonomic}
     uint ConcGCThreads                            = 2                                         {product} {ergonomic}
     uint G1ConcRefinementThreads                  = 8                                         {product} {ergonomic}
   size_t G1HeapRegionSize                         = 1048576                                   {product} {ergonomic}
    uintx GCDrainStackTargetSize                   = 64                                        {product} {ergonomic}
   size_t InitialHeapSize                          = 132120576                                 {product} {ergonomic}
   size_t MarkStackSize                            = 4194304                                   {product} {ergonomic}
   size_t MaxHeapSize                              = 2147483648                                {product} {command line}
   size_t MaxNewSize                               = 1287651328                                {product} {ergonomic}
   size_t MinHeapDeltaBytes                        = 1048576                                   {product} {ergonomic}
    uintx NonNMethodCodeHeapSize                   = 5836300                                {pd product} {ergonomic}
    uintx NonProfiledCodeHeapSize                  = 122910970                              {pd product} {ergonomic}
    uintx ProfiledCodeHeapSize                     = 122910970                              {pd product} {ergonomic}
    uintx ReservedCodeCacheSize                    = 251658240                              {pd product} {ergonomic}
     bool SegmentedCodeCache                       = true                                      {product} {ergonomic}
     bool UseCompressedClassPointers               = true                                 {lp64_product} {ergonomic}
     bool UseCompressedOops                        = true                                 {lp64_product} {ergonomic}
     bool UseG1GC                                  = true                                      {product} {ergonomic}
     bool UseLargePagesIndividualAllocation        = false                                  {pd product} {ergonomic}

Logging:
Log output configuration:
 #0: stdout all=warning uptime,level,tags
 #1: stderr all=off uptime,level,tags

Environment Variables:
PATH=C:\Python39\Scripts\;C:\Python39\;C:\Windows\system32;C:\Windows;C:\Windows\System32\Wbem;C:\Windows\System32\WindowsPowerShell\v1.0\;C:\Windows\System32\OpenSSH\;C:\Program Files (x86)\NVIDIA Corporation\PhysX\Common;C:\Program Files\NVIDIA Corporation\NVIDIA NvDLISR;C:\Program Files\Git\cmd;C:\MinGW\bin;;C:\WINDOWS\system32;C:\WINDOWS;C:\WINDOWS\System32\Wbem;C:\WINDOWS\System32\WindowsPowerShell\v1.0\;C:\WINDOWS\System32\OpenSSH\;C:\Users\shikh\AppData\Local\Microsoft\WindowsApps;C:\Users\shikh\AppData\Local\Programs\Microsoft VS Code\bin;%USERPROFILE%\AppData\Local\Microsoft\WindowsApps;
USERNAME=shikh
OS=Windows_NT
PROCESSOR_IDENTIFIER=Intel64 Family 6 Model 165 Stepping 2, GenuineIntel



---------------  S Y S T E M  ---------------

OS: Windows 10 , 64 bit Build 19041 (10.0.19041.928)
OS uptime: 0 days 10:11 hours

CPU:total 8 (initial active 8) (4 cores per cpu, 2 threads per core) family 6 model 165 stepping 2, cmov, cx8, fxsr, mmx, sse, sse2, sse3, ssse3, sse4.1, sse4.2, popcnt, avx, avx2, aes, clmul, erms, 3dnowpref, lzcnt, ht, tsc, tscinvbit, bmi1, bmi2, adx, fma

Memory: 4k page, system-wide physical 8023M (428M free)
TotalPageFile size 11023M (AvailPageFile size 3M)
current process WorkingSet (physical memory assigned to process): 453M, peak: 453M
current process commit charge ("private bytes"): 491M, peak: 492M

vm_info: OpenJDK 64-Bit Server VM (11.0.8+10-b944.6842174) for windows-amd64 JRE (11.0.8+10-b944.6842174), built on Sep 19 2020 01:11:42 by "builder" with MS VC++ 14.0 (VS2015)

END.
